This is pdfTeX, Version 3.14159265-2.6-1.40.21 (TeX Live 2020) (preloaded format=pdflatex 2020.6.28)  12 JUL 2020 21:01
entering extended mode
 \write18 enabled.
 %&-line parsing enabled.
**aoas-template.tex
(./aoas-template.tex
LaTeX2e <2020-02-02> patch level 5
L3 programming layer <2020-06-18> (./imsart.cls
Document Class: imsart 2020/04/06 driver class for package imsart.sty
(/usr/local/texlive/2016/texmf-dist/tex/latex/base/article.cls
Document Class: article 2019/12/20 v1.4l Standard LaTeX document class
(/usr/local/texlive/2016/texmf-dist/tex/latex/base/leqno.clo
File: leqno.clo 2016/12/29 v1.2b Standard LaTeX option (left equation numbers)
)
(/usr/local/texlive/2016/texmf-dist/tex/latex/base/size11.clo
File: size11.clo 2019/12/20 v1.4l Standard LaTeX file (size option)
)
\c@part=\count167
\c@section=\count168
\c@subsection=\count169
\c@subsubsection=\count170
\c@paragraph=\count171
\c@subparagraph=\count172
\c@figure=\count173
\c@table=\count174
\abovecaptionskip=\skip47
\belowcaptionskip=\skip48
\bibindent=\dimen134
) (./imsart.sty
File: imsart.sty 2020/05/28IMS article style (VS)

(/usr/local/texlive/2016/texmf-dist/tex/latex/etoolbox/etoolbox.sty
Package: etoolbox 2019/09/21 v2.5h e-TeX tools for LaTeX (JAW)
\etb@tempcnta=\count175
)
No file imsart.cnf.
(/usr/local/texlive/2016/texmf-dist/tex/latex/base/leqno.clo
File: leqno.clo 2016/12/29 v1.2b Standard LaTeX option (left equation numbers)
)
\c@firstpage=\count176
\c@lastpage=\count177
\c@thanks=\count178
\c@addressref=\count179

(/usr/local/texlive/2016/texmf-dist/tex/latex/graphics/keyval.sty
Package: keyval 2014/10/28 v1.15 key=value parser (DPC)
\KV@toks@=\toks15
)
\c@emailref=\count180
\c@author=\count181
\c@address=\count182
\sv@mathsurround=\dimen135
\sv@parindent=\dimen136
\fm@box=\box45
\fm@size=\dimen137
\t@xtheight=\dimen138
\abstract@box=\box46
\keyword@box=\box47
\pre@kwd@depth=\dimen139
\keyword@toks=\toks16

(/usr/local/texlive/2016/texmf-dist/tex/latex/base/fontenc.sty
Package: fontenc 2020/02/11 v2.0o Standard LaTeX package
)
(/usr/local/texlive/2016/texmf-dist/tex/latex/psnfss/times.sty
Package: times 2020/03/25 PSNFSS-v9.3 (SPQR) 
)
(/usr/local/texlive/2016/texmf-dist/tex/latex/psnfss/helvet.sty
Package: helvet 2020/03/25 PSNFSS-v9.3 (WaS) 
)
(/usr/local/texlive/2016/texmf-dist/tex/latex/base/textcomp.sty
Package: textcomp 2020/02/02 v2.0n Standard LaTeX package
)
(/usr/local/texlive/2016/texmf-dist/tex/latex/textcase/textcase.sty
Package: textcase 2019/09/14 v1.00 Text only upper/lower case changing (DPC)
)
LaTeX Font Info:    Trying to load font information for T1+ptm on input line 22
72.

(/usr/local/texlive/2016/texmf-dist/tex/latex/psnfss/t1ptm.fd
File: t1ptm.fd 2001/06/04 font definitions for T1/ptm.
)
\c@longlist=\count183
\mathindent=\skip49
\authors@list=\toks17
\keywords@list=\toks18

No file imsart-aoas.cnf.
No file imsart-vtex.cnf.
)) (/usr/local/texlive/2016/texmf-dist/tex/latex/amscls/amsthm.sty
Package: amsthm 2020/05/29 v2.20.6
\thm@style=\toks19
\thm@bodyfont=\toks20
\thm@headfont=\toks21
\thm@notefont=\toks22
\thm@headpunct=\toks23
\thm@preskip=\skip50
\thm@postskip=\skip51
\thm@headsep=\skip52
\dth@everypar=\toks24
)
(/usr/local/texlive/2016/texmf-dist/tex/latex/amsmath/amsmath.sty
Package: amsmath 2020/01/20 v2.17e AMS math features
\@mathmargin=\skip53

For additional information on amsmath, use the `?' option.
(/usr/local/texlive/2016/texmf-dist/tex/latex/amsmath/amstext.sty
Package: amstext 2000/06/29 v2.01 AMS text

(/usr/local/texlive/2016/texmf-dist/tex/latex/amsmath/amsgen.sty
File: amsgen.sty 1999/11/30 v2.0 generic functions
\@emptytoks=\toks25
\ex@=\dimen140
))
(/usr/local/texlive/2016/texmf-dist/tex/latex/amsmath/amsbsy.sty
Package: amsbsy 1999/11/29 v1.2d Bold Symbols
\pmbraise@=\dimen141
)
(/usr/local/texlive/2016/texmf-dist/tex/latex/amsmath/amsopn.sty
Package: amsopn 2016/03/08 v2.02 operator names
)
\inf@bad=\count184
LaTeX Info: Redefining \frac on input line 227.
\uproot@=\count185
\leftroot@=\count186
LaTeX Info: Redefining \overline on input line 389.
\classnum@=\count187
\DOTSCASE@=\count188
LaTeX Info: Redefining \ldots on input line 486.
LaTeX Info: Redefining \dots on input line 489.
LaTeX Info: Redefining \cdots on input line 610.
\Mathstrutbox@=\box48
\strutbox@=\box49
\big@size=\dimen142
LaTeX Font Info:    Redeclaring font encoding OML on input line 733.
LaTeX Font Info:    Redeclaring font encoding OMS on input line 734.
\macc@depth=\count189
\c@MaxMatrixCols=\count190
\dotsspace@=\muskip16
\c@parentequation=\count191
\dspbrk@lvl=\count192
\tag@help=\toks26
\row@=\count193
\column@=\count194
\maxfields@=\count195
\andhelp@=\toks27
\eqnshift@=\dimen143
\alignsep@=\dimen144
\tagshift@=\dimen145
\tagwidth@=\dimen146
\totwidth@=\dimen147
\lineht@=\dimen148
\@envbody=\toks28
\multlinegap=\skip54
\multlinetaggap=\skip55
\mathdisplay@stack=\toks29
LaTeX Info: Redefining \[ on input line 2859.
LaTeX Info: Redefining \] on input line 2860.
)
(/usr/local/texlive/2016/texmf-dist/tex/latex/amsfonts/amsfonts.sty
Package: amsfonts 2013/01/14 v3.01 Basic AMSFonts support
\symAMSa=\mathgroup4
\symAMSb=\mathgroup5
LaTeX Font Info:    Redeclaring math symbol \hbar on input line 98.
LaTeX Font Info:    Overwriting math alphabet `\mathfrak' in version `bold'
(Font)                  U/euf/m/n --> U/euf/b/n on input line 106.
)
(/usr/local/texlive/2016/texmf-dist/tex/latex/amsfonts/amssymb.sty
Package: amssymb 2013/01/14 v3.01 AMS font symbols
)
(/usr/local/texlive/2016/texmf-dist/tex/latex/natbib/natbib.sty
Package: natbib 2010/09/13 8.31b (PWD, AO)
\bibhang=\skip56
\bibsep=\skip57
LaTeX Info: Redefining \cite on input line 694.
\c@NAT@ctr=\count196
)
(/usr/local/texlive/2016/texmf-dist/tex/latex/graphics/graphicx.sty
Package: graphicx 2019/11/30 v1.2a Enhanced LaTeX Graphics (DPC,SPQR)

(/usr/local/texlive/2016/texmf-dist/tex/latex/graphics/graphics.sty
Package: graphics 2019/11/30 v1.4a Standard LaTeX Graphics (DPC,SPQR)

(/usr/local/texlive/2016/texmf-dist/tex/latex/graphics/trig.sty
Package: trig 2016/01/03 v1.10 sin cos tan (DPC)
)
(/usr/local/texlive/2016/texmf-dist/tex/latex/graphics-cfg/graphics.cfg
File: graphics.cfg 2016/06/04 v1.11 sample graphics configuration
)
Package graphics Info: Driver file: pdftex.def on input line 105.

(/usr/local/texlive/2016/texmf-dist/tex/latex/graphics-def/pdftex.def
File: pdftex.def 2018/01/08 v1.0l Graphics/color driver for pdftex
))
\Gin@req@height=\dimen149
\Gin@req@width=\dimen150
)
(/usr/local/texlive/2016/texmf-dist/tex/latex/tools/bm.sty
Package: bm 2019/07/24 v1.2d Bold Symbol Support (DPC/FMi)
\symboldoperators=\mathgroup6
\symboldletters=\mathgroup7
\symboldsymbols=\mathgroup8
LaTeX Font Info:    Redeclaring math alphabet \mathbf on input line 141.
LaTeX Info: Redefining \bm on input line 209.
)
(/usr/local/texlive/2016/texmf-dist/tex/latex/siunitx/siunitx.sty
(/usr/local/texlive/2016/texmf-dist/tex/latex/l3kernel/expl3.sty
Package: expl3 2020-06-18 L3 programming layer (loader) 

(/usr/local/texlive/2016/texmf-dist/tex/latex/l3backend/l3backend-pdfmode.def
File: l3backend-pdfmode.def 2020-06-23 L3 backend support: PDF mode
\l__kernel_color_stack_int=\count197
\l__pdf_internal_box=\box50
)) (/usr/local/texlive/2016/texmf-dist/tex/latex/l3packages/xparse/xparse.sty
Package: xparse 2020-05-15 L3 Experimental document command parser

(/usr/local/texlive/2016/texmf-dist/tex/latex/l3packages/xparse/xparse-generic.
tex
\l__xparse_current_arg_int=\count198
\g__xparse_grabber_int=\count199
\l__xparse_m_args_int=\count266
\l__xparse_v_nesting_int=\count267
))
Package: siunitx 2020/02/25 v2.8b A comprehensive (SI) units package
 (/usr/local/texlive/2016/texmf-dist/tex/latex/tools/array.sty
Package: array 2019/08/31 v2.4l Tabular extension package (FMi)
\col@sep=\dimen151
\ar@mcellbox=\box51
\extrarowheight=\dimen152
\NC@list=\toks30
\extratabsurround=\skip58
\backup@length=\skip59
\ar@cellbox=\box52
)
(/usr/local/texlive/2016/texmf-dist/tex/latex/l3packages/l3keys2e/l3keys2e.sty
Package: l3keys2e 2020-05-15 LaTeX2e option processing using LaTeX3 keys
)
\l__siunitx_tmp_box=\box53
\l__siunitx_tmp_dim=\dimen153
\l__siunitx_tmp_int=\count268
\l__siunitx_number_mantissa_length_int=\count269
\l__siunitx_number_uncert_length_int=\count270
\l__siunitx_round_int=\count271
\l__siunitx_process_decimal_int=\count272
\l__siunitx_process_uncertainty_int=\count273
\l__siunitx_process_fixed_int=\count274
\l__siunitx_process_integer_min_int=\count275
\l__siunitx_process_precision_int=\count276
\l__siunitx_group_min_int=\count277
\l__siunitx_angle_marker_box=\box54
\l__siunitx_angle_unit_box=\box55
\l__siunitx_angle_marker_dim=\dimen154
\l__siunitx_angle_unit_dim=\dimen155
\l__siunitx_unit_int=\count278
\l__siunitx_unit_denominator_int=\count279
\l__siunitx_unit_numerator_int=\count280
\l__siunitx_unit_prefix_int=\count281
\l__siunitx_unit_prefix_base_int=\count282
\l__siunitx_unit_prefix_gram_int=\count283
\l__siunitx_number_product_int=\count284
\c__siunitx_one_fill_skip=\skip60
\l__siunitx_table_unit_align_skip=\skip61
\l__siunitx_table_exponent_dim=\dimen156
\l__siunitx_table_integer_dim=\dimen157
\l__siunitx_table_mantissa_dim=\dimen158
\l__siunitx_table_marker_dim=\dimen159
\l__siunitx_table_result_dim=\dimen160
\l__siunitx_table_uncert_dim=\dimen161
\l__siunitx_table_fill_pre_dim=\dimen162
\l__siunitx_table_fill_post_dim=\dimen163
\l__siunitx_table_fill_mid_dim=\dimen164
\l__siunitx_table_pre_box=\box56
\l__siunitx_table_post_box=\box57
\l__siunitx_table_mantissa_box=\box58
\l__siunitx_table_result_box=\box59
\l__siunitx_table_number_align_skip=\skip62
\l__siunitx_table_text_align_skip=\skip63
(/usr/local/texlive/2016/texmf-dist/tex/latex/translator/translator.sty
Package: translator 2019-05-31 v1.12a Easy translation of strings in LaTeX
))
(/usr/local/texlive/2016/texmf-dist/tex/latex/booktabs/booktabs.sty
Package: booktabs 2020/01/12 v1.61803398 Publication quality tables
\heavyrulewidth=\dimen165
\lightrulewidth=\dimen166
\cmidrulewidth=\dimen167
\belowrulesep=\dimen168
\belowbottomsep=\dimen169
\aboverulesep=\dimen170
\abovetopsep=\dimen171
\cmidrulesep=\dimen172
\cmidrulekern=\dimen173
\defaultaddspace=\dimen174
\@cmidla=\count285
\@cmidlb=\count286
\@aboverulesep=\dimen175
\@belowrulesep=\dimen176
\@thisruleclass=\count287
\@lastruleclass=\count288
\@thisrulewidth=\dimen177
)
(/usr/local/texlive/2016/texmf-dist/tex/latex/xcolor/xcolor.sty
Package: xcolor 2016/05/11 v2.12 LaTeX color extensions (UK)

(/usr/local/texlive/2016/texmf-dist/tex/latex/graphics-cfg/color.cfg
File: color.cfg 2016/01/02 v1.6 sample color configuration
)
Package xcolor Info: Driver file: pdftex.def on input line 225.
Package xcolor Info: Model `cmy' substituted by `cmy0' on input line 1348.
Package xcolor Info: Model `hsb' substituted by `rgb' on input line 1352.
Package xcolor Info: Model `RGB' extended on input line 1364.
Package xcolor Info: Model `HTML' substituted by `rgb' on input line 1366.
Package xcolor Info: Model `Hsb' substituted by `hsb' on input line 1367.
Package xcolor Info: Model `tHsb' substituted by `hsb' on input line 1368.
Package xcolor Info: Model `HSB' substituted by `hsb' on input line 1369.
Package xcolor Info: Model `Gray' substituted by `gray' on input line 1370.
Package xcolor Info: Model `wave' substituted by `hsb' on input line 1371.
)
(/usr/local/texlive/2016/texmf-dist/tex/latex/float/float.sty
Package: float 2001/11/08 v1.3d Float enhancements (AL)
\c@float@type=\count289
\float@exts=\toks31
\float@box=\box60
\@float@everytoks=\toks32
\@floatcapt=\box61
)
(/usr/local/texlive/2016/texmf-dist/tex/latex/commath/commath.sty
(/usr/local/texlive/2016/texmf-dist/tex/latex/base/ifthen.sty
Package: ifthen 2014/09/29 v1.1c Standard LaTeX ifthen package (DPC)
))
(/usr/local/texlive/2016/texmf-dist/tex/latex/fancybox/fancybox.sty
Package: fancybox 2010/05/15 1.4

Style option: `fancybox' v1.4 <2010/05/15> (tvz)
\@fancybox=\box62
\shadowsize=\dimen178
\@Sbox=\box63
\do@VerbBox=\toks33
\the@fancyput=\toks34
\this@fancyput=\toks35
\EndVerbatimTokens=\toks36
\Verbatim@Outfile=\write3
\Verbatim@Infile=\read2
) (/usr/local/texlive/2016/texmf-dist/tex/latex/pgf/frontendlayer/tikz.sty
(/usr/local/texlive/2016/texmf-dist/tex/latex/pgf/basiclayer/pgf.sty
(/usr/local/texlive/2016/texmf-dist/tex/latex/pgf/utilities/pgfrcs.sty
(/usr/local/texlive/2016/texmf-dist/tex/generic/pgf/utilities/pgfutil-common.te
x
\pgfutil@everybye=\toks37
\pgfutil@tempdima=\dimen179
\pgfutil@tempdimb=\dimen180

(/usr/local/texlive/2016/texmf-dist/tex/generic/pgf/utilities/pgfutil-common-li
sts.tex))
(/usr/local/texlive/2016/texmf-dist/tex/generic/pgf/utilities/pgfutil-latex.def
\pgfutil@abb=\box64
(/usr/local/texlive/2016/texmf-dist/tex/latex/ms/everyshi.sty
Package: everyshi 2001/05/15 v3.00 EveryShipout Package (MS)
))
(/usr/local/texlive/2016/texmf-dist/tex/generic/pgf/utilities/pgfrcs.code.tex
(/usr/local/texlive/2016/texmf-dist/tex/generic/pgf/pgf.revision.tex)
Package: pgfrcs 2020/01/08 v3.1.5b (3.1.5b)
))
Package: pgf 2020/01/08 v3.1.5b (3.1.5b)

(/usr/local/texlive/2016/texmf-dist/tex/latex/pgf/basiclayer/pgfcore.sty
(/usr/local/texlive/2016/texmf-dist/tex/latex/pgf/systemlayer/pgfsys.sty
(/usr/local/texlive/2016/texmf-dist/tex/generic/pgf/systemlayer/pgfsys.code.tex
Package: pgfsys 2020/01/08 v3.1.5b (3.1.5b)
(/usr/local/texlive/2016/texmf-dist/tex/generic/pgf/utilities/pgfkeys.code.tex
\pgfkeys@pathtoks=\toks38
\pgfkeys@temptoks=\toks39

(/usr/local/texlive/2016/texmf-dist/tex/generic/pgf/utilities/pgfkeysfiltered.c
ode.tex
\pgfkeys@tmptoks=\toks40
))
\pgf@x=\dimen181
\pgf@y=\dimen182
\pgf@xa=\dimen183
\pgf@ya=\dimen184
\pgf@xb=\dimen185
\pgf@yb=\dimen186
\pgf@xc=\dimen187
\pgf@yc=\dimen188
\pgf@xd=\dimen189
\pgf@yd=\dimen190
\w@pgf@writea=\write4
\r@pgf@reada=\read3
\c@pgf@counta=\count290
\c@pgf@countb=\count291
\c@pgf@countc=\count292
\c@pgf@countd=\count293
\t@pgf@toka=\toks41
\t@pgf@tokb=\toks42
\t@pgf@tokc=\toks43
\pgf@sys@id@count=\count294

(/usr/local/texlive/2016/texmf-dist/tex/generic/pgf/systemlayer/pgf.cfg
File: pgf.cfg 2020/01/08 v3.1.5b (3.1.5b)
)
Driver file for pgf: pgfsys-pdftex.def

(/usr/local/texlive/2016/texmf-dist/tex/generic/pgf/systemlayer/pgfsys-pdftex.d
ef
File: pgfsys-pdftex.def 2020/01/08 v3.1.5b (3.1.5b)

(/usr/local/texlive/2016/texmf-dist/tex/generic/pgf/systemlayer/pgfsys-common-p
df.def
File: pgfsys-common-pdf.def 2020/01/08 v3.1.5b (3.1.5b)
)))
(/usr/local/texlive/2016/texmf-dist/tex/generic/pgf/systemlayer/pgfsyssoftpath.
code.tex
File: pgfsyssoftpath.code.tex 2020/01/08 v3.1.5b (3.1.5b)
\pgfsyssoftpath@smallbuffer@items=\count295
\pgfsyssoftpath@bigbuffer@items=\count296
)
(/usr/local/texlive/2016/texmf-dist/tex/generic/pgf/systemlayer/pgfsysprotocol.
code.tex
File: pgfsysprotocol.code.tex 2020/01/08 v3.1.5b (3.1.5b)
))
(/usr/local/texlive/2016/texmf-dist/tex/generic/pgf/basiclayer/pgfcore.code.tex
Package: pgfcore 2020/01/08 v3.1.5b (3.1.5b)
(/usr/local/texlive/2016/texmf-dist/tex/generic/pgf/math/pgfmath.code.tex
(/usr/local/texlive/2016/texmf-dist/tex/generic/pgf/math/pgfmathcalc.code.tex
(/usr/local/texlive/2016/texmf-dist/tex/generic/pgf/math/pgfmathutil.code.tex)
(/usr/local/texlive/2016/texmf-dist/tex/generic/pgf/math/pgfmathparser.code.tex
\pgfmath@dimen=\dimen191
\pgfmath@count=\count297
\pgfmath@box=\box65
\pgfmath@toks=\toks44
\pgfmath@stack@operand=\toks45
\pgfmath@stack@operation=\toks46
)
(/usr/local/texlive/2016/texmf-dist/tex/generic/pgf/math/pgfmathfunctions.code.
tex
(/usr/local/texlive/2016/texmf-dist/tex/generic/pgf/math/pgfmathfunctions.basic
.code.tex)
(/usr/local/texlive/2016/texmf-dist/tex/generic/pgf/math/pgfmathfunctions.trigo
nometric.code.tex)
(/usr/local/texlive/2016/texmf-dist/tex/generic/pgf/math/pgfmathfunctions.rando
m.code.tex)
(/usr/local/texlive/2016/texmf-dist/tex/generic/pgf/math/pgfmathfunctions.compa
rison.code.tex)
(/usr/local/texlive/2016/texmf-dist/tex/generic/pgf/math/pgfmathfunctions.base.
code.tex)
(/usr/local/texlive/2016/texmf-dist/tex/generic/pgf/math/pgfmathfunctions.round
.code.tex)
(/usr/local/texlive/2016/texmf-dist/tex/generic/pgf/math/pgfmathfunctions.misc.
code.tex)
(/usr/local/texlive/2016/texmf-dist/tex/generic/pgf/math/pgfmathfunctions.integ
erarithmetics.code.tex)))
(/usr/local/texlive/2016/texmf-dist/tex/generic/pgf/math/pgfmathfloat.code.tex
\c@pgfmathroundto@lastzeros=\count298
)) (/usr/local/texlive/2016/texmf-dist/tex/generic/pgf/math/pgfint.code.tex)
(/usr/local/texlive/2016/texmf-dist/tex/generic/pgf/basiclayer/pgfcorepoints.co
de.tex
File: pgfcorepoints.code.tex 2020/01/08 v3.1.5b (3.1.5b)
\pgf@picminx=\dimen192
\pgf@picmaxx=\dimen193
\pgf@picminy=\dimen194
\pgf@picmaxy=\dimen195
\pgf@pathminx=\dimen196
\pgf@pathmaxx=\dimen197
\pgf@pathminy=\dimen198
\pgf@pathmaxy=\dimen199
\pgf@xx=\dimen256
\pgf@xy=\dimen257
\pgf@yx=\dimen258
\pgf@yy=\dimen259
\pgf@zx=\dimen260
\pgf@zy=\dimen261
)
(/usr/local/texlive/2016/texmf-dist/tex/generic/pgf/basiclayer/pgfcorepathconst
ruct.code.tex
File: pgfcorepathconstruct.code.tex 2020/01/08 v3.1.5b (3.1.5b)
\pgf@path@lastx=\dimen262
\pgf@path@lasty=\dimen263
)
(/usr/local/texlive/2016/texmf-dist/tex/generic/pgf/basiclayer/pgfcorepathusage
.code.tex
File: pgfcorepathusage.code.tex 2020/01/08 v3.1.5b (3.1.5b)
\pgf@shorten@end@additional=\dimen264
\pgf@shorten@start@additional=\dimen265
)
(/usr/local/texlive/2016/texmf-dist/tex/generic/pgf/basiclayer/pgfcorescopes.co
de.tex
File: pgfcorescopes.code.tex 2020/01/08 v3.1.5b (3.1.5b)
\pgfpic=\box66
\pgf@hbox=\box67
\pgf@layerbox@main=\box68
\pgf@picture@serial@count=\count299
)
(/usr/local/texlive/2016/texmf-dist/tex/generic/pgf/basiclayer/pgfcoregraphicst
ate.code.tex
File: pgfcoregraphicstate.code.tex 2020/01/08 v3.1.5b (3.1.5b)
\pgflinewidth=\dimen266
)
(/usr/local/texlive/2016/texmf-dist/tex/generic/pgf/basiclayer/pgfcoretransform
ations.code.tex
File: pgfcoretransformations.code.tex 2020/01/08 v3.1.5b (3.1.5b)
\pgf@pt@x=\dimen267
\pgf@pt@y=\dimen268
\pgf@pt@temp=\dimen269
)
(/usr/local/texlive/2016/texmf-dist/tex/generic/pgf/basiclayer/pgfcorequick.cod
e.tex
File: pgfcorequick.code.tex 2020/01/08 v3.1.5b (3.1.5b)
)
(/usr/local/texlive/2016/texmf-dist/tex/generic/pgf/basiclayer/pgfcoreobjects.c
ode.tex
File: pgfcoreobjects.code.tex 2020/01/08 v3.1.5b (3.1.5b)
)
(/usr/local/texlive/2016/texmf-dist/tex/generic/pgf/basiclayer/pgfcorepathproce
ssing.code.tex
File: pgfcorepathprocessing.code.tex 2020/01/08 v3.1.5b (3.1.5b)
)
(/usr/local/texlive/2016/texmf-dist/tex/generic/pgf/basiclayer/pgfcorearrows.co
de.tex
File: pgfcorearrows.code.tex 2020/01/08 v3.1.5b (3.1.5b)
\pgfarrowsep=\dimen270
)
(/usr/local/texlive/2016/texmf-dist/tex/generic/pgf/basiclayer/pgfcoreshade.cod
e.tex
File: pgfcoreshade.code.tex 2020/01/08 v3.1.5b (3.1.5b)
\pgf@max=\dimen271
\pgf@sys@shading@range@num=\count300
\pgf@shadingcount=\count301
)
(/usr/local/texlive/2016/texmf-dist/tex/generic/pgf/basiclayer/pgfcoreimage.cod
e.tex
File: pgfcoreimage.code.tex 2020/01/08 v3.1.5b (3.1.5b)

(/usr/local/texlive/2016/texmf-dist/tex/generic/pgf/basiclayer/pgfcoreexternal.
code.tex
File: pgfcoreexternal.code.tex 2020/01/08 v3.1.5b (3.1.5b)
\pgfexternal@startupbox=\box69
))
(/usr/local/texlive/2016/texmf-dist/tex/generic/pgf/basiclayer/pgfcorelayers.co
de.tex
File: pgfcorelayers.code.tex 2020/01/08 v3.1.5b (3.1.5b)
)
(/usr/local/texlive/2016/texmf-dist/tex/generic/pgf/basiclayer/pgfcoretranspare
ncy.code.tex
File: pgfcoretransparency.code.tex 2020/01/08 v3.1.5b (3.1.5b)
)
(/usr/local/texlive/2016/texmf-dist/tex/generic/pgf/basiclayer/pgfcorepatterns.
code.tex
File: pgfcorepatterns.code.tex 2020/01/08 v3.1.5b (3.1.5b)
)
(/usr/local/texlive/2016/texmf-dist/tex/generic/pgf/basiclayer/pgfcorerdf.code.
tex
File: pgfcorerdf.code.tex 2020/01/08 v3.1.5b (3.1.5b)
)))
(/usr/local/texlive/2016/texmf-dist/tex/generic/pgf/modules/pgfmoduleshapes.cod
e.tex
File: pgfmoduleshapes.code.tex 2020/01/08 v3.1.5b (3.1.5b)
\pgfnodeparttextbox=\box70
)
(/usr/local/texlive/2016/texmf-dist/tex/generic/pgf/modules/pgfmoduleplot.code.
tex
File: pgfmoduleplot.code.tex 2020/01/08 v3.1.5b (3.1.5b)
)
(/usr/local/texlive/2016/texmf-dist/tex/latex/pgf/compatibility/pgfcomp-version
-0-65.sty
Package: pgfcomp-version-0-65 2020/01/08 v3.1.5b (3.1.5b)
\pgf@nodesepstart=\dimen272
\pgf@nodesepend=\dimen273
)
(/usr/local/texlive/2016/texmf-dist/tex/latex/pgf/compatibility/pgfcomp-version
-1-18.sty
Package: pgfcomp-version-1-18 2020/01/08 v3.1.5b (3.1.5b)
))
(/usr/local/texlive/2016/texmf-dist/tex/latex/pgf/utilities/pgffor.sty
(/usr/local/texlive/2016/texmf-dist/tex/latex/pgf/utilities/pgfkeys.sty
(/usr/local/texlive/2016/texmf-dist/tex/generic/pgf/utilities/pgfkeys.code.tex)
) (/usr/local/texlive/2016/texmf-dist/tex/latex/pgf/math/pgfmath.sty
(/usr/local/texlive/2016/texmf-dist/tex/generic/pgf/math/pgfmath.code.tex))
(/usr/local/texlive/2016/texmf-dist/tex/generic/pgf/utilities/pgffor.code.tex
Package: pgffor 2020/01/08 v3.1.5b (3.1.5b)

(/usr/local/texlive/2016/texmf-dist/tex/generic/pgf/math/pgfmath.code.tex)
\pgffor@iter=\dimen274
\pgffor@skip=\dimen275
\pgffor@stack=\toks47
\pgffor@toks=\toks48
))
(/usr/local/texlive/2016/texmf-dist/tex/generic/pgf/frontendlayer/tikz/tikz.cod
e.tex
Package: tikz 2020/01/08 v3.1.5b (3.1.5b)

(/usr/local/texlive/2016/texmf-dist/tex/generic/pgf/libraries/pgflibraryplothan
dlers.code.tex
File: pgflibraryplothandlers.code.tex 2020/01/08 v3.1.5b (3.1.5b)
\pgf@plot@mark@count=\count302
\pgfplotmarksize=\dimen276
)
\tikz@lastx=\dimen277
\tikz@lasty=\dimen278
\tikz@lastxsaved=\dimen279
\tikz@lastysaved=\dimen280
\tikz@lastmovetox=\dimen281
\tikz@lastmovetoy=\dimen282
\tikzleveldistance=\dimen283
\tikzsiblingdistance=\dimen284
\tikz@figbox=\box71
\tikz@figbox@bg=\box72
\tikz@tempbox=\box73
\tikz@tempbox@bg=\box74
\tikztreelevel=\count303
\tikznumberofchildren=\count304
\tikznumberofcurrentchild=\count305
\tikz@fig@count=\count306

(/usr/local/texlive/2016/texmf-dist/tex/generic/pgf/modules/pgfmodulematrix.cod
e.tex
File: pgfmodulematrix.code.tex 2020/01/08 v3.1.5b (3.1.5b)
\pgfmatrixcurrentrow=\count307
\pgfmatrixcurrentcolumn=\count308
\pgf@matrix@numberofcolumns=\count309
)
\tikz@expandcount=\count310

(/usr/local/texlive/2016/texmf-dist/tex/generic/pgf/frontendlayer/tikz/librarie
s/tikzlibrarytopaths.code.tex
File: tikzlibrarytopaths.code.tex 2020/01/08 v3.1.5b (3.1.5b)
)))
(/usr/local/texlive/2016/texmf-dist/tex/latex/hyperref/hyperref.sty
Package: hyperref 2020-05-15 v7.00e Hypertext links for LaTeX

(/usr/local/texlive/2016/texmf-dist/tex/generic/ltxcmds/ltxcmds.sty
Package: ltxcmds 2019/12/15 v1.24 LaTeX kernel commands for general use (HO)
)
(/usr/local/texlive/2016/texmf-dist/tex/generic/iftex/iftex.sty
Package: iftex 2020/03/06 v1.0d TeX engine tests
)
(/usr/local/texlive/2016/texmf-dist/tex/latex/pdftexcmds/pdftexcmds.sty
Package: pdftexcmds 2020-06-04 v0.32 Utility functions of pdfTeX for LuaTeX (HO
)

(/usr/local/texlive/2016/texmf-dist/tex/generic/infwarerr/infwarerr.sty
Package: infwarerr 2019/12/03 v1.5 Providing info/warning/error messages (HO)
)
Package pdftexcmds Info: \pdf@primitive is available.
Package pdftexcmds Info: \pdf@ifprimitive is available.
Package pdftexcmds Info: \pdfdraftmode found.
)
(/usr/local/texlive/2016/texmf-dist/tex/generic/kvsetkeys/kvsetkeys.sty
Package: kvsetkeys 2019/12/15 v1.18 Key value parser (HO)
)
(/usr/local/texlive/2016/texmf-dist/tex/generic/kvdefinekeys/kvdefinekeys.sty
Package: kvdefinekeys 2019-12-19 v1.6 Define keys (HO)
)
(/usr/local/texlive/2016/texmf-dist/tex/generic/pdfescape/pdfescape.sty
Package: pdfescape 2019/12/09 v1.15 Implements pdfTeX's escape features (HO)
)
(/usr/local/texlive/2016/texmf-dist/tex/latex/hycolor/hycolor.sty
Package: hycolor 2020-01-27 v1.10 Color options for hyperref/bookmark (HO)
)
(/usr/local/texlive/2016/texmf-dist/tex/latex/letltxmacro/letltxmacro.sty
Package: letltxmacro 2019/12/03 v1.6 Let assignment for LaTeX macros (HO)
)
(/usr/local/texlive/2016/texmf-dist/tex/latex/auxhook/auxhook.sty
Package: auxhook 2019-12-17 v1.6 Hooks for auxiliary files (HO)
)
(/usr/local/texlive/2016/texmf-dist/tex/latex/kvoptions/kvoptions.sty
Package: kvoptions 2019/11/29 v3.13 Key value format for package options (HO)
)
\@linkdim=\dimen285
\Hy@linkcounter=\count311
\Hy@pagecounter=\count312

(/usr/local/texlive/2016/texmf-dist/tex/latex/hyperref/pd1enc.def
File: pd1enc.def 2020-05-15 v7.00e Hyperref: PDFDocEncoding definition (HO)
Now handling font encoding PD1 ...
... no UTF-8 mapping file for font encoding PD1
)
(/usr/local/texlive/2016/texmf-dist/tex/generic/intcalc/intcalc.sty
Package: intcalc 2019/12/15 v1.3 Expandable calculations with integers (HO)
)
(/usr/local/texlive/2016/texmf-dist/tex/generic/etexcmds/etexcmds.sty
Package: etexcmds 2019/12/15 v1.7 Avoid name clashes with e-TeX commands (HO)
)
\Hy@SavedSpaceFactor=\count313
Package hyperref Info: Option `colorlinks' set `true' on input line 4338.
Package hyperref Info: Option `linktocpage' set `true' on input line 4338.
Package hyperref Info: Hyper figures OFF on input line 4464.
Package hyperref Info: Link nesting OFF on input line 4469.
Package hyperref Info: Hyper index ON on input line 4472.
Package hyperref Info: Plain pages OFF on input line 4479.
Package hyperref Info: Backreferencing OFF on input line 4484.
Package hyperref Info: Implicit mode ON; LaTeX internals redefined.
Package hyperref Info: Bookmarks ON on input line 4717.
\c@Hy@tempcnt=\count314

(/usr/local/texlive/2016/texmf-dist/tex/latex/url/url.sty
\Urlmuskip=\muskip17
Package: url 2013/09/16  ver 3.4  Verb mode for urls, etc.
)
LaTeX Info: Redefining \url on input line 5076.
\XeTeXLinkMargin=\dimen286

(/usr/local/texlive/2016/texmf-dist/tex/generic/bitset/bitset.sty
Package: bitset 2019/12/09 v1.3 Handle bit-vector datatype (HO)

(/usr/local/texlive/2016/texmf-dist/tex/generic/bigintcalc/bigintcalc.sty
Package: bigintcalc 2019/12/15 v1.5 Expandable calculations on big integers (HO
)
))
\Fld@menulength=\count315
\Field@Width=\dimen287
\Fld@charsize=\dimen288
Package hyperref Info: Hyper figures OFF on input line 6347.
Package hyperref Info: Link nesting OFF on input line 6352.
Package hyperref Info: Hyper index ON on input line 6355.
Package hyperref Info: backreferencing OFF on input line 6362.
Package hyperref Info: Link coloring ON on input line 6365.
Package hyperref Info: Link coloring with OCG OFF on input line 6372.
Package hyperref Info: PDF/A mode OFF on input line 6377.
LaTeX Info: Redefining \ref on input line 6417.
LaTeX Info: Redefining \pageref on input line 6421.

(/usr/local/texlive/2016/texmf-dist/tex/generic/atbegshi/atbegshi.sty
Package: atbegshi 2019/12/05 v1.19 At begin shipout hook (HO)
)
\Hy@abspage=\count316
\c@Item=\count317
\c@Hfootnote=\count318
)
Package hyperref Info: Driver (autodetected): hpdftex.

(/usr/local/texlive/2016/texmf-dist/tex/latex/hyperref/hpdftex.def
File: hpdftex.def 2020-05-15 v7.00e Hyperref driver for pdfTeX

(/usr/local/texlive/2016/texmf-dist/tex/latex/atveryend/atveryend.sty
Package: atveryend 2019-12-11 v1.11 Hooks at the very end of document (HO)
)
\Fld@listcount=\count319
\c@bookmark@seq@number=\count320

(/usr/local/texlive/2016/texmf-dist/tex/latex/rerunfilecheck/rerunfilecheck.sty
Package: rerunfilecheck 2019/12/05 v1.9 Rerun checks for auxiliary files (HO)

(/usr/local/texlive/2016/texmf-dist/tex/generic/uniquecounter/uniquecounter.sty
Package: uniquecounter 2019/12/15 v1.4 Provide unlimited unique counter (HO)
)
Package uniquecounter Info: New unique counter `rerunfilecheck' on input line 2
86.
)
\Hy@SectionHShift=\skip64
)
\c@theorem=\count321
 (./aoas-template.aux)
\openout1 = `aoas-template.aux'.

LaTeX Font Info:    Checking defaults for OML/cmm/m/it on input line 74.
LaTeX Font Info:    ... okay on input line 74.
LaTeX Font Info:    Checking defaults for OMS/cmsy/m/n on input line 74.
LaTeX Font Info:    ... okay on input line 74.
LaTeX Font Info:    Checking defaults for OT1/cmr/m/n on input line 74.
LaTeX Font Info:    ... okay on input line 74.
LaTeX Font Info:    Checking defaults for T1/cmr/m/n on input line 74.
LaTeX Font Info:    ... okay on input line 74.
LaTeX Font Info:    Checking defaults for TS1/cmr/m/n on input line 74.
LaTeX Font Info:    ... okay on input line 74.
LaTeX Font Info:    Checking defaults for OMX/cmex/m/n on input line 74.
LaTeX Font Info:    ... okay on input line 74.
LaTeX Font Info:    Checking defaults for U/cmr/m/n on input line 74.
LaTeX Font Info:    ... okay on input line 74.
LaTeX Font Info:    Checking defaults for PD1/pdf/m/n on input line 74.
LaTeX Font Info:    ... okay on input line 74.

(/usr/local/texlive/2016/texmf-dist/tex/context/base/mkii/supp-pdf.mkii
[Loading MPS to PDF converter (version 2006.09.02).]
\scratchcounter=\count322
\scratchdimen=\dimen289
\scratchbox=\box75
\nofMPsegments=\count323
\nofMParguments=\count324
\everyMPshowfont=\toks49
\MPscratchCnt=\count325
\MPscratchDim=\dimen290
\MPnumerator=\count326
\makeMPintoPDFobject=\count327
\everyMPtoPDFconversion=\toks50
) (/usr/local/texlive/2016/texmf-dist/tex/latex/epstopdf-pkg/epstopdf-base.sty
Package: epstopdf-base 2020-01-24 v2.11 Base part for package epstopdf
Package epstopdf-base Info: Redefining graphics rule for `.eps' on input line 4
85.

(/usr/local/texlive/2016/texmf-dist/tex/latex/latexconfig/epstopdf-sys.cfg
File: epstopdf-sys.cfg 2010/07/13 v1.3 Configuration of (r)epstopdf for TeX Liv
e
))
(/usr/local/texlive/2016/texmf-dist/tex/latex/translator/translator-basic-dicti
onary-English.dict
Dictionary: translator-basic-dictionary, Language: English 
)
(/usr/local/texlive/2016/texmf-dist/tex/latex/siunitx/siunitx-abbreviations.cfg
File: siunitx-abbreviations.cfg 2017/11/26 v2.7k siunitx: Abbreviated units
) ABD: EveryShipout initializing macros
\AtBeginShipoutBox=\box76
Package hyperref Info: Link coloring ON on input line 74.

(/usr/local/texlive/2016/texmf-dist/tex/latex/hyperref/nameref.sty
Package: nameref 2019/09/16 v2.46 Cross-referencing by name of section

(/usr/local/texlive/2016/texmf-dist/tex/latex/refcount/refcount.sty
Package: refcount 2019/12/15 v3.6 Data extraction from label references (HO)
)
(/usr/local/texlive/2016/texmf-dist/tex/generic/gettitlestring/gettitlestring.s
ty
Package: gettitlestring 2019/12/15 v1.6 Cleanup title references (HO)
)
\c@section@level=\count328
)
LaTeX Info: Redefining \ref on input line 74.
LaTeX Info: Redefining \pageref on input line 74.
LaTeX Info: Redefining \nameref on input line 74.
 (./aoas-template.out) (./aoas-template.out)
\@outlinefile=\write5
\openout5 = `aoas-template.out'.

LaTeX Font Info:    Calculating math sizes for size <11> on input line 74.


LaTeX Font Warning: Font shape `OT1/cmr/m/n' in size <5.5> not available
(Font)              size <5> substituted on input line 74.


LaTeX Font Warning: Font shape `OML/cmm/m/it' in size <5.5> not available
(Font)              size <5> substituted on input line 74.


LaTeX Font Warning: Font shape `OMS/cmsy/m/n' in size <5.5> not available
(Font)              size <5> substituted on input line 74.

LaTeX Font Info:    Trying to load font information for U+msa on input line 74.

(/usr/local/texlive/2016/texmf-dist/tex/latex/amsfonts/umsa.fd
File: umsa.fd 2013/01/14 v3.01 AMS symbols A
)
LaTeX Font Info:    Trying to load font information for U+msb on input line 74.


(/usr/local/texlive/2016/texmf-dist/tex/latex/amsfonts/umsb.fd
File: umsb.fd 2013/01/14 v3.01 AMS symbols B
)

LaTeX Font Warning: Font shape `OT1/cmr/bx/n' in size <5.5> not available
(Font)              size <5> substituted on input line 74.


LaTeX Font Warning: Font shape `OML/cmm/b/it' in size <5.5> not available
(Font)              size <5> substituted on input line 74.


LaTeX Font Warning: Font shape `OMS/cmsy/b/n' in size <5.5> not available
(Font)              size <5> substituted on input line 74.


LaTeX Font Warning: Font shape `OT1/cmss/m/n' in size <5.5> not available
(Font)              size <5> substituted on input line 74.


LaTeX Font Warning: Font shape `OT1/cmtt/m/n' in size <5.5> not available
(Font)              size <5> substituted on input line 74.

LaTeX Font Info:    Trying to load font information for TS1+ptm on input line 9
7.
(/usr/local/texlive/2016/texmf-dist/tex/latex/psnfss/ts1ptm.fd
File: ts1ptm.fd 2001/06/04 font definitions for TS1/ptm.
)

LaTeX Font Warning: Font shape `T1/ptm/m/scit' undefined
(Font)              using `T1/ptm/m/it' instead on input line 103.


LaTeX Font Warning: Font shape `T1/ptm/m/scit' undefined
(Font)              using `T1/ptm/m/it' instead on input line 104.


LaTeX Font Warning: Font shape `T1/ptm/m/scit' undefined
(Font)              using `T1/ptm/m/it' instead on input line 105.


LaTeX Font Warning: Font shape `T1/ptm/m/scit' undefined
(Font)              using `T1/ptm/m/it' instead on input line 106.

LaTeX Font Info:    Trying to load font information for T1+pcr on input line 13
7.
(/usr/local/texlive/2016/texmf-dist/tex/latex/psnfss/t1pcr.fd
File: t1pcr.fd 2001/06/04 font definitions for T1/pcr.
)
Underfull \hbox (badness 10000) in paragraph at lines 139--140

 []

Package epstopdf Info: Source file: <plots/wind_and_solar/plot_over_years.eps>
(epstopdf)                    date: 2020-04-14 16:32:23
(epstopdf)                    size: 34534 bytes
(epstopdf)             Output file: <plots/wind_and_solar/plot_over_years-eps-c
onverted-to.pdf>
(epstopdf)                    date: 2020-04-14 16:32:23
(epstopdf)                    size: 10114 bytes
(epstopdf)             Command: <epstopdf --outfile=plots/wind_and_solar/plot_o
ver_years-eps-converted-to.pdf plots/wind_and_solar/plot_over_years.eps>
(epstopdf)             \includegraphics on input line 145.
Package epstopdf Info: Output file is already uptodate.


pdfTeX warning: /Library/TeX/texbin/pdflatex (file ./plots/wind_and_solar/plot_
over_years-eps-converted-to.pdf): PDF inclusion: found PDF version <1.7>, but a
t most version <1.5> allowed
<plots/wind_and_solar/plot_over_years-eps-converted-to.pdf, id=120, 576.1525pt 
x 311.1625pt>
File: plots/wind_and_solar/plot_over_years-eps-converted-to.pdf Graphic file (t
ype pdf)
<use plots/wind_and_solar/plot_over_years-eps-converted-to.pdf>
Package pdftex.def Info: plots/wind_and_solar/plot_over_years-eps-converted-to.
pdf  used on input line 145.
(pdftex.def)             Requested size: 365.39752pt x 197.34859pt.

LaTeX Font Warning: Font shape `T1/ptm/m/scit' undefined
(Font)              using `T1/ptm/m/sc' instead on input line 146.


LaTeX Font Warning: Font shape `T1/ptm/m/scit' undefined
(Font)              using `T1/ptm/m/sc' instead on input line 146.

[1{/usr/local/texlive/2016/texmf-var/fonts/map/pdftex/updmap/pdftex.map}

]
[2 <./plots/wind_and_solar/plot_over_years-eps-converted-to.pdf>]
Underfull \hbox (badness 10000) in paragraph at lines 167--169

 []

[3]
Package epstopdf Info: Source file: <plots/four_days/377.eps>
(epstopdf)                    date: 2020-05-17 19:47:31
(epstopdf)                    size: 40276 bytes
(epstopdf)             Output file: <plots/four_days/377-eps-converted-to.pdf>
(epstopdf)                    date: 2020-05-17 20:02:38
(epstopdf)                    size: 11966 bytes
(epstopdf)             Command: <epstopdf --outfile=plots/four_days/377-eps-con
verted-to.pdf plots/four_days/377.eps>
(epstopdf)             \includegraphics on input line 194.
Package epstopdf Info: Output file is already uptodate.


pdfTeX warning: /Library/TeX/texbin/pdflatex (file ./plots/four_days/377-eps-co
nverted-to.pdf): PDF inclusion: found PDF version <1.7>, but at most version <1
.5> allowed
<plots/four_days/377-eps-converted-to.pdf, id=210, 378.41376pt x 307.1475pt>
File: plots/four_days/377-eps-converted-to.pdf Graphic file (type pdf)
<use plots/four_days/377-eps-converted-to.pdf>
Package pdftex.def Info: plots/four_days/377-eps-converted-to.pdf  used on inpu
t line 194.
(pdftex.def)             Requested size: 196.91025pt x 159.82541pt.
Package epstopdf Info: Source file: <plots/four_days/417.eps>
(epstopdf)                    date: 2020-05-17 19:47:54
(epstopdf)                    size: 40285 bytes
(epstopdf)             Output file: <plots/four_days/417-eps-converted-to.pdf>
(epstopdf)                    date: 2020-05-17 20:02:38
(epstopdf)                    size: 11930 bytes
(epstopdf)             Command: <epstopdf --outfile=plots/four_days/417-eps-con
verted-to.pdf plots/four_days/417.eps>
(epstopdf)             \includegraphics on input line 195.
Package epstopdf Info: Output file is already uptodate.


pdfTeX warning: /Library/TeX/texbin/pdflatex (file ./plots/four_days/417-eps-co
nverted-to.pdf): PDF inclusion: found PDF version <1.7>, but at most version <1
.5> allowed
<plots/four_days/417-eps-converted-to.pdf, id=211, 378.41376pt x 307.1475pt>
File: plots/four_days/417-eps-converted-to.pdf Graphic file (type pdf)
<use plots/four_days/417-eps-converted-to.pdf>
Package pdftex.def Info: plots/four_days/417-eps-converted-to.pdf  used on inpu
t line 195.
(pdftex.def)             Requested size: 196.91025pt x 159.82541pt.

LaTeX Font Warning: Font shape `T1/ptm/m/scit' undefined
(Font)              using `T1/ptm/m/sc' instead on input line 199.


LaTeX Font Warning: Font shape `T1/ptm/m/scit' undefined
(Font)              using `T1/ptm/m/sc' instead on input line 199.

Package epstopdf Info: Source file: <plots/LP_6.eps>
(epstopdf)                    date: 2020-05-17 20:15:39
(epstopdf)                    size: 37899 bytes
(epstopdf)             Output file: <plots/LP_6-eps-converted-to.pdf>
(epstopdf)                    date: 2020-05-17 20:15:54
(epstopdf)                    size: 34073 bytes
(epstopdf)             Command: <epstopdf --outfile=plots/LP_6-eps-converted-to
.pdf plots/LP_6.eps>
(epstopdf)             \includegraphics on input line 207.
Package epstopdf Info: Output file is already uptodate.


pdfTeX warning: /Library/TeX/texbin/pdflatex (file ./plots/LP_6-eps-converted-t
o.pdf): PDF inclusion: found PDF version <1.7>, but at most version <1.5> allow
ed
<plots/LP_6-eps-converted-to.pdf, id=213, 429.605pt x 317.185pt>
File: plots/LP_6-eps-converted-to.pdf Graphic file (type pdf)
<use plots/LP_6-eps-converted-to.pdf>
Package pdftex.def Info: plots/LP_6-eps-converted-to.pdf  used on input line 20
7.
(pdftex.def)             Requested size: 196.91025pt x 145.38416pt.
Package epstopdf Info: Source file: <plots/MP_6.eps>
(epstopdf)                    date: 2020-05-17 20:15:40
(epstopdf)                    size: 41025 bytes
(epstopdf)             Output file: <plots/MP_6-eps-converted-to.pdf>
(epstopdf)                    date: 2020-05-17 20:15:55
(epstopdf)                    size: 36564 bytes
(epstopdf)             Command: <epstopdf --outfile=plots/MP_6-eps-converted-to
.pdf plots/MP_6.eps>
(epstopdf)             \includegraphics on input line 208.
Package epstopdf Info: Output file is already uptodate.


pdfTeX warning: /Library/TeX/texbin/pdflatex (file ./plots/MP_6-eps-converted-t
o.pdf): PDF inclusion: found PDF version <1.7>, but at most version <1.5> allow
ed
<plots/MP_6-eps-converted-to.pdf, id=214, 429.605pt x 317.185pt>
File: plots/MP_6-eps-converted-to.pdf Graphic file (type pdf)
<use plots/MP_6-eps-converted-to.pdf>
Package pdftex.def Info: plots/MP_6-eps-converted-to.pdf  used on input line 20
8.
(pdftex.def)             Requested size: 196.91025pt x 145.38416pt.
Package epstopdf Info: Source file: <plots/HP_6.eps>
(epstopdf)                    date: 2020-05-17 20:15:41
(epstopdf)                    size: 43795 bytes
(epstopdf)             Output file: <plots/HP_6-eps-converted-to.pdf>
(epstopdf)                    date: 2020-05-17 20:15:55
(epstopdf)                    size: 39218 bytes
(epstopdf)             Command: <epstopdf --outfile=plots/HP_6-eps-converted-to
.pdf plots/HP_6.eps>
(epstopdf)             \includegraphics on input line 210.
Package epstopdf Info: Output file is already uptodate.


pdfTeX warning: /Library/TeX/texbin/pdflatex (file ./plots/HP_6-eps-converted-t
o.pdf): PDF inclusion: found PDF version <1.7>, but at most version <1.5> allow
ed
<plots/HP_6-eps-converted-to.pdf, id=215, 429.605pt x 317.185pt>
File: plots/HP_6-eps-converted-to.pdf Graphic file (type pdf)
<use plots/HP_6-eps-converted-to.pdf>
Package pdftex.def Info: plots/HP_6-eps-converted-to.pdf  used on input line 21
0.
(pdftex.def)             Requested size: 196.91025pt x 145.38416pt.
Package epstopdf Info: Source file: <plots/AP_6.eps>
(epstopdf)                    date: 2020-05-17 20:15:42
(epstopdf)                    size: 36203 bytes
(epstopdf)             Output file: <plots/AP_6-eps-converted-to.pdf>
(epstopdf)                    date: 2020-05-17 20:15:55
(epstopdf)                    size: 33437 bytes
(epstopdf)             Command: <epstopdf --outfile=plots/AP_6-eps-converted-to
.pdf plots/AP_6.eps>
(epstopdf)             \includegraphics on input line 211.
Package epstopdf Info: Output file is already uptodate.


pdfTeX warning: /Library/TeX/texbin/pdflatex (file ./plots/AP_6-eps-converted-t
o.pdf): PDF inclusion: found PDF version <1.7>, but at most version <1.5> allow
ed
<plots/AP_6-eps-converted-to.pdf, id=216, 429.605pt x 317.185pt>
File: plots/AP_6-eps-converted-to.pdf Graphic file (type pdf)
<use plots/AP_6-eps-converted-to.pdf>
Package pdftex.def Info: plots/AP_6-eps-converted-to.pdf  used on input line 21
1.
(pdftex.def)             Requested size: 196.91025pt x 145.38416pt.

LaTeX Font Warning: Font shape `T1/ptm/m/scit' undefined
(Font)              using `T1/ptm/m/sc' instead on input line 212.


LaTeX Font Warning: Font shape `T1/ptm/m/scit' undefined
(Font)              using `T1/ptm/m/sc' instead on input line 212.

[4 <./plots/four_days/377-eps-converted-to.pdf> <./plots/four_days/417-eps-conv
erted-to.pdf>]
Package epstopdf Info: Source file: <plots/LP.eps>
(epstopdf)                    date: 2020-05-28 18:49:01
(epstopdf)                    size: 38482 bytes
(epstopdf)             Output file: <plots/LP-eps-converted-to.pdf>
(epstopdf)                    date: 2020-05-28 21:21:37
(epstopdf)                    size: 34653 bytes
(epstopdf)             Command: <epstopdf --outfile=plots/LP-eps-converted-to.p
df plots/LP.eps>
(epstopdf)             \includegraphics on input line 225.
Package epstopdf Info: Output file is already uptodate.
<plots/LP-eps-converted-to.pdf, id=247, 422.57875pt x 317.185pt>
File: plots/LP-eps-converted-to.pdf Graphic file (type pdf)
<use plots/LP-eps-converted-to.pdf>
Package pdftex.def Info: plots/LP-eps-converted-to.pdf  used on input line 225.

(pdftex.def)             Requested size: 196.91025pt x 147.80408pt.
Package epstopdf Info: Source file: <plots/MP.eps>
(epstopdf)                    date: 2020-05-28 18:49:02
(epstopdf)                    size: 38503 bytes
(epstopdf)             Output file: <plots/MP-eps-converted-to.pdf>
(epstopdf)                    date: 2020-05-28 21:21:38
(epstopdf)                    size: 35312 bytes
(epstopdf)             Command: <epstopdf --outfile=plots/MP-eps-converted-to.p
df plots/MP.eps>
(epstopdf)             \includegraphics on input line 226.
Package epstopdf Info: Output file is already uptodate.
<plots/MP-eps-converted-to.pdf, id=248, 429.605pt x 317.185pt>
File: plots/MP-eps-converted-to.pdf Graphic file (type pdf)
<use plots/MP-eps-converted-to.pdf>
Package pdftex.def Info: plots/MP-eps-converted-to.pdf  used on input line 226.

(pdftex.def)             Requested size: 196.91025pt x 145.38416pt.
Package epstopdf Info: Source file: <plots/HP.eps>
(epstopdf)                    date: 2020-05-28 18:49:03
(epstopdf)                    size: 36046 bytes
(epstopdf)             Output file: <plots/HP-eps-converted-to.pdf>
(epstopdf)                    date: 2020-05-28 21:21:38
(epstopdf)                    size: 31564 bytes
(epstopdf)             Command: <epstopdf --outfile=plots/HP-eps-converted-to.p
df plots/HP.eps>
(epstopdf)             \includegraphics on input line 228.
Package epstopdf Info: Output file is already uptodate.
<plots/HP-eps-converted-to.pdf, id=249, 429.605pt x 317.185pt>
File: plots/HP-eps-converted-to.pdf Graphic file (type pdf)
<use plots/HP-eps-converted-to.pdf>
Package pdftex.def Info: plots/HP-eps-converted-to.pdf  used on input line 228.

(pdftex.def)             Requested size: 196.91025pt x 145.38416pt.
Package epstopdf Info: Source file: <plots/AP.eps>
(epstopdf)                    date: 2020-05-28 18:49:04
(epstopdf)                    size: 38412 bytes
(epstopdf)             Output file: <plots/AP-eps-converted-to.pdf>
(epstopdf)                    date: 2020-05-28 21:21:38
(epstopdf)                    size: 36152 bytes
(epstopdf)             Command: <epstopdf --outfile=plots/AP-eps-converted-to.p
df plots/AP.eps>
(epstopdf)             \includegraphics on input line 229.
Package epstopdf Info: Output file is already uptodate.
<plots/AP-eps-converted-to.pdf, id=250, 429.605pt x 317.185pt>
File: plots/AP-eps-converted-to.pdf Graphic file (type pdf)
<use plots/AP-eps-converted-to.pdf>
Package pdftex.def Info: plots/AP-eps-converted-to.pdf  used on input line 229.

(pdftex.def)             Requested size: 196.91025pt x 145.38416pt.


LaTeX Font Warning: Font shape `T1/ptm/m/scit' undefined
(Font)              using `T1/ptm/m/sc' instead on input line 230.


LaTeX Font Warning: Font shape `T1/ptm/m/scit' undefined
(Font)              using `T1/ptm/m/sc' instead on input line 230.

[5 <./plots/LP_6-eps-converted-to.pdf> <./plots/MP_6-eps-converted-to.pdf> <./p
lots/HP_6-eps-converted-to.pdf> <./plots/AP_6-eps-converted-to.pdf>]
Package epstopdf Info: Source file: <plots/LP_t.eps>
(epstopdf)                    date: 2020-05-28 18:49:32
(epstopdf)                    size: 37516 bytes
(epstopdf)             Output file: <plots/LP_t-eps-converted-to.pdf>
(epstopdf)                    date: 2020-05-28 21:21:39
(epstopdf)                    size: 35532 bytes
(epstopdf)             Command: <epstopdf --outfile=plots/LP_t-eps-converted-to
.pdf plots/LP_t.eps>
(epstopdf)             \includegraphics on input line 239.
Package epstopdf Info: Output file is already uptodate.
<plots/LP_t-eps-converted-to.pdf, id=282, 429.605pt x 317.185pt>
File: plots/LP_t-eps-converted-to.pdf Graphic file (type pdf)
<use plots/LP_t-eps-converted-to.pdf>
Package pdftex.def Info: plots/LP_t-eps-converted-to.pdf  used on input line 23
9.
(pdftex.def)             Requested size: 196.91025pt x 145.38416pt.
Package epstopdf Info: Source file: <plots/MP_t.eps>
(epstopdf)                    date: 2020-05-28 18:49:33
(epstopdf)                    size: 38784 bytes
(epstopdf)             Output file: <plots/MP_t-eps-converted-to.pdf>
(epstopdf)                    date: 2020-05-28 21:21:39
(epstopdf)                    size: 37019 bytes
(epstopdf)             Command: <epstopdf --outfile=plots/MP_t-eps-converted-to
.pdf plots/MP_t.eps>
(epstopdf)             \includegraphics on input line 240.
Package epstopdf Info: Output file is already uptodate.
<plots/MP_t-eps-converted-to.pdf, id=283, 429.605pt x 317.185pt>
File: plots/MP_t-eps-converted-to.pdf Graphic file (type pdf)
<use plots/MP_t-eps-converted-to.pdf>
Package pdftex.def Info: plots/MP_t-eps-converted-to.pdf  used on input line 24
0.
(pdftex.def)             Requested size: 196.91025pt x 145.38416pt.
Package epstopdf Info: Source file: <plots/HP_t.eps>
(epstopdf)                    date: 2020-05-28 18:49:34
(epstopdf)                    size: 37192 bytes
(epstopdf)             Output file: <plots/HP_t-eps-converted-to.pdf>
(epstopdf)                    date: 2020-05-28 21:21:39
(epstopdf)                    size: 33869 bytes
(epstopdf)             Command: <epstopdf --outfile=plots/HP_t-eps-converted-to
.pdf plots/HP_t.eps>
(epstopdf)             \includegraphics on input line 242.
Package epstopdf Info: Output file is already uptodate.
<plots/HP_t-eps-converted-to.pdf, id=284, 422.57875pt x 317.185pt>
File: plots/HP_t-eps-converted-to.pdf Graphic file (type pdf)
<use plots/HP_t-eps-converted-to.pdf>
Package pdftex.def Info: plots/HP_t-eps-converted-to.pdf  used on input line 24
2.
(pdftex.def)             Requested size: 196.91025pt x 147.80408pt.
Package epstopdf Info: Source file: <plots/AP_t.eps>
(epstopdf)                    date: 2020-05-28 18:49:35
(epstopdf)                    size: 35805 bytes
(epstopdf)             Output file: <plots/AP_t-eps-converted-to.pdf>
(epstopdf)                    date: 2020-05-28 21:21:40
(epstopdf)                    size: 33110 bytes
(epstopdf)             Command: <epstopdf --outfile=plots/AP_t-eps-converted-to
.pdf plots/AP_t.eps>
(epstopdf)             \includegraphics on input line 243.
Package epstopdf Info: Output file is already uptodate.
<plots/AP_t-eps-converted-to.pdf, id=285, 429.605pt x 317.185pt>
File: plots/AP_t-eps-converted-to.pdf Graphic file (type pdf)
<use plots/AP_t-eps-converted-to.pdf>
Package pdftex.def Info: plots/AP_t-eps-converted-to.pdf  used on input line 24
3.
(pdftex.def)             Requested size: 196.91025pt x 145.38416pt.


LaTeX Font Warning: Font shape `T1/ptm/m/scit' undefined
(Font)              using `T1/ptm/m/sc' instead on input line 244.


LaTeX Font Warning: Font shape `T1/ptm/m/scit' undefined
(Font)              using `T1/ptm/m/sc' instead on input line 244.

[6 <./plots/LP-eps-converted-to.pdf> <./plots/MP-eps-converted-to.pdf> <./plots
/HP-eps-converted-to.pdf> <./plots/AP-eps-converted-to.pdf>] [7 <./plots/LP_t-e
ps-converted-to.pdf> <./plots/MP_t-eps-converted-to.pdf> <./plots/HP_t-eps-conv
erted-to.pdf> <./plots/AP_t-eps-converted-to.pdf>]
Package epstopdf Info: Source file: <plots/31.eps>
(epstopdf)                    date: 2020-05-29 22:46:20
(epstopdf)                    size: 77216 bytes
(epstopdf)             Output file: <plots/31-eps-converted-to.pdf>
(epstopdf)                    date: 2020-05-29 22:48:05
(epstopdf)                    size: 20559 bytes
(epstopdf)             Command: <epstopdf --outfile=plots/31-eps-converted-to.p
df plots/31.eps>
(epstopdf)             \includegraphics on input line 318.
Package epstopdf Info: Output file is already uptodate.


pdfTeX warning: /Library/TeX/texbin/pdflatex (file ./plots/31-eps-converted-to.
pdf): PDF inclusion: found PDF version <1.7>, but at most version <1.5> allowed

<plots/31-eps-converted-to.pdf, id=362, 372.39125pt x 304.13625pt>
File: plots/31-eps-converted-to.pdf Graphic file (type pdf)
<use plots/31-eps-converted-to.pdf>
Package pdftex.def Info: plots/31-eps-converted-to.pdf  used on input line 318.

(pdftex.def)             Requested size: 196.91025pt x 160.82481pt.
Package epstopdf Info: Source file: <plots/31_2.eps>
(epstopdf)                    date: 2020-05-29 22:44:22
(epstopdf)                    size: 77123 bytes
(epstopdf)             Output file: <plots/31_2-eps-converted-to.pdf>
(epstopdf)                    date: 2020-05-29 22:48:05
(epstopdf)                    size: 20558 bytes
(epstopdf)             Command: <epstopdf --outfile=plots/31_2-eps-converted-to
.pdf plots/31_2.eps>
(epstopdf)             \includegraphics on input line 318.
Package epstopdf Info: Output file is already uptodate.


pdfTeX warning: /Library/TeX/texbin/pdflatex (file ./plots/31_2-eps-converted-t
o.pdf): PDF inclusion: found PDF version <1.7>, but at most version <1.5> allow
ed
<plots/31_2-eps-converted-to.pdf, id=363, 372.39125pt x 304.13625pt>
File: plots/31_2-eps-converted-to.pdf Graphic file (type pdf)
<use plots/31_2-eps-converted-to.pdf>
Package pdftex.def Info: plots/31_2-eps-converted-to.pdf  used on input line 31
8.
(pdftex.def)             Requested size: 196.91025pt x 160.82481pt.

LaTeX Font Warning: Font shape `T1/ptm/m/scit' undefined
(Font)              using `T1/ptm/m/sc' instead on input line 319.


LaTeX Font Warning: Font shape `T1/ptm/m/scit' undefined
(Font)              using `T1/ptm/m/sc' instead on input line 319.

[8 <./plots/31-eps-converted-to.pdf> <./plots/31_2-eps-converted-to.pdf>]
Underfull \hbox (badness 10000) in paragraph at lines 352--354

 []


Underfull \hbox (badness 10000) in paragraph at lines 363--365

 []


Underfull \hbox (badness 10000) in paragraph at lines 366--367

 []

[9pdfTeX warning (ext4): destination with the same identifier (name{equation.3.
8}) has been already used, duplicate ignored

\@EveryShipout@Output ...@Org@Shipout \box \@cclv 
                                                  
l.367 
      ]

Package amsmath Warning: Cannot use `split' here;
(amsmath)                trying to recover with `aligned' on input line 409.


Package amsmath Warning: Cannot use `split' here;
(amsmath)                trying to recover with `aligned' on input line 409.


Underfull \hbox (badness 10000) detected at line 409
 []$[] [] [][]  $ 
 []

[10]
Package epstopdf Info: Source file: <plots/LP_t_LP.eps>
(epstopdf)                    date: 2020-05-28 18:49:50
(epstopdf)                    size: 39746 bytes
(epstopdf)             Output file: <plots/LP_t_LP-eps-converted-to.pdf>
(epstopdf)                    date: 2020-05-28 21:21:40
(epstopdf)                    size: 38394 bytes
(epstopdf)             Command: <epstopdf --outfile=plots/LP_t_LP-eps-converted
-to.pdf plots/LP_t_LP.eps>
(epstopdf)             \includegraphics on input line 426.
Package epstopdf Info: Output file is already uptodate.
<plots/LP_t_LP-eps-converted-to.pdf, id=459, 429.605pt x 317.185pt>
File: plots/LP_t_LP-eps-converted-to.pdf Graphic file (type pdf)
<use plots/LP_t_LP-eps-converted-to.pdf>
Package pdftex.def Info: plots/LP_t_LP-eps-converted-to.pdf  used on input line
 426.
(pdftex.def)             Requested size: 196.91025pt x 145.38416pt.
Package epstopdf Info: Source file: <plots/MP_t_LP.eps>
(epstopdf)                    date: 2020-05-28 18:49:50
(epstopdf)                    size: 36560 bytes
(epstopdf)             Output file: <plots/MP_t_LP-eps-converted-to.pdf>
(epstopdf)                    date: 2020-05-28 21:21:40
(epstopdf)                    size: 34870 bytes
(epstopdf)             Command: <epstopdf --outfile=plots/MP_t_LP-eps-converted
-to.pdf plots/MP_t_LP.eps>
(epstopdf)             \includegraphics on input line 427.
Package epstopdf Info: Output file is already uptodate.
<plots/MP_t_LP-eps-converted-to.pdf, id=460, 429.605pt x 317.185pt>
File: plots/MP_t_LP-eps-converted-to.pdf Graphic file (type pdf)
<use plots/MP_t_LP-eps-converted-to.pdf>
Package pdftex.def Info: plots/MP_t_LP-eps-converted-to.pdf  used on input line
 427.
(pdftex.def)             Requested size: 196.91025pt x 145.38416pt.
Package epstopdf Info: Source file: <plots/HP_t_LP.eps>
(epstopdf)                    date: 2020-05-28 18:49:51
(epstopdf)                    size: 39093 bytes
(epstopdf)             Output file: <plots/HP_t_LP-eps-converted-to.pdf>
(epstopdf)                    date: 2020-05-28 21:21:41
(epstopdf)                    size: 35802 bytes
(epstopdf)             Command: <epstopdf --outfile=plots/HP_t_LP-eps-converted
-to.pdf plots/HP_t_LP.eps>
(epstopdf)             \includegraphics on input line 429.
Package epstopdf Info: Output file is already uptodate.
<plots/HP_t_LP-eps-converted-to.pdf, id=461, 429.605pt x 317.185pt>
File: plots/HP_t_LP-eps-converted-to.pdf Graphic file (type pdf)
<use plots/HP_t_LP-eps-converted-to.pdf>
Package pdftex.def Info: plots/HP_t_LP-eps-converted-to.pdf  used on input line
 429.
(pdftex.def)             Requested size: 196.91025pt x 145.38416pt.
Package epstopdf Info: Source file: <plots/AP_t_LP.eps>
(epstopdf)                    date: 2020-05-28 18:49:52
(epstopdf)                    size: 35234 bytes
(epstopdf)             Output file: <plots/AP_t_LP-eps-converted-to.pdf>
(epstopdf)                    date: 2020-05-28 21:21:41
(epstopdf)                    size: 33748 bytes
(epstopdf)             Command: <epstopdf --outfile=plots/AP_t_LP-eps-converted
-to.pdf plots/AP_t_LP.eps>
(epstopdf)             \includegraphics on input line 430.
Package epstopdf Info: Output file is already uptodate.
<plots/AP_t_LP-eps-converted-to.pdf, id=462, 422.57875pt x 317.185pt>
File: plots/AP_t_LP-eps-converted-to.pdf Graphic file (type pdf)
<use plots/AP_t_LP-eps-converted-to.pdf>
Package pdftex.def Info: plots/AP_t_LP-eps-converted-to.pdf  used on input line
 430.
(pdftex.def)             Requested size: 196.91025pt x 147.80408pt.


LaTeX Font Warning: Font shape `T1/ptm/m/scit' undefined
(Font)              using `T1/ptm/m/sc' instead on input line 431.


LaTeX Font Warning: Font shape `T1/ptm/m/scit' undefined
(Font)              using `T1/ptm/m/sc' instead on input line 431.

[11 <./plots/LP_t_LP-eps-converted-to.pdf> <./plots/MP_t_LP-eps-converted-to.pd
f> <./plots/HP_t_LP-eps-converted-to.pdf> <./plots/AP_t_LP-eps-converted-to.pdf
>]

Package hyperref Warning: Token not allowed in a PDF string (PDFDocEncoding):
(hyperref)                removing `math shift' on input line 449.


Package hyperref Warning: Token not allowed in a PDF string (PDFDocEncoding):
(hyperref)                removing `math shift' on input line 449.


Underfull \hbox (badness 10000) in paragraph at lines 458--460

 []


Underfull \hbox (badness 10000) in paragraph at lines 461--463

 []


Overfull \hbox (7.15594pt too wide) in paragraph at lines 472--474
[]\T1/ptm/m/n/11 However, closed-form so-lu-tions to initial-boundary value pro
b-lems for time-inhomogeneous
 []

[12]

Package hyperref Warning: Token not allowed in a PDF string (PDFDocEncoding):
(hyperref)                removing `math shift' on input line 477.


Package hyperref Warning: Token not allowed in a PDF string (PDFDocEncoding):
(hyperref)                removing `math shift' on input line 477.


Underfull \hbox (badness 10000) in paragraph at lines 515--517

 []


Overfull \hbox (1.94003pt too wide) detected at line 524
 []$[] \OT1/cmr/m/n/10 = [] [] [] [] \OML/cmm/m/it/10 ;  $ 
 []


Package hyperref Warning: Token not allowed in a PDF string (PDFDocEncoding):
(hyperref)                removing `math shift' on input line 530.


Package hyperref Warning: Token not allowed in a PDF string (PDFDocEncoding):
(hyperref)                removing `math shift' on input line 530.

[13] [14]

Package hyperref Warning: Token not allowed in a PDF string (PDFDocEncoding):
(hyperref)                removing `math shift' on input line 612.


Package hyperref Warning: Token not allowed in a PDF string (PDFDocEncoding):
(hyperref)                removing `math shift' on input line 612.


Package hyperref Warning: Token not allowed in a PDF string (PDFDocEncoding):
(hyperref)                removing `math shift' on input line 623.


Package hyperref Warning: Token not allowed in a PDF string (PDFDocEncoding):
(hyperref)                removing `math shift' on input line 623.


Package hyperref Warning: Token not allowed in a PDF string (PDFDocEncoding):
(hyperref)                removing `math shift' on input line 647.


Package hyperref Warning: Token not allowed in a PDF string (PDFDocEncoding):
(hyperref)                removing `\delta' on input line 647.


Package hyperref Warning: Token not allowed in a PDF string (PDFDocEncoding):
(hyperref)                removing `math shift' on input line 647.


Underfull \hbox (badness 10000) in paragraph at lines 647--648

 []

[15]
Underfull \hbox (badness 10000) in paragraph at lines 654--658

 []


Package hyperref Warning: Token not allowed in a PDF string (PDFDocEncoding):
(hyperref)                removing `math shift' on input line 680.


Package hyperref Warning: Token not allowed in a PDF string (PDFDocEncoding):
(hyperref)                removing `math shift' on input line 680.


Package hyperref Warning: Token not allowed in a PDF string (PDFDocEncoding):
(hyperref)                removing `math shift' on input line 680.


Package hyperref Warning: Token not allowed in a PDF string (PDFDocEncoding):
(hyperref)                removing `math shift' on input line 680.

Package epstopdf Info: Source file: <plots/LL/Log-Likelihood.eps>
(epstopdf)                    date: 2020-05-22 16:45:49
(epstopdf)                    size: 553957 bytes
(epstopdf)             Output file: <plots/LL/Log-Likelihood-eps-converted-to.p
df>
(epstopdf)                    date: 2020-06-09 16:26:20
(epstopdf)                    size: 121814 bytes
(epstopdf)             Command: <epstopdf --outfile=plots/LL/Log-Likelihood-eps
-converted-to.pdf plots/LL/Log-Likelihood.eps>
(epstopdf)             \includegraphics on input line 684.
Package epstopdf Info: Output file is already uptodate.


pdfTeX warning: /Library/TeX/texbin/pdflatex (file ./plots/LL/Log-Likelihood-ep
s-converted-to.pdf): PDF inclusion: found PDF version <1.7>, but at most versio
n <1.5> allowed
<plots/LL/Log-Likelihood-eps-converted-to.pdf, id=575, 625.33624pt x 433.62pt>
File: plots/LL/Log-Likelihood-eps-converted-to.pdf Graphic file (type pdf)
<use plots/LL/Log-Likelihood-eps-converted-to.pdf>
Package pdftex.def Info: plots/LL/Log-Likelihood-eps-converted-to.pdf  used on 
input line 684.
(pdftex.def)             Requested size: 196.91025pt x 136.53809pt.
Package epstopdf Info: Source file: <plots/LL/Log-Likelihood_testing.eps>
(epstopdf)                    date: 2020-06-08 14:18:48
(epstopdf)                    size: 563606 bytes
(epstopdf)             Output file: <plots/LL/Log-Likelihood_testing-eps-conver
ted-to.pdf>
(epstopdf)                    date: 2020-06-09 16:26:20
(epstopdf)                    size: 127156 bytes
(epstopdf)             Command: <epstopdf --outfile=plots/LL/Log-Likelihood_tes
ting-eps-converted-to.pdf plots/LL/Log-Likelihood_testing.eps>
(epstopdf)             \includegraphics on input line 684.
Package epstopdf Info: Output file is already uptodate.


pdfTeX warning: /Library/TeX/texbin/pdflatex (file ./plots/LL/Log-Likelihood_te
sting-eps-converted-to.pdf): PDF inclusion: found PDF version <1.7>, but at mos
t version <1.5> allowed
<plots/LL/Log-Likelihood_testing-eps-converted-to.pdf, id=576, 625.33624pt x 43
3.62pt>
File: plots/LL/Log-Likelihood_testing-eps-converted-to.pdf Graphic file (type p
df)
<use plots/LL/Log-Likelihood_testing-eps-converted-to.pdf>
Package pdftex.def Info: plots/LL/Log-Likelihood_testing-eps-converted-to.pdf  
used on input line 684.
(pdftex.def)             Requested size: 196.91025pt x 136.53809pt.

LaTeX Font Warning: Font shape `T1/ptm/m/scit' undefined
(Font)              using `T1/ptm/m/sc' instead on input line 685.


LaTeX Font Warning: Font shape `T1/ptm/m/scit' undefined
(Font)              using `T1/ptm/m/sc' instead on input line 685.

[16]

LaTeX Font Warning: Font shape `T1/ptm/m/scit' undefined
(Font)              using `T1/ptm/m/sc' instead on input line 704.


Underfull \hbox (badness 10000) in paragraph at lines 707--708

 []


Underfull \hbox (badness 10000) in paragraph at lines 722--723

 []

Package epstopdf Info: Source file: <plots/classic_noDelta/Optimal.eps>
(epstopdf)                    date: 2020-06-24 17:29:30
(epstopdf)                    size: 52410 bytes
(epstopdf)             Output file: <plots/classic_noDelta/Optimal-eps-converte
d-to.pdf>
(epstopdf)                    date: 2020-06-24 17:30:37
(epstopdf)                    size: 51360 bytes
(epstopdf)             Command: <epstopdf --outfile=plots/classic_noDelta/Optim
al-eps-converted-to.pdf plots/classic_noDelta/Optimal.eps>
(epstopdf)             \includegraphics on input line 728.
Package epstopdf Info: Output file is already uptodate.
<plots/classic_noDelta/Optimal-eps-converted-to.pdf, id=588, 429.605pt x 317.18
5pt>
File: plots/classic_noDelta/Optimal-eps-converted-to.pdf Graphic file (type pdf
)
<use plots/classic_noDelta/Optimal-eps-converted-to.pdf>
Package pdftex.def Info: plots/classic_noDelta/Optimal-eps-converted-to.pdf  us
ed on input line 728.
(pdftex.def)             Requested size: 196.91025pt x 145.38416pt.
Package epstopdf Info: Source file: <plots/classic_noDelta/Lamperti_Optimal.eps
>
(epstopdf)                    date: 2020-06-24 17:29:18
(epstopdf)                    size: 52390 bytes
(epstopdf)             Output file: <plots/classic_noDelta/Lamperti_Optimal-eps
-converted-to.pdf>
(epstopdf)                    date: 2020-06-24 17:30:37
(epstopdf)                    size: 51365 bytes
(epstopdf)             Command: <epstopdf --outfile=plots/classic_noDelta/Lampe
rti_Optimal-eps-converted-to.pdf plots/classic_noDelta/Lamperti_Optimal.eps>
(epstopdf)             \includegraphics on input line 729.
Package epstopdf Info: Output file is already uptodate.
<plots/classic_noDelta/Lamperti_Optimal-eps-converted-to.pdf, id=589, 429.605pt
 x 317.185pt>
File: plots/classic_noDelta/Lamperti_Optimal-eps-converted-to.pdf Graphic file 
(type pdf)
<use plots/classic_noDelta/Lamperti_Optimal-eps-converted-to.pdf>
Package pdftex.def Info: plots/classic_noDelta/Lamperti_Optimal-eps-converted-t
o.pdf  used on input line 729.
(pdftex.def)             Requested size: 196.91025pt x 145.38416pt.

LaTeX Font Warning: Font shape `T1/ptm/m/scit' undefined
(Font)              using `T1/ptm/m/sc' instead on input line 730.


LaTeX Font Warning: Font shape `T1/ptm/m/scit' undefined
(Font)              using `T1/ptm/m/sc' instead on input line 730.

[17 <./plots/LL/Log-Likelihood-eps-converted-to.pdf> <./plots/LL/Log-Likelihood
_testing-eps-converted-to.pdf>]

LaTeX Font Warning: Font shape `T1/ptm/m/scit' undefined
(Font)              using `T1/ptm/m/sc' instead on input line 795.

[18 <./plots/classic_noDelta/Optimal-eps-converted-to.pdf> <./plots/classic_noD
elta/Lamperti_Optimal-eps-converted-to.pdf>]

LaTeX Font Warning: Font shape `T1/ptm/m/scit' undefined
(Font)              using `T1/ptm/m/sc' instead on input line 811.


Package hyperref Warning: Token not allowed in a PDF string (PDFDocEncoding):
(hyperref)                removing `math shift' on input line 819.


Package hyperref Warning: Token not allowed in a PDF string (PDFDocEncoding):
(hyperref)                removing `\delta' on input line 819.


Package hyperref Warning: Token not allowed in a PDF string (PDFDocEncoding):
(hyperref)                removing `math shift' on input line 819.

Package epstopdf Info: Source file: <plots/paths/1.eps>
(epstopdf)                    date: 2020-05-23 19:28:43
(epstopdf)                    size: 58384 bytes
(epstopdf)             Output file: <plots/paths/1-eps-converted-to.pdf>
(epstopdf)                    date: 2020-06-09 16:23:00
(epstopdf)                    size: 17148 bytes
(epstopdf)             Command: <epstopdf --outfile=plots/paths/1-eps-converted
-to.pdf plots/paths/1.eps>
(epstopdf)             \includegraphics on input line 823.
Package epstopdf Info: Output file is already uptodate.


pdfTeX warning: /Library/TeX/texbin/pdflatex (file ./plots/paths/1-eps-converte
d-to.pdf): PDF inclusion: found PDF version <1.7>, but at most version <1.5> al
lowed
<plots/paths/1-eps-converted-to.pdf, id=653, 372.39125pt x 304.13625pt>
File: plots/paths/1-eps-converted-to.pdf Graphic file (type pdf)
<use plots/paths/1-eps-converted-to.pdf>
Package pdftex.def Info: plots/paths/1-eps-converted-to.pdf  used on input line
 823.
(pdftex.def)             Requested size: 196.91025pt x 160.82481pt.
Package epstopdf Info: Source file: <plots/paths/2.eps>
(epstopdf)                    date: 2020-05-23 19:28:44
(epstopdf)                    size: 58146 bytes
(epstopdf)             Output file: <plots/paths/2-eps-converted-to.pdf>
(epstopdf)                    date: 2020-06-09 16:23:00
(epstopdf)                    size: 17004 bytes
(epstopdf)             Command: <epstopdf --outfile=plots/paths/2-eps-converted
-to.pdf plots/paths/2.eps>
(epstopdf)             \includegraphics on input line 824.
Package epstopdf Info: Output file is already uptodate.


pdfTeX warning: /Library/TeX/texbin/pdflatex (file ./plots/paths/2-eps-converte
d-to.pdf): PDF inclusion: found PDF version <1.7>, but at most version <1.5> al
lowed
<plots/paths/2-eps-converted-to.pdf, id=654, 372.39125pt x 304.13625pt>
File: plots/paths/2-eps-converted-to.pdf Graphic file (type pdf)
<use plots/paths/2-eps-converted-to.pdf>
Package pdftex.def Info: plots/paths/2-eps-converted-to.pdf  used on input line
 824.
(pdftex.def)             Requested size: 196.91025pt x 160.82481pt.

LaTeX Font Warning: Font shape `T1/ptm/m/scit' undefined
(Font)              using `T1/ptm/m/sc' instead on input line 828.

Package epstopdf Info: Source file: <plots/bands/1.eps>
(epstopdf)                    date: 2020-05-29 22:50:14
(epstopdf)                    size: 78089 bytes
(epstopdf)             Output file: <plots/bands/1-eps-converted-to.pdf>
(epstopdf)                    date: 2020-06-09 16:24:03
(epstopdf)                    size: 20990 bytes
(epstopdf)             Command: <epstopdf --outfile=plots/bands/1-eps-converted
-to.pdf plots/bands/1.eps>
(epstopdf)             \includegraphics on input line 835.
Package epstopdf Info: Output file is already uptodate.


pdfTeX warning: /Library/TeX/texbin/pdflatex (file ./plots/bands/1-eps-converte
d-to.pdf): PDF inclusion: found PDF version <1.7>, but at most version <1.5> al
lowed
<plots/bands/1-eps-converted-to.pdf, id=656, 372.39125pt x 304.13625pt>
File: plots/bands/1-eps-converted-to.pdf Graphic file (type pdf)
<use plots/bands/1-eps-converted-to.pdf>
Package pdftex.def Info: plots/bands/1-eps-converted-to.pdf  used on input line
 835.
(pdftex.def)             Requested size: 196.91025pt x 160.82481pt.
Package epstopdf Info: Source file: <plots/bands/2.eps>
(epstopdf)                    date: 2020-05-29 22:50:38
(epstopdf)                    size: 76851 bytes
(epstopdf)             Output file: <plots/bands/2-eps-converted-to.pdf>
(epstopdf)                    date: 2020-06-09 16:24:04
(epstopdf)                    size: 20575 bytes
(epstopdf)             Command: <epstopdf --outfile=plots/bands/2-eps-converted
-to.pdf plots/bands/2.eps>
(epstopdf)             \includegraphics on input line 836.
Package epstopdf Info: Output file is already uptodate.


pdfTeX warning: /Library/TeX/texbin/pdflatex (file ./plots/bands/2-eps-converte
d-to.pdf): PDF inclusion: found PDF version <1.7>, but at most version <1.5> al
lowed
<plots/bands/2-eps-converted-to.pdf, id=657, 372.39125pt x 304.13625pt>
File: plots/bands/2-eps-converted-to.pdf Graphic file (type pdf)
<use plots/bands/2-eps-converted-to.pdf>
Package pdftex.def Info: plots/bands/2-eps-converted-to.pdf  used on input line
 836.
(pdftex.def)             Requested size: 196.91025pt x 160.82481pt.

LaTeX Font Warning: Font shape `T1/ptm/m/scit' undefined
(Font)              using `T1/ptm/m/sc' instead on input line 840.


LaTeX Font Warning: Font shape `T1/ptm/m/scit' undefined
(Font)              using `T1/ptm/m/sc' instead on input line 840.

[19 <./plots/paths/1-eps-converted-to.pdf> <./plots/paths/2-eps-converted-to.pd
f>]

Package hyperref Warning: Token not allowed in a PDF string (PDFDocEncoding):
(hyperref)                removing `math shift' on input line 845.


Package hyperref Warning: Token not allowed in a PDF string (PDFDocEncoding):
(hyperref)                removing `\delta' on input line 845.


Package hyperref Warning: Token not allowed in a PDF string (PDFDocEncoding):
(hyperref)                removing `math shift' on input line 845.


Underfull \hbox (badness 10000) in paragraph at lines 845--848

 []

Package epstopdf Info: Source file: <plots/delta/contour_delta.eps>
(epstopdf)                    date: 2020-05-22 20:39:37
(epstopdf)                    size: 3405017 bytes
(epstopdf)             Output file: <plots/delta/contour_delta-eps-converted-to
.pdf>
(epstopdf)                    date: 2020-06-09 16:24:52
(epstopdf)                    size: 684497 bytes
(epstopdf)             Command: <epstopdf --outfile=plots/delta/contour_delta-e
ps-converted-to.pdf plots/delta/contour_delta.eps>
(epstopdf)             \includegraphics on input line 854.
Package epstopdf Info: Output file is already uptodate.


pdfTeX warning: /Library/TeX/texbin/pdflatex (file ./plots/delta/contour_delta-
eps-converted-to.pdf): PDF inclusion: found PDF version <1.7>, but at most vers
ion <1.5> allowed
<plots/delta/contour_delta-eps-converted-to.pdf, id=684, 604.2575pt x 433.62pt>

File: plots/delta/contour_delta-eps-converted-to.pdf Graphic file (type pdf)
<use plots/delta/contour_delta-eps-converted-to.pdf>
Package pdftex.def Info: plots/delta/contour_delta-eps-converted-to.pdf  used o
n input line 854.
(pdftex.def)             Requested size: 243.60248pt x 174.80792pt.

LaTeX Font Warning: Font shape `T1/ptm/m/scit' undefined
(Font)              using `T1/ptm/m/sc' instead on input line 855.

[20 <./plots/bands/1-eps-converted-to.pdf> <./plots/bands/2-eps-converted-to.pd
f>] [21 <./plots/delta/contour_delta-eps-converted-to.pdf>] [22pdfTeX warning (
ext4): destination with the same identifier (name{equation.8.31}) has been alre
ady used, duplicate ignored

\@EveryShipout@Output ...@Org@Shipout \box \@cclv 
                                                  
l.933 $$
        ] [23] (./aoas-template.bbl [24]
Underfull \hbox (badness 958) in paragraph at lines 363--372
[]\T1/ptm/m/sc/9 Valry, P. \T1/ptm/m/n/9 and \T1/ptm/m/sc/9 Gouriroux, C. \T1
/ptm/m/n/9 (2011). A quasi-likelihood ap-proach based on eigen-func-tions for a

 []


Underfull \hbox (badness 10000) in paragraph at lines 375--380
[]\T1/ptm/m/n/9 IEA Press re-lease. https://www.iea.org/news/global-energy-dema
nd-to-plunge-this-year-as-a-result-of-the-
 []

) [25]
Package atveryend Info: Empty hook `BeforeClearDocument' on input line 1043.
Package atveryend Info: Empty hook `AfterLastShipout' on input line 1043.
 (./aoas-template.aux)
Package atveryend Info: Executing hook `AtVeryEndDocument' on input line 1043.
Package atveryend Info: Executing hook `AtEndAfterFileList' on input line 1043.

Package rerunfilecheck Info: File `aoas-template.out' has not changed.
(rerunfilecheck)             Checksum: A88448A2A84D75BC8AD71D039A65A7B8;2093.


LaTeX Font Warning: Size substitutions with differences
(Font)              up to 3.07501pt have occurred.


LaTeX Warning: Label(s) may have changed. Rerun to get cross-references right.

 ) 
Here is how much of TeX's memory you used:
 22184 strings out of 480471
 430872 string characters out of 5899410
 674422 words of memory out of 5000000
 37559 multiletter control sequences out of 15000+600000
 608841 words of font info for 149 fonts, out of 8000000 for 9000
 1141 hyphenation exceptions out of 8191
 60i,21n,60p,1335b,902s stack positions out of 5000i,500n,10000p,200000b,80000s
{/usr/local/texlive/2016/texmf-dist/fonts/enc/dvips/base/8r.enc}</usr/local/t
exlive/2016/texmf-dist/fonts/type1/public/amsfonts/cm/cmbx10.pfb></usr/local/te
xlive/2016/texmf-dist/fonts/type1/public/amsfonts/cm/cmex10.pfb></usr/local/tex
live/2016/texmf-dist/fonts/type1/public/amsfonts/cmextra/cmex8.pfb></usr/local/
texlive/2016/texmf-dist/fonts/type1/public/amsfonts/cm/cmmi10.pfb></usr/local/t
exlive/2016/texmf-dist/fonts/type1/public/amsfonts/cm/cmmi5.pfb></usr/local/tex
live/2016/texmf-dist/fonts/type1/public/amsfonts/cm/cmmi6.pfb></usr/local/texli
ve/2016/texmf-dist/fonts/type1/public/amsfonts/cm/cmmi7.pfb></usr/local/texlive
/2016/texmf-dist/fonts/type1/public/amsfonts/cm/cmmi8.pfb></usr/local/texlive/2
016/texmf-dist/fonts/type1/public/amsfonts/cm/cmmi9.pfb></usr/local/texlive/201
6/texmf-dist/fonts/type1/public/amsfonts/cm/cmmib10.pfb></usr/local/texlive/201
6/texmf-dist/fonts/type1/public/amsfonts/cmextra/cmmib8.pfb></usr/local/texlive
/2016/texmf-dist/fonts/type1/public/amsfonts/cmextra/cmmib9.pfb></usr/local/tex
live/2016/texmf-dist/fonts/type1/public/amsfonts/cm/cmr10.pfb></usr/local/texli
ve/2016/texmf-dist/fonts/type1/public/amsfonts/cm/cmr5.pfb></usr/local/texlive/
2016/texmf-dist/fonts/type1/public/amsfonts/cm/cmr6.pfb></usr/local/texlive/201
6/texmf-dist/fonts/type1/public/amsfonts/cm/cmr7.pfb></usr/local/texlive/2016/t
exmf-dist/fonts/type1/public/amsfonts/cm/cmr8.pfb></usr/local/texlive/2016/texm
f-dist/fonts/type1/public/amsfonts/cm/cmr9.pfb></usr/local/texlive/2016/texmf-d
ist/fonts/type1/public/amsfonts/cm/cmsy10.pfb></usr/local/texlive/2016/texmf-di
st/fonts/type1/public/amsfonts/cm/cmsy5.pfb></usr/local/texlive/2016/texmf-dist
/fonts/type1/public/amsfonts/cm/cmsy7.pfb></usr/local/texlive/2016/texmf-dist/f
onts/type1/public/amsfonts/cm/cmsy8.pfb></usr/local/texlive/2016/texmf-dist/fon
ts/type1/public/amsfonts/cm/cmsy9.pfb></usr/local/texlive/2016/texmf-dist/fonts
/type1/public/amsfonts/symbols/msbm10.pfb></usr/local/texlive/2016/texmf-dist/f
onts/type1/urw/courier/ucrr8a.pfb></usr/local/texlive/2016/texmf-dist/fonts/typ
e1/urw/times/utmb8a.pfb></usr/local/texlive/2016/texmf-dist/fonts/type1/urw/tim
es/utmr8a.pfb></usr/local/texlive/2016/texmf-dist/fonts/type1/urw/times/utmri8a
.pfb>
Output written on aoas-template.pdf (25 pages, 2041792 bytes).
PDF statistics:
 891 PDF objects out of 1000 (max. 8388607)
 698 compressed objects within 7 object streams
 148 named destinations out of 1000 (max. 500000)
 363 words of extra memory for PDF output out of 10000 (max. 10000000)

