\BOOKMARK [1][-]{section.1}{Introduction}{}% 1
\BOOKMARK [1][-]{section.2}{Section headings}{}% 2
\BOOKMARK [2][-]{subsection.2.1}{A sub-section}{section.2}% 3
\BOOKMARK [3][-]{subsubsection.2.1.1}{A sub-sub-section}{subsection.2.1}% 4
\BOOKMARK [1][-]{section.3}{Text}{}% 5
\BOOKMARK [2][-]{subsection.3.1}{Lists}{section.3}% 6
\BOOKMARK [2][-]{subsection.3.2}{Punctuation}{section.3}% 7
\BOOKMARK [2][-]{subsection.3.3}{Citation}{section.3}% 8
\BOOKMARK [1][-]{section.4}{Fonts}{}% 9
\BOOKMARK [1][-]{section.5}{Notes}{}% 10
\BOOKMARK [1][-]{section.6}{Quotations}{}% 11
\BOOKMARK [1][-]{section.7}{Environments}{}% 12
\BOOKMARK [2][-]{subsection.7.1}{Examples for plain-style environments}{section.7}% 13
\BOOKMARK [2][-]{subsection.7.2}{Examples for remark-style environments}{section.7}% 14
\BOOKMARK [1][-]{section.8}{Tables and figures}{}% 15
\BOOKMARK [1][-]{section.9}{Equations and the like}{}% 16
\BOOKMARK [1][-]{section*.2}{Appendix: Title}{}% 17
\BOOKMARK [1][-]{appendix.A}{Title of the first appendix}{}% 18
\BOOKMARK [1][-]{appendix.B}{Title of the second appendix}{}% 19
\BOOKMARK [2][-]{subsection.B.1}{First subsection of Appendix B}{appendix.B}% 20
\BOOKMARK [1][-]{section*.4}{Acknowledgements}{}% 21
\BOOKMARK [1][-]{section*.6}{Supplementary Material}{}% 22
\BOOKMARK [1][-]{section*.8}{References}{}% 23
