This is pdfTeX, Version 3.14159265-2.6-1.40.18 (TeX Live 2017/Debian) (preloaded format=pdflatex 2020.1.29)  14 APR 2020 16:33
entering extended mode
 \write18 enabled.
 %&-line parsing enabled.
**paper_1line_Renzo.tex
(./paper_1line_Renzo.tex
LaTeX2e <2017-04-15>
Babel <3.18> and hyphenation patterns for 84 language(s) loaded.
(/usr/share/texlive/texmf-dist/tex/latex/base/article.cls
Document Class: article 2014/09/29 v1.4h Standard LaTeX document class
(/usr/share/texlive/texmf-dist/tex/latex/base/size11.clo
File: size11.clo 2014/09/29 v1.4h Standard LaTeX file (size option)
)
\c@part=\count79
\c@section=\count80
\c@subsection=\count81
\c@subsubsection=\count82
\c@paragraph=\count83
\c@subparagraph=\count84
\c@figure=\count85
\c@table=\count86
\abovecaptionskip=\skip41
\belowcaptionskip=\skip42
\bibindent=\dimen102
)
(/usr/share/texlive/texmf-dist/tex/latex/graphics/graphicx.sty
Package: graphicx 2017/06/01 v1.1a Enhanced LaTeX Graphics (DPC,SPQR)

(/usr/share/texlive/texmf-dist/tex/latex/graphics/keyval.sty
Package: keyval 2014/10/28 v1.15 key=value parser (DPC)
\KV@toks@=\toks14
)
(/usr/share/texlive/texmf-dist/tex/latex/graphics/graphics.sty
Package: graphics 2017/06/25 v1.2c Standard LaTeX Graphics (DPC,SPQR)

(/usr/share/texlive/texmf-dist/tex/latex/graphics/trig.sty
Package: trig 2016/01/03 v1.10 sin cos tan (DPC)
)
(/usr/share/texlive/texmf-dist/tex/latex/graphics-cfg/graphics.cfg
File: graphics.cfg 2016/06/04 v1.11 sample graphics configuration
)
Package graphics Info: Driver file: pdftex.def on input line 99.

(/usr/share/texlive/texmf-dist/tex/latex/graphics-def/pdftex.def
File: pdftex.def 2018/01/08 v1.0l Graphics/color driver for pdftex
))
\Gin@req@height=\dimen103
\Gin@req@width=\dimen104
)
(/usr/share/texlive/texmf-dist/tex/latex/tools/bm.sty
Package: bm 2017/01/16 v1.2c Bold Symbol Support (DPC/FMi)
\symboldoperators=\mathgroup4
\symboldletters=\mathgroup5
\symboldsymbols=\mathgroup6
LaTeX Font Info:    Redeclaring math alphabet \mathbf on input line 141.
LaTeX Info: Redefining \bm on input line 207.
)
(/usr/share/texlive/texmf-dist/tex/latex/siunitx/siunitx.sty
(/usr/share/texlive/texmf-dist/tex/latex/l3kernel/expl3.sty
Package: expl3 2018/02/21 L3 programming layer (loader) 

(/usr/share/texlive/texmf-dist/tex/latex/l3kernel/expl3-code.tex
Package: expl3 2018/02/21 L3 programming layer (code)
\c_max_int=\count87
\l_tmpa_int=\count88
\l_tmpb_int=\count89
\g_tmpa_int=\count90
\g_tmpb_int=\count91
\g__intarray_font_int=\count92
\g__prg_map_int=\count93
\c_log_iow=\count94
\l_iow_line_count_int=\count95
\l__iow_line_target_int=\count96
\l__iow_one_indent_int=\count97
\l__iow_indent_int=\count98
\c_zero_dim=\dimen105
\c_max_dim=\dimen106
\l_tmpa_dim=\dimen107
\l_tmpb_dim=\dimen108
\g_tmpa_dim=\dimen109
\g_tmpb_dim=\dimen110
\c_zero_skip=\skip43
\c_max_skip=\skip44
\l_tmpa_skip=\skip45
\l_tmpb_skip=\skip46
\g_tmpa_skip=\skip47
\g_tmpb_skip=\skip48
\c_zero_muskip=\muskip10
\c_max_muskip=\muskip11
\l_tmpa_muskip=\muskip12
\l_tmpb_muskip=\muskip13
\g_tmpa_muskip=\muskip14
\g_tmpb_muskip=\muskip15
\l_keys_choice_int=\count99
\c__fp_leading_shift_int=\count100
\c__fp_middle_shift_int=\count101
\c__fp_trailing_shift_int=\count102
\c__fp_big_leading_shift_int=\count103
\c__fp_big_middle_shift_int=\count104
\c__fp_big_trailing_shift_int=\count105
\c__fp_Bigg_leading_shift_int=\count106
\c__fp_Bigg_middle_shift_int=\count107
\c__fp_Bigg_trailing_shift_int=\count108
\c__fp_rand_size_int=\count109
\c__fp_rand_four_int=\count110
\c__fp_rand_eight_int=\count111
\l__sort_length_int=\count112
\l__sort_min_int=\count113
\l__sort_top_int=\count114
\l__sort_max_int=\count115
\l__sort_true_max_int=\count116
\l__sort_block_int=\count117
\l__sort_begin_int=\count118
\l__sort_end_int=\count119
\l__sort_A_int=\count120
\l__sort_B_int=\count121
\l__sort_C_int=\count122
\l__tl_build_start_index_int=\count123
\l__tl_build_index_int=\count124
\l__tl_analysis_normal_int=\count125
\l__tl_analysis_index_int=\count126
\l__tl_analysis_nesting_int=\count127
\l__tl_analysis_type_int=\count128
\l__regex_internal_a_int=\count129
\l__regex_internal_b_int=\count130
\l__regex_internal_c_int=\count131
\l__regex_balance_int=\count132
\l__regex_group_level_int=\count133
\l__regex_mode_int=\count134
\c__regex_cs_in_class_mode_int=\count135
\c__regex_cs_mode_int=\count136
\l__regex_catcodes_int=\count137
\l__regex_default_catcodes_int=\count138
\c__regex_catcode_D_int=\count139
\c__regex_catcode_S_int=\count140
\c__regex_catcode_L_int=\count141
\c__regex_catcode_O_int=\count142
\c__regex_catcode_A_int=\count143
\c__regex_all_catcodes_int=\count144
\l__regex_show_lines_int=\count145
\l__regex_min_state_int=\count146
\l__regex_max_state_int=\count147
\l__regex_left_state_int=\count148
\l__regex_right_state_int=\count149
\l__regex_capturing_group_int=\count150
\l__regex_min_pos_int=\count151
\l__regex_max_pos_int=\count152
\l__regex_curr_pos_int=\count153
\l__regex_start_pos_int=\count154
\l__regex_success_pos_int=\count155
\l__regex_curr_char_int=\count156
\l__regex_curr_catcode_int=\count157
\l__regex_last_char_int=\count158
\l__regex_case_changed_char_int=\count159
\l__regex_curr_state_int=\count160
\l__regex_step_int=\count161
\l__regex_min_active_int=\count162
\l__regex_max_active_int=\count163
\l__regex_replacement_csnames_int=\count164
\l__regex_match_count_int=\count165
\l__regex_min_submatch_int=\count166
\l__regex_submatch_int=\count167
\l__regex_zeroth_submatch_int=\count168
\g__regex_trace_regex_int=\count169
\c_empty_box=\box26
\l_tmpa_box=\box27
\l_tmpb_box=\box28
\g_tmpa_box=\box29
\g_tmpb_box=\box30
\l__box_top_dim=\dimen111
\l__box_bottom_dim=\dimen112
\l__box_left_dim=\dimen113
\l__box_right_dim=\dimen114
\l__box_top_new_dim=\dimen115
\l__box_bottom_new_dim=\dimen116
\l__box_left_new_dim=\dimen117
\l__box_right_new_dim=\dimen118
\l__box_internal_box=\box31
\l__coffin_internal_box=\box32
\l__coffin_internal_dim=\dimen119
\l__coffin_offset_x_dim=\dimen120
\l__coffin_offset_y_dim=\dimen121
\l__coffin_x_dim=\dimen122
\l__coffin_y_dim=\dimen123
\l__coffin_x_prime_dim=\dimen124
\l__coffin_y_prime_dim=\dimen125
\c_empty_coffin=\box33
\l__coffin_aligned_coffin=\box34
\l__coffin_aligned_internal_coffin=\box35
\l_tmpa_coffin=\box36
\l_tmpb_coffin=\box37
\l__coffin_display_coffin=\box38
\l__coffin_display_coord_coffin=\box39
\l__coffin_display_pole_coffin=\box40
\l__coffin_display_offset_dim=\dimen126
\l__coffin_display_x_dim=\dimen127
\l__coffin_display_y_dim=\dimen128
\l__coffin_bounding_shift_dim=\dimen129
\l__coffin_left_corner_dim=\dimen130
\l__coffin_right_corner_dim=\dimen131
\l__coffin_bottom_corner_dim=\dimen132
\l__coffin_top_corner_dim=\dimen133
\l__coffin_scaled_total_height_dim=\dimen134
\l__coffin_scaled_width_dim=\dimen135
)
(/usr/share/texlive/texmf-dist/tex/latex/l3kernel/l3pdfmode.def
File: l3pdfmode.def 2017/03/18 v L3 Experimental driver: PDF mode
\l__driver_color_stack_int=\count170
\l__driver_tmp_box=\box41
))
(/usr/share/texlive/texmf-dist/tex/latex/l3packages/xparse/xparse.sty
Package: xparse 2018/02/21 L3 Experimental document command parser
\l__xparse_current_arg_int=\count171
\g__xparse_grabber_int=\count172
\l__xparse_m_args_int=\count173
\l__xparse_mandatory_args_int=\count174
\l__xparse_v_nesting_int=\count175
)
Package: siunitx 2017/11/26 v2.7k A comprehensive (SI) units package

(/usr/share/texlive/texmf-dist/tex/latex/amsmath/amstext.sty
Package: amstext 2000/06/29 v2.01 AMS text

(/usr/share/texlive/texmf-dist/tex/latex/amsmath/amsgen.sty
File: amsgen.sty 1999/11/30 v2.0 generic functions
\@emptytoks=\toks15
\ex@=\dimen136
))
(/usr/share/texlive/texmf-dist/tex/latex/tools/array.sty
Package: array 2016/10/06 v2.4d Tabular extension package (FMi)
\col@sep=\dimen137
\extrarowheight=\dimen138
\NC@list=\toks16
\extratabsurround=\skip49
\backup@length=\skip50
)
(/usr/share/texlive/texmf-dist/tex/latex/l3packages/l3keys2e/l3keys2e.sty
Package: l3keys2e 2018/02/21 LaTeX2e option processing using LaTeX3 keys
)
\l__siunitx_tmp_box=\box42
\l__siunitx_tmp_dim=\dimen139
\l__siunitx_tmp_int=\count176
\l__siunitx_number_mantissa_length_int=\count177
\l__siunitx_number_uncert_length_int=\count178
\l__siunitx_round_int=\count179
\l__siunitx_process_decimal_int=\count180
\l__siunitx_process_uncertainty_int=\count181
\l__siunitx_process_fixed_int=\count182
\l__siunitx_process_integer_min_int=\count183
\l__siunitx_process_precision_int=\count184
\l__siunitx_group_min_int=\count185
\l__siunitx_angle_marker_box=\box43
\l__siunitx_angle_unit_box=\box44
\l__siunitx_angle_marker_dim=\dimen140
\l__siunitx_angle_unit_dim=\dimen141
\l__siunitx_unit_int=\count186
\l__siunitx_unit_denominator_int=\count187
\l__siunitx_unit_numerator_int=\count188
\l__siunitx_unit_prefix_int=\count189
\l__siunitx_unit_prefix_base_int=\count190
\l__siunitx_unit_prefix_gram_int=\count191
\l__siunitx_number_product_int=\count192
\c__siunitx_one_fill_skip=\skip51
\l__siunitx_table_unit_align_skip=\skip52
\l__siunitx_table_exponent_dim=\dimen142
\l__siunitx_table_integer_dim=\dimen143
\l__siunitx_table_mantissa_dim=\dimen144
\l__siunitx_table_marker_dim=\dimen145
\l__siunitx_table_result_dim=\dimen146
\l__siunitx_table_uncert_dim=\dimen147
\l__siunitx_table_fill_pre_dim=\dimen148
\l__siunitx_table_fill_post_dim=\dimen149
\l__siunitx_table_fill_mid_dim=\dimen150
\l__siunitx_table_pre_box=\box45
\l__siunitx_table_post_box=\box46
\l__siunitx_table_mantissa_box=\box47
\l__siunitx_table_result_box=\box48
\l__siunitx_table_number_align_skip=\skip53
\l__siunitx_table_text_align_skip=\skip54
.................................................
. LaTeX info: "xparse/define-command"
. 
. Defining command \DeclareBinaryPrefix with sig. 'mmm' on line 7250.
.................................................
.................................................
. LaTeX info: "xparse/define-command"
. 
. Defining command \DeclareSIPostPower with sig. 'mm' on line 7253.
.................................................
.................................................
. LaTeX info: "xparse/define-command"
. 
. Defining command \DeclareSIPrefix with sig. 'mmm' on line 7256.
.................................................
.................................................
. LaTeX info: "xparse/define-command"
. 
. Defining command \DeclareSIPrePower with sig. 'mm' on line 7259.
.................................................
.................................................
. LaTeX info: "xparse/define-command"
. 
. Defining command \DeclareSIQualifier with sig. 'mm' on line 7262.
.................................................
.................................................
. LaTeX info: "xparse/define-command"
. 
. Defining command \DeclareSIUnit with sig. 'O{}mm' on line 7265.
.................................................
.................................................
. LaTeX info: "xparse/define-command"
. 
. Defining command \DeclareSIUnitWithOptions with sig. 'mmm' on line 7268.
.................................................
.................................................
. LaTeX info: "xparse/define-command"
. 
. Defining command \ang with sig. 'o>{\SplitArgument {2}{;}}m' on line 7283.
.................................................
.................................................
. LaTeX info: "xparse/define-command"
. 
. Defining command \num with sig. 'om' on line 7292.
.................................................
.................................................
. LaTeX info: "xparse/define-command"
. 
. Defining command \numlist with sig. 'o>{\SplitList {;}}m' on line 7301.
.................................................
.................................................
. LaTeX info: "xparse/define-command"
. 
. Defining command \numrange with sig. 'omm' on line 7310.
.................................................
.................................................
. LaTeX info: "xparse/define-command"
. 
. Defining command \SIlist with sig. 'o>{\SplitList {;}}mm' on line 7322.
.................................................
.................................................
. LaTeX info: "xparse/define-command"
. 
. Defining command \SIrange with sig. 'ommm' on line 7334.
.................................................
.................................................
. LaTeX info: "xparse/define-command"
. 
. Defining command \SI with sig. 'omom' on line 7346.
.................................................
.................................................
. LaTeX info: "xparse/define-command"
. 
. Defining command \sisetup with sig. 'm' on line 7349.
.................................................
.................................................
. LaTeX info: "xparse/define-command"
. 
. Defining command \tablenum with sig. 'om' on line 7364.
.................................................
.................................................
. LaTeX info: "xparse/define-command"
. 
. Defining command \si with sig. 'om' on line 7376.
.................................................
.................................................
. LaTeX info: "xparse/define-command"
. 
. Defining command \numInBookmark with sig. 'om' on line 7423.
.................................................
.................................................
. LaTeX info: "xparse/define-command"
. 
. Defining command \numrangeInBookmark with sig. 'omm' on line 7425.
.................................................
.................................................
. LaTeX info: "xparse/define-command"
. 
. Defining command \SIInBookmark with sig. 'omom' on line 7427.
.................................................
.................................................
. LaTeX info: "xparse/define-command"
. 
. Defining command \SIlistInBookmark with sig. 'omm' on line 7429.
.................................................
.................................................
. LaTeX info: "xparse/define-command"
. 
. Defining command \SIrangeInBookmark with sig. 'ommm' on line 7431.
.................................................
.................................................
. LaTeX info: "xparse/define-command"
. 
. Defining command \siInBookmark with sig. 'om' on line 7432.
.................................................
\g__file_internal_ior=\read1

(/usr/share/texlive/texmf-dist/tex/latex/translator/translator.sty
Package: translator 2018/01/04 v1.12 Easy translation of strings in LaTeX
))
(/usr/share/texlive/texmf-dist/tex/latex/booktabs/booktabs.sty
Package: booktabs 2016/04/27 v1.618033 publication quality tables
\heavyrulewidth=\dimen151
\lightrulewidth=\dimen152
\cmidrulewidth=\dimen153
\belowrulesep=\dimen154
\belowbottomsep=\dimen155
\aboverulesep=\dimen156
\abovetopsep=\dimen157
\cmidrulesep=\dimen158
\cmidrulekern=\dimen159
\defaultaddspace=\dimen160
\@cmidla=\count193
\@cmidlb=\count194
\@aboverulesep=\dimen161
\@belowrulesep=\dimen162
\@thisruleclass=\count195
\@lastruleclass=\count196
\@thisrulewidth=\dimen163
)
(/usr/share/texlive/texmf-dist/tex/latex/xcolor/xcolor.sty
Package: xcolor 2016/05/11 v2.12 LaTeX color extensions (UK)

(/usr/share/texlive/texmf-dist/tex/latex/graphics-cfg/color.cfg
File: color.cfg 2016/01/02 v1.6 sample color configuration
)
Package xcolor Info: Driver file: pdftex.def on input line 225.
Package xcolor Info: Model `cmy' substituted by `cmy0' on input line 1348.
Package xcolor Info: Model `hsb' substituted by `rgb' on input line 1352.
Package xcolor Info: Model `RGB' extended on input line 1364.
Package xcolor Info: Model `HTML' substituted by `rgb' on input line 1366.
Package xcolor Info: Model `Hsb' substituted by `hsb' on input line 1367.
Package xcolor Info: Model `tHsb' substituted by `hsb' on input line 1368.
Package xcolor Info: Model `HSB' substituted by `hsb' on input line 1369.
Package xcolor Info: Model `Gray' substituted by `gray' on input line 1370.
Package xcolor Info: Model `wave' substituted by `hsb' on input line 1371.
)
(/usr/share/texlive/texmf-dist/tex/latex/preprint/authblk.sty
Package: authblk 2001/02/27 1.3 (PWD)
\affilsep=\skip55
\@affilsep=\skip56
\c@Maxaffil=\count197
\c@authors=\count198
\c@affil=\count199
)
(/usr/share/texlive/texmf-dist/tex/latex/amsmath/amsmath.sty
Package: amsmath 2017/09/02 v2.17a AMS math features
\@mathmargin=\skip57

For additional information on amsmath, use the `?' option.
(/usr/share/texlive/texmf-dist/tex/latex/amsmath/amsbsy.sty
Package: amsbsy 1999/11/29 v1.2d Bold Symbols
LaTeX Info: Redefining \boldsymbol on input line 28.
\pmbraise@=\dimen164
)
(/usr/share/texlive/texmf-dist/tex/latex/amsmath/amsopn.sty
Package: amsopn 2016/03/08 v2.02 operator names
)
\inf@bad=\count266
LaTeX Info: Redefining \frac on input line 213.
\uproot@=\count267
\leftroot@=\count268
LaTeX Info: Redefining \overline on input line 375.
\classnum@=\count269
\DOTSCASE@=\count270
LaTeX Info: Redefining \ldots on input line 472.
LaTeX Info: Redefining \dots on input line 475.
LaTeX Info: Redefining \cdots on input line 596.
\Mathstrutbox@=\box49
\strutbox@=\box50
\big@size=\dimen165
LaTeX Font Info:    Redeclaring font encoding OML on input line 712.
LaTeX Font Info:    Redeclaring font encoding OMS on input line 713.
\macc@depth=\count271
\c@MaxMatrixCols=\count272
\dotsspace@=\muskip16
\c@parentequation=\count273
\dspbrk@lvl=\count274
\tag@help=\toks17
\row@=\count275
\column@=\count276
\maxfields@=\count277
\andhelp@=\toks18
\eqnshift@=\dimen166
\alignsep@=\dimen167
\tagshift@=\dimen168
\tagwidth@=\dimen169
\totwidth@=\dimen170
\lineht@=\dimen171
\@envbody=\toks19
\multlinegap=\skip58
\multlinetaggap=\skip59
\mathdisplay@stack=\toks20
LaTeX Info: Redefining \[ on input line 2817.
LaTeX Info: Redefining \] on input line 2818.
)
(/usr/share/texlive/texmf-dist/tex/latex/amsfonts/amssymb.sty
Package: amssymb 2013/01/14 v3.01 AMS font symbols

(/usr/share/texlive/texmf-dist/tex/latex/amsfonts/amsfonts.sty
Package: amsfonts 2013/01/14 v3.01 Basic AMSFonts support
\symAMSa=\mathgroup7
\symAMSb=\mathgroup8
LaTeX Font Info:    Overwriting math alphabet `\mathfrak' in version `bold'
(Font)                  U/euf/m/n --> U/euf/b/n on input line 106.
))
(/usr/share/texlive/texmf-dist/tex/latex/amscls/amsthm.sty
Package: amsthm 2017/10/31 v2.20.4
\thm@style=\toks21
\thm@bodyfont=\toks22
\thm@headfont=\toks23
\thm@notefont=\toks24
\thm@headpunct=\toks25
\thm@preskip=\skip60
\thm@postskip=\skip61
\thm@headsep=\skip62
\dth@everypar=\toks26
)
(/usr/share/texlive/texmf-dist/tex/latex/todonotes/todonotes.sty
Package: todonotes 2015/07/09 .dtx Todonotes source and documentation.
Package: todonotes 2012/07/25

(/usr/share/texlive/texmf-dist/tex/latex/base/ifthen.sty
Package: ifthen 2014/09/29 v1.1c Standard LaTeX ifthen package (DPC)
)
(/usr/share/texlive/texmf-dist/tex/latex/xkeyval/xkeyval.sty
Package: xkeyval 2014/12/03 v2.7a package option processing (HA)

(/usr/share/texlive/texmf-dist/tex/generic/xkeyval/xkeyval.tex
(/usr/share/texlive/texmf-dist/tex/generic/xkeyval/xkvutils.tex
\XKV@toks=\toks27
\XKV@tempa@toks=\toks28
)
\XKV@depth=\count278
File: xkeyval.tex 2014/12/03 v2.7a key=value parser (HA)
))
(/usr/share/texlive/texmf-dist/tex/latex/pgf/frontendlayer/tikz.sty
(/usr/share/texlive/texmf-dist/tex/latex/pgf/basiclayer/pgf.sty
(/usr/share/texlive/texmf-dist/tex/latex/pgf/utilities/pgfrcs.sty
(/usr/share/texlive/texmf-dist/tex/generic/pgf/utilities/pgfutil-common.tex
\pgfutil@everybye=\toks29
\pgfutil@tempdima=\dimen172
\pgfutil@tempdimb=\dimen173

(/usr/share/texlive/texmf-dist/tex/generic/pgf/utilities/pgfutil-common-lists.t
ex)) (/usr/share/texlive/texmf-dist/tex/generic/pgf/utilities/pgfutil-latex.def
\pgfutil@abb=\box51
(/usr/share/texlive/texmf-dist/tex/latex/ms/everyshi.sty
Package: everyshi 2001/05/15 v3.00 EveryShipout Package (MS)
))
(/usr/share/texlive/texmf-dist/tex/generic/pgf/utilities/pgfrcs.code.tex
Package: pgfrcs 2015/08/07 v3.0.1a (rcs-revision 1.31)
))
Package: pgf 2015/08/07 v3.0.1a (rcs-revision 1.15)

(/usr/share/texlive/texmf-dist/tex/latex/pgf/basiclayer/pgfcore.sty
(/usr/share/texlive/texmf-dist/tex/latex/pgf/systemlayer/pgfsys.sty
(/usr/share/texlive/texmf-dist/tex/generic/pgf/systemlayer/pgfsys.code.tex
Package: pgfsys 2014/07/09 v3.0.1a (rcs-revision 1.48)

(/usr/share/texlive/texmf-dist/tex/generic/pgf/utilities/pgfkeys.code.tex
\pgfkeys@pathtoks=\toks30
\pgfkeys@temptoks=\toks31

(/usr/share/texlive/texmf-dist/tex/generic/pgf/utilities/pgfkeysfiltered.code.t
ex
\pgfkeys@tmptoks=\toks32
))
\pgf@x=\dimen174
\pgf@y=\dimen175
\pgf@xa=\dimen176
\pgf@ya=\dimen177
\pgf@xb=\dimen178
\pgf@yb=\dimen179
\pgf@xc=\dimen180
\pgf@yc=\dimen181
\w@pgf@writea=\write3
\r@pgf@reada=\read2
\c@pgf@counta=\count279
\c@pgf@countb=\count280
\c@pgf@countc=\count281
\c@pgf@countd=\count282
\t@pgf@toka=\toks33
\t@pgf@tokb=\toks34
\t@pgf@tokc=\toks35
 (/usr/share/texlive/texmf-dist/tex/generic/pgf/systemlayer/pgf.cfg
File: pgf.cfg 2008/05/14  (rcs-revision 1.7)
)
Driver file for pgf: pgfsys-pdftex.def

(/usr/share/texlive/texmf-dist/tex/generic/pgf/systemlayer/pgfsys-pdftex.def
File: pgfsys-pdftex.def 2014/10/11  (rcs-revision 1.35)

(/usr/share/texlive/texmf-dist/tex/generic/pgf/systemlayer/pgfsys-common-pdf.de
f
File: pgfsys-common-pdf.def 2013/10/10  (rcs-revision 1.13)
)))
(/usr/share/texlive/texmf-dist/tex/generic/pgf/systemlayer/pgfsyssoftpath.code.
tex
File: pgfsyssoftpath.code.tex 2013/09/09  (rcs-revision 1.9)
\pgfsyssoftpath@smallbuffer@items=\count283
\pgfsyssoftpath@bigbuffer@items=\count284
)
(/usr/share/texlive/texmf-dist/tex/generic/pgf/systemlayer/pgfsysprotocol.code.
tex
File: pgfsysprotocol.code.tex 2006/10/16  (rcs-revision 1.4)
))
(/usr/share/texlive/texmf-dist/tex/generic/pgf/basiclayer/pgfcore.code.tex
Package: pgfcore 2010/04/11 v3.0.1a (rcs-revision 1.7)

(/usr/share/texlive/texmf-dist/tex/generic/pgf/math/pgfmath.code.tex
(/usr/share/texlive/texmf-dist/tex/generic/pgf/math/pgfmathcalc.code.tex
(/usr/share/texlive/texmf-dist/tex/generic/pgf/math/pgfmathutil.code.tex)
(/usr/share/texlive/texmf-dist/tex/generic/pgf/math/pgfmathparser.code.tex
\pgfmath@dimen=\dimen182
\pgfmath@count=\count285
\pgfmath@box=\box52
\pgfmath@toks=\toks36
\pgfmath@stack@operand=\toks37
\pgfmath@stack@operation=\toks38
)
(/usr/share/texlive/texmf-dist/tex/generic/pgf/math/pgfmathfunctions.code.tex
(/usr/share/texlive/texmf-dist/tex/generic/pgf/math/pgfmathfunctions.basic.code
.tex)
(/usr/share/texlive/texmf-dist/tex/generic/pgf/math/pgfmathfunctions.trigonomet
ric.code.tex)
(/usr/share/texlive/texmf-dist/tex/generic/pgf/math/pgfmathfunctions.random.cod
e.tex)
(/usr/share/texlive/texmf-dist/tex/generic/pgf/math/pgfmathfunctions.comparison
.code.tex)
(/usr/share/texlive/texmf-dist/tex/generic/pgf/math/pgfmathfunctions.base.code.
tex)
(/usr/share/texlive/texmf-dist/tex/generic/pgf/math/pgfmathfunctions.round.code
.tex)
(/usr/share/texlive/texmf-dist/tex/generic/pgf/math/pgfmathfunctions.misc.code.
tex)
(/usr/share/texlive/texmf-dist/tex/generic/pgf/math/pgfmathfunctions.integerari
thmetics.code.tex)))
(/usr/share/texlive/texmf-dist/tex/generic/pgf/math/pgfmathfloat.code.tex
\c@pgfmathroundto@lastzeros=\count286
))
(/usr/share/texlive/texmf-dist/tex/generic/pgf/basiclayer/pgfcorepoints.code.te
x
File: pgfcorepoints.code.tex 2013/10/07  (rcs-revision 1.27)
\pgf@picminx=\dimen183
\pgf@picmaxx=\dimen184
\pgf@picminy=\dimen185
\pgf@picmaxy=\dimen186
\pgf@pathminx=\dimen187
\pgf@pathmaxx=\dimen188
\pgf@pathminy=\dimen189
\pgf@pathmaxy=\dimen190
\pgf@xx=\dimen191
\pgf@xy=\dimen192
\pgf@yx=\dimen193
\pgf@yy=\dimen194
\pgf@zx=\dimen195
\pgf@zy=\dimen196
)
(/usr/share/texlive/texmf-dist/tex/generic/pgf/basiclayer/pgfcorepathconstruct.
code.tex
File: pgfcorepathconstruct.code.tex 2013/10/07  (rcs-revision 1.29)
\pgf@path@lastx=\dimen197
\pgf@path@lasty=\dimen198
)
(/usr/share/texlive/texmf-dist/tex/generic/pgf/basiclayer/pgfcorepathusage.code
.tex
File: pgfcorepathusage.code.tex 2014/11/02  (rcs-revision 1.24)
\pgf@shorten@end@additional=\dimen199
\pgf@shorten@start@additional=\dimen256
)
(/usr/share/texlive/texmf-dist/tex/generic/pgf/basiclayer/pgfcorescopes.code.te
x
File: pgfcorescopes.code.tex 2015/05/08  (rcs-revision 1.46)
\pgfpic=\box53
\pgf@hbox=\box54
\pgf@layerbox@main=\box55
\pgf@picture@serial@count=\count287
)
(/usr/share/texlive/texmf-dist/tex/generic/pgf/basiclayer/pgfcoregraphicstate.c
ode.tex
File: pgfcoregraphicstate.code.tex 2014/11/02  (rcs-revision 1.12)
\pgflinewidth=\dimen257
)
(/usr/share/texlive/texmf-dist/tex/generic/pgf/basiclayer/pgfcoretransformation
s.code.tex
File: pgfcoretransformations.code.tex 2015/08/07  (rcs-revision 1.20)
\pgf@pt@x=\dimen258
\pgf@pt@y=\dimen259
\pgf@pt@temp=\dimen260
)
(/usr/share/texlive/texmf-dist/tex/generic/pgf/basiclayer/pgfcorequick.code.tex
File: pgfcorequick.code.tex 2008/10/09  (rcs-revision 1.3)
)
(/usr/share/texlive/texmf-dist/tex/generic/pgf/basiclayer/pgfcoreobjects.code.t
ex
File: pgfcoreobjects.code.tex 2006/10/11  (rcs-revision 1.2)
)
(/usr/share/texlive/texmf-dist/tex/generic/pgf/basiclayer/pgfcorepathprocessing
.code.tex
File: pgfcorepathprocessing.code.tex 2013/09/09  (rcs-revision 1.9)
)
(/usr/share/texlive/texmf-dist/tex/generic/pgf/basiclayer/pgfcorearrows.code.te
x
File: pgfcorearrows.code.tex 2015/05/14  (rcs-revision 1.43)
\pgfarrowsep=\dimen261
)
(/usr/share/texlive/texmf-dist/tex/generic/pgf/basiclayer/pgfcoreshade.code.tex
File: pgfcoreshade.code.tex 2013/07/15  (rcs-revision 1.15)
\pgf@max=\dimen262
\pgf@sys@shading@range@num=\count288
)
(/usr/share/texlive/texmf-dist/tex/generic/pgf/basiclayer/pgfcoreimage.code.tex
File: pgfcoreimage.code.tex 2013/07/15  (rcs-revision 1.18)

(/usr/share/texlive/texmf-dist/tex/generic/pgf/basiclayer/pgfcoreexternal.code.
tex
File: pgfcoreexternal.code.tex 2014/07/09  (rcs-revision 1.21)
\pgfexternal@startupbox=\box56
))
(/usr/share/texlive/texmf-dist/tex/generic/pgf/basiclayer/pgfcorelayers.code.te
x
File: pgfcorelayers.code.tex 2013/07/18  (rcs-revision 1.7)
)
(/usr/share/texlive/texmf-dist/tex/generic/pgf/basiclayer/pgfcoretransparency.c
ode.tex
File: pgfcoretransparency.code.tex 2013/09/30  (rcs-revision 1.5)
)
(/usr/share/texlive/texmf-dist/tex/generic/pgf/basiclayer/pgfcorepatterns.code.
tex
File: pgfcorepatterns.code.tex 2013/11/07  (rcs-revision 1.5)
)))
(/usr/share/texlive/texmf-dist/tex/generic/pgf/modules/pgfmoduleshapes.code.tex
File: pgfmoduleshapes.code.tex 2014/03/21  (rcs-revision 1.35)
\pgfnodeparttextbox=\box57
) (/usr/share/texlive/texmf-dist/tex/generic/pgf/modules/pgfmoduleplot.code.tex
File: pgfmoduleplot.code.tex 2015/08/03  (rcs-revision 1.13)
)
(/usr/share/texlive/texmf-dist/tex/latex/pgf/compatibility/pgfcomp-version-0-65
.sty
Package: pgfcomp-version-0-65 2007/07/03 v3.0.1a (rcs-revision 1.7)
\pgf@nodesepstart=\dimen263
\pgf@nodesepend=\dimen264
)
(/usr/share/texlive/texmf-dist/tex/latex/pgf/compatibility/pgfcomp-version-1-18
.sty
Package: pgfcomp-version-1-18 2007/07/23 v3.0.1a (rcs-revision 1.1)
)) (/usr/share/texlive/texmf-dist/tex/latex/pgf/utilities/pgffor.sty
(/usr/share/texlive/texmf-dist/tex/latex/pgf/utilities/pgfkeys.sty
(/usr/share/texlive/texmf-dist/tex/generic/pgf/utilities/pgfkeys.code.tex))
(/usr/share/texlive/texmf-dist/tex/latex/pgf/math/pgfmath.sty
(/usr/share/texlive/texmf-dist/tex/generic/pgf/math/pgfmath.code.tex))
(/usr/share/texlive/texmf-dist/tex/generic/pgf/utilities/pgffor.code.tex
Package: pgffor 2013/12/13 v3.0.1a (rcs-revision 1.25)

(/usr/share/texlive/texmf-dist/tex/generic/pgf/math/pgfmath.code.tex)
\pgffor@iter=\dimen265
\pgffor@skip=\dimen266
\pgffor@stack=\toks39
\pgffor@toks=\toks40
))
(/usr/share/texlive/texmf-dist/tex/generic/pgf/frontendlayer/tikz/tikz.code.tex
Package: tikz 2015/08/07 v3.0.1a (rcs-revision 1.151)

(/usr/share/texlive/texmf-dist/tex/generic/pgf/libraries/pgflibraryplothandlers
.code.tex
File: pgflibraryplothandlers.code.tex 2013/08/31 v3.0.1a (rcs-revision 1.20)
\pgf@plot@mark@count=\count289
\pgfplotmarksize=\dimen267
)
\tikz@lastx=\dimen268
\tikz@lasty=\dimen269
\tikz@lastxsaved=\dimen270
\tikz@lastysaved=\dimen271
\tikzleveldistance=\dimen272
\tikzsiblingdistance=\dimen273
\tikz@figbox=\box58
\tikz@figbox@bg=\box59
\tikz@tempbox=\box60
\tikz@tempbox@bg=\box61
\tikztreelevel=\count290
\tikznumberofchildren=\count291
\tikznumberofcurrentchild=\count292
\tikz@fig@count=\count293

(/usr/share/texlive/texmf-dist/tex/generic/pgf/modules/pgfmodulematrix.code.tex
File: pgfmodulematrix.code.tex 2013/09/17  (rcs-revision 1.8)
\pgfmatrixcurrentrow=\count294
\pgfmatrixcurrentcolumn=\count295
\pgf@matrix@numberofcolumns=\count296
)
\tikz@expandcount=\count297

(/usr/share/texlive/texmf-dist/tex/generic/pgf/frontendlayer/tikz/libraries/tik
zlibrarytopaths.code.tex
File: tikzlibrarytopaths.code.tex 2008/06/17 v3.0.1a (rcs-revision 1.2)
)))
(/usr/share/texlive/texmf-dist/tex/generic/pgf/frontendlayer/tikz/libraries/tik
zlibrarypositioning.code.tex
File: tikzlibrarypositioning.code.tex 2008/10/06 v3.0.1a (rcs-revision 1.7)
)
(/usr/share/texlive/texmf-dist/tex/latex/tools/calc.sty
Package: calc 2014/10/28 v4.3 Infix arithmetic (KKT,FJ)
\calc@Acount=\count298
\calc@Bcount=\count299
\calc@Adimen=\dimen274
\calc@Bdimen=\dimen275
\calc@Askip=\skip63
\calc@Bskip=\skip64
LaTeX Info: Redefining \setlength on input line 80.
LaTeX Info: Redefining \addtolength on input line 81.
\calc@Ccount=\count300
\calc@Cskip=\skip65
)
\c@@todonotes@numberoftodonotes=\count301
)
(/usr/share/texlive/texmf-dist/tex/latex/float/float.sty
Package: float 2001/11/08 v1.3d Float enhancements (AL)
\c@float@type=\count302
\float@exts=\toks41
\float@box=\box62
\@float@everytoks=\toks42
\@floatcapt=\box63
)
(/usr/share/texlive/texmf-dist/tex/latex/commath/commath.sty)
(/usr/share/texlive/texmf-dist/tex/latex/fancybox/fancybox.sty
Package: fancybox 2010/05/15 1.4

Style option: `fancybox' v1.4 <2010/05/15> (tvz)
\@fancybox=\box64
\shadowsize=\dimen276
\@Sbox=\box65
\do@VerbBox=\toks43
\the@fancyput=\toks44
\this@fancyput=\toks45
\EndVerbatimTokens=\toks46
\Verbatim@Outfile=\write4
\Verbatim@Infile=\read3
) (/usr/share/texlive/texmf-dist/tex/latex/url/url.sty
\Urlmuskip=\muskip17
Package: url 2013/09/16  ver 3.4  Verb mode for urls, etc.
)
\c@Def=\count303
\c@Eg=\count304
\c@Rm=\count305
\c@Ex=\count306

(/usr/share/texlive/texmf-dist/tex/latex/biblatex/biblatex.sty
Package: biblatex 2017/12/19 v3.10 programmable bibliographies (PK/JW/AB)

(/usr/share/texlive/texmf-dist/tex/generic/oberdiek/pdftexcmds.sty
Package: pdftexcmds 2018/01/21 v0.26 Utility functions of pdfTeX for LuaTeX (HO
)

(/usr/share/texlive/texmf-dist/tex/generic/oberdiek/infwarerr.sty
Package: infwarerr 2016/05/16 v1.4 Providing info/warning/error messages (HO)
)
(/usr/share/texlive/texmf-dist/tex/generic/oberdiek/ifluatex.sty
Package: ifluatex 2016/05/16 v1.4 Provides the ifluatex switch (HO)
Package ifluatex Info: LuaTeX not detected.
)
(/usr/share/texlive/texmf-dist/tex/generic/oberdiek/ltxcmds.sty
Package: ltxcmds 2016/05/16 v1.23 LaTeX kernel commands for general use (HO)
)
(/usr/share/texlive/texmf-dist/tex/generic/oberdiek/ifpdf.sty
Package: ifpdf 2017/03/15 v3.2 Provides the ifpdf switch
)
Package pdftexcmds Info: LuaTeX not detected.
Package pdftexcmds Info: \pdf@primitive is available.
Package pdftexcmds Info: \pdf@ifprimitive is available.
Package pdftexcmds Info: \pdfdraftmode found.
)
(/usr/share/texlive/texmf-dist/tex/latex/etoolbox/etoolbox.sty
Package: etoolbox 2018/02/11 v2.5e e-TeX tools for LaTeX (JAW)
\etb@tempcnta=\count307
)
(/usr/share/texlive/texmf-dist/tex/latex/oberdiek/kvoptions.sty
Package: kvoptions 2016/05/16 v3.12 Key value format for package options (HO)

(/usr/share/texlive/texmf-dist/tex/generic/oberdiek/kvsetkeys.sty
Package: kvsetkeys 2016/05/16 v1.17 Key value parser (HO)

(/usr/share/texlive/texmf-dist/tex/generic/oberdiek/etexcmds.sty
Package: etexcmds 2016/05/16 v1.6 Avoid name clashes with e-TeX commands (HO)
Package etexcmds Info: Could not find \expanded.
(etexcmds)             That can mean that you are not using pdfTeX 1.50 or
(etexcmds)             that some package has redefined \expanded.
(etexcmds)             In the latter case, load this package earlier.
)))
(/usr/share/texlive/texmf-dist/tex/latex/logreq/logreq.sty
Package: logreq 2010/08/04 v1.0 xml request logger
\lrq@indent=\count308

(/usr/share/texlive/texmf-dist/tex/latex/logreq/logreq.def
File: logreq.def 2010/08/04 v1.0 logreq spec v1.0
))
(/usr/share/texlive/texmf-dist/tex/generic/xstring/xstring.sty
(/usr/share/texlive/texmf-dist/tex/generic/xstring/xstring.tex
\@xs@message=\write5
\integerpart=\count309
\decimalpart=\count310
)
Package: xstring 2013/10/13  v1.7c  String manipulations (C Tellechea)
)
\c@tabx@nest=\count311
\c@listtotal=\count312
\c@listcount=\count313
\c@liststart=\count314
\c@liststop=\count315
\c@citecount=\count316
\c@citetotal=\count317
\c@multicitecount=\count318
\c@multicitetotal=\count319
\c@instcount=\count320
\c@maxnames=\count321
\c@minnames=\count322
\c@maxitems=\count323
\c@minitems=\count324
\c@citecounter=\count325
\c@savedcitecounter=\count326
\c@uniquelist=\count327
\c@uniquename=\count328
\c@refsection=\count329
\c@refsegment=\count330
\c@maxextratitle=\count331
\c@maxextratitleyear=\count332
\c@maxextradate=\count333
\c@maxextraalpha=\count334
\c@abbrvpenalty=\count335
\c@highnamepenalty=\count336
\c@lownamepenalty=\count337
\c@maxparens=\count338
\c@parenlevel=\count339
\blx@tempcnta=\count340
\blx@tempcntb=\count341
\blx@tempcntc=\count342
\blx@maxsection=\count343
\blx@maxsegment@0=\count344
\blx@notetype=\count345
\blx@parenlevel@text=\count346
\blx@parenlevel@foot=\count347
\blx@sectionciteorder@0=\count348
\labelnumberwidth=\skip66
\labelalphawidth=\skip67
\biblabelsep=\skip68
\bibitemsep=\skip69
\bibnamesep=\skip70
\bibinitsep=\skip71
\bibparsep=\skip72
\bibhang=\skip73
\blx@bcfin=\read4
\blx@bcfout=\write6
\c@mincomprange=\count349
\c@maxcomprange=\count350
\c@mincompwidth=\count351
Package biblatex Info: Trying to load biblatex default data model...
Package biblatex Info: ... file 'blx-dm.def' found.

(/usr/share/texlive/texmf-dist/tex/latex/biblatex/blx-dm.def)
Package biblatex Info: Trying to load biblatex style data model...
Package biblatex Info: ... file 'authoryear.dbx' not found.
Package biblatex Info: Trying to load biblatex custom data model...
Package biblatex Info: ... file 'biblatex-dm.cfg' not found.
\c@afterword=\count352
\c@savedafterword=\count353
\c@annotator=\count354
\c@savedannotator=\count355
\c@author=\count356
\c@savedauthor=\count357
\c@bookauthor=\count358
\c@savedbookauthor=\count359
\c@commentator=\count360
\c@savedcommentator=\count361
\c@editor=\count362
\c@savededitor=\count363
\c@editora=\count364
\c@savededitora=\count365
\c@editorb=\count366
\c@savededitorb=\count367
\c@editorc=\count368
\c@savededitorc=\count369
\c@foreword=\count370
\c@savedforeword=\count371
\c@holder=\count372
\c@savedholder=\count373
\c@introduction=\count374
\c@savedintroduction=\count375
\c@namea=\count376
\c@savednamea=\count377
\c@nameb=\count378
\c@savednameb=\count379
\c@namec=\count380
\c@savednamec=\count381
\c@translator=\count382
\c@savedtranslator=\count383
\c@shortauthor=\count384
\c@savedshortauthor=\count385
\c@shorteditor=\count386
\c@savedshorteditor=\count387
\c@labelname=\count388
\c@savedlabelname=\count389
\c@institution=\count390
\c@savedinstitution=\count391
\c@lista=\count392
\c@savedlista=\count393
\c@listb=\count394
\c@savedlistb=\count395
\c@listc=\count396
\c@savedlistc=\count397
\c@listd=\count398
\c@savedlistd=\count399
\c@liste=\count400
\c@savedliste=\count401
\c@listf=\count402
\c@savedlistf=\count403
\c@location=\count404
\c@savedlocation=\count405
\c@organization=\count406
\c@savedorganization=\count407
\c@origlocation=\count408
\c@savedoriglocation=\count409
\c@origpublisher=\count410
\c@savedorigpublisher=\count411
\c@publisher=\count412
\c@savedpublisher=\count413
\c@language=\count414
\c@savedlanguage=\count415
\c@origlanguage=\count416
\c@savedoriglanguage=\count417
\c@pageref=\count418
\c@savedpageref=\count419
\shorthandwidth=\skip74
\shortjournalwidth=\skip75
\shortserieswidth=\skip76
\shorttitlewidth=\skip77
\shortauthorwidth=\skip78
\shorteditorwidth=\skip79
Package biblatex Info: Trying to load compatibility code...
Package biblatex Info: ... file 'blx-compat.def' found.

(/usr/share/texlive/texmf-dist/tex/latex/biblatex/blx-compat.def
File: blx-compat.def 2017/12/19 v3.10 biblatex compatibility (PK/JW/AB)
)
Package biblatex Info: Trying to load generic definitions...
Package biblatex Info: ... file 'biblatex.def' found.

(/usr/share/texlive/texmf-dist/tex/latex/biblatex/biblatex.def
File: biblatex.def 2017/12/19 v3.10 biblatex compatibility (PK/JW/AB)
\c@textcitecount=\count420
\c@textcitetotal=\count421
\c@textcitemaxnames=\count422
\c@biburlnumpenalty=\count423
\c@biburlucpenalty=\count424
\c@biburllcpenalty=\count425
\c@smartand=\count426
)
Package biblatex Info: Trying to load bibliography style 'authoryear'...
Package biblatex Info: ... file 'authoryear.bbx' found.

(/usr/share/texlive/texmf-dist/tex/latex/biblatex/bbx/authoryear.bbx
File: authoryear.bbx 2017/12/19 v3.10 biblatex bibliography style (PK/JW/AB)
Package biblatex Info: Trying to load bibliography style 'standard'...
Package biblatex Info: ... file 'standard.bbx' found.

(/usr/share/texlive/texmf-dist/tex/latex/biblatex/bbx/standard.bbx
File: standard.bbx 2017/12/19 v3.10 biblatex bibliography style (PK/JW/AB)
\c@bbx:relatedcount=\count427
\c@bbx:relatedtotal=\count428
))
Package biblatex Info: Trying to load citation style 'authoryear'...
Package biblatex Info: ... file 'authoryear.cbx' found.

(/usr/share/texlive/texmf-dist/tex/latex/biblatex/cbx/authoryear.cbx
File: authoryear.cbx 2017/12/19 v3.10 biblatex citation style (PK/JW/AB)
Package biblatex Info: Redefining '\cite'.
Package biblatex Info: Redefining '\parencite'.
Package biblatex Info: Redefining '\footcite'.
Package biblatex Info: Redefining '\footcitetext'.
Package biblatex Info: Redefining '\smartcite'.
Package biblatex Info: Redefining '\textcite'.
Package biblatex Info: Redefining '\textcites'.
)
Package biblatex Info: Trying to load configuration file...
Package biblatex Info: ... file 'biblatex.cfg' found.

(/usr/share/texlive/texmf-dist/tex/latex/biblatex/biblatex.cfg
File: biblatex.cfg 
))
Package biblatex Info: Trying to load language 'english'...
Package biblatex Info: ... file 'english.lbx' found.

(/usr/share/texlive/texmf-dist/tex/latex/biblatex/lbx/english.lbx
File: english.lbx 2017/12/19 v3.10 biblatex localization (PK/JW/AB)
)
\@quotelevel=\count429
\@quotereset=\count430

(./paper_1line_Renzo.aux

LaTeX Warning: Label `Assumption:3' multiply defined.

)
\openout1 = `paper_1line_Renzo.aux'.

LaTeX Font Info:    Checking defaults for OML/cmm/m/it on input line 58.
LaTeX Font Info:    ... okay on input line 58.
LaTeX Font Info:    Checking defaults for T1/cmr/m/n on input line 58.
LaTeX Font Info:    ... okay on input line 58.
LaTeX Font Info:    Checking defaults for OT1/cmr/m/n on input line 58.
LaTeX Font Info:    ... okay on input line 58.
LaTeX Font Info:    Checking defaults for OMS/cmsy/m/n on input line 58.
LaTeX Font Info:    ... okay on input line 58.
LaTeX Font Info:    Checking defaults for OMX/cmex/m/n on input line 58.
LaTeX Font Info:    ... okay on input line 58.
LaTeX Font Info:    Checking defaults for U/cmr/m/n on input line 58.
LaTeX Font Info:    ... okay on input line 58.
 (/usr/share/texlive/texmf-dist/tex/context/base/mkii/supp-pdf.mkii
[Loading MPS to PDF converter (version 2006.09.02).]
\scratchcounter=\count431
\scratchdimen=\dimen277
\scratchbox=\box66
\nofMPsegments=\count432
\nofMParguments=\count433
\everyMPshowfont=\toks47
\MPscratchCnt=\count434
\MPscratchDim=\dimen278
\MPnumerator=\count435
\makeMPintoPDFobject=\count436
\everyMPtoPDFconversion=\toks48
) (/usr/share/texlive/texmf-dist/tex/latex/oberdiek/epstopdf-base.sty
Package: epstopdf-base 2016/05/15 v2.6 Base part for package epstopdf

(/usr/share/texlive/texmf-dist/tex/latex/oberdiek/grfext.sty
Package: grfext 2016/05/16 v1.2 Manage graphics extensions (HO)

(/usr/share/texlive/texmf-dist/tex/generic/oberdiek/kvdefinekeys.sty
Package: kvdefinekeys 2016/05/16 v1.4 Define keys (HO)
))
Package epstopdf-base Info: Redefining graphics rule for `.eps' on input line 4
38.
Package grfext Info: Graphics extension search list:
(grfext)             [.pdf,.png,.jpg,.mps,.jpeg,.jbig2,.jb2,.PDF,.PNG,.JPG,.JPE
G,.JBIG2,.JB2,.eps]
(grfext)             \AppendGraphicsExtensions on input line 456.

(/usr/share/texlive/texmf-dist/tex/latex/latexconfig/epstopdf-sys.cfg
File: epstopdf-sys.cfg 2010/07/13 v1.3 Configuration of (r)epstopdf for TeX Liv
e
))
(/usr/share/texlive/texmf-dist/tex/latex/translator/translator-basic-dictionary
-English.dict
Dictionary: translator-basic-dictionary, Language: English 
)
(/usr/share/texlive/texmf-dist/tex/latex/siunitx/siunitx-abbreviations.cfg
File: siunitx-abbreviations.cfg 2017/11/26 v2.7k siunitx: Abbreviated units
)
ABD: EveryShipout initializing macros
Package biblatex Info: No input encoding detected.
(biblatex)             Assuming 'ascii'.
Package biblatex Info: Automatic encoding selection.
(biblatex)             Assuming data encoding 'ascii'.
\openout6 = `paper_1line_Renzo.bcf'.

Package biblatex Info: Trying to load bibliographic data...
Package biblatex Info: ... file 'paper_1line_Renzo.bbl' not found.

No file paper_1line_Renzo.bbl.
Package biblatex Info: Reference section=0 on input line 58.
Package biblatex Info: Reference segment=0 on input line 58.
\c__siunitx_mathsf_int=\count437
LaTeX Font Info:    Try loading font information for U+msa on input line 58.
(/usr/share/texlive/texmf-dist/tex/latex/amsfonts/umsa.fd
File: umsa.fd 2013/01/14 v3.01 AMS symbols A
)
LaTeX Font Info:    Try loading font information for U+msb on input line 58.

(/usr/share/texlive/texmf-dist/tex/latex/amsfonts/umsb.fd
File: umsb.fd 2013/01/14 v3.01 AMS symbols B
)
\c__siunitx_mathtt_int=\count438
Missing character: There is no Ã in font cmr12!
Missing character: There is no © in font cmr12!
Missing character: There is no Ã in font cmr12!
Missing character: There is no © in font cmr12!

Overfull \hbox (15.91705pt too wide) in paragraph at lines 88--89
[]\OT1/cmr/m/n/10.95 Keywords: In-di-rect in-fer-ence, wind power, prob-a-bilis
-tic fore-cast-ing, stochas-
 []

Package epstopdf Info: Source file: <plots/wind_and_solar/plot_over_years.eps>
(epstopdf)                    date: 2020-04-14 16:32:23
(epstopdf)                    size: 34534 bytes
(epstopdf)             Output file: <plots/wind_and_solar/plot_over_years-eps-c
onverted-to.pdf>
(epstopdf)                    date: 2020-04-14 16:32:23
(epstopdf)                    size: 10114 bytes
(epstopdf)             Command: <epstopdf --outfile=plots/wind_and_solar/plot_o
ver_years-eps-converted-to.pdf plots/wind_and_solar/plot_over_years.eps>
(epstopdf)             \includegraphics on input line 100.
Package epstopdf Info: Output file is already uptodate.


pdfTeX warning: pdflatex (file ./plots/wind_and_solar/plot_over_years-eps-conve
rted-to.pdf): PDF inclusion: found PDF version <1.7>, but at most version <1.5>
 allowed
<plots/wind_and_solar/plot_over_years-eps-converted-to.pdf, id=4, 576.1525pt x 
311.1625pt>
File: plots/wind_and_solar/plot_over_years-eps-converted-to.pdf Graphic file (t
ype pdf)
<use plots/wind_and_solar/plot_over_years-eps-converted-to.pdf>
Package pdftex.def Info: plots/wind_and_solar/plot_over_years-eps-converted-to.
pdf  used on input line 100.
(pdftex.def)             Requested size: 323.9978pt x 174.98575pt.

LaTeX Warning: Citation 'sultana2017review' on page 1 undefined on input line 1
01.


LaTeX Warning: Citation 'sultana2017review' on page 1 undefined on input line 1
01.


Underfull \hbox (badness 10000) in paragraph at lines 101--101
[]\OT1/cmr/m/n/10.95 Figure 1: In-stalled wind and so-lar power over the years
 []

[1

{/var/lib/texmf/fonts/map/pdftex/updmap/pdftex.map}]

LaTeX Warning: Citation 'gieb' on page 2 undefined on input line 104.


LaTeX Warning: Citation 'chang' on page 2 undefined on input line 104.


LaTeX Warning: Citation 'zhbo' on page 2 undefined on input line 104.

LaTeX Font Info:    Try loading font information for OMS+cmr on input line 106.

(/usr/share/texlive/texmf-dist/tex/latex/base/omscmr.fd
File: omscmr.fd 2014/09/29 v2.5h Standard LaTeX font definitions
)
LaTeX Font Info:    Font shape `OMS/cmr/m/n' in size <10.95> not available
(Font)              Font shape `OMS/cmsy/m/n' tried instead on input line 106.
 [2 <./plots/wind_and_solar/plot_over_years-eps-converted-to.pdf>]
Overfull \hbox (7.46118pt too wide) in paragraph at lines 117--118
[]\OT1/cmr/m/n/10.95 We pro-pose to model wind power fore-casts er-rors us-ing 
para-met-ric stochas-
 []


LaTeX Warning: Citation 'mozuma' on page 3 undefined on input line 119.

[3]
Package epstopdf Info: Source file: <plots/5.eps>
(epstopdf)                    date: 2020-04-14 16:32:23
(epstopdf)                    size: 22239 bytes
(epstopdf)             Output file: <plots/5-eps-converted-to.pdf>
(epstopdf)                    date: 2020-04-14 16:32:23
(epstopdf)                    size: 9734 bytes
(epstopdf)             Command: <epstopdf --outfile=plots/5-eps-converted-to.pd
f plots/5.eps>
(epstopdf)             \includegraphics on input line 129.
Package epstopdf Info: Output file is already uptodate.
<plots/5-eps-converted-to.pdf, id=31, 490.83376pt x 408.52625pt>
File: plots/5-eps-converted-to.pdf Graphic file (type pdf)
<use plots/5-eps-converted-to.pdf>
Package pdftex.def Info: plots/5-eps-converted-to.pdf  used on input line 129.
(pdftex.def)             Requested size: 161.9989pt x 134.83278pt.
Package epstopdf Info: Source file: <plots/245.eps>
(epstopdf)                    date: 2020-04-14 16:32:23
(epstopdf)                    size: 22248 bytes
(epstopdf)             Output file: <plots/245-eps-converted-to.pdf>
(epstopdf)                    date: 2020-04-14 16:32:23
(epstopdf)                    size: 10028 bytes
(epstopdf)             Command: <epstopdf --outfile=plots/245-eps-converted-to.
pdf plots/245.eps>
(epstopdf)             \includegraphics on input line 130.
Package epstopdf Info: Output file is already uptodate.
<plots/245-eps-converted-to.pdf, id=32, 490.83376pt x 408.52625pt>
File: plots/245-eps-converted-to.pdf Graphic file (type pdf)
<use plots/245-eps-converted-to.pdf>
Package pdftex.def Info: plots/245-eps-converted-to.pdf  used on input line 130
.
(pdftex.def)             Requested size: 161.9989pt x 134.83278pt.
Package epstopdf Info: Source file: <plots/661.eps>
(epstopdf)                    date: 2020-04-14 16:32:23
(epstopdf)                    size: 22208 bytes
(epstopdf)             Output file: <plots/661-eps-converted-to.pdf>
(epstopdf)                    date: 2020-04-14 16:32:23
(epstopdf)                    size: 9945 bytes
(epstopdf)             Command: <epstopdf --outfile=plots/661-eps-converted-to.
pdf plots/661.eps>
(epstopdf)             \includegraphics on input line 131.
Package epstopdf Info: Output file is already uptodate.
<plots/661-eps-converted-to.pdf, id=33, 490.83376pt x 408.52625pt>
File: plots/661-eps-converted-to.pdf Graphic file (type pdf)
<use plots/661-eps-converted-to.pdf>
Package pdftex.def Info: plots/661-eps-converted-to.pdf  used on input line 131
.
(pdftex.def)             Requested size: 161.9989pt x 134.83278pt.
Package epstopdf Info: Source file: <plots/805.eps>
(epstopdf)                    date: 2020-04-14 16:32:23
(epstopdf)                    size: 22196 bytes
(epstopdf)             Output file: <plots/805-eps-converted-to.pdf>
(epstopdf)                    date: 2020-04-14 16:32:23
(epstopdf)                    size: 9729 bytes
(epstopdf)             Command: <epstopdf --outfile=plots/805-eps-converted-to.
pdf plots/805.eps>
(epstopdf)             \includegraphics on input line 132.
Package epstopdf Info: Output file is already uptodate.
<plots/805-eps-converted-to.pdf, id=34, 490.83376pt x 408.52625pt>
File: plots/805-eps-converted-to.pdf Graphic file (type pdf)
<use plots/805-eps-converted-to.pdf>
Package pdftex.def Info: plots/805-eps-converted-to.pdf  used on input line 132
.
(pdftex.def)             Requested size: 161.9989pt x 134.83278pt.
 [4]
Package epstopdf Info: Source file: <plots/LP_6.eps>
(epstopdf)                    date: 2020-04-14 16:32:23
(epstopdf)                    size: 66478 bytes
(epstopdf)             Output file: <plots/LP_6-eps-converted-to.pdf>
(epstopdf)                    date: 2020-04-14 16:32:23
(epstopdf)                    size: 60687 bytes
(epstopdf)             Command: <epstopdf --outfile=plots/LP_6-eps-converted-to
.pdf plots/LP_6.eps>
(epstopdf)             \includegraphics on input line 139.
Package epstopdf Info: Output file is already uptodate.
<plots/LP_6-eps-converted-to.pdf, id=38, 563.10374pt x 422.57875pt>
File: plots/LP_6-eps-converted-to.pdf Graphic file (type pdf)
<use plots/LP_6-eps-converted-to.pdf>
Package pdftex.def Info: plots/LP_6-eps-converted-to.pdf  used on input line 13
9.
(pdftex.def)             Requested size: 161.9989pt x 121.57104pt.
Package epstopdf Info: Source file: <plots/MP_6.eps>
(epstopdf)                    date: 2020-04-14 16:32:23
(epstopdf)                    size: 69804 bytes
(epstopdf)             Output file: <plots/MP_6-eps-converted-to.pdf>
(epstopdf)                    date: 2020-04-14 16:32:23
(epstopdf)                    size: 63857 bytes
(epstopdf)             Command: <epstopdf --outfile=plots/MP_6-eps-converted-to
.pdf plots/MP_6.eps>
(epstopdf)             \includegraphics on input line 140.
Package epstopdf Info: Output file is already uptodate.
<plots/MP_6-eps-converted-to.pdf, id=39, 563.10374pt x 422.57875pt>
File: plots/MP_6-eps-converted-to.pdf Graphic file (type pdf)
<use plots/MP_6-eps-converted-to.pdf>
Package pdftex.def Info: plots/MP_6-eps-converted-to.pdf  used on input line 14
0.
(pdftex.def)             Requested size: 161.9989pt x 121.57104pt.
Package epstopdf Info: Source file: <plots/HP_6.eps>
(epstopdf)                    date: 2020-04-14 16:32:23
(epstopdf)                    size: 63336 bytes
(epstopdf)             Output file: <plots/HP_6-eps-converted-to.pdf>
(epstopdf)                    date: 2020-04-14 16:32:23
(epstopdf)                    size: 56636 bytes
(epstopdf)             Command: <epstopdf --outfile=plots/HP_6-eps-converted-to
.pdf plots/HP_6.eps>
(epstopdf)             \includegraphics on input line 141.
Package epstopdf Info: Output file is already uptodate.
<plots/HP_6-eps-converted-to.pdf, id=40, 563.10374pt x 422.57875pt>
File: plots/HP_6-eps-converted-to.pdf Graphic file (type pdf)
<use plots/HP_6-eps-converted-to.pdf>
Package pdftex.def Info: plots/HP_6-eps-converted-to.pdf  used on input line 14
1.
(pdftex.def)             Requested size: 161.9989pt x 121.57104pt.
Package epstopdf Info: Source file: <plots/AP_6.eps>
(epstopdf)                    date: 2020-04-14 16:32:23
(epstopdf)                    size: 63909 bytes
(epstopdf)             Output file: <plots/AP_6-eps-converted-to.pdf>
(epstopdf)                    date: 2020-04-14 16:32:23
(epstopdf)                    size: 57978 bytes
(epstopdf)             Command: <epstopdf --outfile=plots/AP_6-eps-converted-to
.pdf plots/AP_6.eps>
(epstopdf)             \includegraphics on input line 142.
Package epstopdf Info: Output file is already uptodate.
<plots/AP_6-eps-converted-to.pdf, id=41, 563.10374pt x 422.57875pt>
File: plots/AP_6-eps-converted-to.pdf Graphic file (type pdf)
<use plots/AP_6-eps-converted-to.pdf>
Package pdftex.def Info: plots/AP_6-eps-converted-to.pdf  used on input line 14
2.
(pdftex.def)             Requested size: 161.9989pt x 121.57104pt.
 [5 <./plots/5-eps-converted-to.pdf> <./plots/245-eps-converted-to.pdf> <./plot
s/661-eps-converted-to.pdf> <./plots/805-eps-converted-to.pdf>]
Package epstopdf Info: Source file: <plots/LP.eps>
(epstopdf)                    date: 2020-04-14 16:32:23
(epstopdf)                    size: 68554 bytes
(epstopdf)             Output file: <plots/LP-eps-converted-to.pdf>
(epstopdf)                    date: 2020-04-14 16:32:23
(epstopdf)                    size: 61063 bytes
(epstopdf)             Command: <epstopdf --outfile=plots/LP-eps-converted-to.p
df plots/LP.eps>
(epstopdf)             \includegraphics on input line 149.
Package epstopdf Info: Output file is already uptodate.
<plots/LP-eps-converted-to.pdf, id=77, 563.10374pt x 422.57875pt>
File: plots/LP-eps-converted-to.pdf Graphic file (type pdf)
<use plots/LP-eps-converted-to.pdf>
Package pdftex.def Info: plots/LP-eps-converted-to.pdf  used on input line 149.

(pdftex.def)             Requested size: 161.9989pt x 121.57104pt.
Package epstopdf Info: Source file: <plots/MP.eps>
(epstopdf)                    date: 2020-04-14 16:32:23
(epstopdf)                    size: 61209 bytes
(epstopdf)             Output file: <plots/MP-eps-converted-to.pdf>
(epstopdf)                    date: 2020-04-14 16:32:23
(epstopdf)                    size: 53887 bytes
(epstopdf)             Command: <epstopdf --outfile=plots/MP-eps-converted-to.p
df plots/MP.eps>
(epstopdf)             \includegraphics on input line 150.
Package epstopdf Info: Output file is already uptodate.
<plots/MP-eps-converted-to.pdf, id=78, 563.10374pt x 422.57875pt>
File: plots/MP-eps-converted-to.pdf Graphic file (type pdf)
<use plots/MP-eps-converted-to.pdf>
Package pdftex.def Info: plots/MP-eps-converted-to.pdf  used on input line 150.

(pdftex.def)             Requested size: 161.9989pt x 121.57104pt.
Package epstopdf Info: Source file: <plots/HP.eps>
(epstopdf)                    date: 2020-04-14 16:32:23
(epstopdf)                    size: 61828 bytes
(epstopdf)             Output file: <plots/HP-eps-converted-to.pdf>
(epstopdf)                    date: 2020-04-14 16:32:23
(epstopdf)                    size: 53059 bytes
(epstopdf)             Command: <epstopdf --outfile=plots/HP-eps-converted-to.p
df plots/HP.eps>
(epstopdf)             \includegraphics on input line 151.
Package epstopdf Info: Output file is already uptodate.
<plots/HP-eps-converted-to.pdf, id=79, 563.10374pt x 422.57875pt>
File: plots/HP-eps-converted-to.pdf Graphic file (type pdf)
<use plots/HP-eps-converted-to.pdf>
Package pdftex.def Info: plots/HP-eps-converted-to.pdf  used on input line 151.

(pdftex.def)             Requested size: 161.9989pt x 121.57104pt.
Package epstopdf Info: Source file: <plots/AP.eps>
(epstopdf)                    date: 2020-04-14 16:32:23
(epstopdf)                    size: 57794 bytes
(epstopdf)             Output file: <plots/AP-eps-converted-to.pdf>
(epstopdf)                    date: 2020-04-14 16:32:23
(epstopdf)                    size: 50724 bytes
(epstopdf)             Command: <epstopdf --outfile=plots/AP-eps-converted-to.p
df plots/AP.eps>
(epstopdf)             \includegraphics on input line 152.
Package epstopdf Info: Output file is already uptodate.
<plots/AP-eps-converted-to.pdf, id=80, 563.10374pt x 422.57875pt>
File: plots/AP-eps-converted-to.pdf Graphic file (type pdf)
<use plots/AP-eps-converted-to.pdf>
Package pdftex.def Info: plots/AP-eps-converted-to.pdf  used on input line 152.

(pdftex.def)             Requested size: 161.9989pt x 121.57104pt.
 [6 <./plots/LP_6-eps-converted-to.pdf> <./plots/MP_6-eps-converted-to.pdf> <./
plots/HP_6-eps-converted-to.pdf> <./plots/AP_6-eps-converted-to.pdf>]
Package epstopdf Info: Source file: <plots/LP_t.eps>
(epstopdf)                    date: 2020-04-14 16:32:23
(epstopdf)                    size: 57739 bytes
(epstopdf)             Output file: <plots/LP_t-eps-converted-to.pdf>
(epstopdf)                    date: 2020-04-14 16:32:23
(epstopdf)                    size: 51137 bytes
(epstopdf)             Command: <epstopdf --outfile=plots/LP_t-eps-converted-to
.pdf plots/LP_t.eps>
(epstopdf)             \includegraphics on input line 159.
Package epstopdf Info: Output file is already uptodate.
<plots/LP_t-eps-converted-to.pdf, id=125, 563.10374pt x 422.57875pt>
File: plots/LP_t-eps-converted-to.pdf Graphic file (type pdf)
<use plots/LP_t-eps-converted-to.pdf>
Package pdftex.def Info: plots/LP_t-eps-converted-to.pdf  used on input line 15
9.
(pdftex.def)             Requested size: 161.9989pt x 121.57104pt.
Package epstopdf Info: Source file: <plots/MP_t.eps>
(epstopdf)                    date: 2020-04-14 16:32:23
(epstopdf)                    size: 66491 bytes
(epstopdf)             Output file: <plots/MP_t-eps-converted-to.pdf>
(epstopdf)                    date: 2020-04-14 16:32:23
(epstopdf)                    size: 58582 bytes
(epstopdf)             Command: <epstopdf --outfile=plots/MP_t-eps-converted-to
.pdf plots/MP_t.eps>
(epstopdf)             \includegraphics on input line 160.
Package epstopdf Info: Output file is already uptodate.
<plots/MP_t-eps-converted-to.pdf, id=126, 563.10374pt x 422.57875pt>
File: plots/MP_t-eps-converted-to.pdf Graphic file (type pdf)
<use plots/MP_t-eps-converted-to.pdf>
Package pdftex.def Info: plots/MP_t-eps-converted-to.pdf  used on input line 16
0.
(pdftex.def)             Requested size: 161.9989pt x 121.57104pt.
Package epstopdf Info: Source file: <plots/HP_t.eps>
(epstopdf)                    date: 2020-04-14 16:32:23
(epstopdf)                    size: 66738 bytes
(epstopdf)             Output file: <plots/HP_t-eps-converted-to.pdf>
(epstopdf)                    date: 2020-04-14 16:32:23
(epstopdf)                    size: 59204 bytes
(epstopdf)             Command: <epstopdf --outfile=plots/HP_t-eps-converted-to
.pdf plots/HP_t.eps>
(epstopdf)             \includegraphics on input line 161.
Package epstopdf Info: Output file is already uptodate.
<plots/HP_t-eps-converted-to.pdf, id=127, 563.10374pt x 422.57875pt>
File: plots/HP_t-eps-converted-to.pdf Graphic file (type pdf)
<use plots/HP_t-eps-converted-to.pdf>
Package pdftex.def Info: plots/HP_t-eps-converted-to.pdf  used on input line 16
1.
(pdftex.def)             Requested size: 161.9989pt x 121.57104pt.
Package epstopdf Info: Source file: <plots/AP_t.eps>
(epstopdf)                    date: 2020-04-14 16:32:23
(epstopdf)                    size: 59472 bytes
(epstopdf)             Output file: <plots/AP_t-eps-converted-to.pdf>
(epstopdf)                    date: 2020-04-14 16:32:23
(epstopdf)                    size: 52174 bytes
(epstopdf)             Command: <epstopdf --outfile=plots/AP_t-eps-converted-to
.pdf plots/AP_t.eps>
(epstopdf)             \includegraphics on input line 162.
Package epstopdf Info: Output file is already uptodate.
<plots/AP_t-eps-converted-to.pdf, id=128, 563.10374pt x 422.57875pt>
File: plots/AP_t-eps-converted-to.pdf Graphic file (type pdf)
<use plots/AP_t-eps-converted-to.pdf>
Package pdftex.def Info: plots/AP_t-eps-converted-to.pdf  used on input line 16
2.
(pdftex.def)             Requested size: 161.9989pt x 121.57104pt.
 [7 <./plots/LP-eps-converted-to.pdf> <./plots/MP-eps-converted-to.pdf> <./plot
s/HP-eps-converted-to.pdf> <./plots/AP-eps-converted-to.pdf>] [8 <./plots/LP_t-
eps-converted-to.pdf> <./plots/MP_t-eps-converted-to.pdf> <./plots/HP_t-eps-con
verted-to.pdf> <./plots/AP_t-eps-converted-to.pdf>] [9]

LaTeX Warning: Citation 'foso' on page 10 undefined on input line 239.


LaTeX Warning: Citation 'foso' on page 10 undefined on input line 245.


LaTeX Warning: Citation 'leph' on page 10 undefined on input line 245.

[10]

LaTeX Warning: Citation 'vago' on page 11 undefined on input line 247.


LaTeX Warning: Citation 'dotala' on page 11 undefined on input line 247.


Underfull \hbox (badness 10000) in paragraph at lines 269--271

 []

[11]
Overfull \hbox (14.03786pt too wide) in paragraph at lines 304--304
[]\OT1/cmr/bx/n/14.4 State in-de-pen-dent dif-fu-sion term: Lam-perti trans-
 []


LaTeX Warning: Citation 'iacus1' on page 12 undefined on input line 306.


LaTeX Warning: Citation 'moma' on page 12 undefined on input line 306.


LaTeX Warning: Citation 'saso' on page 12 undefined on input line 306.


Overfull \hbox (18.06067pt too wide) detected at line 320
[]
 []

[12]
Package epstopdf Info: Source file: <plots/LP_t_LP.eps>
(epstopdf)                    date: 2020-04-14 16:32:23
(epstopdf)                    size: 42058 bytes
(epstopdf)             Output file: <plots/LP_t_LP-eps-converted-to.pdf>
(epstopdf)                    date: 2020-04-14 16:32:23
(epstopdf)                    size: 42782 bytes
(epstopdf)             Command: <epstopdf --outfile=plots/LP_t_LP-eps-converted
-to.pdf plots/LP_t_LP.eps>
(epstopdf)             \includegraphics on input line 332.
Package epstopdf Info: Output file is already uptodate.
<plots/LP_t_LP-eps-converted-to.pdf, id=236, 429.605pt x 317.185pt>
File: plots/LP_t_LP-eps-converted-to.pdf Graphic file (type pdf)
<use plots/LP_t_LP-eps-converted-to.pdf>
Package pdftex.def Info: plots/LP_t_LP-eps-converted-to.pdf  used on input line
 332.
(pdftex.def)             Requested size: 161.9989pt x 119.60713pt.
Package epstopdf Info: Source file: <plots/MP_t_LP.eps>
(epstopdf)                    date: 2020-04-14 16:32:23
(epstopdf)                    size: 40646 bytes
(epstopdf)             Output file: <plots/MP_t_LP-eps-converted-to.pdf>
(epstopdf)                    date: 2020-04-14 16:32:23
(epstopdf)                    size: 39959 bytes
(epstopdf)             Command: <epstopdf --outfile=plots/MP_t_LP-eps-converted
-to.pdf plots/MP_t_LP.eps>
(epstopdf)             \includegraphics on input line 333.
Package epstopdf Info: Output file is already uptodate.
<plots/MP_t_LP-eps-converted-to.pdf, id=237, 429.605pt x 317.185pt>
File: plots/MP_t_LP-eps-converted-to.pdf Graphic file (type pdf)
<use plots/MP_t_LP-eps-converted-to.pdf>
Package pdftex.def Info: plots/MP_t_LP-eps-converted-to.pdf  used on input line
 333.
(pdftex.def)             Requested size: 161.9989pt x 119.60713pt.
Package epstopdf Info: Source file: <plots/HP_t_LP.eps>
(epstopdf)                    date: 2020-04-14 16:32:23
(epstopdf)                    size: 43398 bytes
(epstopdf)             Output file: <plots/HP_t_LP-eps-converted-to.pdf>
(epstopdf)                    date: 2020-04-14 16:32:23
(epstopdf)                    size: 40973 bytes
(epstopdf)             Command: <epstopdf --outfile=plots/HP_t_LP-eps-converted
-to.pdf plots/HP_t_LP.eps>
(epstopdf)             \includegraphics on input line 334.
Package epstopdf Info: Output file is already uptodate.
<plots/HP_t_LP-eps-converted-to.pdf, id=238, 429.605pt x 317.185pt>
File: plots/HP_t_LP-eps-converted-to.pdf Graphic file (type pdf)
<use plots/HP_t_LP-eps-converted-to.pdf>
Package pdftex.def Info: plots/HP_t_LP-eps-converted-to.pdf  used on input line
 334.
(pdftex.def)             Requested size: 161.9989pt x 119.60713pt.
Package epstopdf Info: Source file: <plots/AP_t_LP.eps>
(epstopdf)                    date: 2020-04-14 16:32:23
(epstopdf)                    size: 34266 bytes
(epstopdf)             Output file: <plots/AP_t_LP-eps-converted-to.pdf>
(epstopdf)                    date: 2020-04-14 16:32:23
(epstopdf)                    size: 32860 bytes
(epstopdf)             Command: <epstopdf --outfile=plots/AP_t_LP-eps-converted
-to.pdf plots/AP_t_LP.eps>
(epstopdf)             \includegraphics on input line 335.
Package epstopdf Info: Output file is already uptodate.
<plots/AP_t_LP-eps-converted-to.pdf, id=239, 429.605pt x 317.185pt>
File: plots/AP_t_LP-eps-converted-to.pdf Graphic file (type pdf)
<use plots/AP_t_LP-eps-converted-to.pdf>
Package pdftex.def Info: plots/AP_t_LP-eps-converted-to.pdf  used on input line
 335.
(pdftex.def)             Requested size: 161.9989pt x 119.60713pt.
 [13 <./plots/LP_t_LP-eps-converted-to.pdf> <./plots/MP_t_LP-eps-converted-to.p
df> <./plots/HP_t_LP-eps-converted-to.pdf> <./plots/AP_t_LP-eps-converted-to.pd
f>]

LaTeX Warning: Citation 'iacus1' on page 14 undefined on input line 363.


LaTeX Warning: Citation 'saso' on page 14 undefined on input line 363.

[14]

LaTeX Warning: Citation 'iacus1' on page 15 undefined on input line 373.


LaTeX Warning: Citation 'hurn' on page 15 undefined on input line 373.


LaTeX Warning: Citation 'saso' on page 15 undefined on input line 377.


Overfull \hbox (10.94385pt too wide) detected at line 392
[] \OT1/cmr/m/n/10.95 = \OMS/cmsy/m/n/10.95 ^^@\OML/cmm/m/it/10.95 m^^R[]\U/msb
/m/n/10.95 E\OT1/cmr/m/n/10.95 [\OML/cmm/m/it/10.95 V[]\OT1/cmr/m/n/10.95 ] + \
OML/cmm/m/it/10.95 m\OT1/cmr/m/n/10.95 (\OML/cmm/m/it/10.95 m \OMS/cmsy/m/n/10.
95 ^^@ \OT1/cmr/m/n/10.95 1)\OML/cmm/m/it/10.95 ^^R[]\U/msb/m/n/10.95 E\OT1/cm
r/m/n/10.95 [\OMS/cmsy/m/n/10.95 ^^@\OML/cmm/m/it/10.95 V[] \OT1/cmr/m/n/10.95 
+ (1 \OMS/cmsy/m/n/10.95 ^^@ \OT1/cmr/m/n/10.95 2\OML/cmm/m/it/10.95 p[]\OT1/cm
r/m/n/10.95 )\OML/cmm/m/it/10.95 V[] \OT1/cmr/m/n/10.95 + \OML/cmm/m/it/10.95 p
[]\OT1/cmr/m/n/10.95 (1 \OMS/cmsy/m/n/10.95 ^^@ \OML/cmm/m/it/10.95 p[]\OT1/cmr
/m/n/10.95 )\OML/cmm/m/it/10.95 V[]\OT1/cmr/m/n/10.95 ] \OML/cmm/m/it/10.95 :
 []

[15]
Overfull \hbox (24.04831pt too wide) detected at line 413
\OML/cmm/m/it/10.95 ^^X[] \OT1/cmr/m/n/10.95 = \OMS/cmsy/m/n/10.95 ^^@[] \OML/c
mm/m/it/10.95 ;  ^^X[] \OT1/cmr/m/n/10.95 = [] \OML/cmm/m/it/10.95 ;
 []


Underfull \hbox (badness 10000) in paragraph at lines 413--415

 []


Overfull \hbox (3.12085pt too wide) in paragraph at lines 416--417
[]\OT1/cmr/m/n/10.95 The ap-prox-i-mate log-likelihood $[](\OMS/cmsy/m/n/10.95 
^^A\OT1/cmr/m/n/10.95 ; \OML/cmm/m/it/10.95 v[]\OT1/cmr/m/n/10.95 )$ of the ob-
served sam-ple $\OML/cmm/m/it/10.95 v[]$
 []


Overfull \hbox (43.80151pt too wide) detected at line 420
[]\OT1/cmr/m/n/10.95 (\OML/cmm/b/it/10.95 ^^R\OT1/cmr/m/n/10.95 ; \OML/cmm/m/it
/10.95 v[]\OT1/cmr/m/n/10.95 ) = [] [] [] []  \OML/cmm/m/it/10.95 ;
 []


Underfull \hbox (badness 10000) in paragraph at lines 420--422

 []


Underfull \hbox (badness 10000) in paragraph at lines 425--426

 []

[16]
Overfull \hbox (2.8674pt too wide) in paragraph at lines 438--439
[]\OT1/cmr/m/n/10.95 The ap-prox-i-mate log-likelihood $[](\OMS/cmsy/m/n/10.95 
^^A\OT1/cmr/m/n/10.95 ; \OML/cmm/m/it/10.95 z[]\OT1/cmr/m/n/10.95 )$ of the ob-
served sam-ple $\OML/cmm/m/it/10.95 z[]$
 []


Overfull \hbox (3.37592pt too wide) detected at line 441
[]\OT1/cmr/m/n/10.95 (\OML/cmm/b/it/10.95 ^^R\OT1/cmr/m/n/10.95 ; \OML/cmm/m/it
/10.95 z[]\OT1/cmr/m/n/10.95 ) = [] [] [] []  \OML/cmm/m/it/10.95 ;
 []

[17] [18]
Package epstopdf Info: Source file: <plots/initial_guess/initial_theta_1.eps>
(epstopdf)                    date: 2020-04-14 16:32:23
(epstopdf)                    size: 60121 bytes
(epstopdf)             Output file: <plots/initial_guess/initial_theta_1-eps-co
nverted-to.pdf>
(epstopdf)                    date: 2020-04-14 16:32:23
(epstopdf)                    size: 22373 bytes
(epstopdf)             Command: <epstopdf --outfile=plots/initial_guess/initial
_theta_1-eps-converted-to.pdf plots/initial_guess/initial_theta_1.eps>
(epstopdf)             \includegraphics on input line 574.
Package epstopdf Info: Output file is already uptodate.


pdfTeX warning: pdflatex (file ./plots/initial_guess/initial_theta_1-eps-conver
ted-to.pdf): PDF inclusion: found PDF version <1.7>, but at most version <1.5> 
allowed
<plots/initial_guess/initial_theta_1-eps-converted-to.pdf, id=285, 372.39125pt 
x 305.14pt>
File: plots/initial_guess/initial_theta_1-eps-converted-to.pdf Graphic file (ty
pe pdf)
<use plots/initial_guess/initial_theta_1-eps-converted-to.pdf>
Package pdftex.def Info: plots/initial_guess/initial_theta_1-eps-converted-to.p
df  used on input line 574.
(pdftex.def)             Requested size: 161.9989pt x 132.74413pt.
Package epstopdf Info: Source file: <plots/initial_guess/initial_theta_2.eps>
(epstopdf)                    date: 2020-04-14 16:32:23
(epstopdf)                    size: 58483 bytes
(epstopdf)             Output file: <plots/initial_guess/initial_theta_2-eps-co
nverted-to.pdf>
(epstopdf)                    date: 2020-04-14 16:32:23
(epstopdf)                    size: 23425 bytes
(epstopdf)             Command: <epstopdf --outfile=plots/initial_guess/initial
_theta_2-eps-converted-to.pdf plots/initial_guess/initial_theta_2.eps>
(epstopdf)             \includegraphics on input line 574.
Package epstopdf Info: Output file is already uptodate.


pdfTeX warning: pdflatex (file ./plots/initial_guess/initial_theta_2-eps-conver
ted-to.pdf): PDF inclusion: found PDF version <1.7>, but at most version <1.5> 
allowed
<plots/initial_guess/initial_theta_2-eps-converted-to.pdf, id=286, 370.38374pt 
x 323.2075pt>
File: plots/initial_guess/initial_theta_2-eps-converted-to.pdf Graphic file (ty
pe pdf)
<use plots/initial_guess/initial_theta_2-eps-converted-to.pdf>
Package pdftex.def Info: plots/initial_guess/initial_theta_2-eps-converted-to.p
df  used on input line 574.
(pdftex.def)             Requested size: 151.19934pt x 131.93892pt.
[19]
Package epstopdf Info: Source file: <plots/likelihood/Log-Likelihood.eps>
(epstopdf)                    date: 2020-04-14 16:32:23
(epstopdf)                    size: 54397 bytes
(epstopdf)             Output file: <plots/likelihood/Log-Likelihood-eps-conver
ted-to.pdf>
(epstopdf)                    date: 2020-04-14 16:32:23
(epstopdf)                    size: 48237 bytes
(epstopdf)             Command: <epstopdf --outfile=plots/likelihood/Log-Likeli
hood-eps-converted-to.pdf plots/likelihood/Log-Likelihood.eps>
(epstopdf)             \includegraphics on input line 584.
Package epstopdf Info: Output file is already uptodate.


pdfTeX warning: pdflatex (file ./plots/likelihood/Log-Likelihood-eps-converted-
to.pdf): PDF inclusion: found PDF version <1.7>, but at most version <1.5> allo
wed
<plots/likelihood/Log-Likelihood-eps-converted-to.pdf, id=291, 434.62375pt x 34
3.2825pt>
File: plots/likelihood/Log-Likelihood-eps-converted-to.pdf Graphic file (type p
df)
<use plots/likelihood/Log-Likelihood-eps-converted-to.pdf>
Package pdftex.def Info: plots/likelihood/Log-Likelihood-eps-converted-to.pdf  
used on input line 584.
(pdftex.def)             Requested size: 216.0022pt x 170.60892pt.
Package epstopdf Info: Source file: <plots/likelihood/Log-Likelihood_refined.ep
s>
(epstopdf)                    date: 2020-04-14 16:32:23
(epstopdf)                    size: 54916 bytes
(epstopdf)             Output file: <plots/likelihood/Log-Likelihood_refined-ep
s-converted-to.pdf>
(epstopdf)                    date: 2020-04-14 16:32:23
(epstopdf)                    size: 49074 bytes
(epstopdf)             Command: <epstopdf --outfile=plots/likelihood/Log-Likeli
hood_refined-eps-converted-to.pdf plots/likelihood/Log-Likelihood_refined.eps>
(epstopdf)             \includegraphics on input line 584.
Package epstopdf Info: Output file is already uptodate.


pdfTeX warning: pdflatex (file ./plots/likelihood/Log-Likelihood_refined-eps-co
nverted-to.pdf): PDF inclusion: found PDF version <1.7>, but at most version <1
.5> allowed
<plots/likelihood/Log-Likelihood_refined-eps-converted-to.pdf, id=292, 434.6237
5pt x 343.2825pt>
File: plots/likelihood/Log-Likelihood_refined-eps-converted-to.pdf Graphic file
 (type pdf)
<use plots/likelihood/Log-Likelihood_refined-eps-converted-to.pdf>
Package pdftex.def Info: plots/likelihood/Log-Likelihood_refined-eps-converted-
to.pdf  used on input line 584.
(pdftex.def)             Requested size: 216.0022pt x 170.60892pt.
Package epstopdf Info: Source file: <plots/likelihood/Log-Likelihood_more_refin
ed.eps>
(epstopdf)                    date: 2020-04-14 16:32:23
(epstopdf)                    size: 59059 bytes
(epstopdf)             Output file: <plots/likelihood/Log-Likelihood_more_refin
ed-eps-converted-to.pdf>
(epstopdf)                    date: 2020-04-14 16:32:23
(epstopdf)                    size: 53347 bytes
(epstopdf)             Command: <epstopdf --outfile=plots/likelihood/Log-Likeli
hood_more_refined-eps-converted-to.pdf plots/likelihood/Log-Likelihood_more_ref
ined.eps>
(epstopdf)             \includegraphics on input line 585.
Package epstopdf Info: Output file is already uptodate.


pdfTeX warning: pdflatex (file ./plots/likelihood/Log-Likelihood_more_refined-e
ps-converted-to.pdf): PDF inclusion: found PDF version <1.7>, but at most versi
on <1.5> allowed
<plots/likelihood/Log-Likelihood_more_refined-eps-converted-to.pdf, id=293, 434
.62375pt x 343.2825pt>
File: plots/likelihood/Log-Likelihood_more_refined-eps-converted-to.pdf Graphic
 file (type pdf)
<use plots/likelihood/Log-Likelihood_more_refined-eps-converted-to.pdf>
Package pdftex.def Info: plots/likelihood/Log-Likelihood_more_refined-eps-conve
rted-to.pdf  used on input line 585.
(pdftex.def)             Requested size: 216.0022pt x 170.60892pt.
[20 <./plots/initial_guess/initial_theta_1-eps-converted-to.pdf> <./plots/initi
al_guess/initial_theta_2-eps-converted-to.pdf>] [21 <./plots/likelihood/Log-Lik
elihood-eps-converted-to.pdf> <./plots/likelihood/Log-Likelihood_refined-eps-co
nverted-to.pdf> <./plots/likelihood/Log-Likelihood_more_refined-eps-converted-t
o.pdf>]
Underfull \hbox (badness 10000) in paragraph at lines 609--611

 []

<plots/alpha_conv_beta.png, id=335, 438.1971pt x 311.2428pt>
File: plots/alpha_conv_beta.png Graphic file (type png)
<use plots/alpha_conv_beta.png>
Package pdftex.def Info: plots/alpha_conv_beta.png  used on input line 615.
(pdftex.def)             Requested size: 438.19601pt x 311.24203pt.
<plots/theta_conv_beta.png, id=337, 437.4744pt x 311.7246pt>
File: plots/theta_conv_beta.png Graphic file (type png)
<use plots/theta_conv_beta.png>
Package pdftex.def Info: plots/theta_conv_beta.png  used on input line 616.
(pdftex.def)             Requested size: 437.47331pt x 311.72383pt.
Package epstopdf Info: Source file: <plots/paths_testing_days/1.eps>
(epstopdf)                    date: 2020-04-14 16:32:23
(epstopdf)                    size: 44035 bytes
(epstopdf)             Output file: <plots/paths_testing_days/1-eps-converted-t
o.pdf>
(epstopdf)                    date: 2020-04-14 16:32:23
(epstopdf)                    size: 15154 bytes
(epstopdf)             Command: <epstopdf --outfile=plots/paths_testing_days/1-
eps-converted-to.pdf plots/paths_testing_days/1.eps>
(epstopdf)             \includegraphics on input line 622.
Package epstopdf Info: Output file is already uptodate.


pdfTeX warning: pdflatex (file ./plots/paths_testing_days/1-eps-converted-to.pd
f): PDF inclusion: found PDF version <1.7>, but at most version <1.5> allowed
<plots/paths_testing_days/1-eps-converted-to.pdf, id=338, 374.39874pt x 321.2pt
>
File: plots/paths_testing_days/1-eps-converted-to.pdf Graphic file (type pdf)
<use plots/paths_testing_days/1-eps-converted-to.pdf>
Package pdftex.def Info: plots/paths_testing_days/1-eps-converted-to.pdf  used 
on input line 622.
(pdftex.def)             Requested size: 161.9989pt x 138.9808pt.
Package epstopdf Info: Source file: <plots/paths_testing_days/2.eps>
(epstopdf)                    date: 2020-04-14 16:32:23
(epstopdf)                    size: 44033 bytes
(epstopdf)             Output file: <plots/paths_testing_days/2-eps-converted-t
o.pdf>
(epstopdf)                    date: 2020-04-14 16:32:23
(epstopdf)                    size: 15390 bytes
(epstopdf)             Command: <epstopdf --outfile=plots/paths_testing_days/2-
eps-converted-to.pdf plots/paths_testing_days/2.eps>
(epstopdf)             \includegraphics on input line 623.
Package epstopdf Info: Output file is already uptodate.


pdfTeX warning: pdflatex (file ./plots/paths_testing_days/2-eps-converted-to.pd
f): PDF inclusion: found PDF version <1.7>, but at most version <1.5> allowed
<plots/paths_testing_days/2-eps-converted-to.pdf, id=339, 374.39874pt x 321.2pt
>
File: plots/paths_testing_days/2-eps-converted-to.pdf Graphic file (type pdf)
<use plots/paths_testing_days/2-eps-converted-to.pdf>
Package pdftex.def Info: plots/paths_testing_days/2-eps-converted-to.pdf  used 
on input line 623.
(pdftex.def)             Requested size: 161.9989pt x 138.9808pt.
Package epstopdf Info: Source file: <plots/paths_testing_days/3.eps>
(epstopdf)                    date: 2020-04-14 16:32:23
(epstopdf)                    size: 44032 bytes
(epstopdf)             Output file: <plots/paths_testing_days/3-eps-converted-t
o.pdf>
(epstopdf)                    date: 2020-04-14 16:32:23
(epstopdf)                    size: 15330 bytes
(epstopdf)             Command: <epstopdf --outfile=plots/paths_testing_days/3-
eps-converted-to.pdf plots/paths_testing_days/3.eps>
(epstopdf)             \includegraphics on input line 624.
Package epstopdf Info: Output file is already uptodate.


pdfTeX warning: pdflatex (file ./plots/paths_testing_days/3-eps-converted-to.pd
f): PDF inclusion: found PDF version <1.7>, but at most version <1.5> allowed
<plots/paths_testing_days/3-eps-converted-to.pdf, id=340, 374.39874pt x 321.2pt
>
File: plots/paths_testing_days/3-eps-converted-to.pdf Graphic file (type pdf)
<use plots/paths_testing_days/3-eps-converted-to.pdf>
Package pdftex.def Info: plots/paths_testing_days/3-eps-converted-to.pdf  used 
on input line 624.
(pdftex.def)             Requested size: 161.9989pt x 138.9808pt.
Package epstopdf Info: Source file: <plots/paths_testing_days/4.eps>
(epstopdf)                    date: 2020-04-14 16:32:23
(epstopdf)                    size: 44035 bytes
(epstopdf)             Output file: <plots/paths_testing_days/4-eps-converted-t
o.pdf>
(epstopdf)                    date: 2020-04-14 16:32:23
(epstopdf)                    size: 15385 bytes
(epstopdf)             Command: <epstopdf --outfile=plots/paths_testing_days/4-
eps-converted-to.pdf plots/paths_testing_days/4.eps>
(epstopdf)             \includegraphics on input line 625.
Package epstopdf Info: Output file is already uptodate.


pdfTeX warning: pdflatex (file ./plots/paths_testing_days/4-eps-converted-to.pd
f): PDF inclusion: found PDF version <1.7>, but at most version <1.5> allowed
<plots/paths_testing_days/4-eps-converted-to.pdf, id=341, 374.39874pt x 321.2pt
>
File: plots/paths_testing_days/4-eps-converted-to.pdf Graphic file (type pdf)
<use plots/paths_testing_days/4-eps-converted-to.pdf>
Package pdftex.def Info: plots/paths_testing_days/4-eps-converted-to.pdf  used 
on input line 625.
(pdftex.def)             Requested size: 161.9989pt x 138.9808pt.
[22 <./plots/alpha_conv_beta.png> <./plots/theta_conv_beta.png>]
Package epstopdf Info: Source file: <plots/bands_testing_days/1.eps>
(epstopdf)                    date: 2020-04-14 16:32:23
(epstopdf)                    size: 49108 bytes
(epstopdf)             Output file: <plots/bands_testing_days/1-eps-converted-t
o.pdf>
(epstopdf)                    date: 2020-04-14 16:32:23
(epstopdf)                    size: 14760 bytes
(epstopdf)             Command: <epstopdf --outfile=plots/bands_testing_days/1-
eps-converted-to.pdf plots/bands_testing_days/1.eps>
(epstopdf)             \includegraphics on input line 631.
Package epstopdf Info: Output file is already uptodate.


pdfTeX warning: pdflatex (file ./plots/bands_testing_days/1-eps-converted-to.pd
f): PDF inclusion: found PDF version <1.7>, but at most version <1.5> allowed
<plots/bands_testing_days/1-eps-converted-to.pdf, id=347, 374.39874pt x 321.2pt
>
File: plots/bands_testing_days/1-eps-converted-to.pdf Graphic file (type pdf)
<use plots/bands_testing_days/1-eps-converted-to.pdf>
Package pdftex.def Info: plots/bands_testing_days/1-eps-converted-to.pdf  used 
on input line 631.
(pdftex.def)             Requested size: 161.9989pt x 138.9808pt.
Package epstopdf Info: Source file: <plots/bands_testing_days/2.eps>
(epstopdf)                    date: 2020-04-14 16:32:23
(epstopdf)                    size: 49017 bytes
(epstopdf)             Output file: <plots/bands_testing_days/2-eps-converted-t
o.pdf>
(epstopdf)                    date: 2020-04-14 16:32:23
(epstopdf)                    size: 14889 bytes
(epstopdf)             Command: <epstopdf --outfile=plots/bands_testing_days/2-
eps-converted-to.pdf plots/bands_testing_days/2.eps>
(epstopdf)             \includegraphics on input line 632.
Package epstopdf Info: Output file is already uptodate.


pdfTeX warning: pdflatex (file ./plots/bands_testing_days/2-eps-converted-to.pd
f): PDF inclusion: found PDF version <1.7>, but at most version <1.5> allowed
<plots/bands_testing_days/2-eps-converted-to.pdf, id=348, 374.39874pt x 321.2pt
>
File: plots/bands_testing_days/2-eps-converted-to.pdf Graphic file (type pdf)
<use plots/bands_testing_days/2-eps-converted-to.pdf>
Package pdftex.def Info: plots/bands_testing_days/2-eps-converted-to.pdf  used 
on input line 632.
(pdftex.def)             Requested size: 161.9989pt x 138.9808pt.
Package epstopdf Info: Source file: <plots/bands_testing_days/3.eps>
(epstopdf)                    date: 2020-04-14 16:32:23
(epstopdf)                    size: 49067 bytes
(epstopdf)             Output file: <plots/bands_testing_days/3-eps-converted-t
o.pdf>
(epstopdf)                    date: 2020-04-14 16:32:23
(epstopdf)                    size: 14834 bytes
(epstopdf)             Command: <epstopdf --outfile=plots/bands_testing_days/3-
eps-converted-to.pdf plots/bands_testing_days/3.eps>
(epstopdf)             \includegraphics on input line 633.
Package epstopdf Info: Output file is already uptodate.


pdfTeX warning: pdflatex (file ./plots/bands_testing_days/3-eps-converted-to.pd
f): PDF inclusion: found PDF version <1.7>, but at most version <1.5> allowed
<plots/bands_testing_days/3-eps-converted-to.pdf, id=349, 374.39874pt x 321.2pt
>
File: plots/bands_testing_days/3-eps-converted-to.pdf Graphic file (type pdf)
<use plots/bands_testing_days/3-eps-converted-to.pdf>
Package pdftex.def Info: plots/bands_testing_days/3-eps-converted-to.pdf  used 
on input line 633.
(pdftex.def)             Requested size: 161.9989pt x 138.9808pt.
Package epstopdf Info: Source file: <plots/bands_testing_days/4.eps>
(epstopdf)                    date: 2020-04-14 16:32:23
(epstopdf)                    size: 48835 bytes
(epstopdf)             Output file: <plots/bands_testing_days/4-eps-converted-t
o.pdf>
(epstopdf)                    date: 2020-04-14 16:32:23
(epstopdf)                    size: 14921 bytes
(epstopdf)             Command: <epstopdf --outfile=plots/bands_testing_days/4-
eps-converted-to.pdf plots/bands_testing_days/4.eps>
(epstopdf)             \includegraphics on input line 634.
Package epstopdf Info: Output file is already uptodate.


pdfTeX warning: pdflatex (file ./plots/bands_testing_days/4-eps-converted-to.pd
f): PDF inclusion: found PDF version <1.7>, but at most version <1.5> allowed
<plots/bands_testing_days/4-eps-converted-to.pdf, id=350, 374.39874pt x 321.2pt
>
File: plots/bands_testing_days/4-eps-converted-to.pdf Graphic file (type pdf)
<use plots/bands_testing_days/4-eps-converted-to.pdf>
Package pdftex.def Info: plots/bands_testing_days/4-eps-converted-to.pdf  used 
on input line 634.
(pdftex.def)             Requested size: 161.9989pt x 138.9808pt.
[23 <./plots/paths_testing_days/1-eps-converted-to.pdf> <./plots/paths_testing_
days/2-eps-converted-to.pdf> <./plots/paths_testing_days/3-eps-converted-to.pdf
> <./plots/paths_testing_days/4-eps-converted-to.pdf>] [24 <./plots/bands_testi
ng_days/1-eps-converted-to.pdf> <./plots/bands_testing_days/2-eps-converted-to.
pdf> <./plots/bands_testing_days/3-eps-converted-to.pdf> <./plots/bands_testing
_days/4-eps-converted-to.pdf>]

LaTeX Warning: Citation 'Alf' on page 25 undefined on input line 661.


LaTeX Warning: Citation 'KarShr' on page 25 undefined on input line 661.


LaTeX Warning: Citation 'KarShr' on page 25 undefined on input line 675.

[25]

LaTeX Warning: Citation 'KarShr' on page 26 undefined on input line 684.

Missing character: There is no Ã in font cmr10!
Missing character: There is no ´ in font cmr10!

Overfull \hbox (17.14812pt too wide) detected at line 689
[]
 []


Overfull \hbox (6.85458pt too wide) detected at line 693
\U/msb/m/n/10.95 E\OT1/cmr/m/n/10.95 [\OML/cmm/m/it/10.95  []\OT1/cmr/m/n/10.95
 (\OML/cmm/m/it/10.95 X[]\OT1/cmr/m/n/10.95 )] \OMS/cmsy/m/n/10.95 ^^T \OML/cmm
/m/it/10.95  []\OT1/cmr/m/n/10.95 (\OML/cmm/m/it/10.95 x[]\OT1/cmr/m/n/10.95 ) 
+ [][] [][] + \OML/cmm/m/it/10.95 ^^R[]p[] \OMS/cmsy/m/n/10.95 ^^@ \OML/cmm/m/i
t/10.95 ^^R[]\U/msb/m/n/10.95 E\OT1/cmr/m/n/10.95 [[][](\OML/cmm/m/it/10.95 X[]
\OT1/cmr/m/n/10.95 )\OML/cmm/m/it/10.95 X[]\OT1/cmr/m/n/10.95 ][]\OML/cmm/m/it/
10.95 ds \OT1/cmr/m/n/10.95 + [] [][] \OML/cmm/m/it/10.95 ^^R[]\U/msb/m/n/10.95
 E\OMS/cmsy/m/n/10.95 j\OT1/cmr/m/n/10.95 1 \OMS/cmsy/m/n/10.95 ^^@ \OML/cmm/m/
it/10.95 X[]\OMS/cmsy/m/n/10.95 j\OML/cmm/m/it/10.95 ds:
 []

[26] [27] [28]
Missing character: There is no Ã in font cmr10!
Missing character: There is no ´ in font cmr10!
Missing character: There is no Ã in font cmr10!
Missing character: There is no ´ in font cmr10!


Package biblatex Warning: Keyword 'Wind-SDE' not found on input line 797.


LaTeX Warning: Empty bibliography on input line 797.

[29] (./paper_1line_Renzo.aux)

LaTeX Warning: There were undefined references.


LaTeX Warning: There were multiply-defined labels.


Package biblatex Warning: Please (re)run Biber on the file:
(biblatex)                paper_1line_Renzo
(biblatex)                and rerun LaTeX afterwards.

Package logreq Info: Writing requests to 'paper_1line_Renzo.run.xml'.
\openout1 = `paper_1line_Renzo.run.xml'.

 ) 
Here is how much of TeX's memory you used:
 30774 strings out of 492982
 626490 string characters out of 6134896
 969378 words of memory out of 5000000
 33895 multiletter control sequences out of 15000+600000
 551491 words of font info for 102 fonts, out of 8000000 for 9000
 1141 hyphenation exceptions out of 8191
 62i,14n,56p,10389b,1550s stack positions out of 5000i,500n,10000p,200000b,80000s
</usr/share/texlive/texmf-dist/fonts/type1/public/amsfonts/cm/cmbx10.pfb></us
r/share/texlive/texmf-dist/fonts/type1/public/amsfonts/cm/cmbx12.pfb></usr/shar
e/texlive/texmf-dist/fonts/type1/public/amsfonts/cm/cmex10.pfb></usr/share/texl
ive/texmf-dist/fonts/type1/public/amsfonts/cmextra/cmex8.pfb></usr/share/texliv
e/texmf-dist/fonts/type1/public/amsfonts/cm/cmmi10.pfb></usr/share/texlive/texm
f-dist/fonts/type1/public/amsfonts/cm/cmmi12.pfb></usr/share/texlive/texmf-dist
/fonts/type1/public/amsfonts/cm/cmmi6.pfb></usr/share/texlive/texmf-dist/fonts/
type1/public/amsfonts/cm/cmmi8.pfb></usr/share/texlive/texmf-dist/fonts/type1/p
ublic/amsfonts/cm/cmmib10.pfb></usr/share/texlive/texmf-dist/fonts/type1/public
/amsfonts/cm/cmr10.pfb></usr/share/texlive/texmf-dist/fonts/type1/public/amsfon
ts/cm/cmr12.pfb></usr/share/texlive/texmf-dist/fonts/type1/public/amsfonts/cm/c
mr17.pfb></usr/share/texlive/texmf-dist/fonts/type1/public/amsfonts/cm/cmr6.pfb
></usr/share/texlive/texmf-dist/fonts/type1/public/amsfonts/cm/cmr8.pfb></usr/s
hare/texlive/texmf-dist/fonts/type1/public/amsfonts/cm/cmsy10.pfb></usr/share/t
exlive/texmf-dist/fonts/type1/public/amsfonts/cm/cmsy6.pfb></usr/share/texlive/
texmf-dist/fonts/type1/public/amsfonts/cm/cmsy8.pfb></usr/share/texlive/texmf-d
ist/fonts/type1/public/amsfonts/cm/cmti10.pfb></usr/share/texlive/texmf-dist/fo
nts/type1/public/amsfonts/symbols/msbm10.pfb>
Output written on paper_1line_Renzo.pdf (29 pages, 1582769 bytes).
PDF statistics:
 499 PDF objects out of 1000 (max. 8388607)
 254 compressed objects within 3 object streams
 0 named destinations out of 1000 (max. 500000)
 193 words of extra memory for PDF output out of 10000 (max. 10000000)

