This is pdfTeX, Version 3.14159265-2.6-1.40.16 (TeX Live 2015/Debian) (preloaded format=pdflatex 2019.8.29)  8 MAR 2020 18:32
entering extended mode
 \write18 enabled.
 %&-line parsing enabled.
**paper_1line.tex
(./paper_1line.tex
LaTeX2e <2016/02/01>
Babel <3.9q> and hyphenation patterns for 81 language(s) loaded.
(/usr/share/texlive/texmf-dist/tex/latex/base/article.cls
Document Class: article 2014/09/29 v1.4h Standard LaTeX document class
(/usr/share/texlive/texmf-dist/tex/latex/base/size11.clo
File: size11.clo 2014/09/29 v1.4h Standard LaTeX file (size option)
)
\c@part=\count79
\c@section=\count80
\c@subsection=\count81
\c@subsubsection=\count82
\c@paragraph=\count83
\c@subparagraph=\count84
\c@figure=\count85
\c@table=\count86
\abovecaptionskip=\skip41
\belowcaptionskip=\skip42
\bibindent=\dimen102
)
(/usr/share/texlive/texmf-dist/tex/latex/graphics/graphicx.sty
Package: graphicx 2014/10/28 v1.0g Enhanced LaTeX Graphics (DPC,SPQR)

(/usr/share/texlive/texmf-dist/tex/latex/graphics/keyval.sty
Package: keyval 2014/10/28 v1.15 key=value parser (DPC)
\KV@toks@=\toks14
)
(/usr/share/texlive/texmf-dist/tex/latex/graphics/graphics.sty
Package: graphics 2016/01/03 v1.0q Standard LaTeX Graphics (DPC,SPQR)

(/usr/share/texlive/texmf-dist/tex/latex/graphics/trig.sty
Package: trig 2016/01/03 v1.10 sin cos tan (DPC)
)
(/usr/share/texlive/texmf-dist/tex/latex/latexconfig/graphics.cfg
File: graphics.cfg 2010/04/23 v1.9 graphics configuration of TeX Live
)
Package graphics Info: Driver file: pdftex.def on input line 95.

(/usr/share/texlive/texmf-dist/tex/latex/pdftex-def/pdftex.def
File: pdftex.def 2011/05/27 v0.06d Graphics/color for pdfTeX

(/usr/share/texlive/texmf-dist/tex/generic/oberdiek/infwarerr.sty
Package: infwarerr 2010/04/08 v1.3 Providing info/warning/error messages (HO)
)
(/usr/share/texlive/texmf-dist/tex/generic/oberdiek/ltxcmds.sty
Package: ltxcmds 2011/11/09 v1.22 LaTeX kernel commands for general use (HO)
)
\Gread@gobject=\count87
))
\Gin@req@height=\dimen103
\Gin@req@width=\dimen104
)
(/usr/share/texlive/texmf-dist/tex/latex/tools/bm.sty
Package: bm 2014/10/28 v1.1c Bold Symbol Support (DPC/FMi)
\symboldoperators=\mathgroup4
\symboldletters=\mathgroup5
\symboldsymbols=\mathgroup6
LaTeX Font Info:    Redeclaring math alphabet \mathbf on input line 141.
LaTeX Info: Redefining \bm on input line 207.
)
(/usr/share/texlive/texmf-dist/tex/latex/siunitx/siunitx.sty
(/usr/share/texlive/texmf-dist/tex/latex/l3kernel/expl3.sty
Package: expl3 2016/01/19 v6377 L3 programming layer (loader) 

(/usr/share/texlive/texmf-dist/tex/latex/l3kernel/expl3-code.tex
Package: expl3 2016/01/19 v6377 L3 programming layer (code)
L3 Module: l3bootstrap 2016/01/01 v6339 L3 Bootstrap code
L3 Module: l3names 2015/12/21 v6328 L3 Namespace for primitives
L3 Module: l3basics 2015/11/22 v6315 L3 Basic definitions
L3 Module: l3expan 2015/09/10 v5983 L3 Argument expansion
L3 Module: l3tl 2015/09/29 v6121 L3 Token lists
L3 Module: l3str 2016/01/03 v6357 L3 Strings
L3 Module: l3seq 2015/08/05 v5777 L3 Sequences and stacks
L3 Module: l3int 2016/01/05 v6366 L3 Integers
\c_max_int=\count88
\l_tmpa_int=\count89
\l_tmpb_int=\count90
\g_tmpa_int=\count91
\g_tmpb_int=\count92
L3 Module: l3quark 2015/08/17 v5855 L3 Quarks
L3 Module: l3prg 2015/11/01 v6216 L3 Control structures
\g__prg_map_int=\count93
L3 Module: l3clist 2015/09/02 v5901 L3 Comma separated lists
L3 Module: l3token 2015/11/11 v6249 L3 Experimental token manipulation
L3 Module: l3prop 2016/01/05 v6366 L3 Property lists
L3 Module: l3msg 2015/09/28 v6113 L3 Messages
L3 Module: l3file 2015/12/03 v6317 L3 File and I/O operations
\l_iow_line_count_int=\count94
\l__iow_target_count_int=\count95
\l__iow_current_line_int=\count96
\l__iow_current_word_int=\count97
\l__iow_current_indentation_int=\count98
L3 Module: l3skip 2016/01/05 v6366 L3 Dimensions and skips
\c_zero_dim=\dimen105
\c_max_dim=\dimen106
\l_tmpa_dim=\dimen107
\l_tmpb_dim=\dimen108
\g_tmpa_dim=\dimen109
\g_tmpb_dim=\dimen110
\c_zero_skip=\skip43
\c_max_skip=\skip44
\l_tmpa_skip=\skip45
\l_tmpb_skip=\skip46
\g_tmpa_skip=\skip47
\g_tmpb_skip=\skip48
\c_zero_muskip=\muskip10
\c_max_muskip=\muskip11
\l_tmpa_muskip=\muskip12
\l_tmpb_muskip=\muskip13
\g_tmpa_muskip=\muskip14
\g_tmpb_muskip=\muskip15
L3 Module: l3keys 2015/11/17 v6284 L3 Key-value interfaces
\g__keyval_level_int=\count99
\l_keys_choice_int=\count100
L3 Module: l3fp 2015/08/25 v5890 L3 Floating points
\c__fp_leading_shift_int=\count101
\c__fp_middle_shift_int=\count102
\c__fp_trailing_shift_int=\count103
\c__fp_big_leading_shift_int=\count104
\c__fp_big_middle_shift_int=\count105
\c__fp_big_trailing_shift_int=\count106
\c__fp_Bigg_leading_shift_int=\count107
\c__fp_Bigg_middle_shift_int=\count108
\c__fp_Bigg_trailing_shift_int=\count109
L3 Module: l3box 2015/08/09 v5822 L3 Experimental boxes
\c_empty_box=\box26
\l_tmpa_box=\box27
\l_tmpb_box=\box28
\g_tmpa_box=\box29
\g_tmpb_box=\box30
L3 Module: l3coffins 2015/08/06 v5789 L3 Coffin code layer
\l__coffin_internal_box=\box31
\l__coffin_internal_dim=\dimen111
\l__coffin_offset_x_dim=\dimen112
\l__coffin_offset_y_dim=\dimen113
\l__coffin_x_dim=\dimen114
\l__coffin_y_dim=\dimen115
\l__coffin_x_prime_dim=\dimen116
\l__coffin_y_prime_dim=\dimen117
\c_empty_coffin=\box32
\l__coffin_aligned_coffin=\box33
\l__coffin_aligned_internal_coffin=\box34
\l_tmpa_coffin=\box35
\l_tmpb_coffin=\box36
\l__coffin_display_coffin=\box37
\l__coffin_display_coord_coffin=\box38
\l__coffin_display_pole_coffin=\box39
\l__coffin_display_offset_dim=\dimen118
\l__coffin_display_x_dim=\dimen119
\l__coffin_display_y_dim=\dimen120
L3 Module: l3color 2014/08/23 v5354 L3 Experimental color support
L3 Module: l3sys 2015/09/25 v6087 L3 Experimental system/runtime functions
L3 Module: l3candidates 2016/01/14 v6376 L3 Experimental additions to l3kernel
\l__box_top_dim=\dimen121
\l__box_bottom_dim=\dimen122
\l__box_left_dim=\dimen123
\l__box_right_dim=\dimen124
\l__box_top_new_dim=\dimen125
\l__box_bottom_new_dim=\dimen126
\l__box_left_new_dim=\dimen127
\l__box_right_new_dim=\dimen128
\l__box_internal_box=\box40
\l__coffin_bounding_shift_dim=\dimen129
\l__coffin_left_corner_dim=\dimen130
\l__coffin_right_corner_dim=\dimen131
\l__coffin_bottom_corner_dim=\dimen132
\l__coffin_top_corner_dim=\dimen133
\l__coffin_scaled_total_height_dim=\dimen134
\l__coffin_scaled_width_dim=\dimen135
L3 Module: l3luatex 2015/11/11 v6250 L3 Experimental LuaTeX-specific functions
)
(/usr/share/texlive/texmf-dist/tex/latex/l3kernel/l3pdfmode.def
File: l3pdfmode.def 2015/11/11 v6250 L3 Experimental driver: PDF mode
\l__driver_color_stack_int=\count110
))
(/usr/share/texlive/texmf-dist/tex/latex/l3packages/xparse/xparse.sty
Package: xparse 2016/01/19 v6377 L3 Experimental document command parser
\l__xparse_current_arg_int=\count111
\l__xparse_m_args_int=\count112
\l__xparse_mandatory_args_int=\count113
\l__xparse_processor_int=\count114
\l__xparse_v_nesting_int=\count115
)
Package: siunitx 2016/03/01 v2.6q A comprehensive (SI) units package

(/usr/share/texlive/texmf-dist/tex/latex/amsmath/amstext.sty
Package: amstext 2000/06/29 v2.01 AMS text

(/usr/share/texlive/texmf-dist/tex/latex/amsmath/amsgen.sty
File: amsgen.sty 1999/11/30 v2.0 generic functions
\@emptytoks=\toks15
\ex@=\dimen136
))
(/usr/share/texlive/texmf-dist/tex/latex/tools/array.sty
Package: array 2014/10/28 v2.4c Tabular extension package (FMi)
\col@sep=\dimen137
\extrarowheight=\dimen138
\NC@list=\toks16
\extratabsurround=\skip49
\backup@length=\skip50
)
(/usr/share/texlive/texmf-dist/tex/latex/l3packages/l3keys2e/l3keys2e.sty
Package: l3keys2e 2016/01/19 v6377 LaTeX2e option processing using LaTeX3 keys
)
\l__siunitx_tmp_box=\box41
\l__siunitx_tmp_dim=\dimen139
\l__siunitx_tmp_int=\count116
\l__siunitx_number_mantissa_length_int=\count117
\l__siunitx_number_uncert_length_int=\count118
\l__siunitx_round_int=\count119
\l__siunitx_process_decimal_int=\count120
\l__siunitx_process_uncertainty_int=\count121
\l__siunitx_process_fixed_int=\count122
\l__siunitx_process_integer_min_int=\count123
\l__siunitx_process_precision_int=\count124
\l__siunitx_group_min_int=\count125
\l__siunitx_angle_marker_box=\box42
\l__siunitx_angle_unit_box=\box43
\l__siunitx_angle_marker_dim=\dimen140
\l__siunitx_angle_unit_dim=\dimen141
\l__siunitx_unit_int=\count126
\l__siunitx_unit_denominator_int=\count127
\l__siunitx_unit_numerator_int=\count128
\l__siunitx_unit_prefix_int=\count129
\l__siunitx_unit_prefix_base_int=\count130
\l__siunitx_unit_prefix_gram_int=\count131
\l__siunitx_number_product_int=\count132
\c__siunitx_one_fill_skip=\skip51
\l__siunitx_table_unit_align_skip=\skip52
\l__siunitx_table_exponent_dim=\dimen142
\l__siunitx_table_integer_dim=\dimen143
\l__siunitx_table_mantissa_dim=\dimen144
\l__siunitx_table_marker_dim=\dimen145
\l__siunitx_table_result_dim=\dimen146
\l__siunitx_table_uncert_dim=\dimen147
\l__siunitx_table_fill_pre_dim=\dimen148
\l__siunitx_table_fill_post_dim=\dimen149
\l__siunitx_table_fill_mid_dim=\dimen150
\l__siunitx_table_pre_box=\box44
\l__siunitx_table_post_box=\box45
\l__siunitx_table_mantissa_box=\box46
\l__siunitx_table_result_box=\box47
\l__siunitx_table_number_align_skip=\skip53
\l__siunitx_table_text_align_skip=\skip54
.................................................
. LaTeX info: "xparse/define-command"
. 
. Defining command \DeclareBinaryPrefix with sig. 'mmm' on line 7218.
.................................................
.................................................
. LaTeX info: "xparse/define-command"
. 
. Defining command \DeclareSIPostPower with sig. 'mm' on line 7221.
.................................................
.................................................
. LaTeX info: "xparse/define-command"
. 
. Defining command \DeclareSIPrefix with sig. 'mmm' on line 7224.
.................................................
.................................................
. LaTeX info: "xparse/define-command"
. 
. Defining command \DeclareSIPrePower with sig. 'mm' on line 7227.
.................................................
.................................................
. LaTeX info: "xparse/define-command"
. 
. Defining command \DeclareSIQualifier with sig. 'mm' on line 7230.
.................................................
.................................................
. LaTeX info: "xparse/define-command"
. 
. Defining command \DeclareSIUnit with sig. 'O{}mm' on line 7233.
.................................................
.................................................
. LaTeX info: "xparse/define-command"
. 
. Defining command \DeclareSIUnitWithOptions with sig. 'mmm' on line 7236.
.................................................
.................................................
. LaTeX info: "xparse/define-command"
. 
. Defining command \ang with sig. 'o>{\SplitArgument {2}{;}}m' on line 7251.
.................................................
.................................................
. LaTeX info: "xparse/define-command"
. 
. Defining command \num with sig. 'om' on line 7260.
.................................................
.................................................
. LaTeX info: "xparse/define-command"
. 
. Defining command \numlist with sig. 'o>{\SplitList {;}}m' on line 7269.
.................................................
.................................................
. LaTeX info: "xparse/define-command"
. 
. Defining command \numrange with sig. 'omm' on line 7278.
.................................................
.................................................
. LaTeX info: "xparse/define-command"
. 
. Defining command \SIlist with sig. 'o>{\SplitList {;}}mm' on line 7290.
.................................................
.................................................
. LaTeX info: "xparse/define-command"
. 
. Defining command \SIrange with sig. 'ommm' on line 7302.
.................................................
.................................................
. LaTeX info: "xparse/define-command"
. 
. Defining command \SI with sig. 'omom' on line 7314.
.................................................
.................................................
. LaTeX info: "xparse/define-command"
. 
. Defining command \sisetup with sig. 'm' on line 7317.
.................................................
.................................................
. LaTeX info: "xparse/define-command"
. 
. Defining command \tablenum with sig. 'om' on line 7332.
.................................................
.................................................
. LaTeX info: "xparse/define-command"
. 
. Defining command \si with sig. 'om' on line 7344.
.................................................
.................................................
. LaTeX info: "xparse/define-command"
. 
. Defining command \__siunitx_bookmark_num:w with sig. 'om' on line 7391.
.................................................
.................................................
. LaTeX info: "xparse/define-command"
. 
. Defining command \__siunitx_bookmark_numrange:w with sig. 'omm' on line
. 7393.
.................................................
.................................................
. LaTeX info: "xparse/define-command"
. 
. Defining command \__siunitx_bookmark_SI:w with sig. 'omom' on line 7395.
.................................................
.................................................
. LaTeX info: "xparse/define-command"
. 
. Defining command \__siunitx_bookmark_SIlist:w with sig. 'omm' on line 7397.
.................................................
.................................................
. LaTeX info: "xparse/define-command"
. 
. Defining command \__siunitx_bookmark_SIrange:w with sig. 'ommm' on line
. 7399.
.................................................
.................................................
. LaTeX info: "xparse/define-command"
. 
. Defining command \__siunitx_bookmark_si:w with sig. 'om' on line 7400.
.................................................
\g__file_internal_ior=\read1

(/usr/share/texlive/texmf-dist/tex/latex/beamer/translator/translator.sty
Package: translator 2010/06/12 ver 1.10

(/usr/share/texlive/texmf-dist/tex/latex/beamer/translator/translator-language-
mappings.tex))) (/usr/share/texlive/texmf-dist/tex/latex/booktabs/booktabs.sty
Package: booktabs 2005/04/14 v1.61803 publication quality tables
\heavyrulewidth=\dimen151
\lightrulewidth=\dimen152
\cmidrulewidth=\dimen153
\belowrulesep=\dimen154
\belowbottomsep=\dimen155
\aboverulesep=\dimen156
\abovetopsep=\dimen157
\cmidrulesep=\dimen158
\cmidrulekern=\dimen159
\defaultaddspace=\dimen160
\@cmidla=\count133
\@cmidlb=\count134
\@aboverulesep=\dimen161
\@belowrulesep=\dimen162
\@thisruleclass=\count135
\@lastruleclass=\count136
\@thisrulewidth=\dimen163
) (/usr/share/texlive/texmf-dist/tex/latex/xcolor/xcolor.sty
Package: xcolor 2007/01/21 v2.11 LaTeX color extensions (UK)

(/usr/share/texlive/texmf-dist/tex/latex/latexconfig/color.cfg
File: color.cfg 2007/01/18 v1.5 color configuration of teTeX/TeXLive
)
Package xcolor Info: Driver file: pdftex.def on input line 225.
Package xcolor Info: Model `cmy' substituted by `cmy0' on input line 1337.
Package xcolor Info: Model `hsb' substituted by `rgb' on input line 1341.
Package xcolor Info: Model `RGB' extended on input line 1353.
Package xcolor Info: Model `HTML' substituted by `rgb' on input line 1355.
Package xcolor Info: Model `Hsb' substituted by `hsb' on input line 1356.
Package xcolor Info: Model `tHsb' substituted by `hsb' on input line 1357.
Package xcolor Info: Model `HSB' substituted by `hsb' on input line 1358.
Package xcolor Info: Model `Gray' substituted by `gray' on input line 1359.
Package xcolor Info: Model `wave' substituted by `hsb' on input line 1360.
)
(/usr/share/texlive/texmf-dist/tex/latex/preprint/authblk.sty
Package: authblk 2001/02/27 1.3 (PWD)
\affilsep=\skip55
\@affilsep=\skip56
\c@Maxaffil=\count137
\c@authors=\count138
\c@affil=\count139
)
(/usr/share/texlive/texmf-dist/tex/latex/amsmath/amsmath.sty
Package: amsmath 2016/03/03 v2.15a AMS math features
\@mathmargin=\skip57

For additional information on amsmath, use the `?' option.
(/usr/share/texlive/texmf-dist/tex/latex/amsmath/amsbsy.sty
Package: amsbsy 1999/11/29 v1.2d Bold Symbols
LaTeX Info: Redefining \boldsymbol on input line 28.
\pmbraise@=\dimen164
)
(/usr/share/texlive/texmf-dist/tex/latex/amsmath/amsopn.sty
Package: amsopn 1999/12/14 v2.01 operator names
)
\inf@bad=\count140
LaTeX Info: Redefining \frac on input line 199.
\uproot@=\count141
\leftroot@=\count142
LaTeX Info: Redefining \overline on input line 297.
\classnum@=\count143
\DOTSCASE@=\count144
LaTeX Info: Redefining \ldots on input line 394.
LaTeX Info: Redefining \dots on input line 397.
LaTeX Info: Redefining \cdots on input line 518.
\Mathstrutbox@=\box48
\strutbox@=\box49
\big@size=\dimen165
LaTeX Font Info:    Redeclaring font encoding OML on input line 630.
LaTeX Font Info:    Redeclaring font encoding OMS on input line 631.
\macc@depth=\count145
\c@MaxMatrixCols=\count146
\dotsspace@=\muskip16
\c@parentequation=\count147
\dspbrk@lvl=\count148
\tag@help=\toks17
\row@=\count149
\column@=\count150
\maxfields@=\count151
\andhelp@=\toks18
\eqnshift@=\dimen166
\alignsep@=\dimen167
\tagshift@=\dimen168
\tagwidth@=\dimen169
\totwidth@=\dimen170
\lineht@=\dimen171
\@envbody=\toks19
\multlinegap=\skip58
\multlinetaggap=\skip59
\mathdisplay@stack=\toks20
LaTeX Info: Redefining \[ on input line 2735.
LaTeX Info: Redefining \] on input line 2736.
)
(/usr/share/texlive/texmf-dist/tex/latex/amsfonts/amssymb.sty
Package: amssymb 2013/01/14 v3.01 AMS font symbols

(/usr/share/texlive/texmf-dist/tex/latex/amsfonts/amsfonts.sty
Package: amsfonts 2013/01/14 v3.01 Basic AMSFonts support
\symAMSa=\mathgroup7
\symAMSb=\mathgroup8
LaTeX Font Info:    Overwriting math alphabet `\mathfrak' in version `bold'
(Font)                  U/euf/m/n --> U/euf/b/n on input line 106.
))
(/usr/share/texlive/texmf-dist/tex/latex/amscls/amsthm.sty
Package: amsthm 2015/03/04 v2.20.2
\thm@style=\toks21
\thm@bodyfont=\toks22
\thm@headfont=\toks23
\thm@notefont=\toks24
\thm@headpunct=\toks25
\thm@preskip=\skip60
\thm@postskip=\skip61
\thm@headsep=\skip62
\dth@everypar=\toks26
)
(/usr/share/texlive/texmf-dist/tex/latex/todonotes/todonotes.sty
Package: todonotes 2015/07/09 .dtx Todonotes source and documentation.
Package: todonotes 2012/07/25

(/usr/share/texlive/texmf-dist/tex/latex/base/ifthen.sty
Package: ifthen 2014/09/29 v1.1c Standard LaTeX ifthen package (DPC)
)
(/usr/share/texlive/texmf-dist/tex/latex/xkeyval/xkeyval.sty
Package: xkeyval 2014/12/03 v2.7a package option processing (HA)

(/usr/share/texlive/texmf-dist/tex/generic/xkeyval/xkeyval.tex
(/usr/share/texlive/texmf-dist/tex/generic/xkeyval/xkvutils.tex
\XKV@toks=\toks27
\XKV@tempa@toks=\toks28
)
\XKV@depth=\count152
File: xkeyval.tex 2014/12/03 v2.7a key=value parser (HA)
))
(/usr/share/texlive/texmf-dist/tex/latex/pgf/frontendlayer/tikz.sty
(/usr/share/texlive/texmf-dist/tex/latex/pgf/basiclayer/pgf.sty
(/usr/share/texlive/texmf-dist/tex/latex/pgf/utilities/pgfrcs.sty
(/usr/share/texlive/texmf-dist/tex/generic/pgf/utilities/pgfutil-common.tex
\pgfutil@everybye=\toks29
\pgfutil@tempdima=\dimen172
\pgfutil@tempdimb=\dimen173

(/usr/share/texlive/texmf-dist/tex/generic/pgf/utilities/pgfutil-common-lists.t
ex)) (/usr/share/texlive/texmf-dist/tex/generic/pgf/utilities/pgfutil-latex.def
\pgfutil@abb=\box50
(/usr/share/texlive/texmf-dist/tex/latex/ms/everyshi.sty
Package: everyshi 2001/05/15 v3.00 EveryShipout Package (MS)
))
(/usr/share/texlive/texmf-dist/tex/generic/pgf/utilities/pgfrcs.code.tex
Package: pgfrcs 2015/08/07 v3.0.1a (rcs-revision 1.31)
))
Package: pgf 2015/08/07 v3.0.1a (rcs-revision 1.15)

(/usr/share/texlive/texmf-dist/tex/latex/pgf/basiclayer/pgfcore.sty
(/usr/share/texlive/texmf-dist/tex/latex/pgf/systemlayer/pgfsys.sty
(/usr/share/texlive/texmf-dist/tex/generic/pgf/systemlayer/pgfsys.code.tex
Package: pgfsys 2014/07/09 v3.0.1a (rcs-revision 1.48)

(/usr/share/texlive/texmf-dist/tex/generic/pgf/utilities/pgfkeys.code.tex
\pgfkeys@pathtoks=\toks30
\pgfkeys@temptoks=\toks31

(/usr/share/texlive/texmf-dist/tex/generic/pgf/utilities/pgfkeysfiltered.code.t
ex
\pgfkeys@tmptoks=\toks32
))
\pgf@x=\dimen174
\pgf@y=\dimen175
\pgf@xa=\dimen176
\pgf@ya=\dimen177
\pgf@xb=\dimen178
\pgf@yb=\dimen179
\pgf@xc=\dimen180
\pgf@yc=\dimen181
\w@pgf@writea=\write3
\r@pgf@reada=\read2
\c@pgf@counta=\count153
\c@pgf@countb=\count154
\c@pgf@countc=\count155
\c@pgf@countd=\count156
\t@pgf@toka=\toks33
\t@pgf@tokb=\toks34
\t@pgf@tokc=\toks35
 (/usr/share/texlive/texmf-dist/tex/generic/pgf/systemlayer/pgf.cfg
File: pgf.cfg 2008/05/14  (rcs-revision 1.7)
)
Driver file for pgf: pgfsys-pdftex.def

(/usr/share/texlive/texmf-dist/tex/generic/pgf/systemlayer/pgfsys-pdftex.def
File: pgfsys-pdftex.def 2014/10/11  (rcs-revision 1.35)

(/usr/share/texlive/texmf-dist/tex/generic/pgf/systemlayer/pgfsys-common-pdf.de
f
File: pgfsys-common-pdf.def 2013/10/10  (rcs-revision 1.13)
)))
(/usr/share/texlive/texmf-dist/tex/generic/pgf/systemlayer/pgfsyssoftpath.code.
tex
File: pgfsyssoftpath.code.tex 2013/09/09  (rcs-revision 1.9)
\pgfsyssoftpath@smallbuffer@items=\count157
\pgfsyssoftpath@bigbuffer@items=\count158
)
(/usr/share/texlive/texmf-dist/tex/generic/pgf/systemlayer/pgfsysprotocol.code.
tex
File: pgfsysprotocol.code.tex 2006/10/16  (rcs-revision 1.4)
))
(/usr/share/texlive/texmf-dist/tex/generic/pgf/basiclayer/pgfcore.code.tex
Package: pgfcore 2010/04/11 v3.0.1a (rcs-revision 1.7)

(/usr/share/texlive/texmf-dist/tex/generic/pgf/math/pgfmath.code.tex
(/usr/share/texlive/texmf-dist/tex/generic/pgf/math/pgfmathcalc.code.tex
(/usr/share/texlive/texmf-dist/tex/generic/pgf/math/pgfmathutil.code.tex)
(/usr/share/texlive/texmf-dist/tex/generic/pgf/math/pgfmathparser.code.tex
\pgfmath@dimen=\dimen182
\pgfmath@count=\count159
\pgfmath@box=\box51
\pgfmath@toks=\toks36
\pgfmath@stack@operand=\toks37
\pgfmath@stack@operation=\toks38
)
(/usr/share/texlive/texmf-dist/tex/generic/pgf/math/pgfmathfunctions.code.tex
(/usr/share/texlive/texmf-dist/tex/generic/pgf/math/pgfmathfunctions.basic.code
.tex)
(/usr/share/texlive/texmf-dist/tex/generic/pgf/math/pgfmathfunctions.trigonomet
ric.code.tex)
(/usr/share/texlive/texmf-dist/tex/generic/pgf/math/pgfmathfunctions.random.cod
e.tex)
(/usr/share/texlive/texmf-dist/tex/generic/pgf/math/pgfmathfunctions.comparison
.code.tex)
(/usr/share/texlive/texmf-dist/tex/generic/pgf/math/pgfmathfunctions.base.code.
tex)
(/usr/share/texlive/texmf-dist/tex/generic/pgf/math/pgfmathfunctions.round.code
.tex)
(/usr/share/texlive/texmf-dist/tex/generic/pgf/math/pgfmathfunctions.misc.code.
tex)
(/usr/share/texlive/texmf-dist/tex/generic/pgf/math/pgfmathfunctions.integerari
thmetics.code.tex)))
(/usr/share/texlive/texmf-dist/tex/generic/pgf/math/pgfmathfloat.code.tex
\c@pgfmathroundto@lastzeros=\count160
))
(/usr/share/texlive/texmf-dist/tex/generic/pgf/basiclayer/pgfcorepoints.code.te
x
File: pgfcorepoints.code.tex 2013/10/07  (rcs-revision 1.27)
\pgf@picminx=\dimen183
\pgf@picmaxx=\dimen184
\pgf@picminy=\dimen185
\pgf@picmaxy=\dimen186
\pgf@pathminx=\dimen187
\pgf@pathmaxx=\dimen188
\pgf@pathminy=\dimen189
\pgf@pathmaxy=\dimen190
\pgf@xx=\dimen191
\pgf@xy=\dimen192
\pgf@yx=\dimen193
\pgf@yy=\dimen194
\pgf@zx=\dimen195
\pgf@zy=\dimen196
)
(/usr/share/texlive/texmf-dist/tex/generic/pgf/basiclayer/pgfcorepathconstruct.
code.tex
File: pgfcorepathconstruct.code.tex 2013/10/07  (rcs-revision 1.29)
\pgf@path@lastx=\dimen197
\pgf@path@lasty=\dimen198
)
(/usr/share/texlive/texmf-dist/tex/generic/pgf/basiclayer/pgfcorepathusage.code
.tex
File: pgfcorepathusage.code.tex 2014/11/02  (rcs-revision 1.24)
\pgf@shorten@end@additional=\dimen199
\pgf@shorten@start@additional=\dimen256
)
(/usr/share/texlive/texmf-dist/tex/generic/pgf/basiclayer/pgfcorescopes.code.te
x
File: pgfcorescopes.code.tex 2015/05/08  (rcs-revision 1.46)
\pgfpic=\box52
\pgf@hbox=\box53
\pgf@layerbox@main=\box54
\pgf@picture@serial@count=\count161
)
(/usr/share/texlive/texmf-dist/tex/generic/pgf/basiclayer/pgfcoregraphicstate.c
ode.tex
File: pgfcoregraphicstate.code.tex 2014/11/02  (rcs-revision 1.12)
\pgflinewidth=\dimen257
)
(/usr/share/texlive/texmf-dist/tex/generic/pgf/basiclayer/pgfcoretransformation
s.code.tex
File: pgfcoretransformations.code.tex 2015/08/07  (rcs-revision 1.20)
\pgf@pt@x=\dimen258
\pgf@pt@y=\dimen259
\pgf@pt@temp=\dimen260
)
(/usr/share/texlive/texmf-dist/tex/generic/pgf/basiclayer/pgfcorequick.code.tex
File: pgfcorequick.code.tex 2008/10/09  (rcs-revision 1.3)
)
(/usr/share/texlive/texmf-dist/tex/generic/pgf/basiclayer/pgfcoreobjects.code.t
ex
File: pgfcoreobjects.code.tex 2006/10/11  (rcs-revision 1.2)
)
(/usr/share/texlive/texmf-dist/tex/generic/pgf/basiclayer/pgfcorepathprocessing
.code.tex
File: pgfcorepathprocessing.code.tex 2013/09/09  (rcs-revision 1.9)
)
(/usr/share/texlive/texmf-dist/tex/generic/pgf/basiclayer/pgfcorearrows.code.te
x
File: pgfcorearrows.code.tex 2015/05/14  (rcs-revision 1.43)
\pgfarrowsep=\dimen261
)
(/usr/share/texlive/texmf-dist/tex/generic/pgf/basiclayer/pgfcoreshade.code.tex
File: pgfcoreshade.code.tex 2013/07/15  (rcs-revision 1.15)
\pgf@max=\dimen262
\pgf@sys@shading@range@num=\count162
)
(/usr/share/texlive/texmf-dist/tex/generic/pgf/basiclayer/pgfcoreimage.code.tex
File: pgfcoreimage.code.tex 2013/07/15  (rcs-revision 1.18)

(/usr/share/texlive/texmf-dist/tex/generic/pgf/basiclayer/pgfcoreexternal.code.
tex
File: pgfcoreexternal.code.tex 2014/07/09  (rcs-revision 1.21)
\pgfexternal@startupbox=\box55
))
(/usr/share/texlive/texmf-dist/tex/generic/pgf/basiclayer/pgfcorelayers.code.te
x
File: pgfcorelayers.code.tex 2013/07/18  (rcs-revision 1.7)
)
(/usr/share/texlive/texmf-dist/tex/generic/pgf/basiclayer/pgfcoretransparency.c
ode.tex
File: pgfcoretransparency.code.tex 2013/09/30  (rcs-revision 1.5)
)
(/usr/share/texlive/texmf-dist/tex/generic/pgf/basiclayer/pgfcorepatterns.code.
tex
File: pgfcorepatterns.code.tex 2013/11/07  (rcs-revision 1.5)
)))
(/usr/share/texlive/texmf-dist/tex/generic/pgf/modules/pgfmoduleshapes.code.tex
File: pgfmoduleshapes.code.tex 2014/03/21  (rcs-revision 1.35)
\pgfnodeparttextbox=\box56
) (/usr/share/texlive/texmf-dist/tex/generic/pgf/modules/pgfmoduleplot.code.tex
File: pgfmoduleplot.code.tex 2015/08/03  (rcs-revision 1.13)
)
(/usr/share/texlive/texmf-dist/tex/latex/pgf/compatibility/pgfcomp-version-0-65
.sty
Package: pgfcomp-version-0-65 2007/07/03 v3.0.1a (rcs-revision 1.7)
\pgf@nodesepstart=\dimen263
\pgf@nodesepend=\dimen264
)
(/usr/share/texlive/texmf-dist/tex/latex/pgf/compatibility/pgfcomp-version-1-18
.sty
Package: pgfcomp-version-1-18 2007/07/23 v3.0.1a (rcs-revision 1.1)
)) (/usr/share/texlive/texmf-dist/tex/latex/pgf/utilities/pgffor.sty
(/usr/share/texlive/texmf-dist/tex/latex/pgf/utilities/pgfkeys.sty
(/usr/share/texlive/texmf-dist/tex/generic/pgf/utilities/pgfkeys.code.tex))
(/usr/share/texlive/texmf-dist/tex/latex/pgf/math/pgfmath.sty
(/usr/share/texlive/texmf-dist/tex/generic/pgf/math/pgfmath.code.tex))
(/usr/share/texlive/texmf-dist/tex/generic/pgf/utilities/pgffor.code.tex
Package: pgffor 2013/12/13 v3.0.1a (rcs-revision 1.25)

(/usr/share/texlive/texmf-dist/tex/generic/pgf/math/pgfmath.code.tex)
\pgffor@iter=\dimen265
\pgffor@skip=\dimen266
\pgffor@stack=\toks39
\pgffor@toks=\toks40
))
(/usr/share/texlive/texmf-dist/tex/generic/pgf/frontendlayer/tikz/tikz.code.tex
Package: tikz 2015/08/07 v3.0.1a (rcs-revision 1.151)

(/usr/share/texlive/texmf-dist/tex/generic/pgf/libraries/pgflibraryplothandlers
.code.tex
File: pgflibraryplothandlers.code.tex 2013/08/31 v3.0.1a (rcs-revision 1.20)
\pgf@plot@mark@count=\count163
\pgfplotmarksize=\dimen267
)
\tikz@lastx=\dimen268
\tikz@lasty=\dimen269
\tikz@lastxsaved=\dimen270
\tikz@lastysaved=\dimen271
\tikzleveldistance=\dimen272
\tikzsiblingdistance=\dimen273
\tikz@figbox=\box57
\tikz@figbox@bg=\box58
\tikz@tempbox=\box59
\tikz@tempbox@bg=\box60
\tikztreelevel=\count164
\tikznumberofchildren=\count165
\tikznumberofcurrentchild=\count166
\tikz@fig@count=\count167

(/usr/share/texlive/texmf-dist/tex/generic/pgf/modules/pgfmodulematrix.code.tex
File: pgfmodulematrix.code.tex 2013/09/17  (rcs-revision 1.8)
\pgfmatrixcurrentrow=\count168
\pgfmatrixcurrentcolumn=\count169
\pgf@matrix@numberofcolumns=\count170
)
\tikz@expandcount=\count171

(/usr/share/texlive/texmf-dist/tex/generic/pgf/frontendlayer/tikz/libraries/tik
zlibrarytopaths.code.tex
File: tikzlibrarytopaths.code.tex 2008/06/17 v3.0.1a (rcs-revision 1.2)
)))
(/usr/share/texlive/texmf-dist/tex/generic/pgf/frontendlayer/tikz/libraries/tik
zlibrarypositioning.code.tex
File: tikzlibrarypositioning.code.tex 2008/10/06 v3.0.1a (rcs-revision 1.7)
)
(/usr/share/texlive/texmf-dist/tex/latex/tools/calc.sty
Package: calc 2014/10/28 v4.3 Infix arithmetic (KKT,FJ)
\calc@Acount=\count172
\calc@Bcount=\count173
\calc@Adimen=\dimen274
\calc@Bdimen=\dimen275
\calc@Askip=\skip63
\calc@Bskip=\skip64
LaTeX Info: Redefining \setlength on input line 80.
LaTeX Info: Redefining \addtolength on input line 81.
\calc@Ccount=\count174
\calc@Cskip=\skip65
)
\c@@todonotes@numberoftodonotes=\count175
)
(/usr/share/texlive/texmf-dist/tex/latex/float/float.sty
Package: float 2001/11/08 v1.3d Float enhancements (AL)
\c@float@type=\count176
\float@exts=\toks41
\float@box=\box61
\@float@everytoks=\toks42
\@floatcapt=\box62
)
(/usr/share/texlive/texmf-dist/tex/latex/commath/commath.sty)
(/usr/share/texlive/texmf-dist/tex/latex/fancybox/fancybox.sty
Package: fancybox 2010/05/15 1.4

Style option: `fancybox' v1.4 <2010/05/15> (tvz)
\@fancybox=\box63
\shadowsize=\dimen276
\@Sbox=\box64
\do@VerbBox=\toks43
\the@fancyput=\toks44
\this@fancyput=\toks45
\EndVerbatimTokens=\toks46
\Verbatim@Outfile=\write4
\Verbatim@Infile=\read3
) (/usr/share/texlive/texmf-dist/tex/latex/url/url.sty
\Urlmuskip=\muskip17
Package: url 2013/09/16  ver 3.4  Verb mode for urls, etc.
)
\c@Def=\count177
\c@Eg=\count178
\c@Rm=\count179
\c@Ex=\count180

(/usr/share/texlive/texmf-dist/tex/latex/biblatex/biblatex.sty
Package: biblatex 2016/03/03 v3.3 programmable bibliographies (PK/JW/AB)

(/usr/share/texlive/texmf-dist/tex/latex/biblatex/biblatex_.sty
Package: biblatex_ 2016/03/03 v3.3 programmable bibliographies (biber) (PK/JW/A
B)

(/usr/share/texlive/texmf-dist/tex/latex/etoolbox/etoolbox.sty
Package: etoolbox 2015/08/02 v2.2a e-TeX tools for LaTeX (JAW)
\etb@tempcnta=\count181
)
(/usr/share/texlive/texmf-dist/tex/latex/oberdiek/kvoptions.sty
Package: kvoptions 2011/06/30 v3.11 Key value format for package options (HO)

(/usr/share/texlive/texmf-dist/tex/generic/oberdiek/kvsetkeys.sty
Package: kvsetkeys 2012/04/25 v1.16 Key value parser (HO)

(/usr/share/texlive/texmf-dist/tex/generic/oberdiek/etexcmds.sty
Package: etexcmds 2011/02/16 v1.5 Avoid name clashes with e-TeX commands (HO)

(/usr/share/texlive/texmf-dist/tex/generic/oberdiek/ifluatex.sty
Package: ifluatex 2010/03/01 v1.3 Provides the ifluatex switch (HO)
Package ifluatex Info: LuaTeX not detected.
)
Package etexcmds Info: Could not find \expanded.
(etexcmds)             That can mean that you are not using pdfTeX 1.50 or
(etexcmds)             that some package has redefined \expanded.
(etexcmds)             In the latter case, load this package earlier.
)))
(/usr/share/texlive/texmf-dist/tex/latex/logreq/logreq.sty
Package: logreq 2010/08/04 v1.0 xml request logger
\lrq@indent=\count182

(/usr/share/texlive/texmf-dist/tex/latex/logreq/logreq.def
File: logreq.def 2010/08/04 v1.0 logreq spec v1.0
))
\c@tabx@nest=\count183
\c@listtotal=\count184
\c@listcount=\count185
\c@liststart=\count186
\c@liststop=\count187
\c@citecount=\count188
\c@citetotal=\count189
\c@multicitecount=\count190
\c@multicitetotal=\count191
\c@instcount=\count192
\c@maxnames=\count193
\c@minnames=\count194
\c@maxitems=\count195
\c@minitems=\count196
\c@citecounter=\count197
\c@savedcitecounter=\count198
\c@uniquelist=\count199
\c@uniquename=\count266
\c@refsection=\count267
\c@refsegment=\count268
\c@maxextratitle=\count269
\c@maxextratitleyear=\count270
\c@maxextrayear=\count271
\c@maxextraalpha=\count272
\c@abbrvpenalty=\count273
\c@highnamepenalty=\count274
\c@lownamepenalty=\count275
\c@maxparens=\count276
\c@parenlevel=\count277
\blx@tempcnta=\count278
\blx@tempcntb=\count279
\blx@tempcntc=\count280
\blx@maxsection=\count281
\blx@maxsegment@0=\count282
\blx@notetype=\count283
\blx@parenlevel@text=\count284
\blx@parenlevel@foot=\count285
\blx@sectionciteorder@0=\count286
\labelnumberwidth=\skip66
\labelalphawidth=\skip67
\biblabelsep=\skip68
\bibitemsep=\skip69
\bibnamesep=\skip70
\bibinitsep=\skip71
\bibparsep=\skip72
\bibhang=\skip73
\blx@bcfin=\read4
\blx@bcfout=\write5
\c@mincomprange=\count287
\c@maxcomprange=\count288
\c@mincompwidth=\count289
Package biblatex Info: Trying to load biblatex default data model...
Package biblatex Info: ... file 'blx-dm.def' found.

(/usr/share/texlive/texmf-dist/tex/latex/biblatex/blx-dm.def)
Package biblatex Info: Trying to load biblatex style data model...
Package biblatex Info: ... file 'authoryear.dbx' not found.
Package biblatex Info: Trying to load biblatex custom data model...
Package biblatex Info: ... file 'biblatex-dm.cfg' not found.
\c@afterword=\count290
\c@savedafterword=\count291
\c@annotator=\count292
\c@savedannotator=\count293
\c@author=\count294
\c@savedauthor=\count295
\c@bookauthor=\count296
\c@savedbookauthor=\count297
\c@commentator=\count298
\c@savedcommentator=\count299
\c@editor=\count300
\c@savededitor=\count301
\c@editora=\count302
\c@savededitora=\count303
\c@editorb=\count304
\c@savededitorb=\count305
\c@editorc=\count306
\c@savededitorc=\count307
\c@foreword=\count308
\c@savedforeword=\count309
\c@holder=\count310
\c@savedholder=\count311
\c@introduction=\count312
\c@savedintroduction=\count313
\c@namea=\count314
\c@savednamea=\count315
\c@nameb=\count316
\c@savednameb=\count317
\c@namec=\count318
\c@savednamec=\count319
\c@translator=\count320
\c@savedtranslator=\count321
\c@shortauthor=\count322
\c@savedshortauthor=\count323
\c@shorteditor=\count324
\c@savedshorteditor=\count325
\c@labelname=\count326
\c@savedlabelname=\count327
\c@institution=\count328
\c@savedinstitution=\count329
\c@lista=\count330
\c@savedlista=\count331
\c@listb=\count332
\c@savedlistb=\count333
\c@listc=\count334
\c@savedlistc=\count335
\c@listd=\count336
\c@savedlistd=\count337
\c@liste=\count338
\c@savedliste=\count339
\c@listf=\count340
\c@savedlistf=\count341
\c@location=\count342
\c@savedlocation=\count343
\c@organization=\count344
\c@savedorganization=\count345
\c@origlocation=\count346
\c@savedoriglocation=\count347
\c@origpublisher=\count348
\c@savedorigpublisher=\count349
\c@publisher=\count350
\c@savedpublisher=\count351
\c@language=\count352
\c@savedlanguage=\count353
\c@pageref=\count354
\c@savedpageref=\count355
\shorthandwidth=\skip74
\shortjournalwidth=\skip75
\shortserieswidth=\skip76
\shorttitlewidth=\skip77
\shortauthorwidth=\skip78
\shorteditorwidth=\skip79
Package biblatex Info: Trying to load compatibility code...
Package biblatex Info: ... file 'blx-compat.def' found.

(/usr/share/texlive/texmf-dist/tex/latex/biblatex/blx-compat.def
File: blx-compat.def 2016/03/03 v3.3 biblatex compatibility (PK/JW/AB)
)
Package biblatex Info: Trying to load generic definitions...
Package biblatex Info: ... file 'biblatex_.def' found.

(/usr/share/texlive/texmf-dist/tex/latex/biblatex/biblatex_.def
File: biblatex_.def 
\c@textcitecount=\count356
\c@textcitetotal=\count357
\c@textcitemaxnames=\count358
\c@biburlnumpenalty=\count359
\c@biburlucpenalty=\count360
\c@biburllcpenalty=\count361
\c@smartand=\count362
)
Package biblatex Info: Trying to load bibliography style 'authoryear'...
Package biblatex Info: ... file 'authoryear.bbx' found.

(/usr/share/texlive/texmf-dist/tex/latex/biblatex/bbx/authoryear.bbx
File: authoryear.bbx 2016/03/03 v3.3 biblatex bibliography style (PK/JW/AB)
Package biblatex Info: Trying to load bibliography style 'standard'...
Package biblatex Info: ... file 'standard.bbx' found.

(/usr/share/texlive/texmf-dist/tex/latex/biblatex/bbx/standard.bbx
File: standard.bbx 2016/03/03 v3.3 biblatex bibliography style (PK/JW/AB)
\c@bbx:relatedcount=\count363
\c@bbx:relatedtotal=\count364
))
Package biblatex Info: Trying to load citation style 'authoryear'...
Package biblatex Info: ... file 'authoryear.cbx' found.

(/usr/share/texlive/texmf-dist/tex/latex/biblatex/cbx/authoryear.cbx
File: authoryear.cbx 2016/03/03 v3.3 biblatex citation style (PK/JW/AB)
Package biblatex Info: Redefining '\cite'.
Package biblatex Info: Redefining '\parencite'.
Package biblatex Info: Redefining '\footcite'.
Package biblatex Info: Redefining '\footcitetext'.
Package biblatex Info: Redefining '\smartcite'.
Package biblatex Info: Redefining '\textcite'.
Package biblatex Info: Redefining '\textcites'.
)
Package biblatex Info: Trying to load configuration file...
Package biblatex Info: ... file 'biblatex.cfg' found.

(/usr/share/texlive/texmf-dist/tex/latex/biblatex/biblatex.cfg
File: biblatex.cfg 
)))
Package biblatex Info: Trying to load language 'english'...
Package biblatex Info: ... file 'english.lbx' found.

(/usr/share/texlive/texmf-dist/tex/latex/biblatex/lbx/english.lbx
File: english.lbx 2016/03/03 v3.3 biblatex localization (PK/JW/AB)
)
\@quotelevel=\count365
\@quotereset=\count366

(./paper_1line.aux)
\openout1 = `paper_1line.aux'.

LaTeX Font Info:    Checking defaults for OML/cmm/m/it on input line 58.
LaTeX Font Info:    ... okay on input line 58.
LaTeX Font Info:    Checking defaults for T1/cmr/m/n on input line 58.
LaTeX Font Info:    ... okay on input line 58.
LaTeX Font Info:    Checking defaults for OT1/cmr/m/n on input line 58.
LaTeX Font Info:    ... okay on input line 58.
LaTeX Font Info:    Checking defaults for OMS/cmsy/m/n on input line 58.
LaTeX Font Info:    ... okay on input line 58.
LaTeX Font Info:    Checking defaults for OMX/cmex/m/n on input line 58.
LaTeX Font Info:    ... okay on input line 58.
LaTeX Font Info:    Checking defaults for U/cmr/m/n on input line 58.
LaTeX Font Info:    ... okay on input line 58.

(/usr/share/texlive/texmf-dist/tex/context/base/supp-pdf.mkii
[Loading MPS to PDF converter (version 2006.09.02).]
\scratchcounter=\count367
\scratchdimen=\dimen277
\scratchbox=\box65
\nofMPsegments=\count368
\nofMParguments=\count369
\everyMPshowfont=\toks47
\MPscratchCnt=\count370
\MPscratchDim=\dimen278
\MPnumerator=\count371
\makeMPintoPDFobject=\count372
\everyMPtoPDFconversion=\toks48
) (/usr/share/texlive/texmf-dist/tex/generic/oberdiek/pdftexcmds.sty
Package: pdftexcmds 2011/11/29 v0.20 Utility functions of pdfTeX for LuaTeX (HO
)

(/usr/share/texlive/texmf-dist/tex/generic/oberdiek/ifpdf.sty
Package: ifpdf 2011/01/30 v2.3 Provides the ifpdf switch (HO)
Package ifpdf Info: pdfTeX in PDF mode is detected.
)
Package pdftexcmds Info: LuaTeX not detected.
Package pdftexcmds Info: \pdf@primitive is available.
Package pdftexcmds Info: \pdf@ifprimitive is available.
Package pdftexcmds Info: \pdfdraftmode found.
)
(/usr/share/texlive/texmf-dist/tex/latex/oberdiek/epstopdf-base.sty
Package: epstopdf-base 2010/02/09 v2.5 Base part for package epstopdf

(/usr/share/texlive/texmf-dist/tex/latex/oberdiek/grfext.sty
Package: grfext 2010/08/19 v1.1 Manage graphics extensions (HO)

(/usr/share/texlive/texmf-dist/tex/generic/oberdiek/kvdefinekeys.sty
Package: kvdefinekeys 2011/04/07 v1.3 Define keys (HO)
))
Package grfext Info: Graphics extension search list:
(grfext)             [.png,.pdf,.jpg,.mps,.jpeg,.jbig2,.jb2,.PNG,.PDF,.JPG,.JPE
G,.JBIG2,.JB2,.eps]
(grfext)             \AppendGraphicsExtensions on input line 452.

(/usr/share/texlive/texmf-dist/tex/latex/latexconfig/epstopdf-sys.cfg
File: epstopdf-sys.cfg 2010/07/13 v1.3 Configuration of (r)epstopdf for TeX Liv
e
))
(/usr/share/texlive/texmf-dist/tex/latex/beamer/translator/dicts/translator-bas
ic-dictionary/translator-basic-dictionary-English.dict
Dictionary: translator-basic-dictionary, Language: English 
)
(/usr/share/texlive/texmf-dist/tex/latex/siunitx/siunitx-abbreviations.cfg
File: siunitx-abbreviations.cfg 2016/03/01 v2.6q siunitx: Abbreviated units
)
ABD: EveryShipout initializing macros
Package biblatex Info: No input encoding detected.
(biblatex)             Assuming 'ascii'.
Package biblatex Info: Automatic encoding selection.
(biblatex)             Assuming data encoding 'ascii'.
\openout5 = `paper_1line.bcf'.

Package biblatex Info: Trying to load bibliographic data...
Package biblatex Info: ... file 'paper_1line.bbl' not found.

No file paper_1line.bbl.
Package biblatex Info: Reference section=0 on input line 58.
Package biblatex Info: Reference segment=0 on input line 58.
\c__siunitx_mathsf_int=\count373
LaTeX Font Info:    Try loading font information for U+msa on input line 58.
(/usr/share/texlive/texmf-dist/tex/latex/amsfonts/umsa.fd
File: umsa.fd 2013/01/14 v3.01 AMS symbols A
)
LaTeX Font Info:    Try loading font information for U+msb on input line 58.

(/usr/share/texlive/texmf-dist/tex/latex/amsfonts/umsb.fd
File: umsb.fd 2013/01/14 v3.01 AMS symbols B
)
\c__siunitx_mathtt_int=\count374
Missing character: There is no Ã in font cmr12!
Missing character: There is no © in font cmr12!
Missing character: There is no Ã in font cmr12!
Missing character: There is no © in font cmr12!

Overfull \hbox (15.91705pt too wide) in paragraph at lines 88--89
[]\OT1/cmr/m/n/10.95 Keywords: In-di-rect in-fer-ence, wind power, prob-a-bilis
-tic fore-cast-ing, stochas-
 []

Package epstopdf Info: Source file: <plots/wind_and_solar/plot_over_years.eps>
(epstopdf)                    date: 2020-02-10 10:38:37
(epstopdf)                    size: 34534 bytes
(epstopdf)             Output file: <plots/wind_and_solar/plot_over_years-eps-c
onverted-to.pdf>
(epstopdf)                    date: 2020-02-10 10:39:57
(epstopdf)                    size: 10114 bytes
(epstopdf)             Command: <epstopdf --outfile=plots/wind_and_solar/plot_o
ver_years-eps-converted-to.pdf plots/wind_and_solar/plot_over_years.eps>
(epstopdf)             \includegraphics on input line 100.
Package epstopdf Info: Output file is already uptodate.


pdfTeX warning: pdflatex (file ./plots/wind_and_solar/plot_over_years-eps-conve
rted-to.pdf): PDF inclusion: found PDF version <1.7>, but at most version <1.5>
 allowed

<plots/wind_and_solar/plot_over_years-eps-converted-to.pdf, id=4, 576.1525pt x 
311.1625pt>
File: plots/wind_and_solar/plot_over_years-eps-converted-to.pdf Graphic file (t
ype pdf)
 <use plots/wind_and_solar/plot_over_years-eps-converted-to.pdf>
Package pdftex.def Info: plots/wind_and_solar/plot_over_years-eps-converted-to.
pdf used on input line 100.
(pdftex.def)             Requested size: 323.9978pt x 174.98575pt.


LaTeX Warning: Citation 'sultana2017review' on page 1 undefined on input line 1
01.


LaTeX Warning: Citation 'sultana2017review' on page 1 undefined on input line 1
01.

[1

{/var/lib/texmf/fonts/map/pdftex/updmap/pdftex.map}]

LaTeX Warning: Citation 'gieb' on page 2 undefined on input line 104.


LaTeX Warning: Citation 'chang' on page 2 undefined on input line 104.


LaTeX Warning: Citation 'zhbo' on page 2 undefined on input line 104.

LaTeX Font Info:    Try loading font information for OMS+cmr on input line 106.

(/usr/share/texlive/texmf-dist/tex/latex/base/omscmr.fd
File: omscmr.fd 2014/09/29 v2.5h Standard LaTeX font definitions
)
LaTeX Font Info:    Font shape `OMS/cmr/m/n' in size <10.95> not available
(Font)              Font shape `OMS/cmsy/m/n' tried instead on input line 106.
 [2 <./plots/wind_and_solar/plot_over_years-eps-converted-to.pdf>]
Overfull \hbox (7.46118pt too wide) in paragraph at lines 117--118
[]\OT1/cmr/m/n/10.95 We pro-pose to model wind power fore-casts er-rors us-ing 
para-met-ric stochas-
 []


LaTeX Warning: Citation 'mozuma' on page 3 undefined on input line 119.

[3]
Package epstopdf Info: Source file: <plots/5.eps>
(epstopdf)                    date: 2020-02-07 10:33:30
(epstopdf)                    size: 22239 bytes
(epstopdf)             Output file: <plots/5-eps-converted-to.pdf>
(epstopdf)                    date: 2020-02-07 10:33:30
(epstopdf)                    size: 9734 bytes
(epstopdf)             Command: <epstopdf --outfile=plots/5-eps-converted-to.pd
f plots/5.eps>
(epstopdf)             \includegraphics on input line 129.
Package epstopdf Info: Output file is already uptodate.
 <plots/5-eps-converted-to.pdf, id=31, 490.83376pt x 408.52625pt>
File: plots/5-eps-converted-to.pdf Graphic file (type pdf)

<use plots/5-eps-converted-to.pdf>
Package pdftex.def Info: plots/5-eps-converted-to.pdf used on input line 129.
(pdftex.def)             Requested size: 161.9989pt x 134.83278pt.
Package epstopdf Info: Source file: <plots/245.eps>
(epstopdf)                    date: 2020-02-07 10:33:30
(epstopdf)                    size: 22248 bytes
(epstopdf)             Output file: <plots/245-eps-converted-to.pdf>
(epstopdf)                    date: 2020-02-07 10:33:30
(epstopdf)                    size: 10028 bytes
(epstopdf)             Command: <epstopdf --outfile=plots/245-eps-converted-to.
pdf plots/245.eps>
(epstopdf)             \includegraphics on input line 130.
Package epstopdf Info: Output file is already uptodate.

<plots/245-eps-converted-to.pdf, id=32, 490.83376pt x 408.52625pt>
File: plots/245-eps-converted-to.pdf Graphic file (type pdf)

<use plots/245-eps-converted-to.pdf>
Package pdftex.def Info: plots/245-eps-converted-to.pdf used on input line 130.

(pdftex.def)             Requested size: 161.9989pt x 134.83278pt.
Package epstopdf Info: Source file: <plots/661.eps>
(epstopdf)                    date: 2020-02-07 10:33:30
(epstopdf)                    size: 22208 bytes
(epstopdf)             Output file: <plots/661-eps-converted-to.pdf>
(epstopdf)                    date: 2020-02-07 10:33:30
(epstopdf)                    size: 9945 bytes
(epstopdf)             Command: <epstopdf --outfile=plots/661-eps-converted-to.
pdf plots/661.eps>
(epstopdf)             \includegraphics on input line 131.
Package epstopdf Info: Output file is already uptodate.

<plots/661-eps-converted-to.pdf, id=33, 490.83376pt x 408.52625pt>
File: plots/661-eps-converted-to.pdf Graphic file (type pdf)

<use plots/661-eps-converted-to.pdf>
Package pdftex.def Info: plots/661-eps-converted-to.pdf used on input line 131.

(pdftex.def)             Requested size: 161.9989pt x 134.83278pt.
Package epstopdf Info: Source file: <plots/805.eps>
(epstopdf)                    date: 2020-02-07 10:33:30
(epstopdf)                    size: 22196 bytes
(epstopdf)             Output file: <plots/805-eps-converted-to.pdf>
(epstopdf)                    date: 2020-02-07 10:33:30
(epstopdf)                    size: 9729 bytes
(epstopdf)             Command: <epstopdf --outfile=plots/805-eps-converted-to.
pdf plots/805.eps>
(epstopdf)             \includegraphics on input line 132.
Package epstopdf Info: Output file is already uptodate.

<plots/805-eps-converted-to.pdf, id=34, 490.83376pt x 408.52625pt>
File: plots/805-eps-converted-to.pdf Graphic file (type pdf)

<use plots/805-eps-converted-to.pdf>
Package pdftex.def Info: plots/805-eps-converted-to.pdf used on input line 132.

(pdftex.def)             Requested size: 161.9989pt x 134.83278pt.
 [4]
Package epstopdf Info: Source file: <plots/LP_6.eps>
(epstopdf)                    date: 2020-02-07 10:33:30
(epstopdf)                    size: 66478 bytes
(epstopdf)             Output file: <plots/LP_6-eps-converted-to.pdf>
(epstopdf)                    date: 2020-02-07 10:33:30
(epstopdf)                    size: 60687 bytes
(epstopdf)             Command: <epstopdf --outfile=plots/LP_6-eps-converted-to
.pdf plots/LP_6.eps>
(epstopdf)             \includegraphics on input line 139.
Package epstopdf Info: Output file is already uptodate.

<plots/LP_6-eps-converted-to.pdf, id=38, 563.10374pt x 422.57875pt>
File: plots/LP_6-eps-converted-to.pdf Graphic file (type pdf)

<use plots/LP_6-eps-converted-to.pdf>
Package pdftex.def Info: plots/LP_6-eps-converted-to.pdf used on input line 139
.
(pdftex.def)             Requested size: 161.9989pt x 121.57104pt.
Package epstopdf Info: Source file: <plots/MP_6.eps>
(epstopdf)                    date: 2020-02-07 10:33:30
(epstopdf)                    size: 69804 bytes
(epstopdf)             Output file: <plots/MP_6-eps-converted-to.pdf>
(epstopdf)                    date: 2020-02-07 10:33:30
(epstopdf)                    size: 63857 bytes
(epstopdf)             Command: <epstopdf --outfile=plots/MP_6-eps-converted-to
.pdf plots/MP_6.eps>
(epstopdf)             \includegraphics on input line 140.
Package epstopdf Info: Output file is already uptodate.

<plots/MP_6-eps-converted-to.pdf, id=39, 563.10374pt x 422.57875pt>
File: plots/MP_6-eps-converted-to.pdf Graphic file (type pdf)

<use plots/MP_6-eps-converted-to.pdf>
Package pdftex.def Info: plots/MP_6-eps-converted-to.pdf used on input line 140
.
(pdftex.def)             Requested size: 161.9989pt x 121.57104pt.
Package epstopdf Info: Source file: <plots/HP_6.eps>
(epstopdf)                    date: 2020-02-07 10:33:30
(epstopdf)                    size: 63336 bytes
(epstopdf)             Output file: <plots/HP_6-eps-converted-to.pdf>
(epstopdf)                    date: 2020-02-07 10:33:30
(epstopdf)                    size: 56636 bytes
(epstopdf)             Command: <epstopdf --outfile=plots/HP_6-eps-converted-to
.pdf plots/HP_6.eps>
(epstopdf)             \includegraphics on input line 141.
Package epstopdf Info: Output file is already uptodate.

<plots/HP_6-eps-converted-to.pdf, id=40, 563.10374pt x 422.57875pt>
File: plots/HP_6-eps-converted-to.pdf Graphic file (type pdf)

<use plots/HP_6-eps-converted-to.pdf>
Package pdftex.def Info: plots/HP_6-eps-converted-to.pdf used on input line 141
.
(pdftex.def)             Requested size: 161.9989pt x 121.57104pt.
Package epstopdf Info: Source file: <plots/AP_6.eps>
(epstopdf)                    date: 2020-02-07 10:33:30
(epstopdf)                    size: 63909 bytes
(epstopdf)             Output file: <plots/AP_6-eps-converted-to.pdf>
(epstopdf)                    date: 2020-02-07 10:33:30
(epstopdf)                    size: 57978 bytes
(epstopdf)             Command: <epstopdf --outfile=plots/AP_6-eps-converted-to
.pdf plots/AP_6.eps>
(epstopdf)             \includegraphics on input line 142.
Package epstopdf Info: Output file is already uptodate.

<plots/AP_6-eps-converted-to.pdf, id=41, 563.10374pt x 422.57875pt>
File: plots/AP_6-eps-converted-to.pdf Graphic file (type pdf)

<use plots/AP_6-eps-converted-to.pdf>
Package pdftex.def Info: plots/AP_6-eps-converted-to.pdf used on input line 142
.
(pdftex.def)             Requested size: 161.9989pt x 121.57104pt.
 [5 <./plots/5-eps-converted-to.pdf> <./plots/245-eps-converted-to.pdf> <./plot
s/661-eps-converted-to.pdf> <./plots/805-eps-converted-to.pdf>]
Package epstopdf Info: Source file: <plots/LP.eps>
(epstopdf)                    date: 2020-02-07 10:33:30
(epstopdf)                    size: 68554 bytes
(epstopdf)             Output file: <plots/LP-eps-converted-to.pdf>
(epstopdf)                    date: 2020-02-07 10:33:30
(epstopdf)                    size: 61063 bytes
(epstopdf)             Command: <epstopdf --outfile=plots/LP-eps-converted-to.p
df plots/LP.eps>
(epstopdf)             \includegraphics on input line 149.
Package epstopdf Info: Output file is already uptodate.

<plots/LP-eps-converted-to.pdf, id=77, 563.10374pt x 422.57875pt>
File: plots/LP-eps-converted-to.pdf Graphic file (type pdf)

<use plots/LP-eps-converted-to.pdf>
Package pdftex.def Info: plots/LP-eps-converted-to.pdf used on input line 149.
(pdftex.def)             Requested size: 161.9989pt x 121.57104pt.
Package epstopdf Info: Source file: <plots/MP.eps>
(epstopdf)                    date: 2020-02-07 10:33:30
(epstopdf)                    size: 61209 bytes
(epstopdf)             Output file: <plots/MP-eps-converted-to.pdf>
(epstopdf)                    date: 2020-02-07 10:33:30
(epstopdf)                    size: 53887 bytes
(epstopdf)             Command: <epstopdf --outfile=plots/MP-eps-converted-to.p
df plots/MP.eps>
(epstopdf)             \includegraphics on input line 150.
Package epstopdf Info: Output file is already uptodate.

<plots/MP-eps-converted-to.pdf, id=78, 563.10374pt x 422.57875pt>
File: plots/MP-eps-converted-to.pdf Graphic file (type pdf)

<use plots/MP-eps-converted-to.pdf>
Package pdftex.def Info: plots/MP-eps-converted-to.pdf used on input line 150.
(pdftex.def)             Requested size: 161.9989pt x 121.57104pt.
Package epstopdf Info: Source file: <plots/HP.eps>
(epstopdf)                    date: 2020-02-07 10:33:30
(epstopdf)                    size: 61828 bytes
(epstopdf)             Output file: <plots/HP-eps-converted-to.pdf>
(epstopdf)                    date: 2020-02-07 10:33:30
(epstopdf)                    size: 53059 bytes
(epstopdf)             Command: <epstopdf --outfile=plots/HP-eps-converted-to.p
df plots/HP.eps>
(epstopdf)             \includegraphics on input line 151.
Package epstopdf Info: Output file is already uptodate.

<plots/HP-eps-converted-to.pdf, id=79, 563.10374pt x 422.57875pt>
File: plots/HP-eps-converted-to.pdf Graphic file (type pdf)

<use plots/HP-eps-converted-to.pdf>
Package pdftex.def Info: plots/HP-eps-converted-to.pdf used on input line 151.
(pdftex.def)             Requested size: 161.9989pt x 121.57104pt.
Package epstopdf Info: Source file: <plots/AP.eps>
(epstopdf)                    date: 2020-02-07 10:33:30
(epstopdf)                    size: 57794 bytes
(epstopdf)             Output file: <plots/AP-eps-converted-to.pdf>
(epstopdf)                    date: 2020-02-07 10:33:30
(epstopdf)                    size: 50724 bytes
(epstopdf)             Command: <epstopdf --outfile=plots/AP-eps-converted-to.p
df plots/AP.eps>
(epstopdf)             \includegraphics on input line 152.
Package epstopdf Info: Output file is already uptodate.

<plots/AP-eps-converted-to.pdf, id=80, 563.10374pt x 422.57875pt>
File: plots/AP-eps-converted-to.pdf Graphic file (type pdf)

<use plots/AP-eps-converted-to.pdf>
Package pdftex.def Info: plots/AP-eps-converted-to.pdf used on input line 152.
(pdftex.def)             Requested size: 161.9989pt x 121.57104pt.
 [6 <./plots/LP_6-eps-converted-to.pdf> <./plots/MP_6-eps-converted-to.pdf> <./
plots/HP_6-eps-converted-to.pdf> <./plots/AP_6-eps-converted-to.pdf>]
Package epstopdf Info: Source file: <plots/LP_t.eps>
(epstopdf)                    date: 2020-02-07 10:33:30
(epstopdf)                    size: 57739 bytes
(epstopdf)             Output file: <plots/LP_t-eps-converted-to.pdf>
(epstopdf)                    date: 2020-02-07 10:33:30
(epstopdf)                    size: 51137 bytes
(epstopdf)             Command: <epstopdf --outfile=plots/LP_t-eps-converted-to
.pdf plots/LP_t.eps>
(epstopdf)             \includegraphics on input line 159.
Package epstopdf Info: Output file is already uptodate.

<plots/LP_t-eps-converted-to.pdf, id=125, 563.10374pt x 422.57875pt>
File: plots/LP_t-eps-converted-to.pdf Graphic file (type pdf)

<use plots/LP_t-eps-converted-to.pdf>
Package pdftex.def Info: plots/LP_t-eps-converted-to.pdf used on input line 159
.
(pdftex.def)             Requested size: 161.9989pt x 121.57104pt.
Package epstopdf Info: Source file: <plots/MP_t.eps>
(epstopdf)                    date: 2020-02-07 10:33:30
(epstopdf)                    size: 66491 bytes
(epstopdf)             Output file: <plots/MP_t-eps-converted-to.pdf>
(epstopdf)                    date: 2020-02-07 10:33:30
(epstopdf)                    size: 58582 bytes
(epstopdf)             Command: <epstopdf --outfile=plots/MP_t-eps-converted-to
.pdf plots/MP_t.eps>
(epstopdf)             \includegraphics on input line 160.
Package epstopdf Info: Output file is already uptodate.

<plots/MP_t-eps-converted-to.pdf, id=126, 563.10374pt x 422.57875pt>
File: plots/MP_t-eps-converted-to.pdf Graphic file (type pdf)

<use plots/MP_t-eps-converted-to.pdf>
Package pdftex.def Info: plots/MP_t-eps-converted-to.pdf used on input line 160
.
(pdftex.def)             Requested size: 161.9989pt x 121.57104pt.
Package epstopdf Info: Source file: <plots/HP_t.eps>
(epstopdf)                    date: 2020-02-07 10:33:30
(epstopdf)                    size: 66738 bytes
(epstopdf)             Output file: <plots/HP_t-eps-converted-to.pdf>
(epstopdf)                    date: 2020-02-07 10:33:30
(epstopdf)                    size: 59204 bytes
(epstopdf)             Command: <epstopdf --outfile=plots/HP_t-eps-converted-to
.pdf plots/HP_t.eps>
(epstopdf)             \includegraphics on input line 161.
Package epstopdf Info: Output file is already uptodate.

<plots/HP_t-eps-converted-to.pdf, id=127, 563.10374pt x 422.57875pt>
File: plots/HP_t-eps-converted-to.pdf Graphic file (type pdf)

<use plots/HP_t-eps-converted-to.pdf>
Package pdftex.def Info: plots/HP_t-eps-converted-to.pdf used on input line 161
.
(pdftex.def)             Requested size: 161.9989pt x 121.57104pt.
Package epstopdf Info: Source file: <plots/AP_t.eps>
(epstopdf)                    date: 2020-02-07 10:33:30
(epstopdf)                    size: 59472 bytes
(epstopdf)             Output file: <plots/AP_t-eps-converted-to.pdf>
(epstopdf)                    date: 2020-02-07 10:33:30
(epstopdf)                    size: 52174 bytes
(epstopdf)             Command: <epstopdf --outfile=plots/AP_t-eps-converted-to
.pdf plots/AP_t.eps>
(epstopdf)             \includegraphics on input line 162.
Package epstopdf Info: Output file is already uptodate.

<plots/AP_t-eps-converted-to.pdf, id=128, 563.10374pt x 422.57875pt>
File: plots/AP_t-eps-converted-to.pdf Graphic file (type pdf)

<use plots/AP_t-eps-converted-to.pdf>
Package pdftex.def Info: plots/AP_t-eps-converted-to.pdf used on input line 162
.
(pdftex.def)             Requested size: 161.9989pt x 121.57104pt.
 [7 <./plots/LP-eps-converted-to.pdf> <./plots/MP-eps-converted-to.pdf> <./plot
s/HP-eps-converted-to.pdf> <./plots/AP-eps-converted-to.pdf>]
Package epstopdf Info: Source file: <plots/LP_t_LP.eps>
(epstopdf)                    date: 2020-02-07 10:33:30
(epstopdf)                    size: 68992 bytes
(epstopdf)             Output file: <plots/LP_t_LP-eps-converted-to.pdf>
(epstopdf)                    date: 2020-02-07 10:33:30
(epstopdf)                    size: 61863 bytes
(epstopdf)             Command: <epstopdf --outfile=plots/LP_t_LP-eps-converted
-to.pdf plots/LP_t_LP.eps>
(epstopdf)             \includegraphics on input line 169.
Package epstopdf Info: Output file is already uptodate.

<plots/LP_t_LP-eps-converted-to.pdf, id=173, 563.10374pt x 422.57875pt>
File: plots/LP_t_LP-eps-converted-to.pdf Graphic file (type pdf)

<use plots/LP_t_LP-eps-converted-to.pdf>
Package pdftex.def Info: plots/LP_t_LP-eps-converted-to.pdf used on input line 
169.
(pdftex.def)             Requested size: 161.9989pt x 121.57104pt.
Package epstopdf Info: Source file: <plots/MP_t_LP.eps>
(epstopdf)                    date: 2020-02-07 10:33:30
(epstopdf)                    size: 67471 bytes
(epstopdf)             Output file: <plots/MP_t_LP-eps-converted-to.pdf>
(epstopdf)                    date: 2020-02-07 10:33:30
(epstopdf)                    size: 59102 bytes
(epstopdf)             Command: <epstopdf --outfile=plots/MP_t_LP-eps-converted
-to.pdf plots/MP_t_LP.eps>
(epstopdf)             \includegraphics on input line 170.
Package epstopdf Info: Output file is already uptodate.

<plots/MP_t_LP-eps-converted-to.pdf, id=174, 563.10374pt x 422.57875pt>
File: plots/MP_t_LP-eps-converted-to.pdf Graphic file (type pdf)

<use plots/MP_t_LP-eps-converted-to.pdf>
Package pdftex.def Info: plots/MP_t_LP-eps-converted-to.pdf used on input line 
170.
(pdftex.def)             Requested size: 161.9989pt x 121.57104pt.
Package epstopdf Info: Source file: <plots/HP_t_LP.eps>
(epstopdf)                    date: 2020-02-07 10:33:30
(epstopdf)                    size: 66039 bytes
(epstopdf)             Output file: <plots/HP_t_LP-eps-converted-to.pdf>
(epstopdf)                    date: 2020-02-07 10:33:30
(epstopdf)                    size: 60305 bytes
(epstopdf)             Command: <epstopdf --outfile=plots/HP_t_LP-eps-converted
-to.pdf plots/HP_t_LP.eps>
(epstopdf)             \includegraphics on input line 171.
Package epstopdf Info: Output file is already uptodate.

<plots/HP_t_LP-eps-converted-to.pdf, id=175, 563.10374pt x 422.57875pt>
File: plots/HP_t_LP-eps-converted-to.pdf Graphic file (type pdf)

<use plots/HP_t_LP-eps-converted-to.pdf>
Package pdftex.def Info: plots/HP_t_LP-eps-converted-to.pdf used on input line 
171.
(pdftex.def)             Requested size: 161.9989pt x 121.57104pt.
Package epstopdf Info: Source file: <plots/AP_t_LP.eps>
(epstopdf)                    date: 2020-02-07 10:33:30
(epstopdf)                    size: 66105 bytes
(epstopdf)             Output file: <plots/AP_t_LP-eps-converted-to.pdf>
(epstopdf)                    date: 2020-02-07 10:33:30
(epstopdf)                    size: 58175 bytes
(epstopdf)             Command: <epstopdf --outfile=plots/AP_t_LP-eps-converted
-to.pdf plots/AP_t_LP.eps>
(epstopdf)             \includegraphics on input line 172.
Package epstopdf Info: Output file is already uptodate.

<plots/AP_t_LP-eps-converted-to.pdf, id=176, 563.10374pt x 422.57875pt>
File: plots/AP_t_LP-eps-converted-to.pdf Graphic file (type pdf)

<use plots/AP_t_LP-eps-converted-to.pdf>
Package pdftex.def Info: plots/AP_t_LP-eps-converted-to.pdf used on input line 
172.
(pdftex.def)             Requested size: 161.9989pt x 121.57104pt.
 [8 <./plots/LP_t-eps-converted-to.pdf> <./plots/MP_t-eps-converted-to.pdf> <./
plots/HP_t-eps-converted-to.pdf> <./plots/AP_t-eps-converted-to.pdf>] [9 <./plo
ts/LP_t_LP-eps-converted-to.pdf> <./plots/MP_t_LP-eps-converted-to.pdf> <./plot
s/HP_t_LP-eps-converted-to.pdf> <./plots/AP_t_LP-eps-converted-to.pdf>] [10]

LaTeX Warning: Citation 'foso' on page 11 undefined on input line 243.


LaTeX Warning: Citation 'foso' on page 11 undefined on input line 247.


Overfull \hbox (7.86177pt too wide) in paragraph at lines 246--248
\OT1/cmr/m/n/10.95 where, in par-tic-u-lar, it is dis-cussed the case $\OML/cmm
/m/it/10.95 a < \OT1/cmr/m/n/10.95 0$ and $\OML/cmm/m/it/10.95 b\OT1/cmr/m/n/10
.95 (\OML/cmm/m/it/10.95 x\OT1/cmr/m/n/10.95 ; \OML/cmm/b/it/10.95 ^^R\OT1/cmr/
m/n/10.95 ) = []$,
 []

[11]
Overfull \hbox (4.3962pt too wide) in paragraph at lines 277--277
[]\OT1/cmr/bx/n/14.4 State in-de-pen-dent dif-fu-sion: Lam-perti trans-form 
 []


LaTeX Warning: Citation 'iacus1' on page 12 undefined on input line 279.


LaTeX Warning: Citation 'moma' on page 12 undefined on input line 279.


LaTeX Warning: Citation 'saso' on page 12 undefined on input line 279.


Underfull \hbox (badness 10000) in paragraph at lines 279--280

 []


Overfull \hbox (0.45522pt too wide) detected at line 292
\OML/cmm/m/it/10.95 dZ[] \OT1/cmr/m/n/10.95 = []  \OML/cmm/m/it/10.95 dt \OT1/c
mr/m/n/10.95 + \OML/cmm/m/it/10.95 dW[] :
 []

[12]

LaTeX Warning: Reference `fig:skew_after_lamperti' on page 13 undefined on inpu
t line 306.


LaTeX Warning: Citation 'iacus1' on page 13 undefined on input line 328.


LaTeX Warning: Citation 'saso' on page 13 undefined on input line 328.

[13]

LaTeX Warning: Citation 'iacus1' on page 14 undefined on input line 337.


LaTeX Warning: Citation 'hurn' on page 14 undefined on input line 337.


LaTeX Warning: Reference `fig:skew_data' on page 14 undefined on input line 342
.


Underfull \hbox (badness 10000) in paragraph at lines 342--343

 []

[14] [15] [16]
Package epstopdf Info: Source file: <plots/initial_guess/initial_theta_1.eps>
(epstopdf)                    date: 2020-02-11 19:17:17
(epstopdf)                    size: 60121 bytes
(epstopdf)             Output file: <plots/initial_guess/initial_theta_1-eps-co
nverted-to.pdf>
(epstopdf)                    date: 2020-02-11 19:31:06
(epstopdf)                    size: 22373 bytes
(epstopdf)             Command: <epstopdf --outfile=plots/initial_guess/initial
_theta_1-eps-converted-to.pdf plots/initial_guess/initial_theta_1.eps>
(epstopdf)             \includegraphics on input line 493.
Package epstopdf Info: Output file is already uptodate.


pdfTeX warning: pdflatex (file ./plots/initial_guess/initial_theta_1-eps-conver
ted-to.pdf): PDF inclusion: found PDF version <1.7>, but at most version <1.5> 
allowed

<plots/initial_guess/initial_theta_1-eps-converted-to.pdf, id=294, 372.39125pt 
x 305.14pt>
File: plots/initial_guess/initial_theta_1-eps-converted-to.pdf Graphic file (ty
pe pdf)
 <use plots/initial_guess/initial_theta_1-eps-converted-to.pdf>
Package pdftex.def Info: plots/initial_guess/initial_theta_1-eps-converted-to.p
df used on input line 493.
(pdftex.def)             Requested size: 161.9989pt x 132.74413pt.
Package epstopdf Info: Source file: <plots/initial_guess/initial_theta_2.eps>
(epstopdf)                    date: 2020-02-11 19:17:18
(epstopdf)                    size: 58483 bytes
(epstopdf)             Output file: <plots/initial_guess/initial_theta_2-eps-co
nverted-to.pdf>
(epstopdf)                    date: 2020-02-11 19:31:07
(epstopdf)                    size: 23425 bytes
(epstopdf)             Command: <epstopdf --outfile=plots/initial_guess/initial
_theta_2-eps-converted-to.pdf plots/initial_guess/initial_theta_2.eps>
(epstopdf)             \includegraphics on input line 493.
Package epstopdf Info: Output file is already uptodate.


pdfTeX warning: pdflatex (file ./plots/initial_guess/initial_theta_2-eps-conver
ted-to.pdf): PDF inclusion: found PDF version <1.7>, but at most version <1.5> 
allowed

<plots/initial_guess/initial_theta_2-eps-converted-to.pdf, id=295, 370.38374pt 
x 323.2075pt>
File: plots/initial_guess/initial_theta_2-eps-converted-to.pdf Graphic file (ty
pe pdf)
 <use plots/initial_guess/initial_theta_2-eps-converted-to.pdf>
Package pdftex.def Info: plots/initial_guess/initial_theta_2-eps-converted-to.p
df used on input line 493.
(pdftex.def)             Requested size: 151.19934pt x 131.93892pt.

[17]
Package epstopdf Info: Source file: <plots/likelihood/Log-Likelihood.eps>
(epstopdf)                    date: 2020-02-11 18:23:24
(epstopdf)                    size: 54397 bytes
(epstopdf)             Output file: <plots/likelihood/Log-Likelihood-eps-conver
ted-to.pdf>
(epstopdf)                    date: 2020-02-11 18:33:06
(epstopdf)                    size: 48237 bytes
(epstopdf)             Command: <epstopdf --outfile=plots/likelihood/Log-Likeli
hood-eps-converted-to.pdf plots/likelihood/Log-Likelihood.eps>
(epstopdf)             \includegraphics on input line 503.
Package epstopdf Info: Output file is already uptodate.


pdfTeX warning: pdflatex (file ./plots/likelihood/Log-Likelihood-eps-converted-
to.pdf): PDF inclusion: found PDF version <1.7>, but at most version <1.5> allo
wed

<plots/likelihood/Log-Likelihood-eps-converted-to.pdf, id=299, 434.62375pt x 34
3.2825pt>
File: plots/likelihood/Log-Likelihood-eps-converted-to.pdf Graphic file (type p
df)
 <use plots/likelihood/Log-Likelihood-eps-converted-to.pdf>
Package pdftex.def Info: plots/likelihood/Log-Likelihood-eps-converted-to.pdf u
sed on input line 503.
(pdftex.def)             Requested size: 216.0022pt x 170.60892pt.
Package epstopdf Info: Source file: <plots/likelihood/Log-Likelihood_refined.ep
s>
(epstopdf)                    date: 2020-02-11 18:32:46
(epstopdf)                    size: 54916 bytes
(epstopdf)             Output file: <plots/likelihood/Log-Likelihood_refined-ep
s-converted-to.pdf>
(epstopdf)                    date: 2020-02-11 18:33:07
(epstopdf)                    size: 49074 bytes
(epstopdf)             Command: <epstopdf --outfile=plots/likelihood/Log-Likeli
hood_refined-eps-converted-to.pdf plots/likelihood/Log-Likelihood_refined.eps>
(epstopdf)             \includegraphics on input line 503.
Package epstopdf Info: Output file is already uptodate.


pdfTeX warning: pdflatex (file ./plots/likelihood/Log-Likelihood_refined-eps-co
nverted-to.pdf): PDF inclusion: found PDF version <1.7>, but at most version <1
.5> allowed

<plots/likelihood/Log-Likelihood_refined-eps-converted-to.pdf, id=300, 434.6237
5pt x 343.2825pt>
File: plots/likelihood/Log-Likelihood_refined-eps-converted-to.pdf Graphic file
 (type pdf)

<use plots/likelihood/Log-Likelihood_refined-eps-converted-to.pdf>
Package pdftex.def Info: plots/likelihood/Log-Likelihood_refined-eps-converted-
to.pdf used on input line 503.
(pdftex.def)             Requested size: 216.0022pt x 170.60892pt.
Package epstopdf Info: Source file: <plots/likelihood/Log-Likelihood_more_refin
ed.eps>
(epstopdf)                    date: 2020-02-11 19:05:05
(epstopdf)                    size: 59059 bytes
(epstopdf)             Output file: <plots/likelihood/Log-Likelihood_more_refin
ed-eps-converted-to.pdf>
(epstopdf)                    date: 2020-02-11 19:21:55
(epstopdf)                    size: 53347 bytes
(epstopdf)             Command: <epstopdf --outfile=plots/likelihood/Log-Likeli
hood_more_refined-eps-converted-to.pdf plots/likelihood/Log-Likelihood_more_ref
ined.eps>
(epstopdf)             \includegraphics on input line 504.
Package epstopdf Info: Output file is already uptodate.


pdfTeX warning: pdflatex (file ./plots/likelihood/Log-Likelihood_more_refined-e
ps-converted-to.pdf): PDF inclusion: found PDF version <1.7>, but at most versi
on <1.5> allowed

<plots/likelihood/Log-Likelihood_more_refined-eps-converted-to.pdf, id=301, 434
.62375pt x 343.2825pt>
File: plots/likelihood/Log-Likelihood_more_refined-eps-converted-to.pdf Graphic
 file (type pdf)

<use plots/likelihood/Log-Likelihood_more_refined-eps-converted-to.pdf>
Package pdftex.def Info: plots/likelihood/Log-Likelihood_more_refined-eps-conve
rted-to.pdf used on input line 504.
(pdftex.def)             Requested size: 216.0022pt x 170.60892pt.

[18 <./plots/initial_guess/initial_theta_1-eps-converted-to.pdf> <./plots/initi
al_guess/initial_theta_2-eps-converted-to.pdf>] [19 <./plots/likelihood/Log-Lik
elihood-eps-converted-to.pdf> <./plots/likelihood/Log-Likelihood_refined-eps-co
nverted-to.pdf> <./plots/likelihood/Log-Likelihood_more_refined-eps-converted-t
o.pdf>]
Underfull \hbox (badness 10000) in paragraph at lines 528--530

 []

<plots/alpha_conv_beta.png, id=344, 438.1971pt x 311.2428pt>
File: plots/alpha_conv_beta.png Graphic file (type png)

<use plots/alpha_conv_beta.png>
Package pdftex.def Info: plots/alpha_conv_beta.png used on input line 534.
(pdftex.def)             Requested size: 438.19601pt x 311.24203pt.

<plots/theta_conv_beta.png, id=346, 437.4744pt x 311.7246pt>
File: plots/theta_conv_beta.png Graphic file (type png)

<use plots/theta_conv_beta.png>
Package pdftex.def Info: plots/theta_conv_beta.png used on input line 535.
(pdftex.def)             Requested size: 437.47331pt x 311.72383pt.
Package epstopdf Info: Source file: <plots/paths_testing_days/1.eps>
(epstopdf)                    date: 2020-02-11 19:13:54
(epstopdf)                    size: 44035 bytes
(epstopdf)             Output file: <plots/paths_testing_days/1-eps-converted-t
o.pdf>
(epstopdf)                    date: 2020-02-11 19:30:19
(epstopdf)                    size: 15154 bytes
(epstopdf)             Command: <epstopdf --outfile=plots/paths_testing_days/1-
eps-converted-to.pdf plots/paths_testing_days/1.eps>
(epstopdf)             \includegraphics on input line 541.
Package epstopdf Info: Output file is already uptodate.


pdfTeX warning: pdflatex (file ./plots/paths_testing_days/1-eps-converted-to.pd
f): PDF inclusion: found PDF version <1.7>, but at most version <1.5> allowed

<plots/paths_testing_days/1-eps-converted-to.pdf, id=347, 374.39874pt x 321.2pt
>
File: plots/paths_testing_days/1-eps-converted-to.pdf Graphic file (type pdf)
 <use plots/paths_testing_days/1-eps-converted-to.pdf>
Package pdftex.def Info: plots/paths_testing_days/1-eps-converted-to.pdf used o
n input line 541.
(pdftex.def)             Requested size: 161.9989pt x 138.9808pt.
Package epstopdf Info: Source file: <plots/paths_testing_days/2.eps>
(epstopdf)                    date: 2020-02-11 19:13:55
(epstopdf)                    size: 44033 bytes
(epstopdf)             Output file: <plots/paths_testing_days/2-eps-converted-t
o.pdf>
(epstopdf)                    date: 2020-02-11 19:30:19
(epstopdf)                    size: 15390 bytes
(epstopdf)             Command: <epstopdf --outfile=plots/paths_testing_days/2-
eps-converted-to.pdf plots/paths_testing_days/2.eps>
(epstopdf)             \includegraphics on input line 542.
Package epstopdf Info: Output file is already uptodate.


pdfTeX warning: pdflatex (file ./plots/paths_testing_days/2-eps-converted-to.pd
f): PDF inclusion: found PDF version <1.7>, but at most version <1.5> allowed

<plots/paths_testing_days/2-eps-converted-to.pdf, id=348, 374.39874pt x 321.2pt
>
File: plots/paths_testing_days/2-eps-converted-to.pdf Graphic file (type pdf)
 <use plots/paths_testing_days/2-eps-converted-to.pdf>
Package pdftex.def Info: plots/paths_testing_days/2-eps-converted-to.pdf used o
n input line 542.
(pdftex.def)             Requested size: 161.9989pt x 138.9808pt.
Package epstopdf Info: Source file: <plots/paths_testing_days/3.eps>
(epstopdf)                    date: 2020-02-11 19:13:56
(epstopdf)                    size: 44032 bytes
(epstopdf)             Output file: <plots/paths_testing_days/3-eps-converted-t
o.pdf>
(epstopdf)                    date: 2020-02-11 19:30:19
(epstopdf)                    size: 15330 bytes
(epstopdf)             Command: <epstopdf --outfile=plots/paths_testing_days/3-
eps-converted-to.pdf plots/paths_testing_days/3.eps>
(epstopdf)             \includegraphics on input line 543.
Package epstopdf Info: Output file is already uptodate.


pdfTeX warning: pdflatex (file ./plots/paths_testing_days/3-eps-converted-to.pd
f): PDF inclusion: found PDF version <1.7>, but at most version <1.5> allowed

<plots/paths_testing_days/3-eps-converted-to.pdf, id=349, 374.39874pt x 321.2pt
>
File: plots/paths_testing_days/3-eps-converted-to.pdf Graphic file (type pdf)
 <use plots/paths_testing_days/3-eps-converted-to.pdf>
Package pdftex.def Info: plots/paths_testing_days/3-eps-converted-to.pdf used o
n input line 543.
(pdftex.def)             Requested size: 161.9989pt x 138.9808pt.
Package epstopdf Info: Source file: <plots/paths_testing_days/4.eps>
(epstopdf)                    date: 2020-02-11 19:13:57
(epstopdf)                    size: 44035 bytes
(epstopdf)             Output file: <plots/paths_testing_days/4-eps-converted-t
o.pdf>
(epstopdf)                    date: 2020-02-11 19:30:19
(epstopdf)                    size: 15385 bytes
(epstopdf)             Command: <epstopdf --outfile=plots/paths_testing_days/4-
eps-converted-to.pdf plots/paths_testing_days/4.eps>
(epstopdf)             \includegraphics on input line 544.
Package epstopdf Info: Output file is already uptodate.


pdfTeX warning: pdflatex (file ./plots/paths_testing_days/4-eps-converted-to.pd
f): PDF inclusion: found PDF version <1.7>, but at most version <1.5> allowed

<plots/paths_testing_days/4-eps-converted-to.pdf, id=350, 374.39874pt x 321.2pt
>
File: plots/paths_testing_days/4-eps-converted-to.pdf Graphic file (type pdf)
 <use plots/paths_testing_days/4-eps-converted-to.pdf>
Package pdftex.def Info: plots/paths_testing_days/4-eps-converted-to.pdf used o
n input line 544.
(pdftex.def)             Requested size: 161.9989pt x 138.9808pt.
 [20 <./plots/alpha_conv_beta.png> <./plots/theta_conv_beta.png>]
Package epstopdf Info: Source file: <plots/bands_testing_days/1.eps>
(epstopdf)                    date: 2020-02-11 19:13:35
(epstopdf)                    size: 49108 bytes
(epstopdf)             Output file: <plots/bands_testing_days/1-eps-converted-t
o.pdf>
(epstopdf)                    date: 2020-02-11 19:27:05
(epstopdf)                    size: 14760 bytes
(epstopdf)             Command: <epstopdf --outfile=plots/bands_testing_days/1-
eps-converted-to.pdf plots/bands_testing_days/1.eps>
(epstopdf)             \includegraphics on input line 550.
Package epstopdf Info: Output file is already uptodate.


pdfTeX warning: pdflatex (file ./plots/bands_testing_days/1-eps-converted-to.pd
f): PDF inclusion: found PDF version <1.7>, but at most version <1.5> allowed

<plots/bands_testing_days/1-eps-converted-to.pdf, id=356, 374.39874pt x 321.2pt
>
File: plots/bands_testing_days/1-eps-converted-to.pdf Graphic file (type pdf)
 <use plots/bands_testing_days/1-eps-converted-to.pdf>
Package pdftex.def Info: plots/bands_testing_days/1-eps-converted-to.pdf used o
n input line 550.
(pdftex.def)             Requested size: 161.9989pt x 138.9808pt.
Package epstopdf Info: Source file: <plots/bands_testing_days/2.eps>
(epstopdf)                    date: 2020-02-11 19:13:37
(epstopdf)                    size: 49017 bytes
(epstopdf)             Output file: <plots/bands_testing_days/2-eps-converted-t
o.pdf>
(epstopdf)                    date: 2020-02-11 19:27:05
(epstopdf)                    size: 14889 bytes
(epstopdf)             Command: <epstopdf --outfile=plots/bands_testing_days/2-
eps-converted-to.pdf plots/bands_testing_days/2.eps>
(epstopdf)             \includegraphics on input line 551.
Package epstopdf Info: Output file is already uptodate.


pdfTeX warning: pdflatex (file ./plots/bands_testing_days/2-eps-converted-to.pd
f): PDF inclusion: found PDF version <1.7>, but at most version <1.5> allowed

<plots/bands_testing_days/2-eps-converted-to.pdf, id=357, 374.39874pt x 321.2pt
>
File: plots/bands_testing_days/2-eps-converted-to.pdf Graphic file (type pdf)
 <use plots/bands_testing_days/2-eps-converted-to.pdf>
Package pdftex.def Info: plots/bands_testing_days/2-eps-converted-to.pdf used o
n input line 551.
(pdftex.def)             Requested size: 161.9989pt x 138.9808pt.
Package epstopdf Info: Source file: <plots/bands_testing_days/3.eps>
(epstopdf)                    date: 2020-02-11 19:13:39
(epstopdf)                    size: 49067 bytes
(epstopdf)             Output file: <plots/bands_testing_days/3-eps-converted-t
o.pdf>
(epstopdf)                    date: 2020-02-11 19:27:06
(epstopdf)                    size: 14834 bytes
(epstopdf)             Command: <epstopdf --outfile=plots/bands_testing_days/3-
eps-converted-to.pdf plots/bands_testing_days/3.eps>
(epstopdf)             \includegraphics on input line 552.
Package epstopdf Info: Output file is already uptodate.


pdfTeX warning: pdflatex (file ./plots/bands_testing_days/3-eps-converted-to.pd
f): PDF inclusion: found PDF version <1.7>, but at most version <1.5> allowed

<plots/bands_testing_days/3-eps-converted-to.pdf, id=358, 374.39874pt x 321.2pt
>
File: plots/bands_testing_days/3-eps-converted-to.pdf Graphic file (type pdf)
 <use plots/bands_testing_days/3-eps-converted-to.pdf>
Package pdftex.def Info: plots/bands_testing_days/3-eps-converted-to.pdf used o
n input line 552.
(pdftex.def)             Requested size: 161.9989pt x 138.9808pt.
Package epstopdf Info: Source file: <plots/bands_testing_days/4.eps>
(epstopdf)                    date: 2020-02-11 19:13:40
(epstopdf)                    size: 48835 bytes
(epstopdf)             Output file: <plots/bands_testing_days/4-eps-converted-t
o.pdf>
(epstopdf)                    date: 2020-02-11 19:27:06
(epstopdf)                    size: 14921 bytes
(epstopdf)             Command: <epstopdf --outfile=plots/bands_testing_days/4-
eps-converted-to.pdf plots/bands_testing_days/4.eps>
(epstopdf)             \includegraphics on input line 553.
Package epstopdf Info: Output file is already uptodate.


pdfTeX warning: pdflatex (file ./plots/bands_testing_days/4-eps-converted-to.pd
f): PDF inclusion: found PDF version <1.7>, but at most version <1.5> allowed

<plots/bands_testing_days/4-eps-converted-to.pdf, id=359, 374.39874pt x 321.2pt
>
File: plots/bands_testing_days/4-eps-converted-to.pdf Graphic file (type pdf)
 <use plots/bands_testing_days/4-eps-converted-to.pdf>
Package pdftex.def Info: plots/bands_testing_days/4-eps-converted-to.pdf used o
n input line 553.
(pdftex.def)             Requested size: 161.9989pt x 138.9808pt.
 [21 <./plots/paths_testing_days/1-eps-converted-to.pdf> <./plots/paths_testing
_days/2-eps-converted-to.pdf> <./plots/paths_testing_days/3-eps-converted-to.pd
f> <./plots/paths_testing_days/4-eps-converted-to.pdf>] [22 <./plots/bands_test
ing_days/1-eps-converted-to.pdf> <./plots/bands_testing_days/2-eps-converted-to
.pdf> <./plots/bands_testing_days/3-eps-converted-to.pdf> <./plots/bands_testin
g_days/4-eps-converted-to.pdf>]

LaTeX Warning: Citation 'Alf' on page 23 undefined on input line 576.


LaTeX Warning: Citation 'KarShr' on page 23 undefined on input line 576.


LaTeX Warning: Citation 'KarShr' on page 23 undefined on input line 590.

[23]

LaTeX Warning: Citation 'KarShr' on page 24 undefined on input line 599.

Missing character: There is no Ã in font cmr10!
Missing character: There is no ´ in font cmr10!

Overfull \hbox (17.14812pt too wide) in paragraph at lines 604--604
[] 
 []


Overfull \hbox (6.85458pt too wide) detected at line 608
\U/msb/m/n/10.95 E\OT1/cmr/m/n/10.95 [\OML/cmm/m/it/10.95  []\OT1/cmr/m/n/10.95
 (\OML/cmm/m/it/10.95 X[]\OT1/cmr/m/n/10.95 )] \OMS/cmsy/m/n/10.95 ^^T \OML/cmm
/m/it/10.95  []\OT1/cmr/m/n/10.95 (\OML/cmm/m/it/10.95 x[]\OT1/cmr/m/n/10.95 ) 
+ [][] [][] + \OML/cmm/m/it/10.95 ^^R[]p[] \OMS/cmsy/m/n/10.95 ^^@ \OML/cmm/m/i
t/10.95 ^^R[]\U/msb/m/n/10.95 E\OT1/cmr/m/n/10.95 [[][](\OML/cmm/m/it/10.95 X[]
\OT1/cmr/m/n/10.95 )\OML/cmm/m/it/10.95 X[]\OT1/cmr/m/n/10.95 ][]\OML/cmm/m/it/
10.95 ds \OT1/cmr/m/n/10.95 + [] [][] \OML/cmm/m/it/10.95 ^^R[]\U/msb/m/n/10.95
 E\OMS/cmsy/m/n/10.95 j\OT1/cmr/m/n/10.95 1 \OMS/cmsy/m/n/10.95 ^^@ \OML/cmm/m/
it/10.95 X[]\OMS/cmsy/m/n/10.95 j\OML/cmm/m/it/10.95 ds:
 []

[24] [25] [26]
Missing character: There is no Ã in font cmr10!
Missing character: There is no ´ in font cmr10!
Missing character: There is no Ã in font cmr10!
Missing character: There is no ´ in font cmr10!


Package biblatex Warning: Keyword 'Wind-SDE' not found on input line 709.


LaTeX Warning: Empty bibliography on input line 709.

[27] (./paper_1line.aux)

LaTeX Warning: There were undefined references.


Package biblatex Warning: Please (re)run Biber on the file:
(biblatex)                paper_1line
(biblatex)                and rerun LaTeX afterwards.

Package logreq Info: Writing requests to 'paper_1line.run.xml'.
\openout1 = `paper_1line.run.xml'.

 ) 
Here is how much of TeX's memory you used:
 28487 strings out of 493029
 577155 string characters out of 6136234
 894966 words of memory out of 5000000
 31577 multiletter control sequences out of 15000+600000
 24859 words of font info for 94 fonts, out of 8000000 for 9000
 1141 hyphenation exceptions out of 8191
 62i,14n,56p,10383b,1015s stack positions out of 5000i,500n,10000p,200000b,80000s
</usr/share/texlive/texmf-dist/fonts/type1/public/amsfonts/cm/cmbx10.pfb></us
r/share/texlive/texmf-dist/fonts/type1/public/amsfonts/cm/cmbx12.pfb></usr/shar
e/texlive/texmf-dist/fonts/type1/public/amsfonts/cm/cmex10.pfb></usr/share/texl
ive/texmf-dist/fonts/type1/public/amsfonts/cm/cmmi10.pfb></usr/share/texlive/te
xmf-dist/fonts/type1/public/amsfonts/cm/cmmi12.pfb></usr/share/texlive/texmf-di
st/fonts/type1/public/amsfonts/cm/cmmi6.pfb></usr/share/texlive/texmf-dist/font
s/type1/public/amsfonts/cm/cmmi8.pfb></usr/share/texlive/texmf-dist/fonts/type1
/public/amsfonts/cm/cmmib10.pfb></usr/share/texlive/texmf-dist/fonts/type1/publ
ic/amsfonts/cm/cmr10.pfb></usr/share/texlive/texmf-dist/fonts/type1/public/amsf
onts/cm/cmr12.pfb></usr/share/texlive/texmf-dist/fonts/type1/public/amsfonts/cm
/cmr17.pfb></usr/share/texlive/texmf-dist/fonts/type1/public/amsfonts/cm/cmr6.p
fb></usr/share/texlive/texmf-dist/fonts/type1/public/amsfonts/cm/cmr8.pfb></usr
/share/texlive/texmf-dist/fonts/type1/public/amsfonts/cm/cmsy10.pfb></usr/share
/texlive/texmf-dist/fonts/type1/public/amsfonts/cm/cmsy6.pfb></usr/share/texliv
e/texmf-dist/fonts/type1/public/amsfonts/cm/cmsy8.pfb></usr/share/texlive/texmf
-dist/fonts/type1/public/amsfonts/cm/cmti10.pfb></usr/share/texlive/texmf-dist/
fonts/type1/public/amsfonts/symbols/msbm10.pfb>
Output written on paper_1line.pdf (27 pages, 1653371 bytes).
PDF statistics:
 505 PDF objects out of 1000 (max. 8388607)
 247 compressed objects within 3 object streams
 0 named destinations out of 1000 (max. 500000)
 193 words of extra memory for PDF output out of 10000 (max. 10000000)

