This is pdfTeX, Version 3.14159265-2.6-1.40.20 (TeX Live 2019/W32TeX) (preloaded format=pdflatex 2020.1.21)  16 MAY 2020 03:15
entering extended mode
 restricted \write18 enabled.
 %&-line parsing enabled.
**paper_1line.tex
(./paper_1line.tex
LaTeX2e <2019-10-01> patch level 3
(c:/texlive/2019/texmf-dist/tex/latex/base/article.cls
Document Class: article 2019/10/25 v1.4k Standard LaTeX document class
(c:/texlive/2019/texmf-dist/tex/latex/base/size11.clo
File: size11.clo 2019/10/25 v1.4k Standard LaTeX file (size option)
)
\c@part=\count80
\c@section=\count81
\c@subsection=\count82
\c@subsubsection=\count83
\c@paragraph=\count84
\c@subparagraph=\count85
\c@figure=\count86
\c@table=\count87
\abovecaptionskip=\skip41
\belowcaptionskip=\skip42
\bibindent=\dimen102
)
(c:/texlive/2019/texmf-dist/tex/latex/graphics/graphicx.sty
Package: graphicx 2017/06/01 v1.1a Enhanced LaTeX Graphics (DPC,SPQR)

(c:/texlive/2019/texmf-dist/tex/latex/graphics/keyval.sty
Package: keyval 2014/10/28 v1.15 key=value parser (DPC)
\KV@toks@=\toks14
)
(c:/texlive/2019/texmf-dist/tex/latex/graphics/graphics.sty
Package: graphics 2019/11/01 v1.3d Standard LaTeX Graphics (DPC,SPQR)

(c:/texlive/2019/texmf-dist/tex/latex/graphics/trig.sty
Package: trig 2016/01/03 v1.10 sin cos tan (DPC)
)
(c:/texlive/2019/texmf-dist/tex/latex/graphics-cfg/graphics.cfg
File: graphics.cfg 2016/06/04 v1.11 sample graphics configuration
)
Package graphics Info: Driver file: pdftex.def on input line 105.

(c:/texlive/2019/texmf-dist/tex/latex/graphics-def/pdftex.def
File: pdftex.def 2018/01/08 v1.0l Graphics/color driver for pdftex
))
\Gin@req@height=\dimen103
\Gin@req@width=\dimen104
)
(c:/texlive/2019/texmf-dist/tex/latex/tools/bm.sty
Package: bm 2019/07/24 v1.2d Bold Symbol Support (DPC/FMi)
\symboldoperators=\mathgroup4
\symboldletters=\mathgroup5
\symboldsymbols=\mathgroup6
LaTeX Font Info:    Redeclaring math alphabet \mathbf on input line 141.
LaTeX Info: Redefining \bm on input line 209.
)
(c:/texlive/2019/texmf-dist/tex/latex/siunitx/siunitx.sty
(c:/texlive/2019/texmf-dist/tex/latex/l3kernel/expl3.sty
Package: expl3 2020-01-12 L3 programming layer (loader) 

(c:/texlive/2019/texmf-dist/tex/latex/l3kernel/expl3-code.tex
Package: expl3 2020-01-12 L3 programming layer (code)
\c_max_int=\count88
\l_tmpa_int=\count89
\l_tmpb_int=\count90
\g_tmpa_int=\count91
\g_tmpb_int=\count92
\l__seq_internal_a_int=\count93
\l__seq_internal_b_int=\count94
\g__kernel_prg_map_int=\count95
\c__ior_term_noprompt_ior=\count96
\c_log_iow=\count97
\l_iow_line_count_int=\count98
\l__iow_line_target_int=\count99
\l__iow_one_indent_int=\count100
\l__iow_indent_int=\count101
\c_zero_dim=\dimen105
\c_max_dim=\dimen106
\l_tmpa_dim=\dimen107
\l_tmpb_dim=\dimen108
\g_tmpa_dim=\dimen109
\g_tmpb_dim=\dimen110
\c_zero_skip=\skip43
\c_max_skip=\skip44
\l_tmpa_skip=\skip45
\l_tmpb_skip=\skip46
\g_tmpa_skip=\skip47
\g_tmpb_skip=\skip48
\c_zero_muskip=\muskip10
\c_max_muskip=\muskip11
\l_tmpa_muskip=\muskip12
\l_tmpb_muskip=\muskip13
\g_tmpa_muskip=\muskip14
\g_tmpb_muskip=\muskip15
\l_keys_choice_int=\count102
\l__intarray_loop_int=\count103
\c__intarray_sp_dim=\dimen111
\g__intarray_font_int=\count104
\c__fp_leading_shift_int=\count105
\c__fp_middle_shift_int=\count106
\c__fp_trailing_shift_int=\count107
\c__fp_big_leading_shift_int=\count108
\c__fp_big_middle_shift_int=\count109
\c__fp_big_trailing_shift_int=\count110
\c__fp_Bigg_leading_shift_int=\count111
\c__fp_Bigg_middle_shift_int=\count112
\c__fp_Bigg_trailing_shift_int=\count113
\c__kernel_randint_max_int=\count114
\g__fp_array_int=\count115
\l__fp_array_loop_int=\count116
\l__sort_length_int=\count117
\l__sort_min_int=\count118
\l__sort_top_int=\count119
\l__sort_max_int=\count120
\l__sort_true_max_int=\count121
\l__sort_block_int=\count122
\l__sort_begin_int=\count123
\l__sort_end_int=\count124
\l__sort_A_int=\count125
\l__sort_B_int=\count126
\l__sort_C_int=\count127
\l__str_internal_int=\count128
\c__str_replacement_char_int=\count129
\l__tl_analysis_normal_int=\count130
\l__tl_analysis_index_int=\count131
\l__tl_analysis_nesting_int=\count132
\l__tl_analysis_type_int=\count133
\l__regex_internal_a_int=\count134
\l__regex_internal_b_int=\count135
\l__regex_internal_c_int=\count136
\l__regex_balance_int=\count137
\l__regex_group_level_int=\count138
\l__regex_mode_int=\count139
\c__regex_cs_in_class_mode_int=\count140
\c__regex_cs_mode_int=\count141
\l__regex_catcodes_int=\count142
\l__regex_default_catcodes_int=\count143
\c__regex_catcode_D_int=\count144
\c__regex_catcode_S_int=\count145
\c__regex_catcode_L_int=\count146
\c__regex_catcode_O_int=\count147
\c__regex_catcode_A_int=\count148
\c__regex_all_catcodes_int=\count149
\l__regex_show_lines_int=\count150
\l__regex_min_state_int=\count151
\l__regex_max_state_int=\count152
\l__regex_left_state_int=\count153
\l__regex_right_state_int=\count154
\l__regex_capturing_group_int=\count155
\l__regex_min_pos_int=\count156
\l__regex_max_pos_int=\count157
\l__regex_curr_pos_int=\count158
\l__regex_start_pos_int=\count159
\l__regex_success_pos_int=\count160
\l__regex_curr_char_int=\count161
\l__regex_curr_catcode_int=\count162
\l__regex_last_char_int=\count163
\l__regex_case_changed_char_int=\count164
\l__regex_curr_state_int=\count165
\l__regex_step_int=\count166
\l__regex_min_active_int=\count167
\l__regex_max_active_int=\count168
\l__regex_replacement_csnames_int=\count169
\l__regex_match_count_int=\count170
\l__regex_min_submatch_int=\count171
\l__regex_submatch_int=\count172
\l__regex_zeroth_submatch_int=\count173
\g__regex_trace_regex_int=\count174
\c_empty_box=\box27
\l_tmpa_box=\box28
\l_tmpb_box=\box29
\g_tmpa_box=\box30
\g_tmpb_box=\box31
\l__box_top_dim=\dimen112
\l__box_bottom_dim=\dimen113
\l__box_left_dim=\dimen114
\l__box_right_dim=\dimen115
\l__box_top_new_dim=\dimen116
\l__box_bottom_new_dim=\dimen117
\l__box_left_new_dim=\dimen118
\l__box_right_new_dim=\dimen119
\l__box_internal_box=\box32
\l__coffin_internal_box=\box33
\l__coffin_internal_dim=\dimen120
\l__coffin_offset_x_dim=\dimen121
\l__coffin_offset_y_dim=\dimen122
\l__coffin_x_dim=\dimen123
\l__coffin_y_dim=\dimen124
\l__coffin_x_prime_dim=\dimen125
\l__coffin_y_prime_dim=\dimen126
\c_empty_coffin=\box34
\l__coffin_aligned_coffin=\box35
\l__coffin_aligned_internal_coffin=\box36
\l_tmpa_coffin=\box37
\l_tmpb_coffin=\box38
\g_tmpa_coffin=\box39
\g_tmpb_coffin=\box40
\l__coffin_bounding_shift_dim=\dimen127
\l__coffin_left_corner_dim=\dimen128
\l__coffin_right_corner_dim=\dimen129
\l__coffin_bottom_corner_dim=\dimen130
\l__coffin_top_corner_dim=\dimen131
\l__coffin_scaled_total_height_dim=\dimen132
\l__coffin_scaled_width_dim=\dimen133
\c__coffin_empty_coffin=\box41
\l__coffin_display_coffin=\box42
\l__coffin_display_coord_coffin=\box43
\l__coffin_display_pole_coffin=\box44
\l__coffin_display_offset_dim=\dimen134
\l__coffin_display_x_dim=\dimen135
\l__coffin_display_y_dim=\dimen136
\g__char_data_ior=\read1

(c:/texlive/2019/texmf-dist/tex/latex/l3kernel/l3deprecation.def
File: l3deprecation.def 2019-04-06 v L3 Deprecated functions
))
(c:/texlive/2019/texmf-dist/tex/latex/l3backend/l3backend-pdfmode.def
File: l3backend-pdfmode.def 2019-04-06 L3 backend support: PDF mode
\l__kernel_color_stack_int=\count175
\l__pdf_internal_box=\box45
))
(c:/texlive/2019/texmf-dist/tex/latex/l3packages/xparse/xparse.sty
Package: xparse 2020-01-12 L3 Experimental document command parser
\l__xparse_current_arg_int=\count176
\g__xparse_grabber_int=\count177
\l__xparse_m_args_int=\count178
\l__xparse_v_nesting_int=\count179
)
Package: siunitx 2020/01/15 v2.7u A comprehensive (SI) units package

(c:/texlive/2019/texmf-dist/tex/latex/amsmath/amstext.sty
Package: amstext 2000/06/29 v2.01 AMS text

(c:/texlive/2019/texmf-dist/tex/latex/amsmath/amsgen.sty
File: amsgen.sty 1999/11/30 v2.0 generic functions
\@emptytoks=\toks15
\ex@=\dimen137
))
(c:/texlive/2019/texmf-dist/tex/latex/tools/array.sty
Package: array 2019/08/31 v2.4l Tabular extension package (FMi)
\col@sep=\dimen138
\ar@mcellbox=\box46
\extrarowheight=\dimen139
\NC@list=\toks16
\extratabsurround=\skip49
\backup@length=\skip50
\ar@cellbox=\box47
)
(c:/texlive/2019/texmf-dist/tex/latex/l3packages/l3keys2e/l3keys2e.sty
Package: l3keys2e 2020-01-12 LaTeX2e option processing using LaTeX3 keys
)
\l__siunitx_tmp_box=\box48
\l__siunitx_tmp_dim=\dimen140
\l__siunitx_tmp_int=\count180
\l__siunitx_number_mantissa_length_int=\count181
\l__siunitx_number_uncert_length_int=\count182
\l__siunitx_round_int=\count183
\l__siunitx_process_decimal_int=\count184
\l__siunitx_process_uncertainty_int=\count185
\l__siunitx_process_fixed_int=\count186
\l__siunitx_process_integer_min_int=\count187
\l__siunitx_process_precision_int=\count188
\l__siunitx_group_min_int=\count189
\l__siunitx_angle_marker_box=\box49
\l__siunitx_angle_unit_box=\box50
\l__siunitx_angle_marker_dim=\dimen141
\l__siunitx_angle_unit_dim=\dimen142
\l__siunitx_unit_int=\count190
\l__siunitx_unit_denominator_int=\count191
\l__siunitx_unit_numerator_int=\count192
\l__siunitx_unit_prefix_int=\count193
\l__siunitx_unit_prefix_base_int=\count194
\l__siunitx_unit_prefix_gram_int=\count195
\l__siunitx_number_product_int=\count196
\c__siunitx_one_fill_skip=\skip51
\l__siunitx_table_unit_align_skip=\skip52
\l__siunitx_table_exponent_dim=\dimen143
\l__siunitx_table_integer_dim=\dimen144
\l__siunitx_table_mantissa_dim=\dimen145
\l__siunitx_table_marker_dim=\dimen146
\l__siunitx_table_result_dim=\dimen147
\l__siunitx_table_uncert_dim=\dimen148
\l__siunitx_table_fill_pre_dim=\dimen149
\l__siunitx_table_fill_post_dim=\dimen150
\l__siunitx_table_fill_mid_dim=\dimen151
\l__siunitx_table_pre_box=\box51
\l__siunitx_table_post_box=\box52
\l__siunitx_table_mantissa_box=\box53
\l__siunitx_table_result_box=\box54
\l__siunitx_table_number_align_skip=\skip53
\l__siunitx_table_text_align_skip=\skip54

(c:/texlive/2019/texmf-dist/tex/latex/translator/translator.sty
Package: translator 2019-05-31 v1.12a Easy translation of strings in LaTeX
))
(c:/texlive/2019/texmf-dist/tex/latex/booktabs/booktabs.sty
Package: booktabs 2020/01/12 v1.61803398 Publication quality tables
\heavyrulewidth=\dimen152
\lightrulewidth=\dimen153
\cmidrulewidth=\dimen154
\belowrulesep=\dimen155
\belowbottomsep=\dimen156
\aboverulesep=\dimen157
\abovetopsep=\dimen158
\cmidrulesep=\dimen159
\cmidrulekern=\dimen160
\defaultaddspace=\dimen161
\@cmidla=\count197
\@cmidlb=\count198
\@aboverulesep=\dimen162
\@belowrulesep=\dimen163
\@thisruleclass=\count199
\@lastruleclass=\count266
\@thisrulewidth=\dimen164
)
(c:/texlive/2019/texmf-dist/tex/latex/xcolor/xcolor.sty
Package: xcolor 2016/05/11 v2.12 LaTeX color extensions (UK)

(c:/texlive/2019/texmf-dist/tex/latex/graphics-cfg/color.cfg
File: color.cfg 2016/01/02 v1.6 sample color configuration
)
Package xcolor Info: Driver file: pdftex.def on input line 225.
Package xcolor Info: Model `cmy' substituted by `cmy0' on input line 1348.
Package xcolor Info: Model `hsb' substituted by `rgb' on input line 1352.
Package xcolor Info: Model `RGB' extended on input line 1364.
Package xcolor Info: Model `HTML' substituted by `rgb' on input line 1366.
Package xcolor Info: Model `Hsb' substituted by `hsb' on input line 1367.
Package xcolor Info: Model `tHsb' substituted by `hsb' on input line 1368.
Package xcolor Info: Model `HSB' substituted by `hsb' on input line 1369.
Package xcolor Info: Model `Gray' substituted by `gray' on input line 1370.
Package xcolor Info: Model `wave' substituted by `hsb' on input line 1371.
)
(c:/texlive/2019/texmf-dist/tex/latex/preprint/authblk.sty
Package: authblk 2001/02/27 1.3 (PWD)
\affilsep=\skip55
\@affilsep=\skip56
\c@Maxaffil=\count267
\c@authors=\count268
\c@affil=\count269
)
(c:/texlive/2019/texmf-dist/tex/latex/amsmath/amsmath.sty
Package: amsmath 2019/11/16 v2.17d AMS math features
\@mathmargin=\skip57

For additional information on amsmath, use the `?' option.
(c:/texlive/2019/texmf-dist/tex/latex/amsmath/amsbsy.sty
Package: amsbsy 1999/11/29 v1.2d Bold Symbols
LaTeX Info: Redefining \boldsymbol on input line 28.
\pmbraise@=\dimen165
)
(c:/texlive/2019/texmf-dist/tex/latex/amsmath/amsopn.sty
Package: amsopn 2016/03/08 v2.02 operator names
)
\inf@bad=\count270
LaTeX Info: Redefining \frac on input line 227.
\uproot@=\count271
\leftroot@=\count272
LaTeX Info: Redefining \overline on input line 389.
\classnum@=\count273
\DOTSCASE@=\count274
LaTeX Info: Redefining \ldots on input line 486.
LaTeX Info: Redefining \dots on input line 489.
LaTeX Info: Redefining \cdots on input line 610.
\Mathstrutbox@=\box55
\strutbox@=\box56
\big@size=\dimen166
LaTeX Font Info:    Redeclaring font encoding OML on input line 733.
LaTeX Font Info:    Redeclaring font encoding OMS on input line 734.
\macc@depth=\count275
\c@MaxMatrixCols=\count276
\dotsspace@=\muskip16
\c@parentequation=\count277
\dspbrk@lvl=\count278
\tag@help=\toks17
\row@=\count279
\column@=\count280
\maxfields@=\count281
\andhelp@=\toks18
\eqnshift@=\dimen167
\alignsep@=\dimen168
\tagshift@=\dimen169
\tagwidth@=\dimen170
\totwidth@=\dimen171
\lineht@=\dimen172
\@envbody=\toks19
\multlinegap=\skip58
\multlinetaggap=\skip59
\mathdisplay@stack=\toks20
LaTeX Info: Redefining \[ on input line 2858.
LaTeX Info: Redefining \] on input line 2859.
)
(c:/texlive/2019/texmf-dist/tex/latex/amsfonts/amssymb.sty
Package: amssymb 2013/01/14 v3.01 AMS font symbols

(c:/texlive/2019/texmf-dist/tex/latex/amsfonts/amsfonts.sty
Package: amsfonts 2013/01/14 v3.01 Basic AMSFonts support
\symAMSa=\mathgroup7
\symAMSb=\mathgroup8
LaTeX Font Info:    Redeclaring math symbol \hbar on input line 98.
LaTeX Font Info:    Overwriting math alphabet `\mathfrak' in version `bold'
(Font)                  U/euf/m/n --> U/euf/b/n on input line 106.
))
(c:/texlive/2019/texmf-dist/tex/latex/amscls/amsthm.sty
Package: amsthm 2017/10/31 v2.20.4
\thm@style=\toks21
\thm@bodyfont=\toks22
\thm@headfont=\toks23
\thm@notefont=\toks24
\thm@headpunct=\toks25
\thm@preskip=\skip60
\thm@postskip=\skip61
\thm@headsep=\skip62
\dth@everypar=\toks26
)
(c:/texlive/2019/texmf-dist/tex/latex/todonotes/todonotes.sty
Package: todonotes 2019/01/24 v1.1.2 Todonotes source and documentation.
Package: todonotes 2018/11/22

(c:/texlive/2019/texmf-dist/tex/latex/base/ifthen.sty
Package: ifthen 2014/09/29 v1.1c Standard LaTeX ifthen package (DPC)
)
(c:/texlive/2019/texmf-dist/tex/latex/xkeyval/xkeyval.sty
Package: xkeyval 2014/12/03 v2.7a package option processing (HA)

(c:/texlive/2019/texmf-dist/tex/generic/xkeyval/xkeyval.tex
(c:/texlive/2019/texmf-dist/tex/generic/xkeyval/xkvutils.tex
\XKV@toks=\toks27
\XKV@tempa@toks=\toks28
)
\XKV@depth=\count282
File: xkeyval.tex 2014/12/03 v2.7a key=value parser (HA)
))
(c:/texlive/2019/texmf-dist/tex/latex/pgf/frontendlayer/tikz.sty
(c:/texlive/2019/texmf-dist/tex/latex/pgf/basiclayer/pgf.sty
(c:/texlive/2019/texmf-dist/tex/latex/pgf/utilities/pgfrcs.sty
(c:/texlive/2019/texmf-dist/tex/generic/pgf/utilities/pgfutil-common.tex
\pgfutil@everybye=\toks29
\pgfutil@tempdima=\dimen173
\pgfutil@tempdimb=\dimen174

(c:/texlive/2019/texmf-dist/tex/generic/pgf/utilities/pgfutil-common-lists.tex)
) (c:/texlive/2019/texmf-dist/tex/generic/pgf/utilities/pgfutil-latex.def
\pgfutil@abb=\box57

(c:/texlive/2019/texmf-dist/tex/latex/ms/everyshi.sty
Package: everyshi 2001/05/15 v3.00 EveryShipout Package (MS)
))
(c:/texlive/2019/texmf-dist/tex/generic/pgf/utilities/pgfrcs.code.tex
(c:/texlive/2019/texmf-dist/tex/generic/pgf/pgf.revision.tex)
Package: pgfrcs 2020/01/08 v3.1.5b (3.1.5b)
))
Package: pgf 2020/01/08 v3.1.5b (3.1.5b)

(c:/texlive/2019/texmf-dist/tex/latex/pgf/basiclayer/pgfcore.sty
(c:/texlive/2019/texmf-dist/tex/latex/pgf/systemlayer/pgfsys.sty
(c:/texlive/2019/texmf-dist/tex/generic/pgf/systemlayer/pgfsys.code.tex
Package: pgfsys 2020/01/08 v3.1.5b (3.1.5b)

(c:/texlive/2019/texmf-dist/tex/generic/pgf/utilities/pgfkeys.code.tex
\pgfkeys@pathtoks=\toks30
\pgfkeys@temptoks=\toks31

(c:/texlive/2019/texmf-dist/tex/generic/pgf/utilities/pgfkeysfiltered.code.tex
\pgfkeys@tmptoks=\toks32
))
\pgf@x=\dimen175
\pgf@y=\dimen176
\pgf@xa=\dimen177
\pgf@ya=\dimen178
\pgf@xb=\dimen179
\pgf@yb=\dimen180
\pgf@xc=\dimen181
\pgf@yc=\dimen182
\pgf@xd=\dimen183
\pgf@yd=\dimen184
\w@pgf@writea=\write3
\r@pgf@reada=\read2
\c@pgf@counta=\count283
\c@pgf@countb=\count284
\c@pgf@countc=\count285
\c@pgf@countd=\count286
\t@pgf@toka=\toks33
\t@pgf@tokb=\toks34
\t@pgf@tokc=\toks35
\pgf@sys@id@count=\count287
 (c:/texlive/2019/texmf-dist/tex/generic/pgf/systemlayer/pgf.cfg
File: pgf.cfg 2020/01/08 v3.1.5b (3.1.5b)
)
Driver file for pgf: pgfsys-pdftex.def

(c:/texlive/2019/texmf-dist/tex/generic/pgf/systemlayer/pgfsys-pdftex.def
File: pgfsys-pdftex.def 2020/01/08 v3.1.5b (3.1.5b)

(c:/texlive/2019/texmf-dist/tex/generic/pgf/systemlayer/pgfsys-common-pdf.def
File: pgfsys-common-pdf.def 2020/01/08 v3.1.5b (3.1.5b)
)))
(c:/texlive/2019/texmf-dist/tex/generic/pgf/systemlayer/pgfsyssoftpath.code.tex
File: pgfsyssoftpath.code.tex 2020/01/08 v3.1.5b (3.1.5b)
\pgfsyssoftpath@smallbuffer@items=\count288
\pgfsyssoftpath@bigbuffer@items=\count289
)
(c:/texlive/2019/texmf-dist/tex/generic/pgf/systemlayer/pgfsysprotocol.code.tex
File: pgfsysprotocol.code.tex 2020/01/08 v3.1.5b (3.1.5b)
)) (c:/texlive/2019/texmf-dist/tex/generic/pgf/basiclayer/pgfcore.code.tex
Package: pgfcore 2020/01/08 v3.1.5b (3.1.5b)

(c:/texlive/2019/texmf-dist/tex/generic/pgf/math/pgfmath.code.tex
(c:/texlive/2019/texmf-dist/tex/generic/pgf/math/pgfmathcalc.code.tex
(c:/texlive/2019/texmf-dist/tex/generic/pgf/math/pgfmathutil.code.tex)
(c:/texlive/2019/texmf-dist/tex/generic/pgf/math/pgfmathparser.code.tex
\pgfmath@dimen=\dimen185
\pgfmath@count=\count290
\pgfmath@box=\box58
\pgfmath@toks=\toks36
\pgfmath@stack@operand=\toks37
\pgfmath@stack@operation=\toks38
)
(c:/texlive/2019/texmf-dist/tex/generic/pgf/math/pgfmathfunctions.code.tex
(c:/texlive/2019/texmf-dist/tex/generic/pgf/math/pgfmathfunctions.basic.code.te
x)
(c:/texlive/2019/texmf-dist/tex/generic/pgf/math/pgfmathfunctions.trigonometric
.code.tex)
(c:/texlive/2019/texmf-dist/tex/generic/pgf/math/pgfmathfunctions.random.code.t
ex)
(c:/texlive/2019/texmf-dist/tex/generic/pgf/math/pgfmathfunctions.comparison.co
de.tex)
(c:/texlive/2019/texmf-dist/tex/generic/pgf/math/pgfmathfunctions.base.code.tex
)
(c:/texlive/2019/texmf-dist/tex/generic/pgf/math/pgfmathfunctions.round.code.te
x)
(c:/texlive/2019/texmf-dist/tex/generic/pgf/math/pgfmathfunctions.misc.code.tex
)
(c:/texlive/2019/texmf-dist/tex/generic/pgf/math/pgfmathfunctions.integerarithm
etics.code.tex)))
(c:/texlive/2019/texmf-dist/tex/generic/pgf/math/pgfmathfloat.code.tex
\c@pgfmathroundto@lastzeros=\count291
))
(c:/texlive/2019/texmf-dist/tex/generic/pgf/math/pgfint.code.tex)
(c:/texlive/2019/texmf-dist/tex/generic/pgf/basiclayer/pgfcorepoints.code.tex
File: pgfcorepoints.code.tex 2020/01/08 v3.1.5b (3.1.5b)
\pgf@picminx=\dimen186
\pgf@picmaxx=\dimen187
\pgf@picminy=\dimen188
\pgf@picmaxy=\dimen189
\pgf@pathminx=\dimen190
\pgf@pathmaxx=\dimen191
\pgf@pathminy=\dimen192
\pgf@pathmaxy=\dimen193
\pgf@xx=\dimen194
\pgf@xy=\dimen195
\pgf@yx=\dimen196
\pgf@yy=\dimen197
\pgf@zx=\dimen198
\pgf@zy=\dimen199
)
(c:/texlive/2019/texmf-dist/tex/generic/pgf/basiclayer/pgfcorepathconstruct.cod
e.tex
File: pgfcorepathconstruct.code.tex 2020/01/08 v3.1.5b (3.1.5b)
\pgf@path@lastx=\dimen256
\pgf@path@lasty=\dimen257
)
(c:/texlive/2019/texmf-dist/tex/generic/pgf/basiclayer/pgfcorepathusage.code.te
x
File: pgfcorepathusage.code.tex 2020/01/08 v3.1.5b (3.1.5b)
\pgf@shorten@end@additional=\dimen258
\pgf@shorten@start@additional=\dimen259
)
(c:/texlive/2019/texmf-dist/tex/generic/pgf/basiclayer/pgfcorescopes.code.tex
File: pgfcorescopes.code.tex 2020/01/08 v3.1.5b (3.1.5b)
\pgfpic=\box59
\pgf@hbox=\box60
\pgf@layerbox@main=\box61
\pgf@picture@serial@count=\count292
)
(c:/texlive/2019/texmf-dist/tex/generic/pgf/basiclayer/pgfcoregraphicstate.code
.tex
File: pgfcoregraphicstate.code.tex 2020/01/08 v3.1.5b (3.1.5b)
\pgflinewidth=\dimen260
)
(c:/texlive/2019/texmf-dist/tex/generic/pgf/basiclayer/pgfcoretransformations.c
ode.tex
File: pgfcoretransformations.code.tex 2020/01/08 v3.1.5b (3.1.5b)
\pgf@pt@x=\dimen261
\pgf@pt@y=\dimen262
\pgf@pt@temp=\dimen263
)
(c:/texlive/2019/texmf-dist/tex/generic/pgf/basiclayer/pgfcorequick.code.tex
File: pgfcorequick.code.tex 2020/01/08 v3.1.5b (3.1.5b)
)
(c:/texlive/2019/texmf-dist/tex/generic/pgf/basiclayer/pgfcoreobjects.code.tex
File: pgfcoreobjects.code.tex 2020/01/08 v3.1.5b (3.1.5b)
)
(c:/texlive/2019/texmf-dist/tex/generic/pgf/basiclayer/pgfcorepathprocessing.co
de.tex
File: pgfcorepathprocessing.code.tex 2020/01/08 v3.1.5b (3.1.5b)
)
(c:/texlive/2019/texmf-dist/tex/generic/pgf/basiclayer/pgfcorearrows.code.tex
File: pgfcorearrows.code.tex 2020/01/08 v3.1.5b (3.1.5b)
\pgfarrowsep=\dimen264
)
(c:/texlive/2019/texmf-dist/tex/generic/pgf/basiclayer/pgfcoreshade.code.tex
File: pgfcoreshade.code.tex 2020/01/08 v3.1.5b (3.1.5b)
\pgf@max=\dimen265
\pgf@sys@shading@range@num=\count293
\pgf@shadingcount=\count294
)
(c:/texlive/2019/texmf-dist/tex/generic/pgf/basiclayer/pgfcoreimage.code.tex
File: pgfcoreimage.code.tex 2020/01/08 v3.1.5b (3.1.5b)

(c:/texlive/2019/texmf-dist/tex/generic/pgf/basiclayer/pgfcoreexternal.code.tex
File: pgfcoreexternal.code.tex 2020/01/08 v3.1.5b (3.1.5b)
\pgfexternal@startupbox=\box62
))
(c:/texlive/2019/texmf-dist/tex/generic/pgf/basiclayer/pgfcorelayers.code.tex
File: pgfcorelayers.code.tex 2020/01/08 v3.1.5b (3.1.5b)
)
(c:/texlive/2019/texmf-dist/tex/generic/pgf/basiclayer/pgfcoretransparency.code
.tex
File: pgfcoretransparency.code.tex 2020/01/08 v3.1.5b (3.1.5b)
)
(c:/texlive/2019/texmf-dist/tex/generic/pgf/basiclayer/pgfcorepatterns.code.tex
File: pgfcorepatterns.code.tex 2020/01/08 v3.1.5b (3.1.5b)
) (c:/texlive/2019/texmf-dist/tex/generic/pgf/basiclayer/pgfcorerdf.code.tex
File: pgfcorerdf.code.tex 2020/01/08 v3.1.5b (3.1.5b)
))) (c:/texlive/2019/texmf-dist/tex/generic/pgf/modules/pgfmoduleshapes.code.te
x
File: pgfmoduleshapes.code.tex 2020/01/08 v3.1.5b (3.1.5b)
\pgfnodeparttextbox=\box63
)
(c:/texlive/2019/texmf-dist/tex/generic/pgf/modules/pgfmoduleplot.code.tex
File: pgfmoduleplot.code.tex 2020/01/08 v3.1.5b (3.1.5b)
)
(c:/texlive/2019/texmf-dist/tex/latex/pgf/compatibility/pgfcomp-version-0-65.st
y
Package: pgfcomp-version-0-65 2020/01/08 v3.1.5b (3.1.5b)
\pgf@nodesepstart=\dimen266
\pgf@nodesepend=\dimen267
)
(c:/texlive/2019/texmf-dist/tex/latex/pgf/compatibility/pgfcomp-version-1-18.st
y
Package: pgfcomp-version-1-18 2020/01/08 v3.1.5b (3.1.5b)
)) (c:/texlive/2019/texmf-dist/tex/latex/pgf/utilities/pgffor.sty
(c:/texlive/2019/texmf-dist/tex/latex/pgf/utilities/pgfkeys.sty
(c:/texlive/2019/texmf-dist/tex/generic/pgf/utilities/pgfkeys.code.tex))
(c:/texlive/2019/texmf-dist/tex/latex/pgf/math/pgfmath.sty
(c:/texlive/2019/texmf-dist/tex/generic/pgf/math/pgfmath.code.tex))
(c:/texlive/2019/texmf-dist/tex/generic/pgf/utilities/pgffor.code.tex
Package: pgffor 2020/01/08 v3.1.5b (3.1.5b)

(c:/texlive/2019/texmf-dist/tex/generic/pgf/math/pgfmath.code.tex)
\pgffor@iter=\dimen268
\pgffor@skip=\dimen269
\pgffor@stack=\toks39
\pgffor@toks=\toks40
))
(c:/texlive/2019/texmf-dist/tex/generic/pgf/frontendlayer/tikz/tikz.code.tex
Package: tikz 2020/01/08 v3.1.5b (3.1.5b)

(c:/texlive/2019/texmf-dist/tex/generic/pgf/libraries/pgflibraryplothandlers.co
de.tex
File: pgflibraryplothandlers.code.tex 2020/01/08 v3.1.5b (3.1.5b)
\pgf@plot@mark@count=\count295
\pgfplotmarksize=\dimen270
)
\tikz@lastx=\dimen271
\tikz@lasty=\dimen272
\tikz@lastxsaved=\dimen273
\tikz@lastysaved=\dimen274
\tikz@lastmovetox=\dimen275
\tikz@lastmovetoy=\dimen276
\tikzleveldistance=\dimen277
\tikzsiblingdistance=\dimen278
\tikz@figbox=\box64
\tikz@figbox@bg=\box65
\tikz@tempbox=\box66
\tikz@tempbox@bg=\box67
\tikztreelevel=\count296
\tikznumberofchildren=\count297
\tikznumberofcurrentchild=\count298
\tikz@fig@count=\count299

(c:/texlive/2019/texmf-dist/tex/generic/pgf/modules/pgfmodulematrix.code.tex
File: pgfmodulematrix.code.tex 2020/01/08 v3.1.5b (3.1.5b)
\pgfmatrixcurrentrow=\count300
\pgfmatrixcurrentcolumn=\count301
\pgf@matrix@numberofcolumns=\count302
)
\tikz@expandcount=\count303

(c:/texlive/2019/texmf-dist/tex/generic/pgf/frontendlayer/tikz/libraries/tikzli
brarytopaths.code.tex
File: tikzlibrarytopaths.code.tex 2020/01/08 v3.1.5b (3.1.5b)
)))
(c:/texlive/2019/texmf-dist/tex/generic/pgf/frontendlayer/tikz/libraries/tikzli
brarypositioning.code.tex
File: tikzlibrarypositioning.code.tex 2020/01/08 v3.1.5b (3.1.5b)
)
(c:/texlive/2019/texmf-dist/tex/generic/pgf/frontendlayer/tikz/libraries/tikzli
braryshadows.code.tex
File: tikzlibraryshadows.code.tex 2020/01/08 v3.1.5b (3.1.5b)

(c:/texlive/2019/texmf-dist/tex/generic/pgf/frontendlayer/tikz/libraries/tikzli
braryfadings.code.tex
File: tikzlibraryfadings.code.tex 2020/01/08 v3.1.5b (3.1.5b)

(c:/texlive/2019/texmf-dist/tex/generic/pgf/libraries/pgflibraryfadings.code.te
x
File: pgflibraryfadings.code.tex 2020/01/08 v3.1.5b (3.1.5b)
))) (c:/texlive/2019/texmf-dist/tex/latex/tools/calc.sty
Package: calc 2017/05/25 v4.3 Infix arithmetic (KKT,FJ)
\calc@Acount=\count304
\calc@Bcount=\count305
\calc@Adimen=\dimen279
\calc@Bdimen=\dimen280
\calc@Askip=\skip63
\calc@Bskip=\skip64
LaTeX Info: Redefining \setlength on input line 80.
LaTeX Info: Redefining \addtolength on input line 81.
\calc@Ccount=\count306
\calc@Cskip=\skip65
)
\c@@todonotes@numberoftodonotes=\count307
)
(c:/texlive/2019/texmf-dist/tex/latex/float/float.sty
Package: float 2001/11/08 v1.3d Float enhancements (AL)
\c@float@type=\count308
\float@exts=\toks41
\float@box=\box68
\@float@everytoks=\toks42
\@floatcapt=\box69
)
(c:/texlive/2019/texmf-dist/tex/latex/commath/commath.sty)
(c:/texlive/2019/texmf-dist/tex/latex/fancybox/fancybox.sty
Package: fancybox 2010/05/15 1.4

Style option: `fancybox' v1.4 <2010/05/15> (tvz)
\@fancybox=\box70
\shadowsize=\dimen281
\@Sbox=\box71
\do@VerbBox=\toks43
\the@fancyput=\toks44
\this@fancyput=\toks45
\EndVerbatimTokens=\toks46
\Verbatim@Outfile=\write4
\Verbatim@Infile=\read3
) (c:/texlive/2019/texmf-dist/tex/latex/url/url.sty
\Urlmuskip=\muskip17
Package: url 2013/09/16  ver 3.4  Verb mode for urls, etc.
)
(c:/texlive/2019/texmf-dist/tex/latex/geometry/geometry.sty
Package: geometry 2020/01/02 v5.9 Page Geometry

(c:/texlive/2019/texmf-dist/tex/generic/iftex/ifvtex.sty
Package: ifvtex 2019/10/25 v1.7 ifvtex legacy package. Use iftex instead.

(c:/texlive/2019/texmf-dist/tex/generic/iftex/iftex.sty
Package: iftex 2019/11/07 v1.0c TeX engine tests
))
\Gm@cnth=\count309
\Gm@cntv=\count310
\c@Gm@tempcnt=\count311
\Gm@bindingoffset=\dimen282
\Gm@wd@mp=\dimen283
\Gm@odd@mp=\dimen284
\Gm@even@mp=\dimen285
\Gm@layoutwidth=\dimen286
\Gm@layoutheight=\dimen287
\Gm@layouthoffset=\dimen288
\Gm@layoutvoffset=\dimen289
\Gm@dimlist=\toks47
)
\c@Def=\count312
\c@Eg=\count313
\c@Rm=\count314
\c@Ex=\count315

(c:/texlive/2019/texmf-dist/tex/latex/biblatex/biblatex.sty
Package: biblatex 2019/12/01 v3.14 programmable bibliographies (PK/MW)

(c:/texlive/2019/texmf-dist/tex/latex/pdftexcmds/pdftexcmds.sty
Package: pdftexcmds 2019/11/24 v0.31 Utility functions of pdfTeX for LuaTeX (HO
)

(c:/texlive/2019/texmf-dist/tex/generic/infwarerr/infwarerr.sty
Package: infwarerr 2019/12/03 v1.5 Providing info/warning/error messages (HO)
)
(c:/texlive/2019/texmf-dist/tex/generic/ltxcmds/ltxcmds.sty
Package: ltxcmds 2019/12/15 v1.24 LaTeX kernel commands for general use (HO)
)
Package pdftexcmds Info: \pdf@primitive is available.
Package pdftexcmds Info: \pdf@ifprimitive is available.
Package pdftexcmds Info: \pdfdraftmode found.
)
(c:/texlive/2019/texmf-dist/tex/latex/etoolbox/etoolbox.sty
Package: etoolbox 2019/09/21 v2.5h e-TeX tools for LaTeX (JAW)
\etb@tempcnta=\count316
)
(c:/texlive/2019/texmf-dist/tex/latex/kvoptions/kvoptions.sty
Package: kvoptions 2019/11/29 v3.13 Key value format for package options (HO)

(c:/texlive/2019/texmf-dist/tex/generic/kvsetkeys/kvsetkeys.sty
Package: kvsetkeys 2019/12/15 v1.18 Key value parser (HO)
))
(c:/texlive/2019/texmf-dist/tex/latex/logreq/logreq.sty
Package: logreq 2010/08/04 v1.0 xml request logger
\lrq@indent=\count317

(c:/texlive/2019/texmf-dist/tex/latex/logreq/logreq.def
File: logreq.def 2010/08/04 v1.0 logreq spec v1.0
))
\c@tabx@nest=\count318
\c@listtotal=\count319
\c@listcount=\count320
\c@liststart=\count321
\c@liststop=\count322
\c@citecount=\count323
\c@citetotal=\count324
\c@multicitecount=\count325
\c@multicitetotal=\count326
\c@instcount=\count327
\c@maxnames=\count328
\c@minnames=\count329
\c@maxitems=\count330
\c@minitems=\count331
\c@citecounter=\count332
\c@maxcitecounter=\count333
\c@savedcitecounter=\count334
\c@uniquelist=\count335
\c@uniquename=\count336
\c@refsection=\count337
\c@refsegment=\count338
\c@maxextratitle=\count339
\c@maxextratitleyear=\count340
\c@maxextraname=\count341
\c@maxextradate=\count342
\c@maxextraalpha=\count343
\c@abbrvpenalty=\count344
\c@highnamepenalty=\count345
\c@lownamepenalty=\count346
\c@maxparens=\count347
\c@parenlevel=\count348
\blx@tempcnta=\count349
\blx@tempcntb=\count350
\blx@tempcntc=\count351
\blx@maxsection=\count352
\blx@maxsegment@0=\count353
\blx@notetype=\count354
\blx@parenlevel@text=\count355
\blx@parenlevel@foot=\count356
\blx@sectionciteorder@0=\count357
\blx@entrysetcounter=\count358
\labelnumberwidth=\skip66
\labelalphawidth=\skip67
\biblabelsep=\skip68
\bibitemsep=\skip69
\bibnamesep=\skip70
\bibinitsep=\skip71
\bibparsep=\skip72
\bibhang=\skip73
\blx@bcfin=\read4
\blx@bcfout=\write5
\blx@langwohyphens=\language85
\c@mincomprange=\count359
\c@maxcomprange=\count360
\c@mincompwidth=\count361
Package biblatex Info: Trying to load biblatex default data model...
Package biblatex Info: ... file 'blx-dm.def' found.

(c:/texlive/2019/texmf-dist/tex/latex/biblatex/blx-dm.def
File: blx-dm.def 2019/12/01 v3.14 biblatex localization (PK/MW)
)
Package biblatex Info: Trying to load biblatex style data model...
Package biblatex Info: ... file 'authoryear.dbx' not found.
Package biblatex Info: Trying to load biblatex custom data model...
Package biblatex Info: ... file 'biblatex-dm.cfg' not found.
\c@afterword=\count362
\c@savedafterword=\count363
\c@annotator=\count364
\c@savedannotator=\count365
\c@author=\count366
\c@savedauthor=\count367
\c@bookauthor=\count368
\c@savedbookauthor=\count369
\c@commentator=\count370
\c@savedcommentator=\count371
\c@editor=\count372
\c@savededitor=\count373
\c@editora=\count374
\c@savededitora=\count375
\c@editorb=\count376
\c@savededitorb=\count377
\c@editorc=\count378
\c@savededitorc=\count379
\c@foreword=\count380
\c@savedforeword=\count381
\c@holder=\count382
\c@savedholder=\count383
\c@introduction=\count384
\c@savedintroduction=\count385
\c@namea=\count386
\c@savednamea=\count387
\c@nameb=\count388
\c@savednameb=\count389
\c@namec=\count390
\c@savednamec=\count391
\c@translator=\count392
\c@savedtranslator=\count393
\c@shortauthor=\count394
\c@savedshortauthor=\count395
\c@shorteditor=\count396
\c@savedshorteditor=\count397
\c@labelname=\count398
\c@savedlabelname=\count399
\c@institution=\count400
\c@savedinstitution=\count401
\c@lista=\count402
\c@savedlista=\count403
\c@listb=\count404
\c@savedlistb=\count405
\c@listc=\count406
\c@savedlistc=\count407
\c@listd=\count408
\c@savedlistd=\count409
\c@liste=\count410
\c@savedliste=\count411
\c@listf=\count412
\c@savedlistf=\count413
\c@location=\count414
\c@savedlocation=\count415
\c@organization=\count416
\c@savedorganization=\count417
\c@origlocation=\count418
\c@savedoriglocation=\count419
\c@origpublisher=\count420
\c@savedorigpublisher=\count421
\c@publisher=\count422
\c@savedpublisher=\count423
\c@language=\count424
\c@savedlanguage=\count425
\c@origlanguage=\count426
\c@savedoriglanguage=\count427
\c@pageref=\count428
\c@savedpageref=\count429
\shorthandwidth=\skip74
\shortjournalwidth=\skip75
\shortserieswidth=\skip76
\shorttitlewidth=\skip77
\shortauthorwidth=\skip78
\shorteditorwidth=\skip79
\locallabelnumberwidth=\skip80
\locallabelalphawidth=\skip81
\localshorthandwidth=\skip82
\localshortjournalwidth=\skip83
\localshortserieswidth=\skip84
\localshorttitlewidth=\skip85
\localshortauthorwidth=\skip86
\localshorteditorwidth=\skip87
Package biblatex Info: Trying to load compatibility code...
Package biblatex Info: ... file 'blx-compat.def' found.

(c:/texlive/2019/texmf-dist/tex/latex/biblatex/blx-compat.def
File: blx-compat.def 2019/12/01 v3.14 biblatex compatibility (PK/MW)
)
Package biblatex Info: Trying to load generic definitions...
Package biblatex Info: ... file 'biblatex.def' found.

(c:/texlive/2019/texmf-dist/tex/latex/biblatex/biblatex.def
File: biblatex.def 2019/12/01 v3.14 biblatex compatibility (PK/MW)
\c@textcitecount=\count430
\c@textcitetotal=\count431
\c@textcitemaxnames=\count432
\c@biburlbigbreakpenalty=\count433
\c@biburlbreakpenalty=\count434
\c@biburlnumpenalty=\count435
\c@biburlucpenalty=\count436
\c@biburllcpenalty=\count437
\biburlbigskip=\muskip18
\biburlnumskip=\muskip19
\biburlucskip=\muskip20
\biburllcskip=\muskip21
\c@smartand=\count438
)
Package biblatex Info: Trying to load bibliography style 'authoryear'...
Package biblatex Info: ... file 'authoryear.bbx' found.

(c:/texlive/2019/texmf-dist/tex/latex/biblatex/bbx/authoryear.bbx
File: authoryear.bbx 2019/12/01 v3.14 biblatex bibliography style (PK/MW)
Package biblatex Info: Trying to load bibliography style 'standard'...
Package biblatex Info: ... file 'standard.bbx' found.

(c:/texlive/2019/texmf-dist/tex/latex/biblatex/bbx/standard.bbx
File: standard.bbx 2019/12/01 v3.14 biblatex bibliography style (PK/MW)
\c@bbx:relatedcount=\count439
\c@bbx:relatedtotal=\count440
))
Package biblatex Info: Trying to load citation style 'authoryear'...
Package biblatex Info: ... file 'authoryear.cbx' found.

(c:/texlive/2019/texmf-dist/tex/latex/biblatex/cbx/authoryear.cbx
File: authoryear.cbx 2019/12/01 v3.14 biblatex citation style (PK/MW)
Package biblatex Info: Redefining '\cite'.
Package biblatex Info: Redefining '\parencite'.
Package biblatex Info: Redefining '\footcite'.
Package biblatex Info: Redefining '\footcitetext'.
Package biblatex Info: Redefining '\smartcite'.
Package biblatex Info: Redefining '\textcite'.
Package biblatex Info: Redefining '\textcites'.
)
Package biblatex Info: Trying to load configuration file...
Package biblatex Info: ... file 'biblatex.cfg' found.

(c:/texlive/2019/texmf-dist/tex/latex/biblatex/biblatex.cfg
File: biblatex.cfg 
))
\@quotelevel=\count441
\@quotereset=\count442

(./paper_1line.aux

LaTeX Warning: Label `Assumption:3' multiply defined.

)
\openout1 = `paper_1line.aux'.

LaTeX Font Info:    Checking defaults for OML/cmm/m/it on input line 61.
LaTeX Font Info:    ... okay on input line 61.
LaTeX Font Info:    Checking defaults for T1/cmr/m/n on input line 61.
LaTeX Font Info:    ... okay on input line 61.
LaTeX Font Info:    Checking defaults for OT1/cmr/m/n on input line 61.
LaTeX Font Info:    ... okay on input line 61.
LaTeX Font Info:    Checking defaults for OMS/cmsy/m/n on input line 61.
LaTeX Font Info:    ... okay on input line 61.
LaTeX Font Info:    Checking defaults for OMX/cmex/m/n on input line 61.
LaTeX Font Info:    ... okay on input line 61.
LaTeX Font Info:    Checking defaults for U/cmr/m/n on input line 61.
LaTeX Font Info:    ... okay on input line 61.
 (c:/texlive/2019/texmf-dist/tex/context/base/mkii/supp-pdf.mkii
[Loading MPS to PDF converter (version 2006.09.02).]
\scratchcounter=\count443
\scratchdimen=\dimen290
\scratchbox=\box72
\nofMPsegments=\count444
\nofMParguments=\count445
\everyMPshowfont=\toks48
\MPscratchCnt=\count446
\MPscratchDim=\dimen291
\MPnumerator=\count447
\makeMPintoPDFobject=\count448
\everyMPtoPDFconversion=\toks49
) (c:/texlive/2019/texmf-dist/tex/latex/epstopdf-pkg/epstopdf-base.sty
Package: epstopdf-base 2019-12-09 v2.10 Base part for package epstopdf

(c:/texlive/2019/texmf-dist/tex/latex/grfext/grfext.sty
Package: grfext 2019/12/03 v1.3 Manage graphics extensions (HO)

(c:/texlive/2019/texmf-dist/tex/generic/kvdefinekeys/kvdefinekeys.sty
Package: kvdefinekeys 2019-12-19 v1.6 Define keys (HO)
))
Package epstopdf-base Info: Redefining graphics rule for `.eps' on input line 4
85.
Package grfext Info: Graphics extension search list:
(grfext)             [.pdf,.png,.jpg,.mps,.jpeg,.jbig2,.jb2,.PDF,.PNG,.JPG,.JPE
G,.JBIG2,.JB2,.eps]
(grfext)             \AppendGraphicsExtensions on input line 504.

(c:/texlive/2019/texmf-dist/tex/latex/latexconfig/epstopdf-sys.cfg
File: epstopdf-sys.cfg 2010/07/13 v1.3 Configuration of (r)epstopdf for TeX Liv
e
))
Now handling font encoding TS1 ...
... processing UTF-8 mapping file for font encoding TS1

(c:/texlive/2019/texmf-dist/tex/latex/base/ts1enc.dfu
File: ts1enc.dfu 2019/07/11 v1.2j UTF-8 support for inputenc
   defining Unicode char U+00A2 (decimal 162)
   defining Unicode char U+00A3 (decimal 163)
   defining Unicode char U+00A4 (decimal 164)
   defining Unicode char U+00A5 (decimal 165)
   defining Unicode char U+00A6 (decimal 166)
   defining Unicode char U+00A7 (decimal 167)
   defining Unicode char U+00A8 (decimal 168)
   defining Unicode char U+00A9 (decimal 169)
   defining Unicode char U+00AA (decimal 170)
   defining Unicode char U+00AC (decimal 172)
   defining Unicode char U+00AE (decimal 174)
   defining Unicode char U+00AF (decimal 175)
   defining Unicode char U+00B0 (decimal 176)
   defining Unicode char U+00B1 (decimal 177)
   defining Unicode char U+00B2 (decimal 178)
   defining Unicode char U+00B3 (decimal 179)
   defining Unicode char U+00B4 (decimal 180)
   defining Unicode char U+00B5 (decimal 181)
   defining Unicode char U+00B6 (decimal 182)
   defining Unicode char U+00B7 (decimal 183)
   defining Unicode char U+00B9 (decimal 185)
   defining Unicode char U+00BA (decimal 186)
   defining Unicode char U+00BC (decimal 188)
   defining Unicode char U+00BD (decimal 189)
   defining Unicode char U+00BE (decimal 190)
   defining Unicode char U+00D7 (decimal 215)
   defining Unicode char U+00F7 (decimal 247)
   defining Unicode char U+0192 (decimal 402)
   defining Unicode char U+02C7 (decimal 711)
   defining Unicode char U+02D8 (decimal 728)
   defining Unicode char U+02DD (decimal 733)
   defining Unicode char U+0E3F (decimal 3647)
   defining Unicode char U+2016 (decimal 8214)
   defining Unicode char U+2020 (decimal 8224)
   defining Unicode char U+2021 (decimal 8225)
   defining Unicode char U+2022 (decimal 8226)
   defining Unicode char U+2030 (decimal 8240)
   defining Unicode char U+2031 (decimal 8241)
   defining Unicode char U+203B (decimal 8251)
   defining Unicode char U+203D (decimal 8253)
   defining Unicode char U+2044 (decimal 8260)
   defining Unicode char U+204E (decimal 8270)
   defining Unicode char U+2052 (decimal 8274)
   defining Unicode char U+20A1 (decimal 8353)
   defining Unicode char U+20A4 (decimal 8356)
   defining Unicode char U+20A6 (decimal 8358)
   defining Unicode char U+20A9 (decimal 8361)
   defining Unicode char U+20AB (decimal 8363)
   defining Unicode char U+20AC (decimal 8364)
   defining Unicode char U+20B1 (decimal 8369)
   defining Unicode char U+2103 (decimal 8451)
   defining Unicode char U+2116 (decimal 8470)
   defining Unicode char U+2117 (decimal 8471)
   defining Unicode char U+211E (decimal 8478)
   defining Unicode char U+2120 (decimal 8480)
   defining Unicode char U+2122 (decimal 8482)
   defining Unicode char U+2126 (decimal 8486)
   defining Unicode char U+2127 (decimal 8487)
   defining Unicode char U+212E (decimal 8494)
   defining Unicode char U+2190 (decimal 8592)
   defining Unicode char U+2191 (decimal 8593)
   defining Unicode char U+2192 (decimal 8594)
   defining Unicode char U+2193 (decimal 8595)
   defining Unicode char U+2329 (decimal 9001)
   defining Unicode char U+232A (decimal 9002)
   defining Unicode char U+2422 (decimal 9250)
   defining Unicode char U+25E6 (decimal 9702)
   defining Unicode char U+25EF (decimal 9711)
   defining Unicode char U+266A (decimal 9834)
   defining Unicode char U+27E8 (decimal 10216)
   defining Unicode char U+27E9 (decimal 10217)
   defining Unicode char U+FEFF (decimal 65279)
)
(c:/texlive/2019/texmf-dist/tex/latex/translator/translator-basic-dictionary-En
glish.dict
Dictionary: translator-basic-dictionary, Language: English 
)
(c:/texlive/2019/texmf-dist/tex/latex/siunitx/siunitx-abbreviations.cfg
File: siunitx-abbreviations.cfg 2017/11/26 v2.7k siunitx: Abbreviated units
)
ABD: EveryShipout initializing macros
*geometry* driver: auto-detecting
*geometry* detected driver: pdftex
*geometry* verbose mode - [ preamble ] result:
* driver: pdftex
* paper: <default>
* layout: <same size as paper>
* layoutoffset:(h,v)=(0.0pt,0.0pt)
* modes: 
* h-part:(L,W,R)=(36.135pt, 542.02501pt, 36.135pt)
* v-part:(T,H,B)=(36.135pt, 722.7pt, 36.135pt)
* \paperwidth=614.295pt
* \paperheight=794.96999pt
* \textwidth=542.02501pt
* \textheight=722.7pt
* \oddsidemargin=-36.135pt
* \evensidemargin=-36.135pt
* \topmargin=-73.135pt
* \headheight=12.0pt
* \headsep=25.0pt
* \topskip=11.0pt
* \footskip=30.0pt
* \marginparwidth=59.0pt
* \marginparsep=10.0pt
* \columnsep=10.0pt
* \skip\footins=10.0pt plus 4.0pt minus 2.0pt
* \hoffset=0.0pt
* \voffset=0.0pt
* \mag=1000
* \@twocolumnfalse
* \@twosidefalse
* \@mparswitchfalse
* \@reversemarginfalse
* (1in=72.27pt=25.4mm, 1cm=28.453pt)

Package biblatex Info: Trying to load language 'english'...
Package biblatex Info: ... file 'english.lbx' found.
(c:/texlive/2019/texmf-dist/tex/latex/biblatex/lbx/english.lbx
File: english.lbx 2019/12/01 v3.14 biblatex localization (PK/MW)
)
Package biblatex Info: Input encoding 'utf8' detected.
Package biblatex Info: Automatic encoding selection.
(biblatex)             Assuming data encoding 'utf8'.
\openout5 = `paper_1line.bcf'.

Package biblatex Info: Trying to load bibliographic data...
Package biblatex Info: ... file 'paper_1line.bbl' found.

(./paper_1line.bbl)
Package biblatex Info: Reference section=0 on input line 61.
Package biblatex Info: Reference segment=0 on input line 61.
LaTeX Font Info:    Trying to load font information for U+msa on input line 61.

 (c:/texlive/2019/texmf-dist/tex/latex/amsfonts/umsa.fd
File: umsa.fd 2013/01/14 v3.01 AMS symbols A
)
LaTeX Font Info:    Trying to load font information for U+msb on input line 61.


(c:/texlive/2019/texmf-dist/tex/latex/amsfonts/umsb.fd
File: umsb.fd 2013/01/14 v3.01 AMS symbols B
)
Package epstopdf Info: Source file: <plots/wind_and_solar/plot_over_years.eps>
(epstopdf)                    date: 2020-04-25 14:44:20
(epstopdf)                    size: 37219 bytes
(epstopdf)             Output file: <plots/wind_and_solar/plot_over_years-eps-c
onverted-to.pdf>
(epstopdf)                    date: 2020-04-25 14:44:20
(epstopdf)                    size: 10114 bytes
(epstopdf)             Command: <repstopdf --outfile=plots/wind_and_solar/plot_
over_years-eps-converted-to.pdf plots/wind_and_solar/plot_over_years.eps>
(epstopdf)             \includegraphics on input line 103.
Package epstopdf Info: Output file is already uptodate.


pdfTeX warning: pdflatex.exe (file ./plots/wind_and_solar/plot_over_years-eps-c
onverted-to.pdf): PDF inclusion: found PDF version <1.7>, but at most version <
1.5> allowed
<plots/wind_and_solar/plot_over_years-eps-converted-to.pdf, id=29, 576.1525pt x
 311.1625pt>
File: plots/wind_and_solar/plot_over_years-eps-converted-to.pdf Graphic file (t
ype pdf)
<use plots/wind_and_solar/plot_over_years-eps-converted-to.pdf>
Package pdftex.def Info: plots/wind_and_solar/plot_over_years-eps-converted-to.
pdf  used on input line 103.
(pdftex.def)             Requested size: 487.8192pt x 263.46382pt.
[1

{c:/texlive/2019/texmf-var/fonts/map/pdftex/updmap/pdftex.map} <./plots/wind_an
d_solar/plot_over_years-eps-converted-to.pdf>]
LaTeX Font Info:    Trying to load font information for OMS+cmr on input line 1
09.

(c:/texlive/2019/texmf-dist/tex/latex/base/omscmr.fd
File: omscmr.fd 2014/09/29 v2.5h Standard LaTeX font definitions
)
LaTeX Font Info:    Font shape `OMS/cmr/m/n' in size <10.95> not available
(Font)              Font shape `OMS/cmsy/m/n' tried instead on input line 109.


LaTeX Warning: Reference `Section_8' on page 2 undefined on input line 124.


LaTeX Warning: Reference `Section_9' on page 2 undefined on input line 124.

[2]
Package epstopdf Info: Source file: <plots/5.eps>
(epstopdf)                    date: 2020-04-25 14:44:20
(epstopdf)                    size: 23850 bytes
(epstopdf)             Output file: <plots/5-eps-converted-to.pdf>
(epstopdf)                    date: 2020-04-25 14:44:20
(epstopdf)                    size: 9734 bytes
(epstopdf)             Command: <repstopdf --outfile=plots/5-eps-converted-to.p
df plots/5.eps>
(epstopdf)             \includegraphics on input line 144.
Package epstopdf Info: Output file is already uptodate.
<plots/5-eps-converted-to.pdf, id=52, 490.83376pt x 408.52625pt>
File: plots/5-eps-converted-to.pdf Graphic file (type pdf)
<use plots/5-eps-converted-to.pdf>
Package pdftex.def Info: plots/5-eps-converted-to.pdf  used on input line 144.
(pdftex.def)             Requested size: 189.71205pt x 157.8971pt.
Package epstopdf Info: Source file: <plots/245.eps>
(epstopdf)                    date: 2020-04-25 14:44:20
(epstopdf)                    size: 23859 bytes
(epstopdf)             Output file: <plots/245-eps-converted-to.pdf>
(epstopdf)                    date: 2020-04-25 14:44:20
(epstopdf)                    size: 10028 bytes
(epstopdf)             Command: <repstopdf --outfile=plots/245-eps-converted-to
.pdf plots/245.eps>
(epstopdf)             \includegraphics on input line 145.
Package epstopdf Info: Output file is already uptodate.
<plots/245-eps-converted-to.pdf, id=53, 490.83376pt x 408.52625pt>
File: plots/245-eps-converted-to.pdf Graphic file (type pdf)
<use plots/245-eps-converted-to.pdf>
Package pdftex.def Info: plots/245-eps-converted-to.pdf  used on input line 145
.
(pdftex.def)             Requested size: 189.71205pt x 157.8971pt.
Package epstopdf Info: Source file: <plots/661.eps>
(epstopdf)                    date: 2020-04-25 14:44:20
(epstopdf)                    size: 23819 bytes
(epstopdf)             Output file: <plots/661-eps-converted-to.pdf>
(epstopdf)                    date: 2020-04-25 14:44:20
(epstopdf)                    size: 9945 bytes
(epstopdf)             Command: <repstopdf --outfile=plots/661-eps-converted-to
.pdf plots/661.eps>
(epstopdf)             \includegraphics on input line 146.
Package epstopdf Info: Output file is already uptodate.
<plots/661-eps-converted-to.pdf, id=54, 490.83376pt x 408.52625pt>
File: plots/661-eps-converted-to.pdf Graphic file (type pdf)
<use plots/661-eps-converted-to.pdf>
Package pdftex.def Info: plots/661-eps-converted-to.pdf  used on input line 146
.
(pdftex.def)             Requested size: 189.71205pt x 157.8971pt.
Package epstopdf Info: Source file: <plots/805.eps>
(epstopdf)                    date: 2020-04-25 14:44:20
(epstopdf)                    size: 23807 bytes
(epstopdf)             Output file: <plots/805-eps-converted-to.pdf>
(epstopdf)                    date: 2020-04-25 14:44:20
(epstopdf)                    size: 9729 bytes
(epstopdf)             Command: <repstopdf --outfile=plots/805-eps-converted-to
.pdf plots/805.eps>
(epstopdf)             \includegraphics on input line 147.
Package epstopdf Info: Output file is already uptodate.
<plots/805-eps-converted-to.pdf, id=55, 490.83376pt x 408.52625pt>
File: plots/805-eps-converted-to.pdf Graphic file (type pdf)
<use plots/805-eps-converted-to.pdf>
Package pdftex.def Info: plots/805-eps-converted-to.pdf  used on input line 147
.
(pdftex.def)             Requested size: 189.71205pt x 157.8971pt.
Package epstopdf Info: Source file: <plots/LP_6.eps>
(epstopdf)                    date: 2020-04-25 14:44:20
(epstopdf)                    size: 67713 bytes
(epstopdf)             Output file: <plots/LP_6-eps-converted-to.pdf>
(epstopdf)                    date: 2020-04-25 14:44:20
(epstopdf)                    size: 60687 bytes
(epstopdf)             Command: <repstopdf --outfile=plots/LP_6-eps-converted-t
o.pdf plots/LP_6.eps>
(epstopdf)             \includegraphics on input line 156.
Package epstopdf Info: Output file is already uptodate.
<plots/LP_6-eps-converted-to.pdf, id=56, 563.10374pt x 422.57875pt>
File: plots/LP_6-eps-converted-to.pdf Graphic file (type pdf)
<use plots/LP_6-eps-converted-to.pdf>
Package pdftex.def Info: plots/LP_6-eps-converted-to.pdf  used on input line 15
6.
(pdftex.def)             Requested size: 189.71205pt x 142.36592pt.
Package epstopdf Info: Source file: <plots/MP_6.eps>
(epstopdf)                    date: 2020-04-25 14:44:20
(epstopdf)                    size: 71079 bytes
(epstopdf)             Output file: <plots/MP_6-eps-converted-to.pdf>
(epstopdf)                    date: 2020-04-25 14:44:20
(epstopdf)                    size: 63857 bytes
(epstopdf)             Command: <repstopdf --outfile=plots/MP_6-eps-converted-t
o.pdf plots/MP_6.eps>
(epstopdf)             \includegraphics on input line 157.
Package epstopdf Info: Output file is already uptodate.
<plots/MP_6-eps-converted-to.pdf, id=57, 563.10374pt x 422.57875pt>
File: plots/MP_6-eps-converted-to.pdf Graphic file (type pdf)
<use plots/MP_6-eps-converted-to.pdf>
Package pdftex.def Info: plots/MP_6-eps-converted-to.pdf  used on input line 15
7.
(pdftex.def)             Requested size: 189.71205pt x 142.36592pt.
Package epstopdf Info: Source file: <plots/HP_6.eps>
(epstopdf)                    date: 2020-04-25 14:44:20
(epstopdf)                    size: 64530 bytes
(epstopdf)             Output file: <plots/HP_6-eps-converted-to.pdf>
(epstopdf)                    date: 2020-04-25 14:44:20
(epstopdf)                    size: 56636 bytes
(epstopdf)             Command: <repstopdf --outfile=plots/HP_6-eps-converted-t
o.pdf plots/HP_6.eps>
(epstopdf)             \includegraphics on input line 158.
Package epstopdf Info: Output file is already uptodate.
<plots/HP_6-eps-converted-to.pdf, id=58, 563.10374pt x 422.57875pt>
File: plots/HP_6-eps-converted-to.pdf Graphic file (type pdf)
<use plots/HP_6-eps-converted-to.pdf>
Package pdftex.def Info: plots/HP_6-eps-converted-to.pdf  used on input line 15
8.
(pdftex.def)             Requested size: 189.71205pt x 142.36592pt.
Package epstopdf Info: Source file: <plots/AP_6.eps>
(epstopdf)                    date: 2020-04-25 14:44:20
(epstopdf)                    size: 65111 bytes
(epstopdf)             Output file: <plots/AP_6-eps-converted-to.pdf>
(epstopdf)                    date: 2020-04-25 14:44:20
(epstopdf)                    size: 57978 bytes
(epstopdf)             Command: <repstopdf --outfile=plots/AP_6-eps-converted-t
o.pdf plots/AP_6.eps>
(epstopdf)             \includegraphics on input line 159.
Package epstopdf Info: Output file is already uptodate.
<plots/AP_6-eps-converted-to.pdf, id=59, 563.10374pt x 422.57875pt>
File: plots/AP_6-eps-converted-to.pdf Graphic file (type pdf)
<use plots/AP_6-eps-converted-to.pdf>
Package pdftex.def Info: plots/AP_6-eps-converted-to.pdf  used on input line 15
9.
(pdftex.def)             Requested size: 189.71205pt x 142.36592pt.
 [3 <./plots/5-eps-converted-to.pdf> <./plots/245-eps-converted-to.pdf> <./plot
s/661-eps-converted-to.pdf> <./plots/805-eps-converted-to.pdf>]
Package epstopdf Info: Source file: <plots/LP.eps>
(epstopdf)                    date: 2020-04-25 14:44:20
(epstopdf)                    size: 69813 bytes
(epstopdf)             Output file: <plots/LP-eps-converted-to.pdf>
(epstopdf)                    date: 2020-04-25 14:44:20
(epstopdf)                    size: 61063 bytes
(epstopdf)             Command: <repstopdf --outfile=plots/LP-eps-converted-to.
pdf plots/LP.eps>
(epstopdf)             \includegraphics on input line 172.
Package epstopdf Info: Output file is already uptodate.
<plots/LP-eps-converted-to.pdf, id=96, 563.10374pt x 422.57875pt>
File: plots/LP-eps-converted-to.pdf Graphic file (type pdf)
<use plots/LP-eps-converted-to.pdf>
Package pdftex.def Info: plots/LP-eps-converted-to.pdf  used on input line 172.

(pdftex.def)             Requested size: 189.71205pt x 142.36592pt.
Package epstopdf Info: Source file: <plots/MP.eps>
(epstopdf)                    date: 2020-04-25 14:44:20
(epstopdf)                    size: 62379 bytes
(epstopdf)             Output file: <plots/MP-eps-converted-to.pdf>
(epstopdf)                    date: 2020-04-25 14:44:20
(epstopdf)                    size: 53887 bytes
(epstopdf)             Command: <repstopdf --outfile=plots/MP-eps-converted-to.
pdf plots/MP.eps>
(epstopdf)             \includegraphics on input line 173.
Package epstopdf Info: Output file is already uptodate.
<plots/MP-eps-converted-to.pdf, id=97, 563.10374pt x 422.57875pt>
File: plots/MP-eps-converted-to.pdf Graphic file (type pdf)
<use plots/MP-eps-converted-to.pdf>
Package pdftex.def Info: plots/MP-eps-converted-to.pdf  used on input line 173.

(pdftex.def)             Requested size: 189.71205pt x 142.36592pt.
Package epstopdf Info: Source file: <plots/HP.eps>
(epstopdf)                    date: 2020-04-25 14:44:20
(epstopdf)                    size: 63005 bytes
(epstopdf)             Output file: <plots/HP-eps-converted-to.pdf>
(epstopdf)                    date: 2020-04-25 14:44:20
(epstopdf)                    size: 53059 bytes
(epstopdf)             Command: <repstopdf --outfile=plots/HP-eps-converted-to.
pdf plots/HP.eps>
(epstopdf)             \includegraphics on input line 174.
Package epstopdf Info: Output file is already uptodate.
<plots/HP-eps-converted-to.pdf, id=98, 563.10374pt x 422.57875pt>
File: plots/HP-eps-converted-to.pdf Graphic file (type pdf)
<use plots/HP-eps-converted-to.pdf>
Package pdftex.def Info: plots/HP-eps-converted-to.pdf  used on input line 174.

(pdftex.def)             Requested size: 189.71205pt x 142.36592pt.
Package epstopdf Info: Source file: <plots/AP.eps>
(epstopdf)                    date: 2020-04-25 14:44:20
(epstopdf)                    size: 58921 bytes
(epstopdf)             Output file: <plots/AP-eps-converted-to.pdf>
(epstopdf)                    date: 2020-04-25 14:44:20
(epstopdf)                    size: 50724 bytes
(epstopdf)             Command: <repstopdf --outfile=plots/AP-eps-converted-to.
pdf plots/AP.eps>
(epstopdf)             \includegraphics on input line 175.
Package epstopdf Info: Output file is already uptodate.
<plots/AP-eps-converted-to.pdf, id=99, 563.10374pt x 422.57875pt>
File: plots/AP-eps-converted-to.pdf Graphic file (type pdf)
<use plots/AP-eps-converted-to.pdf>
Package pdftex.def Info: plots/AP-eps-converted-to.pdf  used on input line 175.

(pdftex.def)             Requested size: 189.71205pt x 142.36592pt.
 [4 <./plots/LP_6-eps-converted-to.pdf> <./plots/MP_6-eps-converted-to.pdf> <./
plots/HP_6-eps-converted-to.pdf> <./plots/AP_6-eps-converted-to.pdf>]
Package epstopdf Info: Source file: <plots/LP_t.eps>
(epstopdf)                    date: 2020-04-25 14:44:20
(epstopdf)                    size: 58865 bytes
(epstopdf)             Output file: <plots/LP_t-eps-converted-to.pdf>
(epstopdf)                    date: 2020-04-25 14:44:20
(epstopdf)                    size: 51137 bytes
(epstopdf)             Command: <repstopdf --outfile=plots/LP_t-eps-converted-t
o.pdf plots/LP_t.eps>
(epstopdf)             \includegraphics on input line 185.
Package epstopdf Info: Output file is already uptodate.
<plots/LP_t-eps-converted-to.pdf, id=143, 563.10374pt x 422.57875pt>
File: plots/LP_t-eps-converted-to.pdf Graphic file (type pdf)
<use plots/LP_t-eps-converted-to.pdf>
Package pdftex.def Info: plots/LP_t-eps-converted-to.pdf  used on input line 18
5.
(pdftex.def)             Requested size: 189.71205pt x 142.36592pt.
Package epstopdf Info: Source file: <plots/MP_t.eps>
(epstopdf)                    date: 2020-04-25 14:44:20
(epstopdf)                    size: 67725 bytes
(epstopdf)             Output file: <plots/MP_t-eps-converted-to.pdf>
(epstopdf)                    date: 2020-04-25 14:44:20
(epstopdf)                    size: 58582 bytes
(epstopdf)             Command: <repstopdf --outfile=plots/MP_t-eps-converted-t
o.pdf plots/MP_t.eps>
(epstopdf)             \includegraphics on input line 186.
Package epstopdf Info: Output file is already uptodate.
<plots/MP_t-eps-converted-to.pdf, id=144, 563.10374pt x 422.57875pt>
File: plots/MP_t-eps-converted-to.pdf Graphic file (type pdf)
<use plots/MP_t-eps-converted-to.pdf>
Package pdftex.def Info: plots/MP_t-eps-converted-to.pdf  used on input line 18
6.
(pdftex.def)             Requested size: 189.71205pt x 142.36592pt.
Package epstopdf Info: Source file: <plots/HP_t.eps>
(epstopdf)                    date: 2020-04-25 14:44:20
(epstopdf)                    size: 67975 bytes
(epstopdf)             Output file: <plots/HP_t-eps-converted-to.pdf>
(epstopdf)                    date: 2020-04-25 14:44:20
(epstopdf)                    size: 59204 bytes
(epstopdf)             Command: <repstopdf --outfile=plots/HP_t-eps-converted-t
o.pdf plots/HP_t.eps>
(epstopdf)             \includegraphics on input line 187.
Package epstopdf Info: Output file is already uptodate.
<plots/HP_t-eps-converted-to.pdf, id=145, 563.10374pt x 422.57875pt>
File: plots/HP_t-eps-converted-to.pdf Graphic file (type pdf)
<use plots/HP_t-eps-converted-to.pdf>
Package pdftex.def Info: plots/HP_t-eps-converted-to.pdf  used on input line 18
7.
(pdftex.def)             Requested size: 189.71205pt x 142.36592pt.
Package epstopdf Info: Source file: <plots/AP_t.eps>
(epstopdf)                    date: 2020-04-25 14:44:20
(epstopdf)                    size: 60619 bytes
(epstopdf)             Output file: <plots/AP_t-eps-converted-to.pdf>
(epstopdf)                    date: 2020-04-25 14:44:20
(epstopdf)                    size: 52174 bytes
(epstopdf)             Command: <repstopdf --outfile=plots/AP_t-eps-converted-t
o.pdf plots/AP_t.eps>
(epstopdf)             \includegraphics on input line 188.
Package epstopdf Info: Output file is already uptodate.
<plots/AP_t-eps-converted-to.pdf, id=146, 563.10374pt x 422.57875pt>
File: plots/AP_t-eps-converted-to.pdf Graphic file (type pdf)
<use plots/AP_t-eps-converted-to.pdf>
Package pdftex.def Info: plots/AP_t-eps-converted-to.pdf  used on input line 18
8.
(pdftex.def)             Requested size: 189.71205pt x 142.36592pt.
 [5 <./plots/LP-eps-converted-to.pdf> <./plots/MP-eps-converted-to.pdf> <./plot
s/HP-eps-converted-to.pdf> <./plots/AP-eps-converted-to.pdf>] [6 <./plots/LP_t-
eps-converted-to.pdf> <./plots/MP_t-eps-converted-to.pdf> <./plots/HP_t-eps-con
verted-to.pdf> <./plots/AP_t-eps-converted-to.pdf>] [7]
Underfull \hbox (badness 10000) in paragraph at lines 300--302

 []

[8]
Package epstopdf Info: Source file: <plots/LP_t_LP.eps>
(epstopdf)                    date: 2020-04-25 14:44:20
(epstopdf)                    size: 42845 bytes
(epstopdf)             Output file: <plots/LP_t_LP-eps-converted-to.pdf>
(epstopdf)                    date: 2020-04-25 14:44:20
(epstopdf)                    size: 42782 bytes
(epstopdf)             Command: <repstopdf --outfile=plots/LP_t_LP-eps-converte
d-to.pdf plots/LP_t_LP.eps>
(epstopdf)             \includegraphics on input line 360.
Package epstopdf Info: Output file is already uptodate.
<plots/LP_t_LP-eps-converted-to.pdf, id=248, 429.605pt x 317.185pt>
File: plots/LP_t_LP-eps-converted-to.pdf Graphic file (type pdf)
<use plots/LP_t_LP-eps-converted-to.pdf>
Package pdftex.def Info: plots/LP_t_LP-eps-converted-to.pdf  used on input line
 360.
(pdftex.def)             Requested size: 189.71205pt x 140.07pt.
Package epstopdf Info: Source file: <plots/MP_t_LP.eps>
(epstopdf)                    date: 2020-04-25 14:44:20
(epstopdf)                    size: 41417 bytes
(epstopdf)             Output file: <plots/MP_t_LP-eps-converted-to.pdf>
(epstopdf)                    date: 2020-04-25 14:44:20
(epstopdf)                    size: 39959 bytes
(epstopdf)             Command: <repstopdf --outfile=plots/MP_t_LP-eps-converte
d-to.pdf plots/MP_t_LP.eps>
(epstopdf)             \includegraphics on input line 361.
Package epstopdf Info: Output file is already uptodate.
<plots/MP_t_LP-eps-converted-to.pdf, id=249, 429.605pt x 317.185pt>
File: plots/MP_t_LP-eps-converted-to.pdf Graphic file (type pdf)
<use plots/MP_t_LP-eps-converted-to.pdf>
Package pdftex.def Info: plots/MP_t_LP-eps-converted-to.pdf  used on input line
 361.
(pdftex.def)             Requested size: 189.71205pt x 140.07pt.
Package epstopdf Info: Source file: <plots/HP_t_LP.eps>
(epstopdf)                    date: 2020-04-25 14:44:20
(epstopdf)                    size: 44202 bytes
(epstopdf)             Output file: <plots/HP_t_LP-eps-converted-to.pdf>
(epstopdf)                    date: 2020-04-25 14:44:20
(epstopdf)                    size: 40973 bytes
(epstopdf)             Command: <repstopdf --outfile=plots/HP_t_LP-eps-converte
d-to.pdf plots/HP_t_LP.eps>
(epstopdf)             \includegraphics on input line 362.
Package epstopdf Info: Output file is already uptodate.
<plots/HP_t_LP-eps-converted-to.pdf, id=250, 429.605pt x 317.185pt>
File: plots/HP_t_LP-eps-converted-to.pdf Graphic file (type pdf)
<use plots/HP_t_LP-eps-converted-to.pdf>
Package pdftex.def Info: plots/HP_t_LP-eps-converted-to.pdf  used on input line
 362.
(pdftex.def)             Requested size: 189.71205pt x 140.07pt.
Package epstopdf Info: Source file: <plots/AP_t_LP.eps>
(epstopdf)                    date: 2020-04-25 14:44:20
(epstopdf)                    size: 34958 bytes
(epstopdf)             Output file: <plots/AP_t_LP-eps-converted-to.pdf>
(epstopdf)                    date: 2020-04-25 14:44:20
(epstopdf)                    size: 32860 bytes
(epstopdf)             Command: <repstopdf --outfile=plots/AP_t_LP-eps-converte
d-to.pdf plots/AP_t_LP.eps>
(epstopdf)             \includegraphics on input line 363.
Package epstopdf Info: Output file is already uptodate.
<plots/AP_t_LP-eps-converted-to.pdf, id=251, 429.605pt x 317.185pt>
File: plots/AP_t_LP-eps-converted-to.pdf Graphic file (type pdf)
<use plots/AP_t_LP-eps-converted-to.pdf>
Package pdftex.def Info: plots/AP_t_LP-eps-converted-to.pdf  used on input line
 363.
(pdftex.def)             Requested size: 189.71205pt x 140.07pt.
 [9 <./plots/LP_t_LP-eps-converted-to.pdf> <./plots/MP_t_LP-eps-converted-to.pd
f> <./plots/HP_t_LP-eps-converted-to.pdf> <./plots/AP_t_LP-eps-converted-to.pdf
>] [10]
Underfull \hbox (badness 10000) in paragraph at lines 444--446

 []


Underfull \hbox (badness 10000) in paragraph at lines 451--453

 []


Underfull \hbox (badness 10000) in paragraph at lines 459--460

 []

[11]
Underfull \hbox (badness 10000) in paragraph at lines 529--530

 []

[12] [13]
Underfull \hbox (badness 10000) in paragraph at lines 574--577

 []

<../../MATLAB_Files/Results/likelihood/normal/Log-Likelihood.jpg, id=295, 903.3
75pt x 602.25pt>
File: ../../MATLAB_Files/Results/likelihood/normal/Log-Likelihood.jpg Graphic f
ile (type jpg)
<use ../../MATLAB_Files/Results/likelihood/normal/Log-Likelihood.jpg>
Package pdftex.def Info: ../../MATLAB_Files/Results/likelihood/normal/Log-Likel
ihood.jpg  used on input line 597.
(pdftex.def)             Requested size: 271.0125pt x 180.67639pt.

LaTeX Warning: No positions in optional float specifier.
               Default added (so using `tbp') on input line 603.

Package epstopdf Info: Source file: <../../MATLAB_Files/Results/likelihood/lamp
erti/Log-Likelihood.eps>
(epstopdf)                    date: 2020-04-28 14:10:27
(epstopdf)                    size: 156454 bytes
(epstopdf)             Output file: <../../MATLAB_Files/Results/likelihood/lamp
erti/Log-Likelihood-eps-converted-to.pdf>
(epstopdf)                    date: 2020-04-12 22:19:06
(epstopdf)                    size: 163595 bytes
(epstopdf)             Command: <repstopdf --outfile=../../MATLAB_Files/Results
/likelihood/lamperti/Log-Likelihood-eps-converted-to.pdf ../../MATLAB_Files/Res
ults/likelihood/lamperti/Log-Likelihood.eps>
(epstopdf)             \includegraphics on input line 624.
runsystem(repstopdf --outfile=../../MATLAB_Files/Results/likelihood/lamperti/Lo
g-Likelihood-eps-converted-to.pdf ../../MATLAB_Files/Results/likelihood/lampert
i/Log-Likelihood.eps)...executed safely (allowed).

Package epstopdf Info: Result file: <../../MATLAB_Files/Results/likelihood/lamp
erti/Log-Likelihood-eps-converted-to.pdf>
(epstopdf)                    date: 2020-04-12 22:19:06
(epstopdf)                    size: 163595 bytes.


pdfTeX warning: pdflatex.exe (file ../../MATLAB_Files/Results/likelihood/lamper
ti/Log-Likelihood-eps-converted-to.pdf): PDF inclusion: found PDF version <1.7>
, but at most version <1.5> allowed
<../../MATLAB_Files/Results/likelihood/lamperti/Log-Likelihood-eps-converted-to
.pdf, id=296, 382.42876pt x 302.12875pt>
File: ../../MATLAB_Files/Results/likelihood/lamperti/Log-Likelihood-eps-convert
ed-to.pdf Graphic file (type pdf)
<use ../../MATLAB_Files/Results/likelihood/lamperti/Log-Likelihood-eps-converte
d-to.pdf>
Package pdftex.def Info: ../../MATLAB_Files/Results/likelihood/lamperti/Log-Lik
elihood-eps-converted-to.pdf  used on input line 624.
(pdftex.def)             Requested size: 271.0125pt x 214.11644pt.
[14 <../../MATLAB_Files/Results/likelihood/normal/Log-Likelihood.jpg>] [15 <../
../MATLAB_Files/Results/likelihood/lamperti/Log-Likelihood-eps-converted-to.pdf
>]
Package epstopdf Info: Source file: <../../MATLAB_Files/Results/paths_testing_d
ays/optimal_value/1.eps>
(epstopdf)                    date: 2020-04-28 14:10:28
(epstopdf)                    size: 45125 bytes
(epstopdf)             Output file: <../../MATLAB_Files/Results/paths_testing_d
ays/optimal_value/1-eps-converted-to.pdf>
(epstopdf)                    date: 2020-04-12 22:19:06
(epstopdf)                    size: 15118 bytes
(epstopdf)             Command: <repstopdf --outfile=../../MATLAB_Files/Results
/paths_testing_days/optimal_value/1-eps-converted-to.pdf ../../MATLAB_Files/Res
ults/paths_testing_days/optimal_value/1.eps>
(epstopdf)             \includegraphics on input line 728.
runsystem(repstopdf --outfile=../../MATLAB_Files/Results/paths_testing_days/opt
imal_value/1-eps-converted-to.pdf ../../MATLAB_Files/Results/paths_testing_days
/optimal_value/1.eps)...executed safely (allowed).

Package epstopdf Info: Result file: <../../MATLAB_Files/Results/paths_testing_d
ays/optimal_value/1-eps-converted-to.pdf>
(epstopdf)                    date: 2020-04-12 22:19:06
(epstopdf)                    size: 15118 bytes.


pdfTeX warning: pdflatex.exe (file ../../MATLAB_Files/Results/paths_testing_day
s/optimal_value/1-eps-converted-to.pdf): PDF inclusion: found PDF version <1.7>
, but at most version <1.5> allowed
<../../MATLAB_Files/Results/paths_testing_days/optimal_value/1-eps-converted-to
.pdf, id=313, 370.38374pt x 301.125pt>
File: ../../MATLAB_Files/Results/paths_testing_days/optimal_value/1-eps-convert
ed-to.pdf Graphic file (type pdf)
<use ../../MATLAB_Files/Results/paths_testing_days/optimal_value/1-eps-converte
d-to.pdf>
Package pdftex.def Info: ../../MATLAB_Files/Results/paths_testing_days/optimal_
value/1-eps-converted-to.pdf  used on input line 728.
(pdftex.def)             Requested size: 97.56053pt x 79.31528pt.
Package epstopdf Info: Source file: <../../MATLAB_Files/Results/paths_testing_d
ays/optimal_value/2.eps>
(epstopdf)                    date: 2020-04-28 14:10:28
(epstopdf)                    size: 45048 bytes
(epstopdf)             Output file: <../../MATLAB_Files/Results/paths_testing_d
ays/optimal_value/2-eps-converted-to.pdf>
(epstopdf)                    date: 2020-04-12 22:19:07
(epstopdf)                    size: 15348 bytes
(epstopdf)             Command: <repstopdf --outfile=../../MATLAB_Files/Results
/paths_testing_days/optimal_value/2-eps-converted-to.pdf ../../MATLAB_Files/Res
ults/paths_testing_days/optimal_value/2.eps>
(epstopdf)             \includegraphics on input line 729.
runsystem(repstopdf --outfile=../../MATLAB_Files/Results/paths_testing_days/opt
imal_value/2-eps-converted-to.pdf ../../MATLAB_Files/Results/paths_testing_days
/optimal_value/2.eps)...executed safely (allowed).

Package epstopdf Info: Result file: <../../MATLAB_Files/Results/paths_testing_d
ays/optimal_value/2-eps-converted-to.pdf>
(epstopdf)                    date: 2020-04-12 22:19:07
(epstopdf)                    size: 15348 bytes.


pdfTeX warning: pdflatex.exe (file ../../MATLAB_Files/Results/paths_testing_day
s/optimal_value/2-eps-converted-to.pdf): PDF inclusion: found PDF version <1.7>
, but at most version <1.5> allowed
<../../MATLAB_Files/Results/paths_testing_days/optimal_value/2-eps-converted-to
.pdf, id=314, 370.38374pt x 301.125pt>
File: ../../MATLAB_Files/Results/paths_testing_days/optimal_value/2-eps-convert
ed-to.pdf Graphic file (type pdf)
<use ../../MATLAB_Files/Results/paths_testing_days/optimal_value/2-eps-converte
d-to.pdf>
Package pdftex.def Info: ../../MATLAB_Files/Results/paths_testing_days/optimal_
value/2-eps-converted-to.pdf  used on input line 729.
(pdftex.def)             Requested size: 97.56053pt x 79.31528pt.
Package epstopdf Info: Source file: <../../MATLAB_Files/Results/paths_testing_d
ays/optimal_value/3.eps>
(epstopdf)                    date: 2020-04-28 14:10:28
(epstopdf)                    size: 45191 bytes
(epstopdf)             Output file: <../../MATLAB_Files/Results/paths_testing_d
ays/optimal_value/3-eps-converted-to.pdf>
(epstopdf)                    date: 2020-04-12 22:19:07
(epstopdf)                    size: 15217 bytes
(epstopdf)             Command: <repstopdf --outfile=../../MATLAB_Files/Results
/paths_testing_days/optimal_value/3-eps-converted-to.pdf ../../MATLAB_Files/Res
ults/paths_testing_days/optimal_value/3.eps>
(epstopdf)             \includegraphics on input line 731.
runsystem(repstopdf --outfile=../../MATLAB_Files/Results/paths_testing_days/opt
imal_value/3-eps-converted-to.pdf ../../MATLAB_Files/Results/paths_testing_days
/optimal_value/3.eps)...executed safely (allowed).

Package epstopdf Info: Result file: <../../MATLAB_Files/Results/paths_testing_d
ays/optimal_value/3-eps-converted-to.pdf>
(epstopdf)                    date: 2020-04-12 22:19:07
(epstopdf)                    size: 15217 bytes.


pdfTeX warning: pdflatex.exe (file ../../MATLAB_Files/Results/paths_testing_day
s/optimal_value/3-eps-converted-to.pdf): PDF inclusion: found PDF version <1.7>
, but at most version <1.5> allowed
<../../MATLAB_Files/Results/paths_testing_days/optimal_value/3-eps-converted-to
.pdf, id=315, 370.38374pt x 301.125pt>
File: ../../MATLAB_Files/Results/paths_testing_days/optimal_value/3-eps-convert
ed-to.pdf Graphic file (type pdf)
<use ../../MATLAB_Files/Results/paths_testing_days/optimal_value/3-eps-converte
d-to.pdf>
Package pdftex.def Info: ../../MATLAB_Files/Results/paths_testing_days/optimal_
value/3-eps-converted-to.pdf  used on input line 731.
(pdftex.def)             Requested size: 97.56053pt x 79.31528pt.
Package epstopdf Info: Source file: <../../MATLAB_Files/Results/paths_testing_d
ays/optimal_value/4.eps>
(epstopdf)                    date: 2020-04-28 14:10:28
(epstopdf)                    size: 45189 bytes
(epstopdf)             Output file: <../../MATLAB_Files/Results/paths_testing_d
ays/optimal_value/4-eps-converted-to.pdf>
(epstopdf)                    date: 2020-04-12 22:19:07
(epstopdf)                    size: 15305 bytes
(epstopdf)             Command: <repstopdf --outfile=../../MATLAB_Files/Results
/paths_testing_days/optimal_value/4-eps-converted-to.pdf ../../MATLAB_Files/Res
ults/paths_testing_days/optimal_value/4.eps>
(epstopdf)             \includegraphics on input line 732.
runsystem(repstopdf --outfile=../../MATLAB_Files/Results/paths_testing_days/opt
imal_value/4-eps-converted-to.pdf ../../MATLAB_Files/Results/paths_testing_days
/optimal_value/4.eps)...executed safely (allowed).

Package epstopdf Info: Result file: <../../MATLAB_Files/Results/paths_testing_d
ays/optimal_value/4-eps-converted-to.pdf>
(epstopdf)                    date: 2020-04-12 22:19:07
(epstopdf)                    size: 15305 bytes.


pdfTeX warning: pdflatex.exe (file ../../MATLAB_Files/Results/paths_testing_day
s/optimal_value/4-eps-converted-to.pdf): PDF inclusion: found PDF version <1.7>
, but at most version <1.5> allowed
<../../MATLAB_Files/Results/paths_testing_days/optimal_value/4-eps-converted-to
.pdf, id=316, 370.38374pt x 301.125pt>
File: ../../MATLAB_Files/Results/paths_testing_days/optimal_value/4-eps-convert
ed-to.pdf Graphic file (type pdf)
<use ../../MATLAB_Files/Results/paths_testing_days/optimal_value/4-eps-converte
d-to.pdf>
Package pdftex.def Info: ../../MATLAB_Files/Results/paths_testing_days/optimal_
value/4-eps-converted-to.pdf  used on input line 732.
(pdftex.def)             Requested size: 97.56053pt x 79.31528pt.
[16 <../../MATLAB_Files/Results/paths_testing_days/optimal_value/1-eps-converte
d-to.pdf> <../../MATLAB_Files/Results/paths_testing_days/optimal_value/2-eps-co
nverted-to.pdf> <../../MATLAB_Files/Results/paths_testing_days/optimal_value/3-
eps-converted-to.pdf> <../../MATLAB_Files/Results/paths_testing_days/optimal_va
lue/4-eps-converted-to.pdf>]
Package epstopdf Info: Source file: <../../MATLAB_Files/Results/bands_testing_d
ays/optimal_value/1.eps>
(epstopdf)                    date: 2020-04-28 14:10:27
(epstopdf)                    size: 66244 bytes
(epstopdf)             Output file: <../../MATLAB_Files/Results/bands_testing_d
ays/optimal_value/1-eps-converted-to.pdf>
(epstopdf)                    date: 2020-04-12 22:19:05
(epstopdf)                    size: 19004 bytes
(epstopdf)             Command: <repstopdf --outfile=../../MATLAB_Files/Results
/bands_testing_days/optimal_value/1-eps-converted-to.pdf ../../MATLAB_Files/Res
ults/bands_testing_days/optimal_value/1.eps>
(epstopdf)             \includegraphics on input line 741.
runsystem(repstopdf --outfile=../../MATLAB_Files/Results/bands_testing_days/opt
imal_value/1-eps-converted-to.pdf ../../MATLAB_Files/Results/bands_testing_days
/optimal_value/1.eps)...executed safely (allowed).

Package epstopdf Info: Result file: <../../MATLAB_Files/Results/bands_testing_d
ays/optimal_value/1-eps-converted-to.pdf>
(epstopdf)                    date: 2020-04-12 22:19:05
(epstopdf)                    size: 19004 bytes.


pdfTeX warning: pdflatex.exe (file ../../MATLAB_Files/Results/bands_testing_day
s/optimal_value/1-eps-converted-to.pdf): PDF inclusion: found PDF version <1.7>
, but at most version <1.5> allowed
<../../MATLAB_Files/Results/bands_testing_days/optimal_value/1-eps-converted-to
.pdf, id=352, 370.38374pt x 301.125pt>
File: ../../MATLAB_Files/Results/bands_testing_days/optimal_value/1-eps-convert
ed-to.pdf Graphic file (type pdf)
<use ../../MATLAB_Files/Results/bands_testing_days/optimal_value/1-eps-converte
d-to.pdf>
Package pdftex.def Info: ../../MATLAB_Files/Results/bands_testing_days/optimal_
value/1-eps-converted-to.pdf  used on input line 741.
(pdftex.def)             Requested size: 189.71205pt x 154.23795pt.
Package epstopdf Info: Source file: <../../MATLAB_Files/Results/bands_testing_d
ays/optimal_value/2.eps>
(epstopdf)                    date: 2020-04-28 14:10:27
(epstopdf)                    size: 64942 bytes
(epstopdf)             Output file: <../../MATLAB_Files/Results/bands_testing_d
ays/optimal_value/2-eps-converted-to.pdf>
(epstopdf)                    date: 2020-04-12 22:19:05
(epstopdf)                    size: 19134 bytes
(epstopdf)             Command: <repstopdf --outfile=../../MATLAB_Files/Results
/bands_testing_days/optimal_value/2-eps-converted-to.pdf ../../MATLAB_Files/Res
ults/bands_testing_days/optimal_value/2.eps>
(epstopdf)             \includegraphics on input line 742.
runsystem(repstopdf --outfile=../../MATLAB_Files/Results/bands_testing_days/opt
imal_value/2-eps-converted-to.pdf ../../MATLAB_Files/Results/bands_testing_days
/optimal_value/2.eps)...executed safely (allowed).

Package epstopdf Info: Result file: <../../MATLAB_Files/Results/bands_testing_d
ays/optimal_value/2-eps-converted-to.pdf>
(epstopdf)                    date: 2020-04-12 22:19:05
(epstopdf)                    size: 19134 bytes.


pdfTeX warning: pdflatex.exe (file ../../MATLAB_Files/Results/bands_testing_day
s/optimal_value/2-eps-converted-to.pdf): PDF inclusion: found PDF version <1.7>
, but at most version <1.5> allowed
<../../MATLAB_Files/Results/bands_testing_days/optimal_value/2-eps-converted-to
.pdf, id=353, 370.38374pt x 301.125pt>
File: ../../MATLAB_Files/Results/bands_testing_days/optimal_value/2-eps-convert
ed-to.pdf Graphic file (type pdf)
<use ../../MATLAB_Files/Results/bands_testing_days/optimal_value/2-eps-converte
d-to.pdf>
Package pdftex.def Info: ../../MATLAB_Files/Results/bands_testing_days/optimal_
value/2-eps-converted-to.pdf  used on input line 742.
(pdftex.def)             Requested size: 189.71205pt x 154.23795pt.
Package epstopdf Info: Source file: <../../MATLAB_Files/Results/bands_testing_d
ays/optimal_value/3.eps>
(epstopdf)                    date: 2020-04-28 14:10:27
(epstopdf)                    size: 65385 bytes
(epstopdf)             Output file: <../../MATLAB_Files/Results/bands_testing_d
ays/optimal_value/3-eps-converted-to.pdf>
(epstopdf)                    date: 2020-04-12 22:19:05
(epstopdf)                    size: 19003 bytes
(epstopdf)             Command: <repstopdf --outfile=../../MATLAB_Files/Results
/bands_testing_days/optimal_value/3-eps-converted-to.pdf ../../MATLAB_Files/Res
ults/bands_testing_days/optimal_value/3.eps>
(epstopdf)             \includegraphics on input line 744.
runsystem(repstopdf --outfile=../../MATLAB_Files/Results/bands_testing_days/opt
imal_value/3-eps-converted-to.pdf ../../MATLAB_Files/Results/bands_testing_days
/optimal_value/3.eps)...executed safely (allowed).

Package epstopdf Info: Result file: <../../MATLAB_Files/Results/bands_testing_d
ays/optimal_value/3-eps-converted-to.pdf>
(epstopdf)                    date: 2020-04-12 22:19:05
(epstopdf)                    size: 19003 bytes.


pdfTeX warning: pdflatex.exe (file ../../MATLAB_Files/Results/bands_testing_day
s/optimal_value/3-eps-converted-to.pdf): PDF inclusion: found PDF version <1.7>
, but at most version <1.5> allowed
<../../MATLAB_Files/Results/bands_testing_days/optimal_value/3-eps-converted-to
.pdf, id=354, 370.38374pt x 301.125pt>
File: ../../MATLAB_Files/Results/bands_testing_days/optimal_value/3-eps-convert
ed-to.pdf Graphic file (type pdf)
<use ../../MATLAB_Files/Results/bands_testing_days/optimal_value/3-eps-converte
d-to.pdf>
Package pdftex.def Info: ../../MATLAB_Files/Results/bands_testing_days/optimal_
value/3-eps-converted-to.pdf  used on input line 744.
(pdftex.def)             Requested size: 189.71205pt x 154.23795pt.
Package epstopdf Info: Source file: <../../MATLAB_Files/Results/bands_testing_d
ays/optimal_value/4.eps>
(epstopdf)                    date: 2020-04-28 14:10:27
(epstopdf)                    size: 65799 bytes
(epstopdf)             Output file: <../../MATLAB_Files/Results/bands_testing_d
ays/optimal_value/4-eps-converted-to.pdf>
(epstopdf)                    date: 2020-04-12 22:19:05
(epstopdf)                    size: 18963 bytes
(epstopdf)             Command: <repstopdf --outfile=../../MATLAB_Files/Results
/bands_testing_days/optimal_value/4-eps-converted-to.pdf ../../MATLAB_Files/Res
ults/bands_testing_days/optimal_value/4.eps>
(epstopdf)             \includegraphics on input line 745.
runsystem(repstopdf --outfile=../../MATLAB_Files/Results/bands_testing_days/opt
imal_value/4-eps-converted-to.pdf ../../MATLAB_Files/Results/bands_testing_days
/optimal_value/4.eps)...executed safely (allowed).

Package epstopdf Info: Result file: <../../MATLAB_Files/Results/bands_testing_d
ays/optimal_value/4-eps-converted-to.pdf>
(epstopdf)                    date: 2020-04-12 22:19:05
(epstopdf)                    size: 18963 bytes.


pdfTeX warning: pdflatex.exe (file ../../MATLAB_Files/Results/bands_testing_day
s/optimal_value/4-eps-converted-to.pdf): PDF inclusion: found PDF version <1.7>
, but at most version <1.5> allowed
<../../MATLAB_Files/Results/bands_testing_days/optimal_value/4-eps-converted-to
.pdf, id=355, 370.38374pt x 301.125pt>
File: ../../MATLAB_Files/Results/bands_testing_days/optimal_value/4-eps-convert
ed-to.pdf Graphic file (type pdf)
<use ../../MATLAB_Files/Results/bands_testing_days/optimal_value/4-eps-converte
d-to.pdf>
Package pdftex.def Info: ../../MATLAB_Files/Results/bands_testing_days/optimal_
value/4-eps-converted-to.pdf  used on input line 745.
(pdftex.def)             Requested size: 189.71205pt x 154.23795pt.
Package epstopdf Info: Source file: <../../MATLAB_Files/Results/histograms/clas
sic/Optimal.eps>
(epstopdf)                    date: 2020-04-12 22:19:06
(epstopdf)                    size: 57358 bytes
(epstopdf)             Output file: <../../MATLAB_Files/Results/histograms/clas
sic/Optimal-eps-converted-to.pdf>
(epstopdf)                    date: 2020-04-12 22:19:06
(epstopdf)                    size: 13137 bytes
(epstopdf)             Command: <repstopdf --outfile=../../MATLAB_Files/Results
/histograms/classic/Optimal-eps-converted-to.pdf ../../MATLAB_Files/Results/his
tograms/classic/Optimal.eps>
(epstopdf)             \includegraphics on input line 752.
Package epstopdf Info: Output file is already uptodate.


pdfTeX warning: pdflatex.exe (file ../../MATLAB_Files/Results/histograms/classi
c/Optimal-eps-converted-to.pdf): PDF inclusion: found PDF version <1.7>, but at
 most version <1.5> allowed
<../../MATLAB_Files/Results/histograms/classic/Optimal-eps-converted-to.pdf, id
=356, 946.53625pt x 625.33624pt>
File: ../../MATLAB_Files/Results/histograms/classic/Optimal-eps-converted-to.pd
f Graphic file (type pdf)
<use ../../MATLAB_Files/Results/histograms/classic/Optimal-eps-converted-to.pdf
>
Package pdftex.def Info: ../../MATLAB_Files/Results/histograms/classic/Optimal-
eps-converted-to.pdf  used on input line 752.
(pdftex.def)             Requested size: 260.16968pt x 171.87735pt.
Package epstopdf Info: Source file: <../../MATLAB_Files/Results/histograms/clas
sic/Lamperti_Optimal.eps>
(epstopdf)                    date: 2020-04-12 22:19:06
(epstopdf)                    size: 57498 bytes
(epstopdf)             Output file: <../../MATLAB_Files/Results/histograms/clas
sic/Lamperti_Optimal-eps-converted-to.pdf>
(epstopdf)                    date: 2020-04-12 22:19:06
(epstopdf)                    size: 13181 bytes
(epstopdf)             Command: <repstopdf --outfile=../../MATLAB_Files/Results
/histograms/classic/Lamperti_Optimal-eps-converted-to.pdf ../../MATLAB_Files/Re
sults/histograms/classic/Lamperti_Optimal.eps>
(epstopdf)             \includegraphics on input line 753.
Package epstopdf Info: Output file is already uptodate.


pdfTeX warning: pdflatex.exe (file ../../MATLAB_Files/Results/histograms/classi
c/Lamperti_Optimal-eps-converted-to.pdf): PDF inclusion: found PDF version <1.7
>, but at most version <1.5> allowed
<../../MATLAB_Files/Results/histograms/classic/Lamperti_Optimal-eps-converted-t
o.pdf, id=357, 946.53625pt x 625.33624pt>
File: ../../MATLAB_Files/Results/histograms/classic/Lamperti_Optimal-eps-conver
ted-to.pdf Graphic file (type pdf)
<use ../../MATLAB_Files/Results/histograms/classic/Lamperti_Optimal-eps-convert
ed-to.pdf>
Package pdftex.def Info: ../../MATLAB_Files/Results/histograms/classic/Lamperti
_Optimal-eps-converted-to.pdf  used on input line 753.
(pdftex.def)             Requested size: 260.16968pt x 171.87735pt.
[17 <../../MATLAB_Files/Results/bands_testing_days/optimal_value/1-eps-converte
d-to.pdf> <../../MATLAB_Files/Results/bands_testing_days/optimal_value/2-eps-co
nverted-to.pdf> <../../MATLAB_Files/Results/bands_testing_days/optimal_value/3-
eps-converted-to.pdf> <../../MATLAB_Files/Results/bands_testing_days/optimal_va
lue/4-eps-converted-to.pdf> <../../MATLAB_Files/Results/histograms/classic/Opti
mal-eps-converted-to.pdf> <../../MATLAB_Files/Results/histograms/classic/Lamper
ti_Optimal-eps-converted-to.pdf>] [18] [19] [20]
Overfull \hbox (0.31003pt too wide) in paragraph at lines 875--875
[][]\OT1/cmr/m/n/10.95 Val^^Sery, Pas-cale and Chris-tian Gouri^^Seroux (2011).
 \OT1/cmr/m/it/10.95 A quasi-likelihood ap-proach based on eigen-func-tions for
 a bounded-
 []

[21] (./paper_1line.aux)

LaTeX Warning: There were undefined references.


LaTeX Warning: There were multiply-defined labels.

Package logreq Info: Writing requests to 'paper_1line.run.xml'.
\openout1 = `paper_1line.run.xml'.

 ) 
Here is how much of TeX's memory you used:
 34699 strings out of 492162
 698351 string characters out of 6129062
 1097718 words of memory out of 5000000
 38599 multiletter control sequences out of 15000+600000
 547994 words of font info for 82 fonts, out of 8000000 for 9000
 1141 hyphenation exceptions out of 8191
 68i,15n,83p,1333b,1862s stack positions out of 5000i,500n,10000p,200000b,80000s
<c:/texlive/2019/texmf-dist/fonts/type1/public/amsfonts/cm/cmbx10.pfb><c:/tex
live/2019/texmf-dist/fonts/type1/public/amsfonts/cm/cmbx12.pfb><c:/texlive/2019
/texmf-dist/fonts/type1/public/amsfonts/cm/cmcsc10.pfb><c:/texlive/2019/texmf-d
ist/fonts/type1/public/amsfonts/cm/cmex10.pfb><c:/texlive/2019/texmf-dist/fonts
/type1/public/amsfonts/cmextra/cmex8.pfb><c:/texlive/2019/texmf-dist/fonts/type
1/public/amsfonts/cm/cmmi10.pfb><c:/texlive/2019/texmf-dist/fonts/type1/public/
amsfonts/cm/cmmi12.pfb><c:/texlive/2019/texmf-dist/fonts/type1/public/amsfonts/
cm/cmmi6.pfb><c:/texlive/2019/texmf-dist/fonts/type1/public/amsfonts/cm/cmmi8.p
fb><c:/texlive/2019/texmf-dist/fonts/type1/public/amsfonts/cm/cmmib10.pfb><c:/t
exlive/2019/texmf-dist/fonts/type1/public/amsfonts/cm/cmr10.pfb><c:/texlive/201
9/texmf-dist/fonts/type1/public/amsfonts/cm/cmr12.pfb><c:/texlive/2019/texmf-di
st/fonts/type1/public/amsfonts/cm/cmr17.pfb><c:/texlive/2019/texmf-dist/fonts/t
ype1/public/amsfonts/cm/cmr6.pfb><c:/texlive/2019/texmf-dist/fonts/type1/public
/amsfonts/cm/cmr8.pfb><c:/texlive/2019/texmf-dist/fonts/type1/public/amsfonts/c
m/cmsy10.pfb><c:/texlive/2019/texmf-dist/fonts/type1/public/amsfonts/cm/cmsy6.p
fb><c:/texlive/2019/texmf-dist/fonts/type1/public/amsfonts/cm/cmsy8.pfb><c:/tex
live/2019/texmf-dist/fonts/type1/public/amsfonts/cm/cmti10.pfb><c:/texlive/2019
/texmf-dist/fonts/type1/public/amsfonts/cm/cmtt10.pfb><c:/texlive/2019/texmf-di
st/fonts/type1/public/amsfonts/symbols/msbm10.pfb>
Output written on paper_1line.pdf (21 pages, 1525548 bytes).
PDF statistics:
 491 PDF objects out of 1000 (max. 8388607)
 250 compressed objects within 3 object streams
 0 named destinations out of 1000 (max. 500000)
 274 words of extra memory for PDF output out of 10000 (max. 10000000)

