\BOOKMARK [1][-]{section.1}{Introduction}{}% 1
\BOOKMARK [1][-]{section.2}{Wind power production data in Uruguay and forecast providers }{}% 2
\BOOKMARK [1][-]{section.3}{Phenomenological Model}{}% 3
\BOOKMARK [2][-]{subsection.3.1}{Physical Constraints}{section.3}% 4
\BOOKMARK [2][-]{subsection.3.2}{A model specification for the forecast error}{section.3}% 5
\BOOKMARK [1][-]{section.4}{State independent diffusion term: Lamperti transform}{}% 6
\BOOKMARK [1][-]{section.5}{ Likelihood functions of the forecast error data and optimization algorithm}{}% 7
\BOOKMARK [2][-]{subsection.5.1}{Likelihood in the V-space}{section.5}% 8
\BOOKMARK [2][-]{subsection.5.2}{Approximate likelihood in the V-space}{section.5}% 9
\BOOKMARK [3][-]{subsubsection.5.2.1}{Moment Matching}{subsection.5.2}% 10
\BOOKMARK [2][-]{subsection.5.3}{Approximate likelihood in the Z-space}{section.5}% 11
\BOOKMARK [2][-]{subsection.5.4}{Algorithm for the approximate maximum likelihood estimations}{section.5}% 12
\BOOKMARK [3][-]{subsubsection.5.4.1}{Initial guess}{subsection.5.4}% 13
\BOOKMARK [3][-]{subsubsection.5.4.2}{Negative log-likelihood minimization in the V-space}{subsection.5.4}% 14
\BOOKMARK [3][-]{subsubsection.5.4.3}{Negative log-likelihood minimization in the Z-space}{subsection.5.4}% 15
\BOOKMARK [2][-]{subsection.5.5}{Model specification with the additional parameter }{section.5}% 16
\BOOKMARK [1][-]{section.6}{Application to the April-December 2019 Uruguay wind and forecast dataset}{}% 17
\BOOKMARK [2][-]{subsection.6.1}{Calibration of the approximate negative log-likelihood in V-space and Z-space}{section.6}% 18
\BOOKMARK [2][-]{subsection.6.2}{Model comparison and assessment of the forecast providers}{section.6}% 19
\BOOKMARK [2][-]{subsection.6.3}{Calibration of Model 2 with additional parameter }{section.6}% 20
\BOOKMARK [3][-]{subsubsection.6.3.1}{Value of }{subsection.6.3}% 21
\BOOKMARK [1][-]{section.7}{Conclusions}{}% 22
\BOOKMARK [1][-]{section.8}{Appendix}{}% 23
\BOOKMARK [2][-]{subsection.8.1}{The model}{section.8}% 24
