 loading configuration 
Data output will be save in  fit_SDE19-09-15-20-16-27
 optimizing rand_beta_objective using Nelder-Mead
starting optimization
Evaluating using rand_beta_objective
   0    8.000000000000    1.000000000000   -8625.1
   1    8.400000000000    1.000000000000   -8667.2
   2    8.000000000000    1.050000000000   -8536.4
   3    8.000000000000    1.000000000000   -9083.0
   4    8.266666666667    0.950000000000   -9069.9
   5    8.444444444444    0.966666666667   -9299.7
   6    8.666666666667    0.950000000000   -9545.5
   7    8.222222222222    0.933333333333   -9785.0
   8    8.133333333333    0.900000000000    3162989993207.9
   9    8.325925925926    0.972222222222   -9851.2
  10    8.355555555556    0.983333333333   -10274.1
  11    8.829629629630    0.911111111111   -10672.0
  12    9.244444444444    0.866666666667   -11448.2
  13    8.548148148148    0.905555555556   -11483.9
  14    8.488888888889    0.883333333333   -12508.1
  15    9.170370370370    0.888888888889   -12942.8
  16    9.644444444444    0.866666666667   -14678.3
  17    9.896296296296    0.761111111111   -15775.1
  18    10.666666666667    0.650000000000   -19015.9
  19    9.955555555556    0.733333333333   -19239.5
  20    10.311111111111    0.666666666667   -23547.4
  21    11.925925925926    0.572222222222    7437060165804.5
  22    9.348148148148    0.805555555556   -15736.1
  23    10.572839506173    0.548148148148   -24916.9
  24    11.037037037037    0.388888888889   -32402.4
  25    11.995061728395    0.331481481481    184412051938020.9
  26    10.009876543210    0.687037037037   -19853.3
  27    10.238683127572    0.511728395062   -30803.1
  28    11.048010973937    0.357818930041    10886437840813.9
  29    10.269410150892    0.604732510288    6903473502802.8
  30    10.637860082305    0.450308641975    14825781681483.4
  31    10.674074074074    0.527777777778   -27297.7
  32    10.523456790123    0.537962962963    7689690773752.4
  33    10.851851851852    0.519444444444    822601988290.5
  34    11.185185185185    0.419444444444    136480455404284.6
  35    10.688888888889    0.508333333333   -26562.4
  36    10.748148148148    0.430555555556    111111207124.0
  37    10.774074074074    0.452777777778    30997356913884.2
  38    10.855555555556    0.458333333333    58029090123358.4
  39    10.862962962963    0.448611111111    21453759679460.5
  40    10.944444444444    0.454166666667    28128106498059.3
  41    11.040740740741    0.402777777778    5909860762675.8
  42    11.016049382716    0.372685185185    11749085239494.4
  43    11.199588477366    0.327623456790    12294436117748.3
  44    11.115432098765    0.357870370370    5532905118134.5
  45    11.112757201646    0.393672839506    5952195186730.0
  46    11.088580246914    0.388425925926    15980826167559.0
  47    11.076234567901    0.373379629630    18609231482440.4
  48    11.038888888889    0.395833333333    3284175463211.4
  49    11.026543209877    0.380787037037    14954916408172.1
  50    10.992078189300    0.403626543210    333333725877.3
  51    11.018792866941    0.411445473251    11633350430780.5
  52    11.020730452675    0.403780864198    6020968755580.5
  53    11.024605624143    0.388451646091    69755328074.3
  54    10.996925011431    0.391478052126    34877586026.9
  55    11.046966925773    0.375585848194    22767410076557.7
  56    11.005800373419    0.396616369456   -32001.6
  57    11.001902657115    0.396203894223   -32477.0
  58    10.990551173602    0.400080018290    153433714825.6
  59    11.032901700283    0.396328049586    3395286198300.9
  60    11.005919183644    0.392690551491   -32528.8
  61    11.024105545112    0.388572520280    69755325348.2
  62    11.010376666342    0.394605407162   -32223.3
  63    11.019529252189    0.390583482574   -32699.1
  64    11.024105545112    0.388572520280    34877646197.6
  65    10.981197024928    0.397429729970   -32706.9
  66    10.953277018874    0.401700150511   -32860.5
  67    10.983914312689    0.393778895494   -32900.7
  68    10.974920140477    0.392566396129    104632672145.9
  69    10.965227872191    0.398017800894    455009127489.2
  70    10.995746355781    0.394022363842   -32711.1
  71    10.935762539374    0.402417457324   -32947.2
  72    10.893879182967    0.408334444698   -33083.8
  73    10.891633987239    0.408519963293   -33265.9
  74    10.839577802969    0.415768763019    15487799947082.0
  75    10.893007969723    0.405388718480    34877338279.0
  76    10.938209756586    0.402622292503   -32979.9
  77    10.831900971839    0.419205571503    17699567862401.6
  78    10.945910977477    0.400135564496   -32989.1
  79    10.882739675202    0.408704355822   -33235.7
  80    10.832924252795    0.416903611380    22923214750260.3
  81    10.917664296306    0.404327576217   -33093.6
  82    10.900812789532    0.406033485523    104632144317.2
  83    10.895612584608    0.407759204905    1279603871987.3
  84    10.887186831221    0.408612159558   -33240.2
  85    10.904649141773    0.406423769755   -33234.6
  86    10.892756585103    0.408427203996   -33194.7
  87    10.896223388386    0.407276724408    426534601837.8
  88    10.893623285924    0.408139584099    426534601898.9
  89    10.889410409230    0.408566061425   -33169.6
  90    10.898141564506    0.407471866524    853069236980.3
  91    10.892195286171    0.408473583645   -33221.7
  92    10.884018223921    0.409567872385    12366297825358.4
  93    10.894610729360    0.407995867989    426534601913.1
  94    10.887549059067    0.409043870920   -33237.2
  95    10.891508479089    0.408792217146   -33229.1
  96    10.888265730759    0.409097117261   -33248.5
  97    10.886790705622    0.408981750503   -33288.4
  98    10.884431818889    0.409076517182   -33312.3
  99    10.888671965524    0.408751860905   -33330.5
 100    10.889233418752    0.408605855897   -33406.7
 101    10.888600419161    0.408371106987   -33351.2
 102    10.883209783962    0.408849023418   -33435.5
 103    10.878997682323    0.409013553480   -33504.3
 104    10.886789194603    0.408250493728   -33521.4
 105    10.887967882460    0.407837482001    1279603871837.4
 106    10.881413111291    0.408875495083   -33560.9
 107    10.877819457356    0.409127689131   -33670.3
 108    10.873170804102    0.408988634995   -33792.4
 109    10.865139496778    0.409180024544    104631872560.5
 110    10.879521955051    0.408564325089   -33773.7
 111    10.866885616403    0.409536605749    13093403870428.0
 112    10.881813300053    0.408572021733   -33621.0
 113    10.871861510953    0.409215077744    1558869361373.7
 114    10.879325352778    0.408732785736   -33685.6
 115    10.876859283931    0.408396141416    104631963614.5
 116    10.877579414000    0.408944802202   -33687.4
 117    10.874189429324    0.408932389122   -33802.7
 118    10.871621467597    0.409032190815    69754604687.2
 119    10.873675378318    0.408712097269    34877290461.0
 120    10.876603405079    0.408886625969   -33711.9
 121    10.874651387239    0.408770273502    69754620473.4
 122    10.876115400619    0.408857537852   -33745.8
 123    10.875139391699    0.408799361619   -33799.8
 124    10.868811128366    0.409249265401    3222370692934.2
 125    10.876844248380    0.408735560167   -33795.7
 126    10.877611242166    0.408656238944   -33852.5
 127    10.879831461197    0.408490040918   -33869.6
 128    10.875929273101    0.408745634272   -33915.1
 129    10.875471785461    0.408750671324    69754624384.6
 130    10.878160717383    0.408646014589   -33908.7
 131    10.881758205130    0.408322070730   -33960.8
 132    10.885542593033    0.408016911534    853069235984.7
 133    10.877400669211    0.408652438809   -33992.0
 134    10.876185273218    0.408733637755   -33990.1
 135    10.878564714245    0.408500747952   -34016.6
 136    10.878766712677    0.408428114634    34877303588.5
 137    10.882553119290    0.408237870723    426534601025.3
 138    10.877585234648    0.408618693385   -33935.4
 139    10.880897157743    0.408364811610   -33967.3
 140    10.876150155670    0.408689928184    69754627864.7
 141    10.880356192765    0.408414035094   -33950.3
 142    10.877982691728    0.408576593381   -33939.9
 143    10.879730935994    0.408432779781   -33976.5
 144    10.880161459688    0.408411409341   -33955.2
 145    10.880988714890    0.408320031335   -33960.2
 146    10.879361450398    0.408424296705    69754644252.5
 147    10.879961457365    0.408414631182   -34015.9
 148    10.877849356847    0.408578741275   -33949.7
 149    10.880203875379    0.408384708820   -33995.0
 150    10.879422428666    0.408433945522    34877305302.6
 151    10.879653809162    0.408433071216   -34003.7
 152    10.878582778469    0.408514258080   -33986.6
 153    10.879798601152    0.408417096135   -33920.7
 154    10.879263085805    0.408457689567   -33990.5
 155    10.879109261704    0.408466909584    69754643102.7
 156    10.879384294812    0.408442728386    104631983559.9
 157    10.878573746357    0.408507503016   -33988.1
 158    10.878491769235    0.408510384106    104631976992.1
 159    10.878954888586    0.408477778215    104631980400.0
 160    10.878913900025    0.408479218760    69754642046.3
 161    10.878569230301    0.408504125484    69754640244.5
 162    10.878836987974    0.408483828768    34877303880.6
 163    10.878400054989    0.408513249377    69754639420.7
 164    10.878631941171    0.408494425247    69754640712.9
 165    10.878584908019    0.408501700425    34877303151.2
 166    10.878924351837    0.408477602053    69754642035.6
 167    10.878531129201    0.408504337546    69754640034.6
 168    10.878574811132    0.408501224188    34877303190.0
 169    10.878700851110    0.408492288360    104631978571.6
 170    10.878482384617    0.408506998664    69754639782.9
 171    10.878380422220    0.408513692177    104631975926.6
 172    10.878460529442    0.408508341222    69754639723.2
 173    10.878584318596    0.408499876911    34877303165.2
 174    10.878688699873    0.408492891479    69754640884.8
 175    10.878517572050    0.408504478786    69754640070.6
 176    10.878574516421    0.408500312432    69754640242.6
 177    10.878569762689    0.408500986070    34877303064.3
 178    10.878512621844    0.408504544587    104631977077.3
 179    10.878626707059    0.408496819715    69754640668.6
 180    10.878598185755    0.408498750933    104631977818.4
 181    10.878567238467    0.408500867011    104631977564.3
 182    10.878569615333    0.408500530192    69754640343.4
 183    10.878538668044    0.408502646270    104631977311.8
 184    10.878548093282    0.408501749265   -33966.2
 185    10.878582947195    0.408499372003    104631977456.8
 186    10.878549737832    0.408501827703    69754640117.2
 187    10.878538748240    0.408502353088    34877303019.3
 188    10.878551299345    0.408501405833    69754640212.9
 189    10.878550128211    0.408501722236    69754640106.7
 190    10.878550908967    0.408501511301    69754640128.4
 191    10.878550323400    0.408501669502    69754640264.6
 192    10.878556403763    0.408501248608    34877303130.7
 193    10.878551731242    0.408501550520    34877303132.6
 194    10.878557421228    0.408501235094    69754640236.7
 195    10.878557811606    0.408501129626    69754640405.5
 196    10.878557518822    0.408501208727    104631977410.0
 197    10.878560559004    0.408500998280    69754640273.0
 198    10.878558222744    0.408501149236    69754640207.6
 199    10.878561067737    0.408500991523    34877303254.4
 200    10.878562110813    0.408500927527    69754640330.6
 201    10.878560946956    0.408500980592    69754640269.2
 202    10.878561722861    0.408500945215   -33949.3
 203    10.878566780484    0.408500640558    69754640197.0
 204    10.878564641049    0.408500767727    104631977402.1
 205    10.878563218553    0.408500846584    104631977237.5
 206    10.878562890991    0.408500869738    69754640276.8
 207    10.878561468495    0.408500948594    69754640163.2
 208    10.878562830601    0.408500864272    69754640207.9
 209    10.878563117903    0.408500837475    69754640378.2
 210    10.878562947719    0.408500861672    104631977303.8
 211    10.878563091370    0.408500848273    104631977433.2
 212    10.878563772423    0.408500806112    69754640333.1
 213    10.878563802618    0.408500808845   -33966.0
 214    10.878565101488    0.408500727000    69754640171.0
 215    10.878565306478    0.408500716419    34877303124.2
 216    10.878564114073    0.408500788478    69754640157.4
 217    10.878564360927    0.408500773108    104631977277.5
 218    10.878564258432    0.408500778398    69754640296.1
 219    10.878565010361    0.408500732186    104631977375.6
 220    10.878564907866    0.408500737476    34877303157.2
 221    10.878564243334    0.408500777032    69754640179.9
 222    10.878564985199    0.408500729908    69754640172.4
 223    10.878565494873    0.408500699859    104631977446.8
 224    10.878564556219    0.408500757739    69754640273.1
 225    10.878564811056    0.408500742714    69754640205.0
 226    10.878564849722    0.408500738930    69754640465.4
 227    10.878564478790    0.408500762492    104631977345.3
 228    10.878565104559    0.408500723905    104631977455.6
 229    10.878564635232    0.408500752845    104631977502.1
 230    10.878564762651    0.408500745333    104631977361.1
 231    10.878564781984    0.408500743441    69754640222.0
 232    10.878564596517    0.408500755222    69754640321.2
 233    10.878564632514    0.408500752411    104631977483.4
 234    10.878564730116    0.408500747102    34877303102.7
 235    10.878564887713    0.408500737108    69754640189.4
 236    10.878564772733    0.408500744667    69754640221.5
 237    10.878564775045    0.408500744361    69754640236.3
 238    10.878564722181    0.408500747527    34877303198.1
 239    10.878564800979    0.408500742530    69754640270.0
 240    10.878564748114    0.408500745697    104631977467.0
 241    10.878564743489    0.408500746310    69754640203.4
 242    10.878564652298    0.408500751996    69754640176.1
 243    10.878564648994    0.408500752007    34877303271.2
 244    10.878564737982    0.408500746328    34877303104.9
 245    10.878564800612    0.408500742531    104631977349.4
 246    10.878564686898    0.408500749638    69754640193.0
 247    10.878564726114    0.408500747140    69754640365.6
 248    10.878564718213    0.408500747740    69754640252.7
 249    10.878564681619    0.408500749980    69754640161.2
 250    10.878564683271    0.408500749974    104631977250.7
 251    10.878564715403    0.408500747849    69754640267.3
 252    10.878564693982    0.408500749266    34877303180.9
 253    10.878564675018    0.408500750392    34877303112.3
 254    10.878564707211    0.408500748427    104631977435.8
 255    10.878564688017    0.408500749591    69754640202.5
 256    10.878564694632    0.408500749172    104631977387.3
 257    10.878564704114    0.408500748609    69754640213.9
 258    10.878564697932    0.408500748966    34877303118.5
 259    10.878564716229    0.408500747846    34877303153.4
 260    10.878564714824    0.408500747900    69754640408.2
 261    10.878564706791    0.408500748432    104631977650.5
 262    10.878564706089    0.408500748459    69754640430.6
 263    10.878564715237    0.408500747899    34877303111.0
 264    10.878564709179    0.408500748280    104631977445.9
 265    10.878564714535    0.408500747926    69754640271.0
 266    10.878564723256    0.408500747393    104631977462.3
 267    10.878564710381    0.408500748192    69754640494.9
 268    10.878564714741    0.408500747926    69754640363.9
 269    10.878564714390    0.408500747939    104631977360.0
 270    10.878564710167    0.408500748206    104631977621.9
 271    10.878564718751    0.408500747672    69754640298.5
 272    10.878564717435    0.408500747761    104631977370.8
 273    10.878564715151    0.408500747895    69754640240.8
 274    10.878564717357    0.408500747754    104631977377.9
 275    10.878564715395    0.408500747883    34877303162.6
 276    10.878564711110    0.408500748147    69754640324.1
 277    10.878564716841    0.408500747791    69754640263.9
 278    10.878564713020    0.408500748028    104631977385.2
 279    10.878564715886    0.408500747850    34877303187.1
 280    10.878564715199    0.408500747896    69754640250.7
 281    10.878564715163    0.408500747895    104631977328.7
 282    10.878564714820    0.408500747917    69754640361.4
 283    10.878564715065    0.408500747901    69754640398.7
 284    10.878564714698    0.408500747923    34877303212.6
 285    10.878564714110    0.408500747961    104631977393.3
 286    10.878564714827    0.408500747916    34877303212.2
 287    10.878564714360    0.408500747944    69754640218.9
 288    10.878564714475    0.408500747937    34877303190.9
 289    10.878564714333    0.408500747947    69754640230.8
 290    10.878564714607    0.408500747929    104631977504.8
 291    10.878564714360    0.408500747945    34877303086.1
 292    10.878564714536    0.408500747934    69754640217.0
 293    10.878564714472    0.408500747938    34877303147.0
 294    10.878564714182    0.408500747956    104631977326.5
 295    10.878564714447    0.408500747939    34877303146.2
 296    10.878564714230    0.408500747953    34877303111.8
 297    10.878564714110    0.408500747960    104631977337.3
 298    10.878564714363    0.408500747945    104631977398.4
 299    10.878564714303    0.408500747948    104631977349.6
 300    10.878564714238    0.408500747953    104631977323.4
 301    10.878564714346    0.408500747946    104631977351.8
 302    10.878564714177    0.408500747956    34877303151.8
 303    10.878564714138    0.408500747959    34877303154.9
 304    10.878564714136    0.408500747959    69754640265.9
 305    10.878564714161    0.408500747957    69754640260.1
 306    10.878564714212    0.408500747954    69754640257.1
 307    10.878564714199    0.408500747955    34877303133.1
 308    10.878564714277    0.408500747950    104631977379.8
 309    10.878564714172    0.408500747957    69754640268.7
 310    10.878564714222    0.408500747954    104631977369.9
 311    10.878564714211    0.408500747954    104631977344.8
 312    10.878564714191    0.408500747956    69754640263.7
 313    10.878564714210    0.408500747954    104631977354.6
 314    10.878564714213    0.408500747954    34877303148.6
 315    10.878564714222    0.408500747954    104631977331.7
 316    10.878564714219    0.408500747954    104631977335.4
 317    10.878564714229    0.408500747953    34877303152.1
 318    10.878564714218    0.408500747954    104631977391.7
 319    10.878564714228    0.408500747953    69754640209.1
 320    10.878564714250    0.408500747952    69754640233.0
 321    10.878564714242    0.408500747952    69754640214.7
 322    10.878564714226    0.408500747953    69754640265.5
 323    10.878564714238    0.408500747953    34877303184.3
 324    10.878564714247    0.408500747952    34877303178.5
 325    10.878564714242    0.408500747952    69754640252.4
