Evaluating using the Beta likelihood parallel pooling
l=  3.2633915668669652e+16
l=  9.025131036771571e+16
l=  1.4521471009647314e+16
l=  4979580674261258.0
l=  1415745078443635.2
l=  528642719083251.2
l=  1887243044347489.0
l=  528247965276304.4
l=  110948947383793.1
l=  72811970764205.4
l=  12534701872520.447
l=  28117457147517.312
l=  47645156955568.695
l=  -47443.16245339779
l=  189379562229515.03
l=  -46393.58862377587
l=  1625766889267265.8
l=  6004516651169.828
l=  -43941.8570410456
l=  6298711400129.047
l=  9601081875445.326
l=  8318991185921.694
l=  60722440885556.266
l=  -41712.26394674274
l=  10354177020629.912
l=  -40027.91068543694
l=  -39208.12767063196
l=  -37940.68015460946
l=  -38296.50982365909
l=  -37103.49777671012
l=  -37040.99963020517
l=  -36151.88789690901
l=  3.4401993954742916e+16
l=  2.8674172615746532e+16
l=  4.273684361496222e+16
l=  4.204440530241308e+16
l=  529128849120312.9
l=  805581259812970.0
l=  275235614528006.7
l=  107056268764506.94
l=  101580171865576.61
l=  120735533992128.9
l=  31889262563476.35
l=  34600138809434.875
l=  2210962178698650.8
l=  11929054747501.904
l=  -44879.41194288117
l=  104639863429.36945
l=  -43685.942677920575
l=  -43399.42981514229
l=  49499517.758755066
l=  -41275.17936161523
l=  -41564.90869142672
l=  -40449.102987558166
l=  -39105.490799642284
l=  -38964.52905114591
l=  -38609.84528528145
l=  -38121.33016407399
l=  -37376.026549630995
l=  -37484.28141662699
l=  -36851.11569241052
l=  4.638600543604919e+16
l=  2.998733346679945e+16
l=  6.670309992940109e+16
l=  2971298307425254.0
l=  931093709647231.8
l=  4081561941222335.5
l=  340361817268896.25
l=  181758208002921.0
l=  1052826099166691.8
l=  10023038873693.113
l=  4595657232201.764
l=  2661854871680604.0
l=  28644916523605.965
l=  43785695818645.41
l=  8675164623862.418
l=  -45924.1549264816
l=  -44853.855854734546
l=  -43989.67060675365
l=  -43686.97653575368
l=  -42961.96815170794
l=  -41826.08839701973
l=  3009185218969100.0
l=  -40350.50460068636
l=  -39811.33536956982
l=  -39612.07776200516
l=  -39343.79303070353
l=  -38716.614214676614
l=  -37732.267439565236
l=  2018361912181699.8
l=  -37117.84096740532
l=  -36821.20828759137
l=  -36786.00227745321
l=  3.0608515806477332e+16
l=  1.9036360101049144e+16
l=  1.0364433409773704e+16
l=  1103761900230047.6
l=  384223227186439.75
l=  329014531367686.56
l=  115331864332978.4
l=  102543221085585.67
l=  72811970764231.31
l=  215520132680194.56
l=  106791433439320.92
l=  1573869767228.1902
l=  8823415125915.498
l=  11703949213497.201
l=  -46317.45996611833
l=  -43852.823904720426
l=  7354437335696.712
l=  2641330166524978.0
l=  -42177.84838199513
l=  -41218.21657312146
l=  -41240.79938921147
l=  -40695.887132249554
l=  -39690.56634285489
l=  -40037.82854012934
l=  -39104.85773844049
l=  -38611.193779867834
l=  -37633.49413776215
l=  31163443142527.652
l=  3009225876154849.0
l=  -36243.2664903147
l=  2.0343320620657276e+16
l=  3.780962365664788e+16
l=  2.7929237305248864e+16
l=  960598263290503.4
l=  615862884884731.4
l=  938476231713744.0
l=  74884700130716.39
l=  132639151613381.31
l=  38369945775599.05
l=  45142233620235.38
l=  53797728955392.45
l=  28644916523454.332
l=  652209683400921.5
l=  -47260.667130252856
l=  -46073.21912440254
l=  102312413964749.89
l=  4519838796451.787
l=  -43825.25794336333
l=  -42349.37548097263
l=  -41993.32840054834
l=  -41335.52559878505
l=  -40432.99329744558
l=  -39739.02708189011
l=  -39093.67998269785
l=  -38913.400005232084
l=  -38759.21670139624
l=  -38419.133614500686
l=  -37377.487884185946
l=  -37672.76416429226
l=  -36767.173536246875
l=  3.090306734931508e+16
l=  3.023835498027719e+16
l=  9850554415564560.0
l=  1389482325311672.5
l=  905096074923117.2
l=  436394325099371.94
l=  206167359477892.62
l=  313445139784581.6
l=  664170990124987.4
l=  36264890799501.484
l=  21035436341530.816
l=  13609942826626.533
l=  30193619919423.215
l=  16485530264188.898
l=  24479882078525.785
l=  652239697952170.6
l=  11588275491004.406
l=  9840737094070.95
l=  -44930.994296025245
l=  -42963.73130071079
l=  -42970.21252211563
l=  -42454.756562105336
l=  1625918333339080.8
l=  -41020.86937262182
l=  -40428.55213231948
l=  -40295.924358713186
l=  2018326207295004.8
l=  -38909.938486880776
l=  -38942.772845758715
l=  -38396.98194478487
l=  -37369.79368792508
l=  -37328.95237795897
l=  -36791.25578065848
l=  -36629.00171741611
l=  4.611435537289787e+16
l=  3.0529778059241884e+16
l=  1.3457083640350128e+16
l=  1.6442717735390674e+16
l=  1932358319999854.8
l=  283698931663990.94
l=  99699180519846.02
l=  3558061112198854.0
l=  26188432638345.844
l=  63193384760263.78
l=  1470926714554.9468
l=  41522491266762.2
l=  34212062616666.242
l=  196516184737204.06
l=  -47641.25380174974
l=  -46147.77735986686
l=  2631708771303554.0
l=  -43744.86312350133
l=  -42936.530068611406
l=  49500637.93851988
l=  -41877.4067477325
l=  -41374.43068983272
l=  -41222.6831953301
l=  -40317.085015529046
l=  -39701.68906243773
l=  3009209767436336.0
l=  -38279.366710529765
l=  -37895.11786126153
l=  -37948.16421467739
l=  -37638.904297900175
l=  -36769.4102238997
l=  2018376056434768.2
l=  -36298.12600913633
l=  2.5864020813648716e+16
l=  4.878596755043713e+16
l=  6870652073691111.0
l=  1842699478495960.5
l=  706688737165673.1
l=  291711763043187.25
l=  123892601904873.84
l=  49470091420693.94
l=  19604185562237.15
l=  5237516379814.426
l=  45142233620049.13
l=  40942076569095.27
l=  38999549861976.484
l=  46316090415174.445
l=  -46161.1503536713
l=  -46209.18158632003
l=  -44948.00578558885
l=  1625819537375595.8
l=  -43774.87178990693
l=  52709386.36921407
l=  -42959.22534440064
l=  -41236.3862328777
l=  4893763768817.167
l=  -40351.896982403916
l=  1625955138653161.0
l=  -39982.2636090013
l=  -39033.15792367948
l=  -38968.8292228699
l=  -38583.93679954604
l=  3009219378380278.5
l=  -37648.25675137306
l=  -36937.908081356065
l=  -36587.874167094524
l=  -36326.18723059354
l=  4.410808977834473e+16
l=  3.423564437731693e+16
l=  8.479843477909437e+16
l=  1367488236093169.8
l=  807906290907102.8
l=  240598839940675.5
l=  101747979830297.61
l=  136738407871594.11
l=  166387005136645.8
l=  52712667349096.51
l=  16167774756220.996
l=  950647162583.6165
l=  -46361.44122873327
l=  7350626742134.458
l=  -44645.96270430872
l=  -42909.49862266734
l=  49499800.24806533
l=  -41799.2598261928
l=  -40680.3527202443
l=  -40440.926272562436
l=  -39567.045122032774
l=  -39299.040125504405
l=  -38320.04677208014
l=  2018352348781313.5
l=  -37991.382724908195
l=  -37348.62643969358
l=  -37064.87133211561
l=  -36400.50268713939
l=  -36286.02784732902
l=  4.758631977595245e+16
l=  3.0583276549726692e+16
l=  9336752839953878.0
l=  489139036171023.2
l=  2172651927868464.2
l=  3721975244039483.5
l=  440943143919565.4
l=  212061024408057.47
l=  9410077422485.543
l=  8866995506969.244
l=  11835626813848.408
l=  37831387319300.766
l=  16167774755975.527
l=  32600803250885.73
l=  9067087789302.014
l=  -44706.328315418934
l=  -43147.57625775242
l=  -43211.948903123186
l=  40447964598892.766
l=  -41037.39601359927
l=  -40380.278056932555
l=  -40338.468050689626
l=  -39177.654721460305
l=  -38788.80138726452
l=  -38166.8752247224
l=  -37484.470318261156
l=  -37159.58417477668
l=  -36911.37119072938
l=  -36223.457768704226
l=  3.884728813160553e+16
l=  3.3422809827748184e+16
l=  1.0497023659235528e+16
l=  4657131436527215.0
l=  3751878416587787.5
l=  523856462365505.5
l=  472356128556634.3
l=  87519274903031.62
l=  225578947311272.1
l=  103771550877711.66
l=  40615210792376.81
l=  2676816398616910.0
l=  61507721716749.516
l=  30193619919567.824
l=  16167774755645.8
l=  7832244252022.212
l=  -46169.30199931976
l=  -46331.62356022225
l=  -43918.94279551044
l=  -43657.02856228236
l=  -43192.404877636734
l=  1635493860182628.5
l=  -42083.41975963549
l=  -41239.46719555645
l=  -41206.69171751461
l=  -39761.435951387175
l=  -39640.65785259748
l=  -39374.575661027964
l=  -39106.94866347889
l=  -38045.643775051845
l=  -38072.68134575525
l=  3009222935127891.0
l=  -36789.81713713434
l=  -36501.14672566926
l=  -36437.756392151256
l=  3.4025031641303304e+16
l=  4.395866344759522e+16
l=  5511347002069336.0
l=  1036463163414932.8
l=  120446103527605.17
l=  74167656297015.45
l=  53359396547357.76
l=  62391911072703.64
l=  28117457147319.168
l=  6362395356618.182
l=  2210967574444053.8
l=  -47594.27103376696
l=  -46043.23005855423
l=  -45836.3195564682
l=  333333852463.52
l=  -43871.69645629463
l=  1625860541804588.8
l=  -43285.00814589278
l=  -42135.6594446225
l=  -41723.670824382025
l=  -40472.090176798076
l=  -40587.301740205694
l=  -39921.48996514567
l=  -39463.461875468674
l=  -38622.43101793922
l=  -38460.66914151386
l=  -37816.612106598724
l=  -37001.81692005791
l=  -37163.278838505415
l=  -36630.54822953685
l=  2.7438608266700336e+16
l=  5.93831574596449e+16
l=  5912772366339102.0
l=  927528554703425.1
l=  720214941759512.6
l=  76661242874983.48
l=  229910604469450.8
l=  90442478528986.42
l=  13368457317881.65
l=  88115279114256.72
l=  682363593662918.1
l=  35883375775370.76
l=  334135129788.21246
l=  4893763765431.932
l=  -44972.239294242696
l=  -45080.25137664714
l=  -44016.35970483174
l=  -43851.69224556008
l=  -42068.110935041615
l=  -41872.730450665724
l=  -41534.59627029092
l=  -39726.68344188304
l=  -39563.981709952386
l=  -38992.36081573742
l=  -38482.70021621343
l=  -38534.3260305168
l=  -37684.67839028569
l=  -37472.96700454755
l=  -36527.47607691938
l=  -36265.95850529874
l=  4.136781092279611e+16
l=  5.7370637243158616e+16
l=  6879514138781255.0
l=  2238471608985214.8
l=  8245191254944257.0
l=  2109609805244578.5
l=  226089198065595.34
l=  43654079372597.04
l=  133633329767995.36
l=  55969516121062.41
l=  6665304680464.095
l=  20039479708833.09
l=  52935493432067.42
l=  6002195574565.577
l=  2631693843926650.5
l=  11455528950086.295
l=  -43863.44804822054
l=  -43605.60987252556
l=  49549487.33031967
l=  -42204.66256172827
l=  -41818.044453314425
l=  -41628.63269865301
l=  -40145.90079569562
l=  3009203267531800.5
l=  -38897.24441151993
l=  -38456.183822410385
l=  -38203.54563594574
l=  -37711.71954863331
l=  -37359.40359965276
l=  2018369710408096.2
l=  -36688.3273805519
l=  -36328.21996777639
l=  -36210.021421318386
l=  4.785815563845828e+16
l=  1.0381578854141662e+16
l=  3286270924931052.0
l=  1027657191555087.9
l=  494733101966471.9
l=  213948421653313.16
l=  210914744197386.1
l=  66059984786499.85
l=  460543168556488.94
l=  63683920719.37663
l=  22419074233588.523
l=  155647565479131.2
l=  -44990.91093863156
l=  -45296.83612387654
l=  -43763.648740664525
l=  -43172.99917019048
l=  -42395.2861549589
l=  -41784.08046446383
l=  -40404.770148225994
l=  -40238.23019198444
l=  59908831017029.19
l=  -38470.933330701046
l=  -38292.4795315231
l=  -37773.02790990245
l=  -37494.54312127707
l=  -36846.22485237974
l=  -36884.188090217875
l=  -36862.29369017489
l=  2.962366729470699e+16
l=  3.1528405056610984e+16
l=  7290087307220207.0
l=  3365271690028585.5
l=  1671487709057284.5
l=  438370787673765.5
l=  215725921455019.9
l=  62037365158001.52
l=  43184482902961.85
l=  29501907948510.73
l=  17175003555728.564
l=  -50593.86208791168
l=  -47315.50043103992
l=  14148165499479.27
l=  -46277.90717400777
l=  -44888.2423759969
l=  49497790.666930474
l=  -43646.977908639754
l=  -43214.351762650615
l=  3009172673441613.0
l=  -41000.721869053436
l=  -40444.344841679456
l=  -40744.20731050813
l=  4893763764574.247
l=  -39472.76771293127
l=  -39288.50006126402
l=  -37891.17403140785
l=  -37654.959870177074
l=  -37272.71058413408
l=  -37715.98064404069
l=  -36324.0806818514
l=  -36654.745525622864
l=  2.4607784578525196e+16
l=  4.8058918296729944e+16
l=  3735051746777990.0
l=  4493405428909093.0
l=  443913053138925.2
l=  403238112080355.6
l=  69361054007791.64
l=  132141212710870.72
l=  83945329304863.34
l=  85414676115403.64
l=  7952620586680.566
l=  16167774755744.445
l=  -46110.56491514335
l=  -46000.59921446616
l=  -45158.63432954117
l=  -43669.15414206672
l=  -43087.06155184919
l=  -42969.99248123995
l=  -41829.65305122375
l=  -41501.08428893756
l=  3009195227619584.5
l=  -39742.76564060342
l=  -39063.21779263307
l=  -39361.197927690104
l=  -38416.40967467952
l=  -37883.62468023432
l=  -38141.112364992216
l=  -37246.13473924916
l=  -36559.1265132302
l=  -36089.04271226869
l=  3.1704591301271224e+16
l=  1.904412305831866e+16
l=  7290666448639388.0
l=  1247867976870962.8
l=  681501326609686.5
l=  606567979392968.9
l=  107615267449055.3
l=  55796156330764.5
l=  168045724196305.1
l=  3081863814319934.5
l=  5741264514336.386
l=  45142233620381.44
l=  41355390789188.72
l=  29032067490119.805
l=  13337153981147.367
l=  16113809029280.133
l=  -44819.04643482892
l=  4893763768066.496
l=  2631720220137572.0
l=  -42953.26196376603
l=  9601081875447.018
l=  -41901.22535865384
l=  -41031.71929879585
l=  -40487.357261652316
l=  -40223.50694219645
l=  -40043.877761431395
l=  -39008.23781378526
l=  3009215054013979.5
l=  -38127.77188458031
l=  -37404.271055927115
l=  -37570.115150813515
l=  -36857.539302528945
l=  -36543.80813707224
l=  -36329.45859994629
l=  5.0188742032333784e+16
l=  1.450636618608199e+16
l=  1.0671841856218366e+16
l=  1577682124077053.2
l=  902503075294680.4
l=  207770783720567.7
l=  146322085078872.75
l=  52718199412198.42
l=  10669473033835.094
l=  10885037893532.926
l=  36583379353865.74
l=  24423215690722.25
l=  74799967205527.98
l=  -47216.711937904875
l=  -46543.31101701072
l=  -44021.51705462693
l=  -43727.298314465115
l=  49499964.1754091
l=  -41977.360462531855
l=  -41190.22770254364
l=  1625938740284161.8
l=  -40674.920723260206
l=  -39829.99852040265
l=  -39868.08609656781
l=  2018340619424654.8
l=  -38405.46963785538
l=  -38079.091342718
l=  -38057.878049596155
l=  -36872.839892850614
l=  -37283.63821229581
l=  -36524.5280725144
l=  -36351.99813189228
output arrays save successfully in data/likelihood_explorer_19-09-11-21-32-05
