This is pdfTeX, Version 3.14159265-2.6-1.40.21 (MiKTeX 2.9.7300 64-bit) (preloaded format=pdflatex 2020.3.6)  2 JUN 2020 22:59
entering extended mode
**./Wind_project.tex
(Wind_project.tex
LaTeX2e <2020-02-02> patch level 5
L3 programming layer <2020-03-03>
("C:\Users\HP\AppData\Local\Programs\MiKTeX 2.9\tex/latex/beamer\beamer.cls"
Document Class: beamer 2019/09/29 v3.57 A class for typesetting presentations

("C:\Users\HP\AppData\Local\Programs\MiKTeX 2.9\tex/latex/beamer\beamerbasemode
s.sty"
("C:\Users\HP\AppData\Local\Programs\MiKTeX 2.9\tex/latex/etoolbox\etoolbox.sty
"
Package: etoolbox 2019/09/21 v2.5h e-TeX tools for LaTeX (JAW)
\etb@tempcnta=\count167
)
\beamer@tempbox=\box45
\beamer@tempcount=\count168
\c@beamerpauses=\count169

("C:\Users\HP\AppData\Local\Programs\MiKTeX 2.9\tex/latex/beamer\beamerbasedeco
de.sty"
\beamer@slideinframe=\count170
\beamer@minimum=\count171
\beamer@decode@box=\box46
)
\beamer@commentbox=\box47
\beamer@modecount=\count172
)
("C:\Users\HP\AppData\Local\Programs\MiKTeX 2.9\tex/generic/iftex\ifpdf.sty"
Package: ifpdf 2019/10/25 v3.4 ifpdf legacy package. Use iftex instead.

("C:\Users\HP\AppData\Local\Programs\MiKTeX 2.9\tex/generic/iftex\iftex.sty"
Package: iftex 2019/11/07 v1.0c TeX engine tests
))
\headdp=\dimen134
\footheight=\dimen135
\sidebarheight=\dimen136
\beamer@tempdim=\dimen137
\beamer@finalheight=\dimen138
\beamer@animht=\dimen139
\beamer@animdp=\dimen140
\beamer@animwd=\dimen141
\beamer@leftmargin=\dimen142
\beamer@rightmargin=\dimen143
\beamer@leftsidebar=\dimen144
\beamer@rightsidebar=\dimen145
\beamer@boxsize=\dimen146
\beamer@vboxoffset=\dimen147
\beamer@descdefault=\dimen148
\beamer@descriptionwidth=\dimen149
\beamer@lastskip=\skip47
\beamer@areabox=\box48
\beamer@animcurrent=\box49
\beamer@animshowbox=\box50
\beamer@sectionbox=\box51
\beamer@logobox=\box52
\beamer@linebox=\box53
\beamer@sectioncount=\count173
\beamer@subsubsectionmax=\count174
\beamer@subsectionmax=\count175
\beamer@sectionmax=\count176
\beamer@totalheads=\count177
\beamer@headcounter=\count178
\beamer@partstartpage=\count179
\beamer@sectionstartpage=\count180
\beamer@subsectionstartpage=\count181
\beamer@animationtempa=\count182
\beamer@animationtempb=\count183
\beamer@xpos=\count184
\beamer@ypos=\count185
\beamer@ypos@offset=\count186
\beamer@showpartnumber=\count187
\beamer@currentsubsection=\count188
\beamer@coveringdepth=\count189
\beamer@sectionadjust=\count190
\beamer@tocsectionnumber=\count191

("C:\Users\HP\AppData\Local\Programs\MiKTeX 2.9\tex/latex/beamer\beamerbaseopti
ons.sty"
("C:\Users\HP\AppData\Local\Programs\MiKTeX 2.9\tex/latex/graphics\keyval.sty"
Package: keyval 2014/10/28 v1.15 key=value parser (DPC)
\KV@toks@=\toks15
))
\beamer@paperwidth=\skip48
\beamer@paperheight=\skip49

("C:\Users\HP\AppData\Local\Programs\MiKTeX 2.9\tex/latex/geometry\geometry.sty
"
Package: geometry 2020/01/02 v5.9 Page Geometry
 ("C:\Users\HP\AppData\Local\Programs\MiKTeX 2.9\tex/generic/iftex\ifvtex.sty"
Package: ifvtex 2019/10/25 v1.7 ifvtex legacy package. Use iftex instead.
)
\Gm@cnth=\count192
\Gm@cntv=\count193
\c@Gm@tempcnt=\count194
\Gm@bindingoffset=\dimen150
\Gm@wd@mp=\dimen151
\Gm@odd@mp=\dimen152
\Gm@even@mp=\dimen153
\Gm@layoutwidth=\dimen154
\Gm@layoutheight=\dimen155
\Gm@layouthoffset=\dimen156
\Gm@layoutvoffset=\dimen157
\Gm@dimlist=\toks16

("C:\Users\HP\AppData\Local\Programs\MiKTeX 2.9\tex/latex/geometry\geometry.cfg
")) ("C:\Users\HP\AppData\Local\Programs\MiKTeX 2.9\tex/latex/base\size11.clo"
File: size11.clo 2019/12/20 v1.4l Standard LaTeX file (size option)
)
("C:\Users\HP\AppData\Local\Programs\MiKTeX 2.9\tex/latex/pgf/basiclayer\pgfcor
e.sty"
("C:\Users\HP\AppData\Local\Programs\MiKTeX 2.9\tex/latex/graphics\graphicx.sty
"
Package: graphicx 2019/11/30 v1.2a Enhanced LaTeX Graphics (DPC,SPQR)

("C:\Users\HP\AppData\Local\Programs\MiKTeX 2.9\tex/latex/graphics\graphics.sty
"
Package: graphics 2019/11/30 v1.4a Standard LaTeX Graphics (DPC,SPQR)
 ("C:\Users\HP\AppData\Local\Programs\MiKTeX 2.9\tex/latex/graphics\trig.sty"
Package: trig 2016/01/03 v1.10 sin cos tan (DPC)
)
("C:\Users\HP\AppData\Local\Programs\MiKTeX 2.9\tex/latex/graphics-cfg\graphics
.cfg"
File: graphics.cfg 2016/06/04 v1.11 sample graphics configuration
)
Package graphics Info: Driver file: pdftex.def on input line 105.

("C:\Users\HP\AppData\Local\Programs\MiKTeX 2.9\tex/latex/graphics-def\pdftex.d
ef"
File: pdftex.def 2018/01/08 v1.0l Graphics/color driver for pdftex
))
\Gin@req@height=\dimen158
\Gin@req@width=\dimen159
)
("C:\Users\HP\AppData\Local\Programs\MiKTeX 2.9\tex/latex/pgf/systemlayer\pgfsy
s.sty"
("C:\Users\HP\AppData\Local\Programs\MiKTeX 2.9\tex/latex/pgf/utilities\pgfrcs.
sty"
("C:\Users\HP\AppData\Local\Programs\MiKTeX 2.9\tex/generic/pgf/utilities\pgfut
il-common.tex"
\pgfutil@everybye=\toks17
\pgfutil@tempdima=\dimen160
\pgfutil@tempdimb=\dimen161

("C:\Users\HP\AppData\Local\Programs\MiKTeX 2.9\tex/generic/pgf/utilities\pgfut
il-common-lists.tex"))
("C:\Users\HP\AppData\Local\Programs\MiKTeX 2.9\tex/generic/pgf/utilities\pgfut
il-latex.def"
\pgfutil@abb=\box54

("C:\Users\HP\AppData\Local\Programs\MiKTeX 2.9\tex/latex/ms\everyshi.sty"
Package: everyshi 2001/05/15 v3.00 EveryShipout Package (MS)
))
("C:\Users\HP\AppData\Local\Programs\MiKTeX 2.9\tex/generic/pgf/utilities\pgfrc
s.code.tex"
("C:\Users\HP\AppData\Local\Programs\MiKTeX 2.9\tex/generic/pgf\pgf.revision.te
x")
Package: pgfrcs 2020/01/08 v3.1.5b (3.1.5b)
))
("C:\Users\HP\AppData\Local\Programs\MiKTeX 2.9\tex/generic/pgf/systemlayer\pgf
sys.code.tex"
Package: pgfsys 2020/01/08 v3.1.5b (3.1.5b)

("C:\Users\HP\AppData\Local\Programs\MiKTeX 2.9\tex/generic/pgf/utilities\pgfke
ys.code.tex"
\pgfkeys@pathtoks=\toks18
\pgfkeys@temptoks=\toks19

("C:\Users\HP\AppData\Local\Programs\MiKTeX 2.9\tex/generic/pgf/utilities\pgfke
ysfiltered.code.tex"
\pgfkeys@tmptoks=\toks20
))
\pgf@x=\dimen162
\pgf@y=\dimen163
\pgf@xa=\dimen164
\pgf@ya=\dimen165
\pgf@xb=\dimen166
\pgf@yb=\dimen167
\pgf@xc=\dimen168
\pgf@yc=\dimen169
\pgf@xd=\dimen170
\pgf@yd=\dimen171
\w@pgf@writea=\write3
\r@pgf@reada=\read2
\c@pgf@counta=\count195
\c@pgf@countb=\count196
\c@pgf@countc=\count197
\c@pgf@countd=\count198
\t@pgf@toka=\toks21
\t@pgf@tokb=\toks22
\t@pgf@tokc=\toks23
\pgf@sys@id@count=\count199

("C:\Users\HP\AppData\Local\Programs\MiKTeX 2.9\tex/generic/pgf/systemlayer\pgf
.cfg"
File: pgf.cfg 2020/01/08 v3.1.5b (3.1.5b)
)
Driver file for pgf: pgfsys-pdftex.def

("C:\Users\HP\AppData\Local\Programs\MiKTeX 2.9\tex/generic/pgf/systemlayer\pgf
sys-pdftex.def"
File: pgfsys-pdftex.def 2020/01/08 v3.1.5b (3.1.5b)

("C:\Users\HP\AppData\Local\Programs\MiKTeX 2.9\tex/generic/pgf/systemlayer\pgf
sys-common-pdf.def"
File: pgfsys-common-pdf.def 2020/01/08 v3.1.5b (3.1.5b)
)))
("C:\Users\HP\AppData\Local\Programs\MiKTeX 2.9\tex/generic/pgf/systemlayer\pgf
syssoftpath.code.tex"
File: pgfsyssoftpath.code.tex 2020/01/08 v3.1.5b (3.1.5b)
\pgfsyssoftpath@smallbuffer@items=\count266
\pgfsyssoftpath@bigbuffer@items=\count267
)
("C:\Users\HP\AppData\Local\Programs\MiKTeX 2.9\tex/generic/pgf/systemlayer\pgf
sysprotocol.code.tex"
File: pgfsysprotocol.code.tex 2020/01/08 v3.1.5b (3.1.5b)
))
("C:\Users\HP\AppData\Local\Programs\MiKTeX 2.9\tex/latex/xcolor\xcolor.sty"
Package: xcolor 2016/05/11 v2.12 LaTeX color extensions (UK)

("C:\Users\HP\AppData\Local\Programs\MiKTeX 2.9\tex/latex/graphics-cfg\color.cf
g"
File: color.cfg 2016/01/02 v1.6 sample color configuration
)
Package xcolor Info: Driver file: pdftex.def on input line 225.
Package xcolor Info: Model `cmy' substituted by `cmy0' on input line 1348.
Package xcolor Info: Model `hsb' substituted by `rgb' on input line 1352.
Package xcolor Info: Model `RGB' extended on input line 1364.
Package xcolor Info: Model `HTML' substituted by `rgb' on input line 1366.
Package xcolor Info: Model `Hsb' substituted by `hsb' on input line 1367.
Package xcolor Info: Model `tHsb' substituted by `hsb' on input line 1368.
Package xcolor Info: Model `HSB' substituted by `hsb' on input line 1369.
Package xcolor Info: Model `Gray' substituted by `gray' on input line 1370.
Package xcolor Info: Model `wave' substituted by `hsb' on input line 1371.
)
("C:\Users\HP\AppData\Local\Programs\MiKTeX 2.9\tex/generic/pgf/basiclayer\pgfc
ore.code.tex"
Package: pgfcore 2020/01/08 v3.1.5b (3.1.5b)

("C:\Users\HP\AppData\Local\Programs\MiKTeX 2.9\tex/generic/pgf/math\pgfmath.co
de.tex"
("C:\Users\HP\AppData\Local\Programs\MiKTeX 2.9\tex/generic/pgf/math\pgfmathcal
c.code.tex"
("C:\Users\HP\AppData\Local\Programs\MiKTeX 2.9\tex/generic/pgf/math\pgfmathuti
l.code.tex")
("C:\Users\HP\AppData\Local\Programs\MiKTeX 2.9\tex/generic/pgf/math\pgfmathpar
ser.code.tex"
\pgfmath@dimen=\dimen172
\pgfmath@count=\count268
\pgfmath@box=\box55
\pgfmath@toks=\toks24
\pgfmath@stack@operand=\toks25
\pgfmath@stack@operation=\toks26
)
("C:\Users\HP\AppData\Local\Programs\MiKTeX 2.9\tex/generic/pgf/math\pgfmathfun
ctions.code.tex"
("C:\Users\HP\AppData\Local\Programs\MiKTeX 2.9\tex/generic/pgf/math\pgfmathfun
ctions.basic.code.tex")
("C:\Users\HP\AppData\Local\Programs\MiKTeX 2.9\tex/generic/pgf/math\pgfmathfun
ctions.trigonometric.code.tex")
("C:\Users\HP\AppData\Local\Programs\MiKTeX 2.9\tex/generic/pgf/math\pgfmathfun
ctions.random.code.tex")
("C:\Users\HP\AppData\Local\Programs\MiKTeX 2.9\tex/generic/pgf/math\pgfmathfun
ctions.comparison.code.tex")
("C:\Users\HP\AppData\Local\Programs\MiKTeX 2.9\tex/generic/pgf/math\pgfmathfun
ctions.base.code.tex")
("C:\Users\HP\AppData\Local\Programs\MiKTeX 2.9\tex/generic/pgf/math\pgfmathfun
ctions.round.code.tex")
("C:\Users\HP\AppData\Local\Programs\MiKTeX 2.9\tex/generic/pgf/math\pgfmathfun
ctions.misc.code.tex")
("C:\Users\HP\AppData\Local\Programs\MiKTeX 2.9\tex/generic/pgf/math\pgfmathfun
ctions.integerarithmetics.code.tex")))
("C:\Users\HP\AppData\Local\Programs\MiKTeX 2.9\tex/generic/pgf/math\pgfmathflo
at.code.tex"
\c@pgfmathroundto@lastzeros=\count269
))
("C:\Users\HP\AppData\Local\Programs\MiKTeX 2.9\tex/generic/pgf/math\pgfint.cod
e.tex")
("C:\Users\HP\AppData\Local\Programs\MiKTeX 2.9\tex/generic/pgf/basiclayer\pgfc
orepoints.code.tex"
File: pgfcorepoints.code.tex 2020/01/08 v3.1.5b (3.1.5b)
\pgf@picminx=\dimen173
\pgf@picmaxx=\dimen174
\pgf@picminy=\dimen175
\pgf@picmaxy=\dimen176
\pgf@pathminx=\dimen177
\pgf@pathmaxx=\dimen178
\pgf@pathminy=\dimen179
\pgf@pathmaxy=\dimen180
\pgf@xx=\dimen181
\pgf@xy=\dimen182
\pgf@yx=\dimen183
\pgf@yy=\dimen184
\pgf@zx=\dimen185
\pgf@zy=\dimen186
)
("C:\Users\HP\AppData\Local\Programs\MiKTeX 2.9\tex/generic/pgf/basiclayer\pgfc
orepathconstruct.code.tex"
File: pgfcorepathconstruct.code.tex 2020/01/08 v3.1.5b (3.1.5b)
\pgf@path@lastx=\dimen187
\pgf@path@lasty=\dimen188
)
("C:\Users\HP\AppData\Local\Programs\MiKTeX 2.9\tex/generic/pgf/basiclayer\pgfc
orepathusage.code.tex"
File: pgfcorepathusage.code.tex 2020/01/08 v3.1.5b (3.1.5b)
\pgf@shorten@end@additional=\dimen189
\pgf@shorten@start@additional=\dimen190
)
("C:\Users\HP\AppData\Local\Programs\MiKTeX 2.9\tex/generic/pgf/basiclayer\pgfc
orescopes.code.tex"
File: pgfcorescopes.code.tex 2020/01/08 v3.1.5b (3.1.5b)
\pgfpic=\box56
\pgf@hbox=\box57
\pgf@layerbox@main=\box58
\pgf@picture@serial@count=\count270
)
("C:\Users\HP\AppData\Local\Programs\MiKTeX 2.9\tex/generic/pgf/basiclayer\pgfc
oregraphicstate.code.tex"
File: pgfcoregraphicstate.code.tex 2020/01/08 v3.1.5b (3.1.5b)
\pgflinewidth=\dimen191
)
("C:\Users\HP\AppData\Local\Programs\MiKTeX 2.9\tex/generic/pgf/basiclayer\pgfc
oretransformations.code.tex"
File: pgfcoretransformations.code.tex 2020/01/08 v3.1.5b (3.1.5b)
\pgf@pt@x=\dimen192
\pgf@pt@y=\dimen193
\pgf@pt@temp=\dimen194
)
("C:\Users\HP\AppData\Local\Programs\MiKTeX 2.9\tex/generic/pgf/basiclayer\pgfc
orequick.code.tex"
File: pgfcorequick.code.tex 2020/01/08 v3.1.5b (3.1.5b)
)
("C:\Users\HP\AppData\Local\Programs\MiKTeX 2.9\tex/generic/pgf/basiclayer\pgfc
oreobjects.code.tex"
File: pgfcoreobjects.code.tex 2020/01/08 v3.1.5b (3.1.5b)
)
("C:\Users\HP\AppData\Local\Programs\MiKTeX 2.9\tex/generic/pgf/basiclayer\pgfc
orepathprocessing.code.tex"
File: pgfcorepathprocessing.code.tex 2020/01/08 v3.1.5b (3.1.5b)
)
("C:\Users\HP\AppData\Local\Programs\MiKTeX 2.9\tex/generic/pgf/basiclayer\pgfc
orearrows.code.tex"
File: pgfcorearrows.code.tex 2020/01/08 v3.1.5b (3.1.5b)
\pgfarrowsep=\dimen195
)
("C:\Users\HP\AppData\Local\Programs\MiKTeX 2.9\tex/generic/pgf/basiclayer\pgfc
oreshade.code.tex"
File: pgfcoreshade.code.tex 2020/01/08 v3.1.5b (3.1.5b)
\pgf@max=\dimen196
\pgf@sys@shading@range@num=\count271
\pgf@shadingcount=\count272
)
("C:\Users\HP\AppData\Local\Programs\MiKTeX 2.9\tex/generic/pgf/basiclayer\pgfc
oreimage.code.tex"
File: pgfcoreimage.code.tex 2020/01/08 v3.1.5b (3.1.5b)

("C:\Users\HP\AppData\Local\Programs\MiKTeX 2.9\tex/generic/pgf/basiclayer\pgfc
oreexternal.code.tex"
File: pgfcoreexternal.code.tex 2020/01/08 v3.1.5b (3.1.5b)
\pgfexternal@startupbox=\box59
))
("C:\Users\HP\AppData\Local\Programs\MiKTeX 2.9\tex/generic/pgf/basiclayer\pgfc
orelayers.code.tex"
File: pgfcorelayers.code.tex 2020/01/08 v3.1.5b (3.1.5b)
)
("C:\Users\HP\AppData\Local\Programs\MiKTeX 2.9\tex/generic/pgf/basiclayer\pgfc
oretransparency.code.tex"
File: pgfcoretransparency.code.tex 2020/01/08 v3.1.5b (3.1.5b)
)
("C:\Users\HP\AppData\Local\Programs\MiKTeX 2.9\tex/generic/pgf/basiclayer\pgfc
orepatterns.code.tex"
File: pgfcorepatterns.code.tex 2020/01/08 v3.1.5b (3.1.5b)
)
("C:\Users\HP\AppData\Local\Programs\MiKTeX 2.9\tex/generic/pgf/basiclayer\pgfc
orerdf.code.tex"
File: pgfcorerdf.code.tex 2020/01/08 v3.1.5b (3.1.5b)
)))
("C:\Users\HP\AppData\Local\Programs\MiKTeX 2.9\tex/latex/pgf/utilities\xxcolor
.sty"
Package: xxcolor 2003/10/24 ver 0.1
\XC@nummixins=\count273
\XC@countmixins=\count274
)
("C:\Users\HP\AppData\Local\Programs\MiKTeX 2.9\tex/generic/atbegshi\atbegshi.s
ty"
Package: atbegshi 2019/12/05 v1.19 At begin shipout hook (HO)

("C:\Users\HP\AppData\Local\Programs\MiKTeX 2.9\tex/generic/infwarerr\infwarerr
.sty"
Package: infwarerr 2019/12/03 v1.5 Providing info/warning/error messages (HO)
)
("C:\Users\HP\AppData\Local\Programs\MiKTeX 2.9\tex/generic/ltxcmds\ltxcmds.sty
"
Package: ltxcmds 2019/12/15 v1.24 LaTeX kernel commands for general use (HO)
))
("C:\Users\HP\AppData\Local\Programs\MiKTeX 2.9\tex/latex/hyperref\hyperref.sty
"
Package: hyperref 2020/01/14 v7.00d Hypertext links for LaTeX

("C:\Users\HP\AppData\Local\Programs\MiKTeX 2.9\tex/latex/pdftexcmds\pdftexcmds
.sty"
Package: pdftexcmds 2019/11/24 v0.31 Utility functions of pdfTeX for LuaTeX (HO
)
Package pdftexcmds Info: \pdf@primitive is available.
Package pdftexcmds Info: \pdf@ifprimitive is available.
Package pdftexcmds Info: \pdfdraftmode found.
)
("C:\Users\HP\AppData\Local\Programs\MiKTeX 2.9\tex/generic/kvsetkeys\kvsetkeys
.sty"
Package: kvsetkeys 2019/12/15 v1.18 Key value parser (HO)
)
("C:\Users\HP\AppData\Local\Programs\MiKTeX 2.9\tex/generic/kvdefinekeys\kvdefi
nekeys.sty"
Package: kvdefinekeys 2019-12-19 v1.6 Define keys (HO)
)
("C:\Users\HP\AppData\Local\Programs\MiKTeX 2.9\tex/generic/pdfescape\pdfescape
.sty"
Package: pdfescape 2019/12/09 v1.15 Implements pdfTeX's escape features (HO)
)
("C:\Users\HP\AppData\Local\Programs\MiKTeX 2.9\tex/latex/hycolor\hycolor.sty"
Package: hycolor 2020-01-27 v1.10 Color options for hyperref/bookmark (HO)
)
("C:\Users\HP\AppData\Local\Programs\MiKTeX 2.9\tex/latex/letltxmacro\letltxmac
ro.sty"
Package: letltxmacro 2019/12/03 v1.6 Let assignment for LaTeX macros (HO)
)
("C:\Users\HP\AppData\Local\Programs\MiKTeX 2.9\tex/latex/auxhook\auxhook.sty"
Package: auxhook 2019-12-17 v1.6 Hooks for auxiliary files (HO)
)
("C:\Users\HP\AppData\Local\Programs\MiKTeX 2.9\tex/latex/kvoptions\kvoptions.s
ty"
Package: kvoptions 2019/11/29 v3.13 Key value format for package options (HO)
)
\@linkdim=\dimen197
\Hy@linkcounter=\count275
\Hy@pagecounter=\count276

("C:\Users\HP\AppData\Local\Programs\MiKTeX 2.9\tex/latex/hyperref\pd1enc.def"
File: pd1enc.def 2020/01/14 v7.00d Hyperref: PDFDocEncoding definition (HO)
Now handling font encoding PD1 ...
... no UTF-8 mapping file for font encoding PD1
) ("C:\Users\HP\AppData\Local\Programs\MiKTeX 2.9\tex/generic/intcalc\intcalc.s
ty"
Package: intcalc 2019/12/15 v1.3 Expandable calculations with integers (HO)
)
("C:\Users\HP\AppData\Local\Programs\MiKTeX 2.9\tex/generic/etexcmds\etexcmds.s
ty"
Package: etexcmds 2019/12/15 v1.7 Avoid name clashes with e-TeX commands (HO)
)
\Hy@SavedSpaceFactor=\count277
Package hyperref Info: Option `bookmarks' set `true' on input line 4421.
Package hyperref Info: Option `bookmarksopen' set `true' on input line 4421.
Package hyperref Info: Option `implicit' set `false' on input line 4421.
Package hyperref Info: Hyper figures OFF on input line 4547.
Package hyperref Info: Link nesting OFF on input line 4552.
Package hyperref Info: Hyper index ON on input line 4555.
Package hyperref Info: Plain pages OFF on input line 4562.
Package hyperref Info: Backreferencing OFF on input line 4567.
Package hyperref Info: Implicit mode OFF; no redefinition of LaTeX internals.
Package hyperref Info: Bookmarks ON on input line 4800.
\c@Hy@tempcnt=\count278
 ("C:\Users\HP\AppData\Local\Programs\MiKTeX 2.9\tex/latex/url\url.sty"
\Urlmuskip=\muskip16
Package: url 2013/09/16  ver 3.4  Verb mode for urls, etc.
)
LaTeX Info: Redefining \url on input line 5159.
\XeTeXLinkMargin=\dimen198

("C:\Users\HP\AppData\Local\Programs\MiKTeX 2.9\tex/generic/bitset\bitset.sty"
Package: bitset 2019/12/09 v1.3 Handle bit-vector datatype (HO)

("C:\Users\HP\AppData\Local\Programs\MiKTeX 2.9\tex/generic/bigintcalc\bigintca
lc.sty"
Package: bigintcalc 2019/12/15 v1.5 Expandable calculations on big integers (HO
)
))
\Fld@menulength=\count279
\Field@Width=\dimen199
\Fld@charsize=\dimen256
Package hyperref Info: Hyper figures OFF on input line 6430.
Package hyperref Info: Link nesting OFF on input line 6435.
Package hyperref Info: Hyper index ON on input line 6438.
Package hyperref Info: backreferencing OFF on input line 6445.
Package hyperref Info: Link coloring OFF on input line 6450.
Package hyperref Info: Link coloring with OCG OFF on input line 6455.
Package hyperref Info: PDF/A mode OFF on input line 6460.
LaTeX Info: Redefining \ref on input line 6500.
LaTeX Info: Redefining \pageref on input line 6504.
\Hy@abspage=\count280


Package hyperref Message: Stopped early.

)
Package hyperref Info: Driver (autodetected): hpdftex.
 ("C:\Users\HP\AppData\Local\Programs\MiKTeX 2.9\tex/latex/hyperref\hpdftex.def
"
File: hpdftex.def 2020/01/14 v7.00d Hyperref driver for pdfTeX

("C:\Users\HP\AppData\Local\Programs\MiKTeX 2.9\tex/latex/atveryend\atveryend.s
ty"
Package: atveryend 2019-12-11 v1.11 Hooks at the very end of document (HO)
)
\Fld@listcount=\count281
\c@bookmark@seq@number=\count282

("C:\Users\HP\AppData\Local\Programs\MiKTeX 2.9\tex/latex/rerunfilecheck\rerunf
ilecheck.sty"
Package: rerunfilecheck 2019/12/05 v1.9 Rerun checks for auxiliary files (HO)

("C:\Users\HP\AppData\Local\Programs\MiKTeX 2.9\tex/generic/uniquecounter\uniqu
ecounter.sty"
Package: uniquecounter 2019/12/15 v1.4 Provide unlimited unique counter (HO)
)
Package uniquecounter Info: New unique counter `rerunfilecheck' on input line 2
86.
))
("C:\Users\HP\AppData\Local\Programs\MiKTeX 2.9\tex/latex/beamer\beamerbaserequ
ires.sty"
("C:\Users\HP\AppData\Local\Programs\MiKTeX 2.9\tex/latex/beamer\beamerbasecomp
atibility.sty")
("C:\Users\HP\AppData\Local\Programs\MiKTeX 2.9\tex/latex/beamer\beamerbasefont
.sty"
("C:\Users\HP\AppData\Local\Programs\MiKTeX 2.9\tex/latex/amsfonts\amssymb.sty"
Package: amssymb 2013/01/14 v3.01 AMS font symbols
("C:\Users\HP\AppData\Local\Programs\MiKTeX 2.9\tex/latex/amsfonts\amsfonts.sty
"
Package: amsfonts 2013/01/14 v3.01 Basic AMSFonts support
\@emptytoks=\toks27
\symAMSa=\mathgroup4
\symAMSb=\mathgroup5
LaTeX Font Info:    Redeclaring math symbol \hbar on input line 98.
LaTeX Font Info:    Overwriting math alphabet `\mathfrak' in version `bold'
(Font)                  U/euf/m/n --> U/euf/b/n on input line 106.
))
("C:\Users\HP\AppData\Local\Programs\MiKTeX 2.9\tex/latex/sansmathaccent\sansma
thaccent.sty"
Package: sansmathaccent 2020/01/31

("C:\Users\HP\AppData\Local\Programs\MiKTeX 2.9\tex/latex/koma-script\scrlfile.
sty"
Package: scrlfile 2020/01/24 v3.29 KOMA-Script package (loading files)
)))
("C:\Users\HP\AppData\Local\Programs\MiKTeX 2.9\tex/latex/beamer\beamerbasetran
slator.sty"
("C:\Users\HP\AppData\Local\Programs\MiKTeX 2.9\tex/latex/translator\translator
.sty"
Package: translator 2019-05-31 v1.12a Easy translation of strings in LaTeX
))
("C:\Users\HP\AppData\Local\Programs\MiKTeX 2.9\tex/latex/beamer\beamerbasemisc
.sty")
("C:\Users\HP\AppData\Local\Programs\MiKTeX 2.9\tex/latex/beamer\beamerbasetwos
creens.sty")
("C:\Users\HP\AppData\Local\Programs\MiKTeX 2.9\tex/latex/beamer\beamerbaseover
lay.sty"
\beamer@argscount=\count283
\beamer@lastskipcover=\skip50
\beamer@trivlistdepth=\count284
)
("C:\Users\HP\AppData\Local\Programs\MiKTeX 2.9\tex/latex/beamer\beamerbasetitl
e.sty")
("C:\Users\HP\AppData\Local\Programs\MiKTeX 2.9\tex/latex/beamer\beamerbasesect
ion.sty"
\c@lecture=\count285
\c@part=\count286
\c@section=\count287
\c@subsection=\count288
\c@subsubsection=\count289
)
("C:\Users\HP\AppData\Local\Programs\MiKTeX 2.9\tex/latex/beamer\beamerbasefram
e.sty"
\beamer@framebox=\box60
\beamer@frametitlebox=\box61
\beamer@zoombox=\box62
\beamer@zoomcount=\count290
\beamer@zoomframecount=\count291
\beamer@frametextheight=\dimen257
\c@subsectionslide=\count292
\beamer@frametopskip=\skip51
\beamer@framebottomskip=\skip52
\beamer@frametopskipautobreak=\skip53
\beamer@framebottomskipautobreak=\skip54
\beamer@envbody=\toks28
\framewidth=\dimen258
\c@framenumber=\count293
)
("C:\Users\HP\AppData\Local\Programs\MiKTeX 2.9\tex/latex/beamer\beamerbaseverb
atim.sty"
\beamer@verbatimfileout=\write4
)
("C:\Users\HP\AppData\Local\Programs\MiKTeX 2.9\tex/latex/beamer\beamerbasefram
esize.sty"
\beamer@splitbox=\box63
\beamer@autobreakcount=\count294
\beamer@autobreaklastheight=\dimen259
\beamer@frametitletoks=\toks29
\beamer@framesubtitletoks=\toks30
)
("C:\Users\HP\AppData\Local\Programs\MiKTeX 2.9\tex/latex/beamer\beamerbasefram
ecomponents.sty"
\beamer@footins=\box64
)
("C:\Users\HP\AppData\Local\Programs\MiKTeX 2.9\tex/latex/beamer\beamerbasecolo
r.sty")
("C:\Users\HP\AppData\Local\Programs\MiKTeX 2.9\tex/latex/beamer\beamerbasenote
s.sty"
\beamer@frameboxcopy=\box65
)
("C:\Users\HP\AppData\Local\Programs\MiKTeX 2.9\tex/latex/beamer\beamerbasetoc.
sty")
("C:\Users\HP\AppData\Local\Programs\MiKTeX 2.9\tex/latex/beamer\beamerbasetemp
lates.sty"
\beamer@sbttoks=\toks31

("C:\Users\HP\AppData\Local\Programs\MiKTeX 2.9\tex/latex/beamer\beamerbaseauxt
emplates.sty"
("C:\Users\HP\AppData\Local\Programs\MiKTeX 2.9\tex/latex/beamer\beamerbaseboxe
s.sty"
\bmb@box=\box66
\bmb@colorbox=\box67
\bmb@boxshadow=\box68
\bmb@boxshadowball=\box69
\bmb@boxshadowballlarge=\box70
\bmb@temp=\dimen260
\bmb@dima=\dimen261
\bmb@dimb=\dimen262
\bmb@prevheight=\dimen263
)
\beamer@blockheadheight=\dimen264
))
("C:\Users\HP\AppData\Local\Programs\MiKTeX 2.9\tex/latex/beamer\beamerbaseloca
lstructure.sty"
("C:\Users\HP\AppData\Local\Programs\MiKTeX 2.9\tex/latex/tools\enumerate.sty"
Package: enumerate 2015/07/23 v3.00 enumerate extensions (DPC)
\@enLab=\toks32
)
\c@figure=\count295
\c@table=\count296
\abovecaptionskip=\skip55
\belowcaptionskip=\skip56
)
("C:\Users\HP\AppData\Local\Programs\MiKTeX 2.9\tex/latex/beamer\beamerbasenavi
gation.sty"
\beamer@section@min@dim=\dimen265
)
("C:\Users\HP\AppData\Local\Programs\MiKTeX 2.9\tex/latex/beamer\beamerbasetheo
rems.sty"
("C:\Users\HP\AppData\Local\Programs\MiKTeX 2.9\tex/latex/amsmath\amsmath.sty"
Package: amsmath 2020/01/20 v2.17e AMS math features
\@mathmargin=\skip57

For additional information on amsmath, use the `?' option.
("C:\Users\HP\AppData\Local\Programs\MiKTeX 2.9\tex/latex/amsmath\amstext.sty"
Package: amstext 2000/06/29 v2.01 AMS text

("C:\Users\HP\AppData\Local\Programs\MiKTeX 2.9\tex/latex/amsmath\amsgen.sty"
File: amsgen.sty 1999/11/30 v2.0 generic functions
\@emptytoks=\toks33
\ex@=\dimen266
)) ("C:\Users\HP\AppData\Local\Programs\MiKTeX 2.9\tex/latex/amsmath\amsbsy.sty
"
Package: amsbsy 1999/11/29 v1.2d Bold Symbols
\pmbraise@=\dimen267
) ("C:\Users\HP\AppData\Local\Programs\MiKTeX 2.9\tex/latex/amsmath\amsopn.sty"
Package: amsopn 2016/03/08 v2.02 operator names
)
\inf@bad=\count297
LaTeX Info: Redefining \frac on input line 227.
\uproot@=\count298
\leftroot@=\count299
LaTeX Info: Redefining \overline on input line 389.
\classnum@=\count300
\DOTSCASE@=\count301
LaTeX Info: Redefining \ldots on input line 486.
LaTeX Info: Redefining \dots on input line 489.
LaTeX Info: Redefining \cdots on input line 610.
\Mathstrutbox@=\box71
\strutbox@=\box72
\big@size=\dimen268
LaTeX Font Info:    Redeclaring font encoding OML on input line 733.
LaTeX Font Info:    Redeclaring font encoding OMS on input line 734.
\macc@depth=\count302
\c@MaxMatrixCols=\count303
\dotsspace@=\muskip17
\c@parentequation=\count304
\dspbrk@lvl=\count305
\tag@help=\toks34
\row@=\count306
\column@=\count307
\maxfields@=\count308
\andhelp@=\toks35
\eqnshift@=\dimen269
\alignsep@=\dimen270
\tagshift@=\dimen271
\tagwidth@=\dimen272
\totwidth@=\dimen273
\lineht@=\dimen274
\@envbody=\toks36
\multlinegap=\skip58
\multlinetaggap=\skip59
\mathdisplay@stack=\toks37
LaTeX Info: Redefining \[ on input line 2859.
LaTeX Info: Redefining \] on input line 2860.
) ("C:\Users\HP\AppData\Local\Programs\MiKTeX 2.9\tex/latex/amscls\amsthm.sty"
Package: amsthm 2017/10/31 v2.20.4
\thm@style=\toks38
\thm@bodyfont=\toks39
\thm@headfont=\toks40
\thm@notefont=\toks41
\thm@headpunct=\toks42
\thm@preskip=\skip60
\thm@postskip=\skip61
\thm@headsep=\skip62
\dth@everypar=\toks43
)
\c@theorem=\count309
)
("C:\Users\HP\AppData\Local\Programs\MiKTeX 2.9\tex/latex/beamer\beamerbasethem
es.sty"))
("C:\Users\HP\AppData\Local\Programs\MiKTeX 2.9\tex/latex/beamer\beamerthemedef
ault.sty"
("C:\Users\HP\AppData\Local\Programs\MiKTeX 2.9\tex/latex/beamer\beamerfontthem
edefault.sty")
("C:\Users\HP\AppData\Local\Programs\MiKTeX 2.9\tex/latex/beamer\beamercolorthe
medefault.sty")
("C:\Users\HP\AppData\Local\Programs\MiKTeX 2.9\tex/latex/beamer\beamerinnerthe
medefault.sty"
\beamer@dima=\dimen275
\beamer@dimb=\dimen276
)
("C:\Users\HP\AppData\Local\Programs\MiKTeX 2.9\tex/latex/beamer\beamerouterthe
medefault.sty")))
("C:\Users\HP\AppData\Local\Programs\MiKTeX 2.9\tex/generic/babel\babel.sty"
Package: babel 2020/02/28 3.41 The Babel package

("C:\Users\HP\AppData\Local\Programs\MiKTeX 2.9\tex/generic/babel\switch.def"
File: switch.def 2020/02/28 3.41 Babel switching mechanism
)
*************************************
* Local config file bblopts.cfg used
*
("C:\Users\HP\AppData\Local\Programs\MiKTeX 2.9\tex/latex/arabi\bblopts.cfg"
File: bblopts.cfg 2005/09/08 v0.1 add Arabic and Farsi to "declared" options of
 babel
)
("C:\Users\HP\AppData\Local\Programs\MiKTeX 2.9\tex/generic/babel-french\french
.ldf"
Language: french 2020/01/30 v3.5g French support from the babel system

("C:\Users\HP\AppData\Local\Programs\MiKTeX 2.9\tex/generic/babel\babel.def"
File: babel.def 2020/02/28 3.41 Babel common definitions
\babel@savecnt=\count310
\U@D=\dimen277

("C:\Users\HP\AppData\Local\Programs\MiKTeX 2.9\tex/generic/babel\txtbabel.def"
)
\bbl@readstream=\read3
LaTeX Info: Redefining \textlatin on input line 2402.
\bbl@dirlevel=\count311
)
Package babel Info: \l@acadian = using hyphenrules for french
(babel)             (\language22) on input line 91.
Package babel Info: \l@canadien = using hyphenrules for french
(babel)             (\language22) on input line 92.
\FB@nonchar=\count312
Package babel Info: Making : an active character on input line 419.
Package babel Info: Making ; an active character on input line 420.
Package babel Info: Making ! an active character on input line 421.
Package babel Info: Making ? an active character on input line 422.
\FBguill@level=\count313
\FBold@everypar=\toks44
\FB@Mht=\dimen278
\mc@charclass=\count314
\mc@charfam=\count315
\mc@charslot=\count316
\std@mcc=\count317
\dec@mcc=\count318
\c@FBcaption@count=\count319
\listindentFB=\dimen279
\descindentFB=\dimen280
\labelindentFB=\dimen281
\labelwidthFB=\dimen282
\leftmarginFB=\dimen283
\parindentFFN=\dimen284
\FBfnindent=\dimen285
))
("C:\Users\HP\AppData\Local\Programs\MiKTeX 2.9\tex/latex/carlisle\scalefnt.sty
")
Package french.ldf Info: No list customisation for the beamer class,
(french.ldf)             reported on input line 11.
 ("C:\Users\HP\AppData\Local\Programs\MiKTeX 2.9\tex/latex/base\inputenc.sty"
Package: inputenc 2018/08/11 v1.3c Input encoding file
\inpenc@prehook=\toks45
\inpenc@posthook=\toks46
) ("C:\Users\HP\AppData\Local\Programs\MiKTeX 2.9\tex/latex/base\fontenc.sty"
Package: fontenc 2020/02/11 v2.0o Standard LaTeX package
)
("C:\Users\HP\AppData\Local\Programs\MiKTeX 2.9\tex/latex/pgf/utilities\pgffor.
sty"
("C:\Users\HP\AppData\Local\Programs\MiKTeX 2.9\tex/latex/pgf/utilities\pgfkeys
.sty"
("C:\Users\HP\AppData\Local\Programs\MiKTeX 2.9\tex/generic/pgf/utilities\pgfke
ys.code.tex"))
("C:\Users\HP\AppData\Local\Programs\MiKTeX 2.9\tex/latex/pgf/math\pgfmath.sty"

("C:\Users\HP\AppData\Local\Programs\MiKTeX 2.9\tex/generic/pgf/math\pgfmath.co
de.tex"))
("C:\Users\HP\AppData\Local\Programs\MiKTeX 2.9\tex/generic/pgf/utilities\pgffo
r.code.tex"
Package: pgffor 2020/01/08 v3.1.5b (3.1.5b)

("C:\Users\HP\AppData\Local\Programs\MiKTeX 2.9\tex/generic/pgf/math\pgfmath.co
de.tex")
\pgffor@iter=\dimen286
\pgffor@skip=\dimen287
\pgffor@stack=\toks47
\pgffor@toks=\toks48
))
("C:\Users\HP\AppData\Local\Programs\MiKTeX 2.9\tex/latex/tools\tabularx.sty"
Package: tabularx 2020/01/15 v2.11c `tabularx' package (DPC)

("C:\Users\HP\AppData\Local\Programs\MiKTeX 2.9\tex/latex/tools\array.sty"
Package: array 2019/08/31 v2.4l Tabular extension package (FMi)
\col@sep=\dimen288
\ar@mcellbox=\box73
\extrarowheight=\dimen289
\NC@list=\toks49
\extratabsurround=\skip63
\backup@length=\skip64
\ar@cellbox=\box74
)
\TX@col@width=\dimen290
\TX@old@table=\dimen291
\TX@old@col=\dimen292
\TX@target=\dimen293
\TX@delta=\dimen294
\TX@cols=\count320
\TX@ftn=\toks50
)
("C:\Users\HP\AppData\Local\Programs\MiKTeX 2.9\tex/latex/adjustbox\adjustbox.s
ty"
Package: adjustbox 2019/01/04 v1.2 Adjusting TeX boxes (trim, clip, ...)

("C:\Users\HP\AppData\Local\Programs\MiKTeX 2.9\tex/latex/xkeyval\xkeyval.sty"
Package: xkeyval 2014/12/03 v2.7a package option processing (HA)

("C:\Users\HP\AppData\Local\Programs\MiKTeX 2.9\tex/generic/xkeyval\xkeyval.tex
"
("C:\Users\HP\AppData\Local\Programs\MiKTeX 2.9\tex/generic/xkeyval\xkvutils.te
x"
\XKV@toks=\toks51
\XKV@tempa@toks=\toks52
)
\XKV@depth=\count321
File: xkeyval.tex 2014/12/03 v2.7a key=value parser (HA)
))
("C:\Users\HP\AppData\Local\Programs\MiKTeX 2.9\tex/latex/adjustbox\adjcalc.sty
"
Package: adjcalc 2012/05/16 v1.1 Provides advanced setlength with multiple back
-ends (calc, etex, pgfmath)
)
("C:\Users\HP\AppData\Local\Programs\MiKTeX 2.9\tex/latex/adjustbox\trimclip.st
y"
Package: trimclip 2018/04/08 v1.1 Trim and clip general TeX material

("C:\Users\HP\AppData\Local\Programs\MiKTeX 2.9\tex/latex/collectbox\collectbox
.sty"
Package: collectbox 2012/05/17 v0.4b Collect macro arguments as boxes
\collectedbox=\box75
)
\tc@llx=\dimen295
\tc@lly=\dimen296
\tc@urx=\dimen297
\tc@ury=\dimen298
Package trimclip Info: Using driver 'tc-pdftex.def'.

("C:\Users\HP\AppData\Local\Programs\MiKTeX 2.9\tex/latex/adjustbox\tc-pdftex.d
ef"
File: tc-pdftex.def 2019/01/04 v2.2 Clipping driver for pdftex
))
\adjbox@Width=\dimen299
\adjbox@Height=\dimen300
\adjbox@Depth=\dimen301
\adjbox@Totalheight=\dimen302
\adjbox@pwidth=\dimen303
\adjbox@pheight=\dimen304
\adjbox@pdepth=\dimen305
\adjbox@ptotalheight=\dimen306

("C:\Users\HP\AppData\Local\Programs\MiKTeX 2.9\tex/latex/ifoddpage\ifoddpage.s
ty"
Package: ifoddpage 2016/04/23 v1.1 Conditionals for odd/even page detection
\c@checkoddpage=\count322
)
("C:\Users\HP\AppData\Local\Programs\MiKTeX 2.9\tex/latex/varwidth\varwidth.sty
"
Package: varwidth 2009/03/30 ver 0.92;  Variable-width minipages
\@vwid@box=\box76
\sift@deathcycles=\count323
\@vwid@loff=\dimen307
\@vwid@roff=\dimen308
))
("C:\Users\HP\AppData\Local\Programs\MiKTeX 2.9\tex/latex/booktabs\booktabs.sty
"
Package: booktabs 2020/01/12 v1.61803398 Publication quality tables
\heavyrulewidth=\dimen309
\lightrulewidth=\dimen310
\cmidrulewidth=\dimen311
\belowrulesep=\dimen312
\belowbottomsep=\dimen313
\aboverulesep=\dimen314
\abovetopsep=\dimen315
\cmidrulesep=\dimen316
\cmidrulekern=\dimen317
\defaultaddspace=\dimen318
\@cmidla=\count324
\@cmidlb=\count325
\@aboverulesep=\dimen319
\@belowrulesep=\dimen320
\@thisruleclass=\count326
\@lastruleclass=\count327
\@thisrulewidth=\dimen321
) ("C:\Users\HP\AppData\Local\Programs\MiKTeX 2.9\tex/latex/subfig\subfig.sty"
Package: subfig 2005/06/28 ver: 1.3 subfig package
("C:\Users\HP\AppData\Local\Programs\MiKTeX 2.9\tex/latex/caption\caption.sty"
Package: caption 2020/01/03 v3.4h Customizing captions (AR)

("C:\Users\HP\AppData\Local\Programs\MiKTeX 2.9\tex/latex/caption\caption3.sty"
Package: caption3 2020/01/03 v1.8h caption3 kernel (AR)
Package caption3 Info: TeX engine: e-TeX on input line 61.
\captionmargin=\dimen322
\captionmargin@=\dimen323
\captionwidth=\dimen324
\caption@tempdima=\dimen325
\caption@indent=\dimen326
\caption@parindent=\dimen327
\caption@hangindent=\dimen328
Package caption Info: beamer document class detected.
)
\c@caption@flags=\count328
\c@continuedfloat=\count329
Package caption Info: beamer document class.
Package caption Info: hyperref package is loaded.
Package caption Info: Hyperref support is turned off
(caption)             because hyperref has stopped early.
)
\c@KVtest=\count330
\sf@farskip=\skip65
\sf@captopadj=\dimen329
\sf@capskip=\skip66
\sf@nearskip=\skip67
\c@subfigure=\count331
\c@subfigure@save=\count332
\c@depth=\count333
\c@subtable=\count334
\c@subtable@save=\count335
\sf@top=\skip68
\sf@bottom=\skip69
)
("C:\Users\HP\AppData\Local\Programs\MiKTeX 2.9\tex/latex/ragged2e\ragged2e.sty
"
Package: ragged2e 2019/07/28 v2.2 ragged2e Package (MS)
 ("C:\Users\HP\AppData\Local\Programs\MiKTeX 2.9\tex/latex/ms\everysel.sty"
Package: everysel 2011/10/28 v1.2 EverySelectfont Package (MS)
)
\CenteringLeftskip=\skip70
\RaggedLeftLeftskip=\skip71
\RaggedRightLeftskip=\skip72
\CenteringRightskip=\skip73
\RaggedLeftRightskip=\skip74
\RaggedRightRightskip=\skip75
\CenteringParfillskip=\skip76
\RaggedLeftParfillskip=\skip77
\RaggedRightParfillskip=\skip78
\JustifyingParfillskip=\skip79
\CenteringParindent=\skip80
\RaggedLeftParindent=\skip81
\RaggedRightParindent=\skip82
\JustifyingParindent=\skip83
)
! Too many }'s.
l.35 \graphicspath{{C:/Users/HP/Desktop/plots/}}}
                                                 
? S
OK, entering \scrollmode...
! Too many }'s.
l.37 }
      
You've closed more groups than you opened.
Such booboos are generally harmless, so keep going.


("C:\Users\HP\AppData\Local\Programs\MiKTeX 2.9\tex/latex/l3backend\l3backend-p
dfmode.def"
File: l3backend-pdfmode.def 2020-02-23 L3 backend support: PDF mode
\l__kernel_color_stack_int=\count336
\l__pdf_internal_box=\box77
) (Wind_project.aux

LaTeX Warning: Label `fig:dynamics' multiply defined.


LaTeX Warning: Label `fig:dynamics' multiply defined.


LaTeX Warning: Label `fig:dynamics' multiply defined.


LaTeX Warning: Label `fig:dynamics' multiply defined.


LaTeX Warning: Label `fig:dynamics' multiply defined.


LaTeX Warning: Label `fig:dynamics' multiply defined.


LaTeX Warning: Label `fig:dynamics' multiply defined.

)
\openout1 = `Wind_project.aux'.

LaTeX Font Info:    Checking defaults for OML/cmm/m/it on input line 45.
LaTeX Font Info:    ... okay on input line 45.
LaTeX Font Info:    Checking defaults for OMS/cmsy/m/n on input line 45.
LaTeX Font Info:    ... okay on input line 45.
LaTeX Font Info:    Checking defaults for OT1/cmr/m/n on input line 45.
LaTeX Font Info:    ... okay on input line 45.
LaTeX Font Info:    Checking defaults for T1/cmr/m/n on input line 45.
LaTeX Font Info:    ... okay on input line 45.
LaTeX Font Info:    Checking defaults for TS1/cmr/m/n on input line 45.
LaTeX Font Info:    ... okay on input line 45.
LaTeX Font Info:    Checking defaults for OMX/cmex/m/n on input line 45.
LaTeX Font Info:    ... okay on input line 45.
LaTeX Font Info:    Checking defaults for U/cmr/m/n on input line 45.
LaTeX Font Info:    ... okay on input line 45.
LaTeX Font Info:    Checking defaults for PD1/pdf/m/n on input line 45.
LaTeX Font Info:    ... okay on input line 45.

*geometry* driver: auto-detecting
*geometry* detected driver: pdftex
*geometry* verbose mode - [ preamble ] result:
* driver: pdftex
* paper: custom
* layout: <same size as paper>
* layoutoffset:(h,v)=(0.0pt,0.0pt)
* modes: includehead includefoot 
* h-part:(L,W,R)=(28.45274pt, 307.28987pt, 28.45274pt)
* v-part:(T,H,B)=(0.0pt, 273.14662pt, 0.0pt)
* \paperwidth=364.19536pt
* \paperheight=273.14662pt
* \textwidth=307.28987pt
* \textheight=244.6939pt
* \oddsidemargin=-43.81725pt
* \evensidemargin=-43.81725pt
* \topmargin=-72.26999pt
* \headheight=14.22636pt
* \headsep=0.0pt
* \topskip=11.0pt
* \footskip=14.22636pt
* \marginparwidth=4.0pt
* \marginparsep=10.0pt
* \columnsep=10.0pt
* \skip\footins=10.0pt plus 4.0pt minus 2.0pt
* \hoffset=0.0pt
* \voffset=0.0pt
* \mag=1000
* \@twocolumnfalse
* \@twosidefalse
* \@mparswitchfalse
* \@reversemarginfalse
* (1in=72.27pt=25.4mm, 1cm=28.453pt)


("C:\Users\HP\AppData\Local\Programs\MiKTeX 2.9\tex/context/base/mkii\supp-pdf.
mkii"
[Loading MPS to PDF converter (version 2006.09.02).]
\scratchcounter=\count337
\scratchdimen=\dimen330
\scratchbox=\box78
\nofMPsegments=\count338
\nofMParguments=\count339
\everyMPshowfont=\toks53
\MPscratchCnt=\count340
\MPscratchDim=\dimen331
\MPnumerator=\count341
\makeMPintoPDFobject=\count342
\everyMPtoPDFconversion=\toks54
)
("C:\Users\HP\AppData\Local\Programs\MiKTeX 2.9\tex/latex/epstopdf-pkg\epstopdf
-base.sty"
Package: epstopdf-base 2020-01-24 v2.11 Base part for package epstopdf
Package epstopdf-base Info: Redefining graphics rule for `.eps' on input line 4
85.
) ABD: EveryShipout initializing macros
\AtBeginShipoutBox=\box79
Package hyperref Info: Link coloring OFF on input line 45.

("C:\Users\HP\AppData\Local\Programs\MiKTeX 2.9\tex/latex/hyperref\nameref.sty"
Package: nameref 2019/09/16 v2.46 Cross-referencing by name of section
("C:\Users\HP\AppData\Local\Programs\MiKTeX 2.9\tex/latex/refcount\refcount.sty
"
Package: refcount 2019/12/15 v3.6 Data extraction from label references (HO)
)
("C:\Users\HP\AppData\Local\Programs\MiKTeX 2.9\tex/generic/gettitlestring\gett
itlestring.sty"
Package: gettitlestring 2019/12/15 v1.6 Cleanup title references (HO)
)
\c@section@level=\count343
)
LaTeX Info: Redefining \ref on input line 45.
LaTeX Info: Redefining \pageref on input line 45.
LaTeX Info: Redefining \nameref on input line 45.
 (Wind_project.out) (Wind_project.out)
\@outlinefile=\write5
\openout5 = `Wind_project.out'.

LaTeX Font Info:    Overwriting symbol font `operators' in version `normal'
(Font)                  OT1/cmr/m/n --> OT1/cmss/m/n on input line 45.
LaTeX Font Info:    Overwriting symbol font `operators' in version `bold'
(Font)                  OT1/cmr/bx/n --> OT1/cmss/b/n on input line 45.
\symnumbers=\mathgroup6
\sympureletters=\mathgroup7
LaTeX Font Info:    Overwriting math alphabet `\mathrm' in version `normal'
(Font)                  OT1/cmss/m/n --> T1/cmr/m/n on input line 45.
LaTeX Font Info:    Redeclaring math alphabet \mathbf on input line 45.
LaTeX Font Info:    Overwriting math alphabet `\mathbf' in version `normal'
(Font)                  OT1/cmr/bx/n --> T1/cmss/b/n on input line 45.
LaTeX Font Info:    Overwriting math alphabet `\mathbf' in version `bold'
(Font)                  OT1/cmr/bx/n --> T1/cmss/b/n on input line 45.
LaTeX Font Info:    Redeclaring math alphabet \mathsf on input line 45.
LaTeX Font Info:    Overwriting math alphabet `\mathsf' in version `normal'
(Font)                  OT1/cmss/m/n --> T1/cmss/m/n on input line 45.
LaTeX Font Info:    Overwriting math alphabet `\mathsf' in version `bold'
(Font)                  OT1/cmss/bx/n --> T1/cmss/m/n on input line 45.
LaTeX Font Info:    Redeclaring math alphabet \mathit on input line 45.
LaTeX Font Info:    Overwriting math alphabet `\mathit' in version `normal'
(Font)                  OT1/cmr/m/it --> T1/cmss/m/it on input line 45.
LaTeX Font Info:    Overwriting math alphabet `\mathit' in version `bold'
(Font)                  OT1/cmr/bx/it --> T1/cmss/m/it on input line 45.
LaTeX Font Info:    Redeclaring math alphabet \mathtt on input line 45.
LaTeX Font Info:    Overwriting math alphabet `\mathtt' in version `normal'
(Font)                  OT1/cmtt/m/n --> T1/cmtt/m/n on input line 45.
LaTeX Font Info:    Overwriting math alphabet `\mathtt' in version `bold'
(Font)                  OT1/cmtt/m/n --> T1/cmtt/m/n on input line 45.
LaTeX Font Info:    Overwriting symbol font `numbers' in version `bold'
(Font)                  T1/cmss/m/n --> T1/cmss/b/n on input line 45.
LaTeX Font Info:    Overwriting symbol font `pureletters' in version `bold'
(Font)                  T1/cmss/m/it --> T1/cmss/b/it on input line 45.
LaTeX Font Info:    Overwriting math alphabet `\mathrm' in version `bold'
(Font)                  OT1/cmss/b/n --> T1/cmr/b/n on input line 45.
LaTeX Font Info:    Overwriting math alphabet `\mathbf' in version `bold'
(Font)                  T1/cmss/b/n --> T1/cmss/b/n on input line 45.
LaTeX Font Info:    Overwriting math alphabet `\mathsf' in version `bold'
(Font)                  T1/cmss/m/n --> T1/cmss/b/n on input line 45.
LaTeX Font Info:    Overwriting math alphabet `\mathit' in version `bold'
(Font)                  T1/cmss/m/it --> T1/cmss/b/it on input line 45.
LaTeX Font Info:    Overwriting math alphabet `\mathtt' in version `bold'
(Font)                  T1/cmtt/m/n --> T1/cmtt/b/n on input line 45.
LaTeX Font Info:    Redeclaring symbol font `pureletters' on input line 45.
LaTeX Font Info:    Encoding `T1' has changed to `OT1' for symbol font
(Font)              `pureletters' in the math version `normal' on input line 45
.
LaTeX Font Info:    Overwriting symbol font `pureletters' in version `normal'
(Font)                  T1/cmss/m/it --> OT1/mathkerncmss/m/sl on input line 45
.
LaTeX Font Info:    Encoding `T1' has changed to `OT1' for symbol font
(Font)              `pureletters' in the math version `bold' on input line 45.
LaTeX Font Info:    Overwriting symbol font `pureletters' in version `bold'
(Font)                  T1/cmss/b/it --> OT1/mathkerncmss/m/sl on input line 45
.
LaTeX Font Info:    Overwriting symbol font `pureletters' in version `bold'
(Font)                  OT1/mathkerncmss/m/sl --> OT1/mathkerncmss/bx/sl on inp
ut line 45.

("C:\Users\HP\AppData\Local\Programs\MiKTeX 2.9\tex/latex/translator\translator
-basic-dictionary-English.dict"
Dictionary: translator-basic-dictionary, Language: English 
)
("C:\Users\HP\AppData\Local\Programs\MiKTeX 2.9\tex/latex/translator\translator
-bibliography-dictionary-English.dict"
Dictionary: translator-bibliography-dictionary, Language: English 
)
("C:\Users\HP\AppData\Local\Programs\MiKTeX 2.9\tex/latex/translator\translator
-environment-dictionary-English.dict"
Dictionary: translator-environment-dictionary, Language: English 
)
("C:\Users\HP\AppData\Local\Programs\MiKTeX 2.9\tex/latex/translator\translator
-months-dictionary-English.dict"
Dictionary: translator-months-dictionary, Language: English 
)
("C:\Users\HP\AppData\Local\Programs\MiKTeX 2.9\tex/latex/translator\translator
-numbers-dictionary-English.dict"
Dictionary: translator-numbers-dictionary, Language: English 
)
("C:\Users\HP\AppData\Local\Programs\MiKTeX 2.9\tex/latex/translator\translator
-theorem-dictionary-English.dict"
Dictionary: translator-theorem-dictionary, Language: English 
)
LaTeX Info: Redefining \degres on input line 45.
LaTeX Info: Redefining \dots on input line 45.
LaTeX Info: Redefining \up on input line 45.
Package caption Info: Begin \AtBeginDocument code.
Package caption Info: subfig package v1.3 is loaded.
Package caption Info: End \AtBeginDocument code.
 ABD: EverySelectfont initializing macros
LaTeX Info: Redefining \selectfont on input line 45.

(Wind_project.nav) [1

{C:/Users/HP/AppData/Local/MiKTeX/2.9/pdftex/config/pdftex.map}] [2

]
LaTeX Font Info:    Trying to load font information for U+msa on input line 74.


("C:\Users\HP\AppData\Local\Programs\MiKTeX 2.9\tex/latex/amsfonts\umsa.fd"
File: umsa.fd 2013/01/14 v3.01 AMS symbols A
)
LaTeX Font Info:    Trying to load font information for U+msb on input line 74.


("C:\Users\HP\AppData\Local\Programs\MiKTeX 2.9\tex/latex/amsfonts\umsb.fd"
File: umsb.fd 2013/01/14 v3.01 AMS symbols B
)
LaTeX Font Info:    Trying to load font information for OT1+mathkerncmss on inp
ut line 74.

("C:\Users\HP\AppData\Local\Programs\MiKTeX 2.9\tex/latex/sansmathaccent\ot1mat
hkerncmss.fd"
File: ot1mathkerncmss.fd 2020/01/31 Fontinst v1.933 font definitions for OT1/ma
thkerncmss.
)

! LaTeX Error: There's no line here to end.

See the LaTeX manual or LaTeX Companion for explanation.
Type  H <return>  for immediate help.
 ...                                              
                                                  
l.74 \end{frame}
                
Your command was ignored.
Type  I <command> <return>  to replace it with another command,
or  <return>  to continue without it.

! Missing $ inserted.
<inserted text> 
                $
l.74 \end{frame}
                
I've inserted a begin-math/end-math symbol since I think
you left one out. Proceed, with fingers crossed.

! Display math should end with $$.
<to be read again> 
                   \par 
l.74 \end{frame}
                
The `$' that I just saw supposedly matches a previous `$$'.
So I shall assume that you typed `$$' both times.

! Missing $ inserted.
<inserted text> 
                $
l.74 \end{frame}
                
I've inserted a begin-math/end-math symbol since I think
you left one out. Proceed, with fingers crossed.


Overfull \hbox (20.27591pt too wide) in paragraph at lines 74--74
[]$[]$ 
 []

! Display math should end with $$.
<to be read again> 
                   \def 
l.74 \end{frame}
                
The `$' that I just saw supposedly matches a previous `$$'.
So I shall assume that you typed `$$' both times.


! LaTeX Error: Bad math environment delimiter.

See the LaTeX manual or LaTeX Companion for explanation.
Type  H <return>  for immediate help.
 ...                                              
                                                  
l.74 \end{frame}
                
Your command was ignored.
Type  I <command> <return>  to replace it with another command,
or  <return>  to continue without it.

! Missing \endgroup inserted.
<inserted text> 
                \endgroup 
l.74 \end{frame}
                
I've inserted something that you may have forgotten.
(See the <inserted text> above.)
With luck, this will get me unwedged. But if you
really didn't forget anything, try typing `2' now; then
my insertion and my current dilemma will both disappear.


Overfull \hbox (18.45094pt too wide) detected at line 74
[]
 []


! LaTeX Error: \begin{beamer@framepauses} on input line 74 ended by \end{equati
on}.

See the LaTeX manual or LaTeX Companion for explanation.
Type  H <return>  for immediate help.
 ...                                              
                                                  
l.74 \end{frame}
                
Your command was ignored.
Type  I <command> <return>  to replace it with another command,
or  <return>  to continue without it.


! LaTeX Error: \begin{beamer@frameslide} on input line 74 ended by \end{beamer@
framepauses}.

See the LaTeX manual or LaTeX Companion for explanation.
Type  H <return>  for immediate help.
 ...                                              
                                                  
l.74 \end{frame}
                
Your command was ignored.
Type  I <command> <return>  to replace it with another command,
or  <return>  to continue without it.

! Missing } inserted.
<inserted text> 
                }
l.74 \end{frame}
                
I've inserted something that you may have forgotten.
(See the <inserted text> above.)
With luck, this will get me unwedged. But if you
really didn't forget anything, try typing `2' now; then
my insertion and my current dilemma will both disappear.

! Too many }'s.
\endbeamer@frameslide ...amer@framepauses}\egroup 
                                                  \ifx \beamer@frametitle \@...
l.74 \end{frame}
                
You've closed more groups than you opened.
Such booboos are generally harmless, so keep going.

! Undefined control sequence.
\endbeamer@frameslide ...box \else \beamer@zoomer 
                                                  \fi \beamer@undolabels \be...
l.74 \end{frame}
                
The control sequence at the end of the top line
of your error message was never \def'ed. If you have
misspelled it (e.g., `\hobx'), type `I' and the correct
spelling (e.g., `I\hbox'). Otherwise just continue,
and I'll forget about whatever was undefined.


! LaTeX Error: \begin{document} ended by \end{beamer@frameslide}.

See the LaTeX manual or LaTeX Companion for explanation.
Type  H <return>  for immediate help.
 ...                                              
                                                  
l.74 \end{frame}
                
Your command was ignored.
Type  I <command> <return>  to replace it with another command,
or  <return>  to continue without it.

! Extra \endgroup.
<recently read> \endgroup 
                          
l.74 \end{frame}
                
Things are pretty mixed up, but I think the worst is over.

[3

]
! Missing $ inserted.
<inserted text> 
                $
l.82 \end{frame}
                
I've inserted a begin-math/end-math symbol since I think
you left one out. Proceed, with fingers crossed.

! Display math should end with $$.
<to be read again> 
                    
l.82 \end{frame}
                
The `$' that I just saw supposedly matches a previous `$$'.
So I shall assume that you typed `$$' both times.

[4

] [5

]
Overfull \hbox (2.92578pt too wide) in paragraph at lines 113--113
[]\T1/cmss/m/n/10.95 We sample each of our M continuous-time It pro-cess $\OT1
/mathkerncmss/m/sl/10.95 V \OT1/cmss/m/n/10.95 = (\OT1/mathkerncmss/m/sl/10.95 
V[]\OT1/cmss/m/n/10.95 )[]$
 []


! LaTeX Error: There's no line here to end.

See the LaTeX manual or LaTeX Companion for explanation.
Type  H <return>  for immediate help.
 ...                                              
                                                  
l.113 \end{frame}
                 
Your command was ignored.
Type  I <command> <return>  to replace it with another command,
or  <return>  to continue without it.


LaTeX Font Warning: Font shape `OT1/cmss/b/n' undefined
(Font)              using `OT1/cmss/m/n' instead on input line 113.


LaTeX Font Warning: Font shape `T1/cmss/b/n' undefined
(Font)              using `T1/cmss/m/n' instead on input line 113.

[6

]
! Missing $ inserted.
<inserted text> 
                $
l.124 \end{frame}
                 
I've inserted a begin-math/end-math symbol since I think
you left one out. Proceed, with fingers crossed.

! Missing $ inserted.
<inserted text> 
                $
l.124 \end{frame}
                 
I've inserted something that you may have forgotten.
(See the <inserted text> above.)
With luck, this will get me unwedged. But if you
really didn't forget anything, try typing `2' now; then
my insertion and my current dilemma will both disappear.

! Undefined control sequence.
<recently read> \Beta 
                      
l.124 \end{frame}
                 
The control sequence at the end of the top line
of your error message was never \def'ed. If you have
misspelled it (e.g., `\hobx'), type `I' and the correct
spelling (e.g., `I\hbox'). Otherwise just continue,
and I'll forget about whatever was undefined.

[7

]
! Missing $ inserted.
<inserted text> 
                $
l.141 \end{frame}
                 
I've inserted a begin-math/end-math symbol since I think
you left one out. Proceed, with fingers crossed.

! Missing $ inserted.
<inserted text> 
                $
l.141 \end{frame}
                 
I've inserted a begin-math/end-math symbol since I think
you left one out. Proceed, with fingers crossed.

[8

]
! Missing \right. inserted.
<inserted text> 
                \right .
l.156 \end{frame}
                 
I've inserted something that you may have forgotten.
(See the <inserted text> above.)
With luck, this will get me unwedged. But if you
really didn't forget anything, try typing `2' now; then
my insertion and my current dilemma will both disappear.

! Extra \right.
\beamer@doifinframe ...ta _{0}p(s)(1-p(s))\right ]
                                                  \mathrm {d}s\\ m_{2}\left ...
l.156 \end{frame}
                 
I'm ignoring a \right that had no matching \left.

! Missing \right. inserted.
<inserted text> 
                \right .
l.156 \end{frame}
                 
I've inserted something that you may have forgotten.
(See the <inserted text> above.)
With luck, this will get me unwedged. But if you
really didn't forget anything, try typing `2' now; then
my insertion and my current dilemma will both disappear.


! LaTeX Error: There's no line here to end.

See the LaTeX manual or LaTeX Companion for explanation.
Type  H <return>  for immediate help.
 ...                                              
                                                  
l.156 \end{frame}
                 
Your command was ignored.
Type  I <command> <return>  to replace it with another command,
or  <return>  to continue without it.

! Missing $ inserted.
<inserted text> 
                $
l.156 \end{frame}
                 
I've inserted a begin-math/end-math symbol since I think
you left one out. Proceed, with fingers crossed.

! Missing \right. inserted.
<inserted text> 
                \right .
l.156 \end{frame}
                 
I've inserted something that you may have forgotten.
(See the <inserted text> above.)
With luck, this will get me unwedged. But if you
really didn't forget anything, try typing `2' now; then
my insertion and my current dilemma will both disappear.

! Missing $ inserted.
<inserted text> 
                $
l.156 \end{frame}
                 
I've inserted a begin-math/end-math symbol since I think
you left one out. Proceed, with fingers crossed.

! Extra \right.
\beamer@doifinframe ...-1}\right )\right )\right ]
                                                   \Delta s $\vskip 0.5cm We...
l.156 \end{frame}
                 
I'm ignoring a \right that had no matching \left.

[9

] [10

] [11

]
Overfull \hbox (1.15646pt too wide) in paragraph at lines 193--193
[]$\OT1/mathkerncmss/m/sl/10.95 f[]\OT1/cmss/b/n/10.95 (\OT1/mathkerncmss/m/sl/
10.95 v\OT1/cmss/b/n/10.95 ) = \OT1/mathkerncmss/m/sl/10.95 f[] [] [] $ \T1/cms
s/b/n/10.95 where $ \OT1/mathkerncmss/m/sl/10.95 f[]\OT1/cmss/b/n/10.95 (\OT1/m
athkerncmss/m/sl/10.95 x\OT1/cmss/b/n/10.95 ) = [] [] $
 []


Overfull \hbox (6.84558pt too wide) in paragraph at lines 193--193
[]$[] [] \OT1/cmss/b/n/10.95 = [] [] + [] [] [] + [] [] []$ 
 []

[12

]
LaTeX Font Info:    Trying to load font information for U+euf on input line 201
.
 ("C:\Users\HP\AppData\Local\Programs\MiKTeX 2.9\tex/latex/amsfonts\ueuf.fd"
File: ueuf.fd 2013/01/14 v3.01 Euler Fraktur
) [13

]

! LaTeX Error: There's no line here to end.

See the LaTeX manual or LaTeX Companion for explanation.
Type  H <return>  for immediate help.
 ...                                              
                                                  
l.217 \end{frame}
                 
Your command was ignored.
Type  I <command> <return>  to replace it with another command,
or  <return>  to continue without it.

! Missing $ inserted.
<inserted text> 
                $
l.217 \end{frame}
                 
I've inserted a begin-math/end-math symbol since I think
you left one out. Proceed, with fingers crossed.

! Missing $ inserted.
<inserted text> 
                $
l.217 \end{frame}
                 
I've inserted a begin-math/end-math symbol since I think
you left one out. Proceed, with fingers crossed.

! Missing $ inserted.
<inserted text> 
                $
l.217 \end{frame}
                 
I've inserted a begin-math/end-math symbol since I think
you left one out. Proceed, with fingers crossed.

! Missing $ inserted.
<inserted text> 
                $
l.217 \end{frame}
                 
I've inserted a begin-math/end-math symbol since I think
you left one out. Proceed, with fingers crossed.

[14

]
Overfull \hbox (9.2306pt too wide) in paragraph at lines 228--228
[]\T1/cmss/b/n/10.95 If we as-sume that $\OML/cmm/m/it/10.95 [] \OT1/cmss/b/n/
10.95 = \OT1/mathkerncmss/m/sl/10.95 c \OMS/cmsy/m/n/10.95 2 \U/msb/m/n/10.95 R
[]$ \T1/cmss/b/n/10.95 for all $\OT1/mathkerncmss/m/sl/10.95 t \OMS/cmsy/m/n/10
.95 2 [] \OML/cmm/m/it/10.95 ;$ \T1/cmss/b/n/10.95 then $\U/msb/m/n/10.95 E [] 
\OT1/cmss/b/n/10.95 =
 []


! LaTeX Error: Bad math environment delimiter.

See the LaTeX manual or LaTeX Companion for explanation.
Type  H <return>  for immediate help.
 ...                                              
                                                  
l.228 \end{frame}
                 
Your command was ignored.
Type  I <command> <return>  to replace it with another command,
or  <return>  to continue without it.


! LaTeX Error: There's no line here to end.

See the LaTeX manual or LaTeX Companion for explanation.
Type  H <return>  for immediate help.
 ...                                              
                                                  
l.228 \end{frame}
                 
Your command was ignored.
Type  I <command> <return>  to replace it with another command,
or  <return>  to continue without it.

! Missing $ inserted.
<inserted text> 
                $
l.228 \end{frame}
                 
I've inserted a begin-math/end-math symbol since I think
you left one out. Proceed, with fingers crossed.

! Missing \endgroup inserted.
<inserted text> 
                \endgroup 
l.228 \end{frame}
                 
I've inserted something that you may have forgotten.
(See the <inserted text> above.)
With luck, this will get me unwedged. But if you
really didn't forget anything, try typing `2' now; then
my insertion and my current dilemma will both disappear.

! Display math should end with $$.
<to be read again> 
                   \par 
l.228 \end{frame}
                 
The `$' that I just saw supposedly matches a previous `$$'.
So I shall assume that you typed `$$' both times.

! Misplaced alignment tab character &.
<recently read> &
                 
l.228 \end{frame}
                 
I can't figure out why you would want to use a tab mark
here. If you just want an ampersand, the remedy is
simple: Just type `I\&' now. But if some right brace
up above has ended a previous alignment prematurely,
you're probably due for more error messages, and you
might try typing `S' now just to see what is salvageable.


! LaTeX Error: \begin{beamer@framepauses} on input line 228 ended by \end{equat
ion}.

See the LaTeX manual or LaTeX Companion for explanation.
Type  H <return>  for immediate help.
 ...                                              
                                                  
l.228 \end{frame}
                 
Your command was ignored.
Type  I <command> <return>  to replace it with another command,
or  <return>  to continue without it.


! LaTeX Error: \begin{beamer@frameslide} on input line 228 ended by \end{beamer
@framepauses}.

See the LaTeX manual or LaTeX Companion for explanation.
Type  H <return>  for immediate help.
 ...                                              
                                                  
l.228 \end{frame}
                 
Your command was ignored.
Type  I <command> <return>  to replace it with another command,
or  <return>  to continue without it.

! Missing } inserted.
<inserted text> 
                }
l.228 \end{frame}
                 
I've inserted something that you may have forgotten.
(See the <inserted text> above.)
With luck, this will get me unwedged. But if you
really didn't forget anything, try typing `2' now; then
my insertion and my current dilemma will both disappear.

! Too many }'s.
\endbeamer@frameslide ...amer@framepauses}\egroup 
                                                  \ifx \beamer@frametitle \@...
l.228 \end{frame}
                 
You've closed more groups than you opened.
Such booboos are generally harmless, so keep going.

! Undefined control sequence.
\endbeamer@frameslide ...box \else \beamer@zoomer 
                                                  \fi \beamer@undolabels \be...
l.228 \end{frame}
                 
The control sequence at the end of the top line
of your error message was never \def'ed. If you have
misspelled it (e.g., `\hobx'), type `I' and the correct
spelling (e.g., `I\hbox'). Otherwise just continue,
and I'll forget about whatever was undefined.


! LaTeX Error: \begin{document} ended by \end{beamer@frameslide}.

See the LaTeX manual or LaTeX Companion for explanation.
Type  H <return>  for immediate help.
 ...                                              
                                                  
l.228 \end{frame}
                 
Your command was ignored.
Type  I <command> <return>  to replace it with another command,
or  <return>  to continue without it.

! Extra \endgroup.
<recently read> \endgroup 
                          
l.228 \end{frame}
                 
Things are pretty mixed up, but I think the worst is over.

[15

]
! Undefined control sequence.
\beamer@doifinframe ...a t}=1-c \Delta t+\mathscr 
                                                  {O}\left ((c \Delta t)^{2}...
l.244 \end{frame}
                 
The control sequence at the end of the top line
of your error message was never \def'ed. If you have
misspelled it (e.g., `\hobx'), type `I' and the correct
spelling (e.g., `I\hbox'). Otherwise just continue,
and I'll forget about whatever was undefined.

[16

] [17

] [18

]

Package hyperref Warning: Token not allowed in a PDF string (PDFDocEncoding):
(hyperref)                removing `math shift' on input line 275.


Package hyperref Warning: Token not allowed in a PDF string (PDFDocEncoding):
(hyperref)                removing `\left' on input line 275.


Package hyperref Warning: Token not allowed in a PDF string (PDFDocEncoding):
(hyperref)                removing `\theta' on input line 275.


Package hyperref Warning: Token not allowed in a PDF string (PDFDocEncoding):
(hyperref)                removing `subscript' on input line 275.


Package hyperref Warning: Token not allowed in a PDF string (PDFDocEncoding):
(hyperref)                removing `\alpha' on input line 275.


Package hyperref Warning: Token not allowed in a PDF string (PDFDocEncoding):
(hyperref)                removing `\varepsilon' on input line 275.


Package hyperref Warning: Token not allowed in a PDF string (PDFDocEncoding):
(hyperref)                removing `\right' on input line 275.


Package hyperref Warning: Token not allowed in a PDF string (PDFDocEncoding):
(hyperref)                removing `math shift' on input line 275.


! LaTeX Error: There's no line here to end.

See the LaTeX manual or LaTeX Companion for explanation.
Type  H <return>  for immediate help.
 ...                                              
                                                  
l.283 \end{frame}
                 
Your command was ignored.
Type  I <command> <return>  to replace it with another command,
or  <return>  to continue without it.

! Missing $ inserted.
<inserted text> 
                $
l.283 \end{frame}
                 
I've inserted a begin-math/end-math symbol since I think
you left one out. Proceed, with fingers crossed.

! Display math should end with $$.
<to be read again> 
                   \par 
l.283 \end{frame}
                 
The `$' that I just saw supposedly matches a previous `$$'.
So I shall assume that you typed `$$' both times.


! LaTeX Error: There's no line here to end.

See the LaTeX manual or LaTeX Companion for explanation.
Type  H <return>  for immediate help.
 ...                                              
                                                  
l.283 \end{frame}
                 
Your command was ignored.
Type  I <command> <return>  to replace it with another command,
or  <return>  to continue without it.

! Missing $ inserted.
<inserted text> 
                $
l.283 \end{frame}
                 
I've inserted a begin-math/end-math symbol since I think
you left one out. Proceed, with fingers crossed.

! Display math should end with $$.
<to be read again> 
                   \par 
l.283 \end{frame}
                 
The `$' that I just saw supposedly matches a previous `$$'.
So I shall assume that you typed `$$' both times.

[19

] [20

]

! LaTeX Error: There's no line here to end.

See the LaTeX manual or LaTeX Companion for explanation.
Type  H <return>  for immediate help.
 ...                                              
                                                  
l.305 \end{frame}
                 
Your command was ignored.
Type  I <command> <return>  to replace it with another command,
or  <return>  to continue without it.

[21

]
! Undefined control sequence.
<recently read> \mathscr 
                         
l.324  \end{frame}
                  	
The control sequence at the end of the top line
of your error message was never \def'ed. If you have
misspelled it (e.g., `\hobx'), type `I' and the correct
spelling (e.g., `I\hbox'). Otherwise just continue,
and I'll forget about whatever was undefined.

[22

] [23

]
! Undefined control sequence.
\beamer@doifinframe ...ing the function \textbold 
                                                  {fmin} from the library \t...
l.354  \end{frame}
                  
The control sequence at the end of the top line
of your error message was never \def'ed. If you have
misspelled it (e.g., `\hobx'), type `I' and the correct
spelling (e.g., `I\hbox'). Otherwise just continue,
and I'll forget about whatever was undefined.

! Undefined control sequence.
\beamer@doifinframe ...from the library \textbold 
                                                  {scipy.optimize} in Python...
l.354  \end{frame}
                  
The control sequence at the end of the top line
of your error message was never \def'ed. If you have
misspelled it (e.g., `\hobx'), type `I' and the correct
spelling (e.g., `I\hbox'). Otherwise just continue,
and I'll forget about whatever was undefined.


Overfull \hbox (4.08038pt too wide) in paragraph at lines 354--354
\T1/cmss/b/n/10.95 the li-brary scipy.optimize in Py-thon to es-ti-mate the pa-
ra-me-ters $\OT1/cmss/b/n/10.95 (\OML/cmm/m/it/10.95 []; \OT1/cmss/b/n/10.95 
)$\T1/cmss/b/n/10.95 .
 []

[24

]

Package hyperref Warning: Token not allowed in a PDF string (PDFDocEncoding):
(hyperref)                removing `math shift' on input line 356.


Package hyperref Warning: Token not allowed in a PDF string (PDFDocEncoding):
(hyperref)                removing `\delta' on input line 356.


Package hyperref Warning: Token not allowed in a PDF string (PDFDocEncoding):
(hyperref)                removing `math shift' on input line 356.

[25

]
! Undefined control sequence.
<recently read> \Beta 
                      
l.370  \end{frame}
                  
The control sequence at the end of the top line
of your error message was never \def'ed. If you have
misspelled it (e.g., `\hobx'), type `I' and the correct
spelling (e.g., `I\hbox'). Otherwise just continue,
and I'll forget about whatever was undefined.

[26

]
Package epstopdf Info: Source file: <C:/Users/HP/Desktop/plots/paths0.eps>
(epstopdf)                    date: 2020-05-28 23:34:25
(epstopdf)                    size: 48766 bytes
(epstopdf)             Output file: <C:/Users/HP/Desktop/plots/paths0-eps-conve
rted-to.pdf>
(epstopdf)                    date: 2020-05-29 00:23:20
(epstopdf)                    size: 20511 bytes
(epstopdf)             Command: <epstopdf --outfile=C:/Users/HP/Desktop/plots/p
aths0-eps-converted-to.pdf C:/Users/HP/Desktop/plots/paths0.eps>
(epstopdf)             \includegraphics on input line 380.
Package epstopdf Info: Output file is already uptodate.


pdfTeX warning: miktex-pdftex.exe (file C:/Users/HP/Desktop/plots/paths0-eps-co
nverted-to.pdf): PDF inclusion: found PDF version <1.7>, but at most version <1
.5> allowed
<C:/Users/HP/Desktop/plots/paths0-eps-converted-to.pdf, id=730, 433.62pt x 289.
08pt>
File: C:/Users/HP/Desktop/plots/paths0-eps-converted-to.pdf Graphic file (type 
pdf)
<use C:/Users/HP/Desktop/plots/paths0-eps-converted-to.pdf>
Package pdftex.def Info: C:/Users/HP/Desktop/plots/paths0-eps-converted-to.pdf 
 used on input line 380.
(pdftex.def)             Requested size: 307.28987pt x 204.86888pt.

Overfull \vbox (9.87881pt too high) detected at line 380
 []

[27

 <C:/Users/HP/Desktop/plots/paths0-eps-converted-to.pdf>]
Package epstopdf Info: Source file: <C:/Users/HP/Desktop/plots/paths45.eps>
(epstopdf)                    date: 2020-05-28 23:35:24
(epstopdf)                    size: 45887 bytes
(epstopdf)             Output file: <C:/Users/HP/Desktop/plots/paths45-eps-conv
erted-to.pdf>
(epstopdf)                    date: 2020-05-28 23:44:16
(epstopdf)                    size: 19274 bytes
(epstopdf)             Command: <epstopdf --outfile=C:/Users/HP/Desktop/plots/p
aths45-eps-converted-to.pdf C:/Users/HP/Desktop/plots/paths45.eps>
(epstopdf)             \includegraphics on input line 384.
Package epstopdf Info: Output file is already uptodate.


pdfTeX warning: miktex-pdftex.exe (file C:/Users/HP/Desktop/plots/paths45-eps-c
onverted-to.pdf): PDF inclusion: found PDF version <1.7>, but at most version <
1.5> allowed
<C:/Users/HP/Desktop/plots/paths45-eps-converted-to.pdf, id=793, 433.62pt x 289
.08pt>
File: C:/Users/HP/Desktop/plots/paths45-eps-converted-to.pdf Graphic file (type
 pdf)
<use C:/Users/HP/Desktop/plots/paths45-eps-converted-to.pdf>
Package pdftex.def Info: C:/Users/HP/Desktop/plots/paths45-eps-converted-to.pdf
  used on input line 384.
(pdftex.def)             Requested size: 307.28987pt x 204.86888pt.
! Too many }'s.
\endframe ->\egroup 
                    \begingroup \def \@currenvir {frame}
l.387  \end{frame}
                  
You've closed more groups than you opened.
Such booboos are generally harmless, so keep going.

Package epstopdf Info: Source file: <C:/Users/HP/Desktop/plots/paths80.eps>
(epstopdf)                    date: 2020-05-28 23:36:07
(epstopdf)                    size: 48636 bytes
(epstopdf)             Output file: <C:/Users/HP/Desktop/plots/paths80-eps-conv
erted-to.pdf>
(epstopdf)                    date: 2020-05-28 23:44:18
(epstopdf)                    size: 20576 bytes
(epstopdf)             Command: <epstopdf --outfile=C:/Users/HP/Desktop/plots/p
aths80-eps-converted-to.pdf C:/Users/HP/Desktop/plots/paths80.eps>
(epstopdf)             \includegraphics on input line 391.
Package epstopdf Info: Output file is already uptodate.


pdfTeX warning: miktex-pdftex.exe (file C:/Users/HP/Desktop/plots/paths80-eps-c
onverted-to.pdf): PDF inclusion: found PDF version <1.7>, but at most version <
1.5> allowed
<C:/Users/HP/Desktop/plots/paths80-eps-converted-to.pdf, id=794, 433.62pt x 289
.08pt>
File: C:/Users/HP/Desktop/plots/paths80-eps-converted-to.pdf Graphic file (type
 pdf)
<use C:/Users/HP/Desktop/plots/paths80-eps-converted-to.pdf>
Package pdftex.def Info: C:/Users/HP/Desktop/plots/paths80-eps-converted-to.pdf
  used on input line 391.
(pdftex.def)             Requested size: 307.28987pt x 204.86888pt.

Underfull \vbox (badness 10000) has occurred while \output is active []

 [28

 <C:/Users/HP/Desktop/plots/paths45-eps-converted-to.pdf>]
! Too many }'s.
\endframe ->\egroup 
                    \begingroup \def \@currenvir {frame}
l.394  \end{frame}
                  
You've closed more groups than you opened.
Such booboos are generally harmless, so keep going.

Package epstopdf Info: Source file: <C:/Users/HP/Desktop/plots/paths105.eps>
(epstopdf)                    date: 2020-05-28 23:36:42
(epstopdf)                    size: 48222 bytes
(epstopdf)             Output file: <C:/Users/HP/Desktop/plots/paths105-eps-con
verted-to.pdf>
(epstopdf)                    date: 2020-05-28 23:44:21
(epstopdf)                    size: 20553 bytes
(epstopdf)             Command: <epstopdf --outfile=C:/Users/HP/Desktop/plots/p
aths105-eps-converted-to.pdf C:/Users/HP/Desktop/plots/paths105.eps>
(epstopdf)             \includegraphics on input line 398.
Package epstopdf Info: Output file is already uptodate.


pdfTeX warning: miktex-pdftex.exe (file C:/Users/HP/Desktop/plots/paths105-eps-
converted-to.pdf): PDF inclusion: found PDF version <1.7>, but at most version 
<1.5> allowed
<C:/Users/HP/Desktop/plots/paths105-eps-converted-to.pdf, id=853, 433.62pt x 28
9.08pt>
File: C:/Users/HP/Desktop/plots/paths105-eps-converted-to.pdf Graphic file (typ
e pdf)
<use C:/Users/HP/Desktop/plots/paths105-eps-converted-to.pdf>
Package pdftex.def Info: C:/Users/HP/Desktop/plots/paths105-eps-converted-to.pd
f  used on input line 398.
(pdftex.def)             Requested size: 307.28987pt x 204.86888pt.

Underfull \vbox (badness 10000) has occurred while \output is active []

 [29 <C:/Users/HP/Desktop/plots/paths80-eps-converted-to.pdf>]
! Too many }'s.
\endframe ->\egroup 
                    \begingroup \def \@currenvir {frame}
l.401  \end{frame}
                  
You've closed more groups than you opened.
Such booboos are generally harmless, so keep going.

pdfTeX warning (ext4): destination with the same identifier (name{fig:dynamics}
) has been already used, duplicate ignored
<to be read again> 
                   \relax 
l.411  \end{frame}
                  pdfTeX warning (ext4): destination with the same identifier (
name{fig:dynamics}) has been already used, duplicate ignored
<to be read again> 
                   \relax 
l.411  \end{frame}
                  pdfTeX warning (ext4): destination with the same identifier (
name{fig:dynamics}) has been already used, duplicate ignored
<to be read again> 
                   \relax 
l.411  \end{frame}
                  
Package epstopdf Info: Source file: <C:/Users/HP/Desktop/plots/bands0.eps>
(epstopdf)                    date: 2020-05-29 00:15:13
(epstopdf)                    size: 57150 bytes
(epstopdf)             Output file: <C:/Users/HP/Desktop/plots/bands0-eps-conve
rted-to.pdf>
(epstopdf)                    date: 2020-05-29 00:23:23
(epstopdf)                    size: 22613 bytes
(epstopdf)             Command: <epstopdf --outfile=C:/Users/HP/Desktop/plots/b
ands0-eps-converted-to.pdf C:/Users/HP/Desktop/plots/bands0.eps>
(epstopdf)             \includegraphics on input line 411.
Package epstopdf Info: Output file is already uptodate.


pdfTeX warning: miktex-pdftex.exe (file C:/Users/HP/Desktop/plots/bands0-eps-co
nverted-to.pdf): PDF inclusion: found PDF version <1.7>, but at most version <1
.5> allowed
<C:/Users/HP/Desktop/plots/bands0-eps-converted-to.pdf, id=915, 433.62pt x 289.
08pt>
File: C:/Users/HP/Desktop/plots/bands0-eps-converted-to.pdf Graphic file (type 
pdf)
<use C:/Users/HP/Desktop/plots/bands0-eps-converted-to.pdf>
Package pdftex.def Info: C:/Users/HP/Desktop/plots/bands0-eps-converted-to.pdf 
 used on input line 411.
(pdftex.def)             Requested size: 307.28987pt x 204.86888pt.
pdfTeX warning (ext4): destination with the same identifier (name{fig:dynamics}
) has been already used, duplicate ignored
<to be read again> 
                   \relax 
l.411  \end{frame}
                  
Overfull \vbox (9.87881pt too high) detected at line 411
 []


Underfull \vbox (badness 10000) has occurred while \output is active []

 [30 <C:/Users/HP/Desktop/plots/paths105-eps-converted-to.pdf>] [31 <C:/Users/H
P/Desktop/plots/bands0-eps-converted-to.pdf>]
Package epstopdf Info: Source file: <C:/Users/HP/Desktop/plots/bands45.eps>
(epstopdf)                    date: 2020-05-29 00:16:37
(epstopdf)                    size: 54666 bytes
(epstopdf)             Output file: <C:/Users/HP/Desktop/plots/bands45-eps-conv
erted-to.pdf>
(epstopdf)                    date: 2020-05-29 00:20:33
(epstopdf)                    size: 21775 bytes
(epstopdf)             Command: <epstopdf --outfile=C:/Users/HP/Desktop/plots/b
ands45-eps-converted-to.pdf C:/Users/HP/Desktop/plots/bands45.eps>
(epstopdf)             \includegraphics on input line 415.
Package epstopdf Info: Output file is already uptodate.


pdfTeX warning: miktex-pdftex.exe (file C:/Users/HP/Desktop/plots/bands45-eps-c
onverted-to.pdf): PDF inclusion: found PDF version <1.7>, but at most version <
1.5> allowed
<C:/Users/HP/Desktop/plots/bands45-eps-converted-to.pdf, id=1041, 433.62pt x 28
9.08pt>
File: C:/Users/HP/Desktop/plots/bands45-eps-converted-to.pdf Graphic file (type
 pdf)
<use C:/Users/HP/Desktop/plots/bands45-eps-converted-to.pdf>
Package pdftex.def Info: C:/Users/HP/Desktop/plots/bands45-eps-converted-to.pdf
  used on input line 415.
(pdftex.def)             Requested size: 307.28987pt x 204.86888pt.
! Too many }'s.
\endframe ->\egroup 
                    \begingroup \def \@currenvir {frame}
l.418  \end{frame}
                  
You've closed more groups than you opened.
Such booboos are generally harmless, so keep going.

Package epstopdf Info: Source file: <C:/Users/HP/Desktop/plots/bands80.eps>
(epstopdf)                    date: 2020-05-29 00:18:03
(epstopdf)                    size: 57054 bytes
(epstopdf)             Output file: <C:/Users/HP/Desktop/plots/bands80-eps-conv
erted-to.pdf>
(epstopdf)                    date: 2020-05-29 00:20:36
(epstopdf)                    size: 22588 bytes
(epstopdf)             Command: <epstopdf --outfile=C:/Users/HP/Desktop/plots/b
ands80-eps-converted-to.pdf C:/Users/HP/Desktop/plots/bands80.eps>
(epstopdf)             \includegraphics on input line 422.
Package epstopdf Info: Output file is already uptodate.


pdfTeX warning: miktex-pdftex.exe (file C:/Users/HP/Desktop/plots/bands80-eps-c
onverted-to.pdf): PDF inclusion: found PDF version <1.7>, but at most version <
1.5> allowed
<C:/Users/HP/Desktop/plots/bands80-eps-converted-to.pdf, id=1042, 433.62pt x 28
9.08pt>
File: C:/Users/HP/Desktop/plots/bands80-eps-converted-to.pdf Graphic file (type
 pdf)
<use C:/Users/HP/Desktop/plots/bands80-eps-converted-to.pdf>
Package pdftex.def Info: C:/Users/HP/Desktop/plots/bands80-eps-converted-to.pdf
  used on input line 422.
(pdftex.def)             Requested size: 307.28987pt x 204.86888pt.

Underfull \vbox (badness 10000) has occurred while \output is active []

 [32

 <C:/Users/HP/Desktop/plots/bands45-eps-converted-to.pdf>]
! Too many }'s.
\endframe ->\egroup 
                    \begingroup \def \@currenvir {frame}
l.425  \end{frame}
                  
You've closed more groups than you opened.
Such booboos are generally harmless, so keep going.

Package epstopdf Info: Source file: <C:/Users/HP/Desktop/plots/bands105.eps>
(epstopdf)                    date: 2020-05-29 00:18:46
(epstopdf)                    size: 56753 bytes
(epstopdf)             Output file: <C:/Users/HP/Desktop/plots/bands105-eps-con
verted-to.pdf>
(epstopdf)                    date: 2020-05-29 00:20:39
(epstopdf)                    size: 22604 bytes
(epstopdf)             Command: <epstopdf --outfile=C:/Users/HP/Desktop/plots/b
ands105-eps-converted-to.pdf C:/Users/HP/Desktop/plots/bands105.eps>
(epstopdf)             \includegraphics on input line 429.
Package epstopdf Info: Output file is already uptodate.


pdfTeX warning: miktex-pdftex.exe (file C:/Users/HP/Desktop/plots/bands105-eps-
converted-to.pdf): PDF inclusion: found PDF version <1.7>, but at most version 
<1.5> allowed
<C:/Users/HP/Desktop/plots/bands105-eps-converted-to.pdf, id=1104, 433.62pt x 2
89.08pt>
File: C:/Users/HP/Desktop/plots/bands105-eps-converted-to.pdf Graphic file (typ
e pdf)
<use C:/Users/HP/Desktop/plots/bands105-eps-converted-to.pdf>
Package pdftex.def Info: C:/Users/HP/Desktop/plots/bands105-eps-converted-to.pd
f  used on input line 429.
(pdftex.def)             Requested size: 307.28987pt x 204.86888pt.

Underfull \vbox (badness 10000) has occurred while \output is active []

 [33 <C:/Users/HP/Desktop/plots/bands80-eps-converted-to.pdf>]
! Too many }'s.
\endframe ->\egroup 
                    \begingroup \def \@currenvir {frame}
l.432  \end{frame}
                  
You've closed more groups than you opened.
Such booboos are generally harmless, so keep going.

[34 <C:/Users/HP/Desktop/plots/bands105-eps-converted-to.pdf>]
\tf@nav=\write6
\openout6 = `Wind_project.nav'.

\tf@toc=\write7
\openout7 = `Wind_project.toc'.

\tf@snm=\write8
\openout8 = `Wind_project.snm'.

Package atveryend Info: Empty hook `BeforeClearDocument' on input line 436.
Package atveryend Info: Empty hook `AfterLastShipout' on input line 436.

(Wind_project.aux)
Package atveryend Info: Executing hook `AtVeryEndDocument' on input line 436.
Package atveryend Info: Executing hook `AtEndAfterFileList' on input line 436.
Package rerunfilecheck Info: File `Wind_project.out' has not changed.
(rerunfilecheck)             Checksum: 1903CB18DC48148569877D7D8F9C62DC;389.


LaTeX Font Warning: Some font shapes were not available, defaults substituted.


LaTeX Warning: There were multiply-defined labels.

 ) 
Here is how much of TeX's memory you used:
 22331 strings out of 481292
 421868 string characters out of 2909189
 676346 words of memory out of 3000000
 37188 multiletter control sequences out of 15000+200000
 560754 words of font info for 92 fonts, out of 3000000 for 9000
 1141 hyphenation exceptions out of 8191
 67i,14n,117p,781b,659s stack positions out of 5000i,500n,10000p,200000b,50000s
 <C:\Users\HP\AppData\Local\MiKTeX\2.9\fonts/pk/ljfour/jknappen/ec/dpi600\ecs
x1095.pk> <C:\Users\HP\AppData\Local\MiKTeX\2.9\fonts/pk/ljfour/jknappen/ec/dpi
600\ecss0500.pk> <C:\Users\HP\AppData\Local\MiKTeX\2.9\fonts/pk/ljfour/jknappen
/ec/dpi600\ecss1000.pk> <C:\Users\HP\AppData\Local\MiKTeX\2.9\fonts/pk/ljfour/j
knappen/ec/dpi600\ecrm0800.pk> <C:\Users\HP\AppData\Local\MiKTeX\2.9\fonts/pk/l
jfour/jknappen/ec/dpi600\ecss0700.pk> <C:\Users\HP\AppData\Local\MiKTeX\2.9\fon
ts/pk/ljfour/jknappen/ec/dpi600\ecrm1095.pk> <C:\Users\HP\AppData\Local\MiKTeX\
2.9\fonts/pk/ljfour/jknappen/ec/dpi600\ecss0600.pk> <C:\Users\HP\AppData\Local\
MiKTeX\2.9\fonts/pk/ljfour/jknappen/ec/dpi600\ecsx1000.pk> <C:\Users\HP\AppData
\Local\MiKTeX\2.9\fonts/pk/ljfour/jknappen/ec/dpi600\ecss0800.pk> <C:\Users\HP\
AppData\Local\MiKTeX\2.9\fonts/pk/ljfour/jknappen/ec/dpi600\ecss1095.pk> <C:\Us
ers\HP\AppData\Local\MiKTeX\2.9\fonts/pk/ljfour/jknappen/ec/dpi600\ecss1440.pk>
<C:/Users/HP/AppData/Local/Programs/MiKTeX 2.9/fonts/type1/public/amsfonts/cm/c
mex10.pfb><C:/Users/HP/AppData/Local/Programs/MiKTeX 2.9/fonts/type1/public/ams
fonts/cm/cmmi10.pfb><C:/Users/HP/AppData/Local/Programs/MiKTeX 2.9/fonts/type1/
public/amsfonts/cm/cmmi6.pfb><C:/Users/HP/AppData/Local/Programs/MiKTeX 2.9/fon
ts/type1/public/amsfonts/cm/cmmi7.pfb><C:/Users/HP/AppData/Local/Programs/MiKTe
X 2.9/fonts/type1/public/amsfonts/cm/cmmi8.pfb><C:/Users/HP/AppData/Local/Progr
ams/MiKTeX 2.9/fonts/type1/public/amsfonts/cm/cmmib10.pfb><C:/Users/HP/AppData/
Local/Programs/MiKTeX 2.9/fonts/type1/public/amsfonts/cm/cmss10.pfb><C:/Users/H
P/AppData/Local/Programs/MiKTeX 2.9/fonts/type1/public/amsfonts/cm/cmss8.pfb><C
:/Users/HP/AppData/Local/Programs/MiKTeX 2.9/fonts/type1/public/amsfonts/cm/cms
si10.pfb><C:/Users/HP/AppData/Local/Programs/MiKTeX 2.9/fonts/type1/public/amsf
onts/cm/cmssi8.pfb><C:/Users/HP/AppData/Local/Programs/MiKTeX 2.9/fonts/type1/p
ublic/amsfonts/cm/cmsy10.pfb><C:/Users/HP/AppData/Local/Programs/MiKTeX 2.9/fon
ts/type1/public/amsfonts/cm/cmsy5.pfb><C:/Users/HP/AppData/Local/Programs/MiKTe
X 2.9/fonts/type1/public/amsfonts/cm/cmsy6.pfb><C:/Users/HP/AppData/Local/Progr
ams/MiKTeX 2.9/fonts/type1/public/amsfonts/cm/cmsy7.pfb><C:/Users/HP/AppData/Lo
cal/Programs/MiKTeX 2.9/fonts/type1/public/amsfonts/cm/cmsy8.pfb><C:/Users/HP/A
ppData/Local/Programs/MiKTeX 2.9/fonts/type1/public/amsfonts/euler/eufm10.pfb><
C:/Users/HP/AppData/Local/Programs/MiKTeX 2.9/fonts/type1/public/amsfonts/symbo
ls/msam10.pfb><C:/Users/HP/AppData/Local/Programs/MiKTeX 2.9/fonts/type1/public
/amsfonts/symbols/msbm10.pfb>
Output written on Wind_project.pdf (34 pages, 585096 bytes).
PDF statistics:
 1544 PDF objects out of 1728 (max. 8388607)
 78 named destinations out of 1000 (max. 500000)
 147 words of extra memory for PDF output out of 10000 (max. 10000000)

